[2018/1/2 - 23:31:45] Leroy J. Meyers has IP Checked Leroy J. Meyers(1000172501)
[2018/1/2 - 23:31:48] Samantha Rivera tried to IP check Leroy J. Meyers(1000172501)
[2018/1/2 - 23:32:17] Samantha Rivera tried to IP check Leroy J. Meyers(1000172501)
[2018/1/2 - 23:32:19] Samantha Rivera tried to IP check Leroy J. Meyers(1000172501)
[2018/1/2 - 23:32:19] Samantha Rivera tried to IP check Leroy J. Meyers(1000172501)
[2018/1/2 - 23:32:20] Samantha Rivera tried to IP check Leroy J. Meyers(1000172501)
[2018/1/7 - 13:04:23] Paul Duffster has offline IP Checked Paul_Duffster
[2018/1/9 - 20:19:16] Scott Goodman tried to IP check Matt Honest(880189)
[2018/1/10 - 23:49:59] Paul Duffster has IP Checked Paul Duffster(39530)
[2018/1/10 - 23:49:59] Paul Duffster has IP Checked Scott Goodman(863969)
[2018/1/10 - 23:49:59] Paul Duffster has IP Checked Doc Kanaan(38924)
[2018/1/10 - 23:49:59] Paul Duffster has IP Checked Mitch Makaveli(36021)
[2018/1/10 - 23:49:59] Paul Duffster has IP Checked Trent Wolf(1000625066)
[2018/1/10 - 23:49:59] Paul Duffster has IP Checked Clank Hamm(1000033226)
[2018/1/10 - 23:49:59] Paul Duffster has IP Checked Carlos G Ortega(7669)
[2018/1/10 - 23:49:59] Paul Duffster has IP Checked Spencer Jameson(884448)
[2018/1/10 - 23:49:59] Paul Duffster has IP Checked Matt Honest(880189)
[2018/1/11 - 3:25:49] Katie Casso tried to IP check Katie Casso(1000624847)
[2018/1/11 - 3:25:53] Katie Casso tried to IP check Katie Casso(1000624847)
[2018/1/12 - 0:01:18] Trent Wolf tried to offline IP check Chris_Johnson
[2018/1/13 - 1:05:12] Matt Honest has IP Checked Matt Honest(880189)
[2018/1/13 - 1:30:52] Carlos Ramirez has IP Checked Benedetto Urban(1000624795)
[2018/1/13 - 3:13:27] Wolly Loc tried to IP check Wolly Loc(50232)
[2018/1/13 - 6:01:29] Max Bluman has IP Checked Trent Wolf(1000625066)
[2018/1/13 - 6:01:29] Max Bluman has IP Checked Max Bluman(1000129354)
[2018/1/13 - 6:01:29] Max Bluman has IP Checked Doc Kanaan(38924)
[2018/1/13 - 6:01:48] Trent Wolf has IP Checked Trent Wolf(1000625066)
[2018/1/13 - 6:01:48] Trent Wolf has IP Checked Max Bluman(1000129354)
[2018/1/13 - 6:01:48] Trent Wolf has IP Checked Doc Kanaan(38924)
[2018/1/14 - 2:53:08] Benedetto Urban tried to IP check Benedetto Urban(1000624795)
[2018/1/14 - 2:53:17] Benedetto Urban tried to IP check Benedetto Urban(1000624795)
[2018/1/15 - 1:28:50] Wolly Loc tried to IP check Hooligan Maddox(1000027113)
[2018/1/15 - 1:28:54] Wolly Loc tried to IP check Wolly Loc(50232)
[2018/1/15 - 4:02:50] Wolly Loc tried to IP check Wolly Loc(50232)
[2018/1/15 - 4:37:30] Spencer Jameson has IP Checked Wolly Loc(50232)
[2018/1/17 - 4:32:06] Vincenzo Luciano has IP Checked Wolly Loc(50232)
[2018/1/17 - 4:32:06] Vincenzo Luciano has IP Checked Clank Hamm(1000033226)
[2018/1/17 - 4:32:06] Vincenzo Luciano has IP Checked Vincenzo Luciano(102601)
[2018/1/17 - 4:39:57] Wolly Loc has IP Checked Wolly Loc(50232)
[2018/1/17 - 4:39:57] Wolly Loc has IP Checked Clank Hamm(1000033226)
[2018/1/17 - 4:40:07] Wolly Loc has IP Checked Clank Hamm(1000033226)
[2018/1/17 - 23:56:53] Ty Smith tried to IP check Ty Smith(1000601662)
[2018/1/19 - 22:53:46] Wolly Loc has IP Checked Wolly Loc(50232)
[2018/1/22 - 17:36:38] Lexy Kanon has IP Checked Nicole Trey(1000192166)
[2018/1/22 - 17:36:38] Lexy Kanon has IP Checked Darius Devil(10932)
[2019/10/15 - 15:32:45] Alex Wolf has IP Checked Alex Wolf(1049)
[2019/10/16 - 20:27:09] Scorpion has IP Checked Devin Underwood(1516)
[2019/10/16 - 20:27:09] Scorpion has IP Checked Scorpion(85)
[2019/10/18 - 16:35:43] Katie has IP Checked Katie(1788)
[2019/10/18 - 16:36:00] Katie has IP Checked Katie(1788)
[2019/10/20 - 14:18:42] Scorpion has IP Checked Majnu(1516)
[2019/10/20 - 14:18:42] Scorpion has IP Checked Scorpion(85)
[2019/10/20 - 14:18:42] Scorpion has IP Checked Mcfellow(2575)
[2019/10/20 - 22:37:13] Scorpion has IP Checked Josh Underwood(1516)
[2019/10/21 - 15:23:35] Scorpion has IP Checked Scorpion(85)
[2019/10/21 - 15:23:35] Scorpion has IP Checked Katie(1788)
[2019/10/21 - 15:23:38] Scorpion has IP Checked Scorpion(85)
[2019/10/21 - 15:23:38] Scorpion has IP Checked Majnu(1516)
[2019/10/21 - 15:23:38] Scorpion has IP Checked Haroldn(3495)
[2019/10/21 - 15:23:38] Scorpion has IP Checked Katie(1788)
[2019/10/21 - 15:33:41] Josh Underwood has IP Checked Nelson(3497)
[2019/10/21 - 15:33:48] Josh Underwood has IP Checked Haroldn(3495)
[2019/10/21 - 16:03:14] Scorpion has IP Checked Scorpion(85)
[2019/10/22 - 8:53:37] Avocate tried to IP check Nelson(3497)
[2019/10/22 - 8:53:40] Avocate tried to IP check Nelson(3497)
[2019/10/25 - 23:00:06] Chelsya has IP Checked Chelsya(2427)
[2019/10/25 - 23:40:18] Chelsya has IP Checked Chelsya(2427)
[2019/10/26 - 10:46:34] Josh Underwood has IP Checked Scorpion(85)
[2019/10/26 - 18:43:08] Josh Underwood has IP Checked Josh Underwood(1516)
[2019/10/26 - 18:52:25] Josh Underwood has IP Checked Richard(1328)
[2019/10/26 - 19:24:43] Richard has IP Checked Richard(1328)
[2019/10/26 - 19:24:43] Richard has IP Checked Mcfellow(2575)
[2019/10/29 - 10:14:05] Fredy tried to IP check Fredy(3642)
[2019/10/29 - 10:14:10] Fredy tried to IP check Fredy(3642)
[2019/10/29 - 10:14:21] Fredy tried to IP check Fredy(3642)
[2019/11/1 - 7:59:34] Scorpion has IP Checked Scorpion(85)
[2019/11/2 - 16:27:19] Majnu has offline IP Checked Scorpion
[2019/11/3 - 3:08:02] Scorpion has IP Checked Majnu(1516)
[2019/11/3 - 3:08:02] Scorpion has IP Checked Jacob Underwood(1049)
[2019/11/3 - 3:08:02] Scorpion has IP Checked Scorpion(85)
[2019/11/3 - 12:02:02] Guzman has IP Checked Darvin(3854)
