[2019/10/20 - 12:24:06] AdmCmd: Maxine D Wraight was banned by Majnu (SA)
[2019/10/20 - 14:26:50] AdmCmd: Kodak Koko was banned by Majnu (fuck off)
[2019/10/21 - 6:50:12] AdmCmd: Kris Helm was auto-banned (Jetpack Hacking)
[2019/10/21 - 7:13:37] AdmCmd: Krowy Stark was auto-banned (Jetpack Hacking)
[2019/10/21 - 11:57:39] AdmCmd: Lucifer Anderson was auto-banned (Jetpack Hacking)
[2019/10/21 - 15:20:52] AdmCmd: Darvin_Kingx was offline banned by Nelson (Hacking)
[2019/10/21 - 15:53:30] AdmCmd: angel_mini was offline banned by Katie (Aimbotting)
[2019/10/21 - 17:35:57] AdmCmd: Kristoper Stark was banned by Josh Underwood (Hacks)
[2019/10/22 - 7:13:25] AdmCmd:  has banned IP 175.157.71.244 (Hacking Vehicle Mods)
[2019/10/22 - 7:26:51] AdmCmd: Haroldn was auto-banned (Jetpack Hacking)
[2019/10/22 - 9:14:03] AdmCmd: Hans Smith was banned by Avocate (Using Fly Hack/Using S0beit)
[2019/10/22 - 12:45:00] AdmCmd: Kyle Pake was banned by Bell (Hacking)
[2019/10/22 - 12:49:40] AdmCmd: Krowin Lebbe was banned by Bell (TP hacking)
[2019/10/22 - 14:33:03] AdmCmd: Darvin Kingx was banned by Nelson (Hacking)
[2019/10/23 - 3:21:23] AdmCmd: Charles Leblanc was banned by Chelsya (Hacking)
[2019/10/23 - 3:28:29] AdmCmd: Sarah Yakuza was banned by Chelsya (Tell charles I said hi)
[2019/10/23 - 13:06:28] AdmCmd: Carl Harn was banned by Bell (Hacking)
[2019/10/25 - 6:44:33] AdmCmd: Niko M Sawal was banned by Bell (Hacking)
[2019/10/25 - 10:46:25] AdmCmd: Capsule Corps was banned by Bell (Hacking)
[2019/10/25 - 10:51:40] AdmCmd: Don Isturbo Powell was banned by Bell (Hacking)
[2019/10/25 - 11:06:07] AdmCmd: Jesse Yagami was banned by Bell (Hacking)
[2019/10/25 - 19:46:00] AdmCmd: Emilio Sosa was banned by Scorpion (Server Advertisement)
[2019/10/25 - 21:49:57] AdmCmd: Hack Test was banned by Scorpion (Hacking)
[2019/10/25 - 21:50:08] AdmCmd: Hack T was banned by Scorpion (Hacking)
[2019/10/25 - 21:50:17] AdmCmd: A Dick was banned by Scorpion (Hacking)
[2019/10/25 - 21:50:22] AdmCmd: Suck A was banned by Scorpion (Hacking)
[2019/10/25 - 23:00:01] AdmCmd: Carl_Harn was offline banned by Chelsya (Your bots suck ass)
[2019/10/25 - 23:00:38] AdmCmd: Duck Suck was banned by Chelsya (bots)
[2019/10/25 - 23:03:31] AdmCmd: Son Damn was banned by Chelsya (Hacking)
[2019/10/25 - 23:04:18] AdmCmd: Nir Francis was banned by Chelsya (botter)
[2019/10/25 - 23:15:37] AdmCmd: Duck Suck was banned by Chelsya (Hi)
[2019/10/25 - 23:20:40] AdmCmd: Duck Dick Huww Kjct was banned by Chelsya (Hi)
[2019/10/25 - 23:33:42] AdmCmd: Carl_Harn was offline banned by Chelsya (lol)
[2019/10/26 - 16:39:58] AdmCmd: Porn Pnug was banned by Josh Underwood (no)
[2019/10/26 - 20:53:35] AdmCmd: Carl Harnn was banned by Fredy (Aimbot Hacking)
[2019/10/27 - 15:42:29] AdmCmd: Joe_Deadson was offline banned by Chelsya (Executive Admin Ban Report)
[2019/10/29 - 1:21:04] AdmCmd: Scorpion was auto-banned (Jetpack Hacking)
[2019/10/30 - 14:38:23] AdmCmd: Abraham Lincoln was banned by Majnu (.)
[2019/10/30 - 18:11:54] AdmCmd: Hercules Smith was banned by Fredy (Hacking)
[2019/11/1 - 18:17:40] AdmCmd: Lancer Hond was banned by Fredy (Hacking)
[2019/11/2 - 0:12:31] AdmCmd: Gajel Bounty was banned by Scorpion (Hacking)
[2019/11/2 - 3:30:11] AdmCmd:  has banned IP 175.158.233.136 (Hacking Vehicle Mods)
[2019/11/2 - 4:01:33] AdmCmd:  has banned IP 49.149.215.173 (Hacking Vehicle Mods)
[2019/11/2 - 14:17:16] AdmCmd: Sean_Mello was offline banned by Scorpion (1 Fuck OFF)
[2019/11/2 - 19:50:06] AdmCmd: Famous Star was banned by Scorpion (Bot )
[2019/11/2 - 23:36:50] AdmCmd: Fuck Uggsandniggers was banned by Scorpion (Goto Hell)
[2019/11/2 - 23:41:17] AdmCmd: You Gotohellnigga was banned by Scorpion (Don't try.)
[2019/11/3 - 0:10:35] AdmCmd: Allaenat Ealayk was banned by Chelsya (Hacking Threats)
[2019/11/3 - 0:17:24] AdmCmd: Chandler Bing was banned by Chelsya (Hacking)
[2019/11/3 - 0:22:14] AdmCmd: Kevin Flowers was banned by Chelsya (Hacking)
[2019/11/3 - 5:22:08] AdmCmd: Trenton Wallace was banned by Darvin (Fly Hacks.)
[2019/11/3 - 6:14:30] AdmCmd: Arturo Murillo was auto-banned (Anti-Cheat: Ghost Hacking)
[2019/11/3 - 7:02:04] AdmCmd: Megumi Matsukaze was banned by Kingsley (Hacking)
[2019/11/3 - 9:45:36] AdmCmd: Shakala Baby was banned by Fredy (Hacking)
[2019/11/3 - 10:41:30] AdmCmd: Tsuzuku Akihiro was banned by Mystic (General Hacks)
[2019/11/3 - 10:45:51] AdmCmd: Jeno Jones was banned by Mystic (General Hacks)
[2019/11/3 - 12:28:33] AdmCmd: Felix Chavez was banned by Parks (Account Compromised)
[2019/11/3 - 13:23:58] AdmCmd: Joe Deadson was banned by Chelsya (Toxic Behavior)
[2019/11/4 - 7:55:05] AdmCmd: Merc Music was banned by Darvin (Hacking)
[2019/11/4 - 7:56:00] AdmCmd: Tony Painter was banned by Darvin (Teleport hacks)
[2019/11/4 - 13:43:32] AdmCmd: Rody Duterte was banned by Darvin (Hacking)
[2019/11/5 - 6:28:39] AdmCmd: Jax_Winterfield was offline banned by Akira (.)
[2019/11/5 - 6:28:59] AdmCmd: Tony_Painter was offline banned by Akira (.)
[2019/11/5 - 6:31:14] AdmCmd: Julu_Smith was offline banned by Akira (.)
[2019/11/5 - 6:31:39] AdmCmd: William_Felix was offline banned by Akira (.)
[2019/11/5 - 6:32:03] AdmCmd: Hood_Charles was offline banned by Akira (.)
[2019/11/5 - 6:34:16] AdmCmd: Tony_Painter was offline banned by Akira (.)
[2019/11/5 - 12:48:11] AdmCmd: Mahmood Quraish was banned by Fionam (Server Advertising)
[2019/11/5 - 12:55:01] AdmCmd: Joyce_Gardener was offline banned by Akira (SA)
[2019/11/5 - 15:22:03] AdmCmd: Travis Dewern was banned by Mcfellow (Hacks)
[2019/11/6 - 3:51:18] AdmCmd: Kagutsutchi Ti was banned by Chan (Hacking)
[2019/11/6 - 6:39:15] AdmCmd: Nobita Makaveli Sr was banned by Darvin (Massive Abuse)
[2019/11/6 - 6:53:31] AdmCmd: John Hopkins was banned by Darvin (Hacking)
[2019/11/6 - 16:03:47] AdmCmd: Hachiro Sachihiro was banned by Chan (hacking)
[2019/11/7 - 8:12:23] AdmCmd: Brussko Brown was banned by Darvin (Advertising)
[2019/11/9 - 6:31:40] AdmCmd: Clair Y. Marzette was banned by Doffy (Hacking)
[2019/11/9 - 7:49:43] AdmCmd: Sophy Ortodox was banned by Chan (Speed hacks.)
[2019/11/9 - 12:11:38] AdmCmd: Hans_Goatse was offline banned by Doffy (DDOS Attacks)
[2025/4/27 - 23:30:41] AdmCmd: Jizzy_Rivers was unbanned by Harry Potter.
