[2018/1/1 - 17:56:34] Jackson Dread has changed BusinessID 1's Exterior to X:1628.979370 Y:-1903.455444 Z:13.553152
[2018/1/1 - 17:57:30] Jackson Dread has changed BusinessID 0's Price to $0.
[2018/1/1 - 18:07:20] Paul Duffster has changed BusinessID 3's Inventory to 100.
[2018/1/1 - 18:23:33] Leroy J. Meyers has edited business ID 41's name to The Foxes Den.
[2018/1/1 - 18:24:17] Leroy J. Meyers has changed BusinessID 41's Exterior to X:1421.864135 Y:-1486.888305 Z:20.429660
[2018/1/1 - 18:35:09] Leroy J. Meyers has changed BusinessID 1's Inventory to 0.
[2018/1/1 - 18:35:12] Leroy J. Meyers has changed BusinessID 1's Inventory to 1215752192.
[2018/1/2 - 14:19:47] Keith Lawrence has changed BusinessID 7's Exterior to X:545.361389 Y:-1293.708862 Z:17.242187
[2018/1/2 - 14:19:52] Keith Lawrence has changed BusinessID 7's Type to Gas Station (1).
[2018/1/2 - 14:19:53] Keith Lawrence has changed BusinessID 7's Type to Clothing Store (2).
[2018/1/2 - 14:19:54] Keith Lawrence has changed BusinessID 7's Type to Restaurant (3).
[2018/1/2 - 14:19:55] Keith Lawrence has changed BusinessID 7's Type to Gun Shop (4).
[2018/1/2 - 14:19:55] Keith Lawrence has changed BusinessID 7's Type to New Car Dealership (5).
[2018/1/2 - 14:19:58] Keith Lawrence has changed BusinessID 7's Type to Used Car Dealership (6).
[2018/1/2 - 14:34:39] Keith Lawrence has changed BusinessID 7's Type to New Car Dealership (5).
[2018/1/2 - 14:36:10] Keith Lawrence has edited business ID 7's name to Grotti Dealership.
[2018/1/2 - 17:35:30] CaptainThrillss has changed BusinessID 3's Inventory to 100.
[2018/1/2 - 17:36:10] CaptainThrillss has changed BusinessID 3's Inventory to 0.
[2018/1/2 - 17:38:02] CaptainThrillss has changed BusinessID 1's Exterior to X:1629.033325 Y:-1905.204101 Z:13.552283
[2018/1/2 - 18:43:49] CaptainThrillss has changed BusinessID 3's Inventory to 100.
[2018/1/2 - 18:59:34] CaptainThrillss has edited business ID 3's name to Los Santos Auto.
[2018/1/3 - 18:27:41] Jackson Dread has deleted BusinessID 1.
[2018/1/4 - 1:23:03] Paul Duffster has edited business ID 18's name to Wolf Ammunation.
[2018/1/4 - 6:54:24] Captainthrillss has changed BusinessID 3's Inventory to 100000.
[2018/1/5 - 19:49:43] Robert Caber has edited business ID 21's name to [Owner: DGA].
[2018/1/5 - 19:55:41] Robert Caber has edited business ID 21's name to [Owner: DGA].
[2018/1/6 - 20:21:35] Dylan Langley has changed BusinessID 1's Exterior to X:2112.266845 Y:1136.588134 Z:10.812973
[2018/1/6 - 20:24:54] Dylan Langley has changed BusinessID 14's Exterior to X:2110.019775 Y:1132.244018 Z:10.812973
[2018/1/6 - 20:28:19] [SHOPBUSINESS] Dylan Langley has deleted BusinessID 14.
[2018/1/6 - 20:28:21] [SHOPBUSINESS] Dylan Langley has deleted BusinessID 1.
[2018/1/6 - 20:32:23] [SHOPBUSINESS] Dylan Langley has deleted BusinessID 8.
[2018/1/6 - 20:37:59] Dylan Langley has edited business ID 1's name to Peter paid $10 for this, cheap ass.
[2018/1/6 - 20:38:41] Dylan Langley has edited business ID 1's name to Peter's Expensive Car Shop.
[2018/1/7 - 18:05:28] Keith Lawrence has changed BusinessID 19's Price to $0.
[2018/1/7 - 18:05:34] Keith Lawrence has changed BusinessID 19's Price to $-1.
[2018/1/7 - 18:05:49] Keith Lawrence has changed BusinessID 19's Inventory to 0.
[2018/1/8 - 1:29:43] Carlos Ramirez has edited business ID 42's name to Test.
[2018/1/8 - 1:29:49] Carlos Ramirez has edited business ID 37's name to Test.
[2018/1/8 - 1:30:11] Carlos Ramirez has edited business ID 37's name to Washington's Food.
[2018/1/8 - 1:34:37] Carlos Ramirez has edited business ID 37's name to Washington Food.
[2018/1/8 - 1:34:46] Carlos Ramirez has edited business ID 37's name to Washington Foods.
[2018/1/8 - 1:34:48] Carlos Ramirez has edited business ID 37's name to Washington.
[2018/1/8 - 1:34:52] Carlos Ramirez has edited business ID 37's name to TEst.
[2018/1/8 - 1:39:45] Carlos Ramirez has edited business ID 37's name to Sean_Washington.
[2018/1/8 - 1:40:08] Carlos Ramirez has changed BusinessID 37's Type to Gas Station (1).
[2018/1/8 - 1:40:11] Carlos Ramirez has changed BusinessID 37's Type to Clothing Store (2).
[2018/1/8 - 1:40:12] Carlos Ramirez has changed BusinessID 37's Type to Restaurant (3).
[2018/1/8 - 1:49:50] Carlos Ramirez has edited business ID 37's name to Washington Food.
[2018/1/8 - 1:51:01] Carlos Ramirez has changed BusinessID 37's Supply Point to X:1029.771606 Y:-1340.474731 Z:13.726562
[2018/1/10 - 3:12:44] Captainthrillss has edited business ID 1's name to Schneiders Car Dealership.
[2018/1/10 - 19:39:56] Mitch Makaveli has edited business ID 27's name to Honest's XXL Clothing Line.
[2018/1/10 - 21:11:53] Matt Honest has deleted BusinessID 1.
[2018/1/10 - 21:18:47] Mitch Makaveli has changed BusinessID 1's Exterior to X:1081.362304 Y:-1697.081420 Z:13.546875
[2018/1/10 - 21:37:37] Mitch Makaveli has edited BusinessID 1's CustomInterior.
[2018/1/10 - 21:39:14] Mitch Makaveli has changed BusinessID 1's Exterior to X:1081.315917 Y:-1697.093261 Z:13.546875
[2018/1/10 - 21:39:27] Mitch Makaveli has changed BusinessID 1's Type to Gas Station (1).
[2018/1/10 - 21:39:29] Mitch Makaveli has changed BusinessID 1's Type to Clothing Store (2).
[2018/1/10 - 21:39:30] Mitch Makaveli has changed BusinessID 1's Type to Restaurant (3).
[2018/1/10 - 21:39:31] Mitch Makaveli has changed BusinessID 1's Type to Gun Shop (4).
[2018/1/10 - 21:39:33] Mitch Makaveli has changed BusinessID 1's Type to New Car Dealership (5).
[2018/1/10 - 21:39:34] Mitch Makaveli has changed BusinessID 1's Type to Used Car Dealership (6).
[2018/1/10 - 21:39:36] Mitch Makaveli has changed BusinessID 1's Type to Mechanic (7).
[2018/1/10 - 21:39:38] Mitch Makaveli has changed BusinessID 1's Type to 24/7 (8).
[2018/1/10 - 21:39:39] Mitch Makaveli has changed BusinessID 1's Type to Bar (9).
[2018/1/10 - 21:39:40] Mitch Makaveli has changed BusinessID 1's Type to Club (10).
[2018/1/10 - 21:39:41] Mitch Makaveli has changed BusinessID 1's Type to Sex Shop (11).
[2018/1/10 - 21:39:42] Mitch Makaveli has changed BusinessID 1's Type to Gym (12).
[2018/1/10 - 21:39:43] Mitch Makaveli has changed BusinessID 1's Type to Casino (13).
[2018/1/10 - 21:40:37] Mitch Makaveli has edited business ID 1's name to Lucky Cowboy Casino.
[2018/1/10 - 21:42:25] Mitch Makaveli has edited BusinessID 1's CustomInterior.
[2018/1/10 - 21:42:29] Mitch Makaveli has edited BusinessID 1's CustomInterior.
[2018/1/10 - 21:42:34] Mitch Makaveli has edited BusinessID 1's CustomExterior.
[2018/1/10 - 21:43:29] Mitch Makaveli has changed BusinessID 1's vw to 999
[2018/1/10 - 21:44:11] Mitch Makaveli has edited BusinessID 1's CustomInterior.
[2018/1/10 - 21:44:29] Mitch Makaveli has changed BusinessID 1's Interior to X:-2778.661132 Y:100.643722 Z:4500.201171
[2018/1/10 - 21:44:38] Mitch Makaveli has edited BusinessID 1's CustomInterior.
[2018/1/10 - 21:46:58] Mitch Makaveli has changed BusinessID 1's safe to 1000000.
[2018/1/10 - 23:57:38] Mitch Makaveli has edited business ID 1's name to The Chilean Casino.
[2018/1/10 - 23:58:10] Mitch Makaveli has changed BusinessID 1's Exterior to X:1081.346801 Y:-1696.983886 Z:13.546875
[2018/1/10 - 23:58:37] Mitch Makaveli has changed BusinessID 1's vw to 0
[2018/1/11 - 20:29:25] Jackson Dread has changed BusinessID 8's Exterior to X:2131.563232 Y:-1149.490112 Z:24.258560
[2018/1/11 - 20:29:29] Jackson Dread has changed BusinessID 8's Exterior to X:2131.898193 Y:-1150.848022 Z:24.113246
[2018/1/12 - 16:10:52] Daniel Bishop has changed BusinessID 76's safe to 1000000.
[2018/1/12 - 16:11:10] Daniel Bishop has changed BusinessID 76's safe to 10000000.
[2018/1/12 - 16:11:15] Daniel Bishop has changed BusinessID 76's safe to 100000000.
[2018/1/12 - 16:14:47] Daniel Bishop has changed BusinessID 76's safe to 100000000.
[2018/1/12 - 16:50:59] Daniel Bishop has changed BusinessID 76's safe to 985555968.
[2018/1/16 - 22:12:27] Mitch Makaveli has changed BusinessID 12's Exterior to X:2990.865966 Y:-2546.967285 Z:14.133378
[2018/1/19 - 0:56:34] Kobe Mece has changed BusinessID 10's Interior to X:-30.999799 Y:-91.829696 Z:1003.546875
[2018/1/19 - 0:57:06] Kobe Mece has changed BusinessID 16's Interior to X:-31.005300 Y:-91.637199 Z:1003.546875
[2018/1/19 - 22:22:43] Lexy Kanon has edited business ID 37's name to Flleming's Food.
[2018/1/22 - 19:38:46] BusinessRobbery has changed BusinessID 15's Interior to X:296.586212 Y:-111.188858 Z:1001.515625
[2018/1/22 - 19:38:50] BusinessRobbery has edited BusinessID 15's CustomInterior.
[2018/1/25 - 0:16:16] Mitch Makaveli has changed BusinessID 1's safe to 12000000.
[2018/1/25 - 0:55:33] Carlos Ramirez has deleted BusinessID 76.
[2018/2/13 - 16:25:49] Kevin has changed BusinessID 55's Exterior to X:1579.831665 Y:-1636.858276 Z:13.552231
[2018/2/13 - 16:27:11] Kevin has changed BusinessID 55's Exterior to X:660.816223 Y:-573.445800 Z:16.335937
[2018/2/13 - 16:34:52] Kevin Dios Brank has changed BusinessID 22's Exterior to X:1579.794555 Y:-1637.169799 Z:13.552295
[2018/2/13 - 16:35:06] Kevin Dios Brank has changed BusinessID 22's Type to Undefined (0).
[2018/2/13 - 16:35:08] Kevin Dios Brank has changed BusinessID 22's Type to Gas Station (1).
[2018/2/13 - 16:35:21]  has created a gas pump for  ()
[2018/2/13 - 16:35:25]  has created a gas pump for  ()
[2018/2/13 - 16:36:24] Kevin Dios Brank has changed BusinessID 22's Supply Point to X:1536.235473 Y:-1635.571655 Z:13.546875
[2018/2/13 - 16:36:59] Kevin Dios Brank has changed BusinessID 22's Inventory to 10000.
[2018/2/13 - 16:37:51] Kevin Dios Brank has changed the gas capacity of pump 0 for  (22) to 10000.00
[2018/2/13 - 16:37:53] Kevin Dios Brank has changed the gas amount of pump 0 for  (22) to 10000.00
[2018/2/13 - 16:38:09] Kevin Dios Brank has changed the gas capacity of pump 1 for  (22) to 10000.00
[2018/2/13 - 16:38:16] Kevin Dios Brank has changed the gas amount of pump 1 for  (22) to 10000.00
[2018/2/13 - 16:40:06] Kevin Dios Brank has changed the gas capacity of pump 1 for  (22) to 10000.00
[2018/2/13 - 16:40:16] Kevin Dios Brank has changed the gas amount of pump 1 for  (22) to 10000.00
[2018/2/13 - 16:42:12] Kevin has changed BusinessID 22's Interior to X:-31.073118 Y:-91.877258 Z:1003.546875
[2018/2/13 - 16:43:12] Kevin has edited business ID 22's name to LSPD's Gas Station.
[2018/2/13 - 16:43:48] Kevin has changed BusinessID 22's Price to $1.
[2018/2/13 - 16:45:24] Kevin has changed the position of pump 0 for business 22
[2018/2/13 - 16:45:28] Kevin has changed the position of pump 0 for business 22
[2018/2/13 - 16:45:41] Kevin has changed the gas amount of pump 0 for LSPD's Gas Station (22) to 10.00
[2018/2/13 - 16:45:46] Kevin has changed the gas amount of pump 1 for LSPD's Gas Station (22) to 10.00
[2018/2/13 - 16:46:56] Kevin has changed the gas amount of pump 1 for LSPD's Gas Station (22) to 10000.00
[2018/2/13 - 16:47:36] Kevin has changed the gas amount of pump 1 for LSPD's Gas Station (22) to 10000.00
[2018/2/13 - 16:50:08] Kevin has changed the gas amount of pump 1 for LSPD's Gas Station (22) to 10000.00
[2018/2/13 - 16:50:09] Kevin has changed the gas amount of pump 1 for LSPD's Gas Station (22) to 10000.00
[2018/2/13 - 16:50:10] Kevin has changed the gas amount of pump 1 for LSPD's Gas Station (22) to 10000.00
[2018/2/13 - 16:50:10] Kevin has changed the gas amount of pump 1 for LSPD's Gas Station (22) to 10000.00
[2018/2/13 - 16:50:14] Kevin has changed the gas amount of pump 1 for LSPD's Gas Station (22) to 10000.00
[2018/2/13 - 16:50:16] Kevin has changed the gas amount of pump 1 for LSPD's Gas Station (22) to 10000.00
[2018/2/13 - 16:51:19] Kevin has changed the gas capacity of pump 1 for LSPD's Gas Station (22) to 10000.00
[2018/2/13 - 16:51:23] Kevin has changed the gas capacity of pump 1 for LSPD's Gas Station (22) to 10000.00
[2018/2/13 - 16:54:25] Kevin Dios Brank has changed the gas amount of pump 0 for LSPD's Gas Station (22) to 10000.00
[2018/2/13 - 16:54:54] Kevin Dios Brank has changed the gas amount of pump 1 for LSPD's Gas Station (22) to 10000.00
[2018/2/13 - 16:56:34] Kevin Dios Brank has changed BusinessID 22's Inventory Capacity to 10000.
[2018/2/13 - 16:56:36] Kevin Dios Brank has changed BusinessID 22's Inventory Capacity to 10000.
[2018/2/13 - 16:56:42] Kevin Dios Brank has changed the gas amount of pump 1 for LSPD's Gas Station (22) to 10000.00
[2018/2/13 - 16:56:54] Kevin Dios Brank has changed the gas amount of pump 0 for LSPD's Gas Station (22) to 10000.00
[2018/2/13 - 16:57:07] Kevin Dios Brank has changed the position of pump 0 for business 22
[2018/2/13 - 16:57:18] Kevin Dios Brank has changed the position of pump 0 for business 22
[2018/2/13 - 16:57:32] Kevin Dios Brank has changed the position of pump 1 for business 22
[2019/10/17 - 6:27:08] Guzman has changed BusinessID 15's Price to $10000000.
[2019/10/17 - 6:28:41] Guzman has edited business ID 15's name to Haydz Gun Shop..
[2019/10/18 - 9:56:10] Joe has edited business ID 60's name to Market 24/7.
[2019/10/19 - 9:18:27] Majnu has changed BusinessID 17's Type to Used Car Dealership (6).
[2019/10/19 - 9:18:28] Majnu has changed BusinessID 17's Type to Undefined (65).
[2019/10/19 - 9:18:30] Majnu has changed BusinessID 17's Type to Restaurant (3).
[2019/10/19 - 9:18:31] Majnu has changed BusinessID 17's Type to Clothing Store (2).
[2019/10/19 - 9:18:33] Majnu has changed BusinessID 17's Type to New Car Dealership (5).
[2019/10/19 - 9:18:35] Majnu has changed BusinessID 17's Type to Mechanic (7).
[2019/10/19 - 9:18:36] Majnu has changed BusinessID 17's Type to Used Car Dealership (6).
[2019/10/19 - 9:18:37] Majnu has changed BusinessID 17's Type to 24/7 (8).
[2019/10/19 - 9:19:45] Majnu has changed BusinessID 17's Interior to X:-31.040576 Y:-92.007720 Z:1003.546875
[2019/10/20 - 12:12:22] Scorpion has changed BusinessID 57's Interior to X:-25.852724 Y:-188.249191 Z:1003.546875
[2019/10/20 - 12:12:31] Scorpion has edited BusinessID 57's CustomInterior.
[2019/10/20 - 12:12:33] Scorpion has edited BusinessID 57's CustomInterior.
[2019/10/20 - 12:16:29] Scorpion has edited business ID 57's name to Will's Gas Station.
[2019/10/21 - 11:45:24] Scorpion has changed BusinessID 73's Exterior to X:1673.720458 Y:-1171.211059 Z:23.965148
[2019/10/21 - 11:45:37] Scorpion has changed BusinessID 73's Type to Gas Station (1).
[2019/10/21 - 11:45:41] Scorpion has changed BusinessID 73's Type to Clothing Store (2).
[2019/10/21 - 11:53:06] Scorpion has changed BusinessID 73's Interior to X:207.078781 Y:-140.366836 Z:1003.507812
[2019/10/21 - 11:53:15] Scorpion has edited BusinessID 73's CustomInterior.
[2019/10/21 - 11:54:51] Scorpion has edited business ID 73's name to Oxer's Cloth Shop.
[2019/10/24 - 6:06:09] Guzman has changed BusinessID 41's Inventory to 5000.
[2019/10/26 - 11:43:02] Scorpion has changed BusinessID 44's Type to Gun Shop (4).
[2019/10/26 - 11:43:06] Scorpion has changed BusinessID 44's Type to Restaurant (3).
[2019/10/26 - 11:43:11] Scorpion has changed BusinessID 44's Type to New Car Dealership (5).
[2019/10/27 - 22:59:26] Chelsya has edited business ID 62's name to Cartman's Superrmarket.
[2019/10/30 - 12:38:38] Fredy has changed BusinessID 74's Exterior to X:2259.280517 Y:63.273303 Z:26.484375
[2019/10/30 - 12:39:41] Fredy has changed BusinessID 74's Price to $1.
[2019/10/30 - 12:40:27] Fredy has changed BusinessID 74's Grade to 0
[2019/10/30 - 12:41:26] Fredy has changed BusinessID 74's Interior to X:-30.969154 Y:-92.010574 Z:1003.546875
[2019/10/30 - 12:41:47] Fredy has changed BusinessID 74's Type to Undefined (0).
[2019/10/30 - 12:41:59] Fredy has changed BusinessID 74's Type to Gas Station (1).
[2019/10/30 - 12:42:12] Fredy has changed BusinessID 74's Type to Clothing Store (2).
[2019/10/30 - 12:42:22] Fredy has changed BusinessID 74's Type to Restaurant (3).
[2019/10/30 - 12:42:30] Fredy has changed BusinessID 74's Type to Gun Shop (4).
[2019/10/30 - 12:42:37] Fredy has changed BusinessID 74's Type to New Car Dealership (5).
[2019/10/30 - 12:42:44] Fredy has changed BusinessID 74's Type to Used Car Dealership (6).
[2019/10/30 - 12:42:50] Fredy has changed BusinessID 74's Type to Mechanic (7).
[2019/10/30 - 12:42:56] Fredy has changed BusinessID 74's Type to 24/7 (8).
[2019/10/30 - 12:47:59] Fredy has changed BusinessID 74's MaxLevel to 0
[2019/10/30 - 12:48:09] Fredy has changed BusinessID 74's MaxLevel to 1
[2019/10/30 - 12:48:44] Fredy has changed BusinessID 74's Price to $999999999.
[2019/10/30 - 17:04:34] Fredy has changed BusinessID 74's Exterior to X:2275.371582 Y:66.340995 Z:26.484375
[2019/10/30 - 17:15:52] Fredy has changed BusinessID 74's Type to Bar (9).
[2019/10/30 - 17:16:02] Fredy has changed BusinessID 74's Type to Club (10).
[2019/10/30 - 17:16:08] Fredy has changed BusinessID 74's Type to Sex Shop (11).
[2019/10/30 - 17:16:14] Fredy has changed BusinessID 74's Type to Gym (12).
[2019/10/30 - 17:16:20] Fredy has changed BusinessID 74's Type to Casino (13).
[2019/10/30 - 17:16:26] Fredy has changed BusinessID 74's Type to Undefined (14).
[2019/10/30 - 17:16:46] Fredy has changed BusinessID 74's Type to 24/7 (8).
[2019/10/30 - 17:20:08] Fredy has edited business ID 74's name to Knight's General Store.
[2019/10/30 - 17:22:18] Fredy has deleted BusinessID 74.
[2019/10/30 - 17:24:51] Fredy has changed BusinessID 43's Price to $999999999.
[2019/10/30 - 17:46:24] Fredy has changed BusinessID 43's Price to $4.
[2019/10/30 - 17:49:09] Fredy has changed BusinessID 43's Exterior to X:2260.505371 Y:51.329986 Z:26.484375
[2019/10/31 - 6:55:57] Fredy has changed BusinessID 74's Exterior to X:2275.456787 Y:66.340194 Z:26.484375
[2019/10/31 - 6:56:30] Fredy has changed BusinessID 74's Type to 24/7 (8).
[2019/10/31 - 6:57:33] Fredy has changed BusinessID 74's Type to Undefined (0).
[2019/10/31 - 6:58:12] Fredy has changed BusinessID 74's Type to 24/7 (8).
[2019/10/31 - 7:05:11] Fredy has changed BusinessID 74's Inventory to 0.
[2019/10/31 - 7:05:16] Fredy has changed BusinessID 74's Inventory to 1.
[2019/10/31 - 7:05:23] Fredy has changed BusinessID 74's Inventory to 8.
[2019/10/31 - 7:06:40] Fredy has deleted BusinessID 74.
[2019/10/31 - 14:37:31] Scorpion has edited business ID 37's name to Jimmy's 24/7.
[2019/10/31 - 23:07:25] Majnu has edited business ID 28's name to Thomax's Casino.
[2019/11/2 - 18:48:01] Alejandro has edited business ID 69's name to 69s 24.7.
[2019/11/2 - 18:48:05] Alejandro has edited business ID 69's name to 69s 24/7.
[2019/11/2 - 19:54:20] Richard has edited business ID 39's name to James Gand.
[2019/11/2 - 19:54:32] Richard has edited business ID 39's name to Ahmed ka mota muma.
[2019/11/2 - 19:54:50] Richard has edited business ID 39's name to Jame's Delearship.
[2019/11/2 - 22:19:50] Scorpion has edited business ID 37's name to Booby's 24/7.
[2019/11/2 - 22:20:01] Scorpion has edited business ID 37's name to Bobby's 24/7.
[2019/11/3 - 8:03:32] Mystic has changed BusinessID 100's Type to Undefined (0).
[2019/11/3 - 8:03:34] Mystic has changed BusinessID 100's Type to Gas Station (1).
[2019/11/3 - 8:03:36] Mystic has changed BusinessID 100's Type to Clothing Store (2).
[2019/11/3 - 8:03:38] Mystic has changed BusinessID 100's Type to Restaurant (3).
[2019/11/3 - 8:03:40] Mystic has changed BusinessID 100's Type to New Car Dealership (5).
[2019/11/3 - 8:04:15] Mystic has edited business ID 100's name to Winterfield Automotives.
[2019/11/3 - 8:05:33] Mystic has changed BusinessID 100's Interior to X:1494.321289 Y:1303.609741 Z:1093.289062
[2019/11/3 - 8:09:04] Mystic has changed BusinessID 100's safe to 705032704.
[2019/11/3 - 21:45:35] Scorpion has changed BusinessID 74's Exterior to X:1689.580566 Y:-1518.389038 Z:13.546875
[2019/11/3 - 21:45:54] Scorpion has changed BusinessID 74's Type to Mechanic (7).
[2019/11/3 - 21:45:57] Scorpion has changed BusinessID 74's Type to 24/7 (8).
[2019/11/3 - 21:47:11] Scorpion has edited business ID 74's name to Totorino's 24/7.
[2019/11/3 - 21:53:22] Scorpion has changed BusinessID 74's Inventory to 1000.
[2019/11/4 - 7:34:32] Guzman has changed BusinessID 76's Exterior to X:1215.134765 Y:-985.999328 Z:43.573436
[2019/11/4 - 7:36:30] Guzman has changed BusinessID 76's Interior to X:-25.969955 Y:-188.247131 Z:1003.546875
[2019/11/4 - 7:39:17] Guzman has edited BusinessID 76's CustomExterior.
[2019/11/4 - 7:39:26] Guzman has edited BusinessID 76's CustomExterior.
[2019/11/4 - 7:39:53] Guzman has edited BusinessID 76's CustomInterior.
[2019/11/4 - 7:40:03] Guzman has edited BusinessID 76's CustomInterior.
[2019/11/4 - 7:40:21] Guzman has changed BusinessID 76's Type to Undefined (0).
[2019/11/4 - 7:40:22] Guzman has changed BusinessID 76's Type to Gas Station (1).
[2019/11/4 - 7:40:24] Guzman has changed BusinessID 76's Type to Clothing Store (2).
[2019/11/4 - 7:40:26] Guzman has changed BusinessID 76's Type to Restaurant (3).
[2019/11/4 - 7:40:27] Guzman has changed BusinessID 76's Type to Gun Shop (4).
[2019/11/4 - 7:40:28] Guzman has changed BusinessID 76's Type to New Car Dealership (5).
[2019/11/4 - 7:40:29] Guzman has changed BusinessID 76's Type to Used Car Dealership (6).
[2019/11/4 - 7:40:31] Guzman has changed BusinessID 76's Type to Mechanic (7).
[2019/11/4 - 7:40:32] Guzman has changed BusinessID 76's Type to 24/7 (8).
[2019/11/4 - 7:41:11] Guzman has changed BusinessID 76's Inventory to 1000.
[2019/11/4 - 7:42:03] Guzman has changed BusinessID 76's safe to 0.
[2019/11/4 - 7:42:09] Guzman has changed BusinessID 76's safe to 1000.
[2019/11/4 - 7:45:34] Guzman has changed BusinessID 76's Supply Point to X:1167.878051 Y:-981.502807 Z:39.823867
[2019/11/4 - 8:06:11] Guzman has edited business ID 76's name to Murillo's Store..
[2019/11/4 - 11:52:18] Mystic has changed BusinessID 77's Exterior to X:1003.134948 Y:-1418.337280 Z:13.585806
[2019/11/4 - 11:53:11] Mystic has changed BusinessID 77's Type to Clothing Store (2).
[2019/11/4 - 11:53:14] Mystic has changed BusinessID 77's Type to Restaurant (3).
[2019/11/4 - 11:53:15] Mystic has changed BusinessID 77's Type to Gun Shop (4).
[2019/11/4 - 11:53:17] Mystic has changed BusinessID 77's Type to New Car Dealership (5).
[2019/11/4 - 11:53:19] Mystic has changed BusinessID 77's Type to Mechanic (7).
[2019/11/4 - 11:53:22] Mystic has changed BusinessID 77's Type to 24/7 (8).
[2019/11/4 - 11:53:25] Mystic has changed BusinessID 77's Type to Gas Station (1).
[2019/11/4 - 11:53:27] Mystic has changed BusinessID 77's Type to Clothing Store (2).
[2019/11/4 - 11:53:28] Mystic has changed BusinessID 77's Type to Restaurant (3).
[2019/11/4 - 11:53:30] Mystic has changed BusinessID 77's Type to Gun Shop (4).
[2019/11/5 - 6:01:39] Scorpion has changed BusinessID 4's Type to 24/7 (8).
[2019/11/5 - 6:02:37] Scorpion has edited business ID 4's name to Matsuzaki's 24/7.
[2019/11/5 - 6:05:58] Scorpion has changed BusinessID 4's Interior to X:-25.873058 Y:-187.866775 Z:1003.546875
[2019/11/5 - 6:06:03] Scorpion has edited BusinessID 4's CustomInterior.
[2019/11/5 - 7:53:51] Scorpion has changed BusinessID 4's Exterior to X:1704.107910 Y:-1578.743164 Z:13.888076
[2019/11/5 - 8:07:37] Akira has changed BusinessID 78's Exterior to X:374.804565 Y:-2054.898437 Z:8.015625
[2019/11/5 - 8:07:45] Akira has changed BusinessID 78's Exterior to X:374.402191 Y:-2055.055175 Z:8.015625
[2019/11/5 - 8:09:01] Akira has changed BusinessID 78's Type to Gas Station (1).
[2019/11/5 - 8:09:02] Akira has changed BusinessID 78's Type to Clothing Store (2).
[2019/11/5 - 8:09:04] Akira has changed BusinessID 78's Type to Restaurant (3).
[2019/11/5 - 8:09:05] Akira has changed BusinessID 78's Type to Gun Shop (4).
[2019/11/5 - 8:09:06] Akira has changed BusinessID 78's Type to New Car Dealership (5).
[2019/11/5 - 8:09:07] Akira has changed BusinessID 78's Type to Used Car Dealership (6).
[2019/11/5 - 8:09:09] Akira has changed BusinessID 78's Type to Mechanic (7).
[2019/11/5 - 8:09:12] Akira has changed BusinessID 78's Type to Bar (9).
[2019/11/5 - 8:18:51] Akira has changed BusinessID 78's Interior to X:-794.937011 Y:489.279724 Z:1376.195312
[2019/11/5 - 8:21:38] Akira has edited business ID 78's name to The Brown Starfish Bar & Grill.
[2019/11/5 - 8:22:47] Akira has changed BusinessID 78's Supply Point to X:367.216705 Y:-2044.428222 Z:7.671875
[2019/11/5 - 8:27:47] Akira has changed BusinessID 78's Inventory to 8000.
[2019/11/5 - 8:28:04] Akira has changed BusinessID 78's Inventory to 15000.
[2019/11/5 - 8:28:15] Akira has changed BusinessID 78's Months to 999
[2019/11/5 - 8:28:40] Akira has changed BusinessID 78's safe to 10000000.
[2019/11/5 - 12:26:46] Doffy has changed BusinessID 29's Exterior to X:2201.385742 Y:-1167.605590 Z:25.872856
[2019/11/6 - 13:29:30] Doffy has changed BusinessID 74's Price to $0.
[2019/11/6 - 13:29:52] Doffy has changed BusinessID 74's Price to $1.
[2019/11/6 - 14:40:28] Chan has changed BusinessID 60's safe to 0.
[2019/11/6 - 14:42:47] Chan has changed BusinessID 60's safe to 10000000.
[2019/11/6 - 17:35:11] Fredy has changed BusinessID 43's Type to 24/7 (8).
[2019/11/6 - 17:35:36] Fredy has changed BusinessID 43's Exterior to X:1183.165283 Y:-1584.711059 Z:13.546875
[2019/11/7 - 8:39:01] Jax has changed BusinessID 79's Exterior to X:2303.251464 Y:-61.286026 Z:26.484375
[2019/11/7 - 8:39:18] Jax has changed BusinessID 79's Type to Undefined (0).
[2019/11/7 - 8:39:20] Jax has changed BusinessID 79's Type to Undefined (0).
[2019/11/7 - 8:39:22] Jax has changed BusinessID 79's Type to Undefined (0).
[2019/11/7 - 8:39:26] Jax has changed BusinessID 79's Type to Undefined (0).
[2019/11/7 - 8:39:28] Jax has changed BusinessID 79's Type to Gas Station (1).
[2019/11/7 - 8:39:29] Jax has changed BusinessID 79's Type to Clothing Store (2).
[2019/11/7 - 8:39:30] Jax has changed BusinessID 79's Type to Restaurant (3).
[2019/11/7 - 8:39:33] Jax has changed BusinessID 79's Type to Gun Shop (4).
[2019/11/7 - 8:39:35] Jax has changed BusinessID 79's Type to New Car Dealership (5).
[2019/11/7 - 8:39:36] Jax has changed BusinessID 79's Type to Used Car Dealership (6).
[2019/11/7 - 8:39:39] Jax has changed BusinessID 79's Type to Mechanic (7).
[2019/11/7 - 8:39:41] Jax has changed BusinessID 79's Type to 24/7 (8).
[2019/11/7 - 8:40:10] Jax has changed BusinessID 79's Price to $-1530494977.
[2019/11/7 - 8:40:13] Jax has changed BusinessID 79's Price to $-727379969.
[2019/11/7 - 8:40:15] Jax has changed BusinessID 79's Price to $1410065407.
[2019/11/7 - 8:41:06] Jax has changed BusinessID 79's Type to Undefined (0).
[2019/11/7 - 8:41:07] Jax has changed BusinessID 79's Type to Clothing Store (2).
[2019/11/7 - 8:41:09] Jax has changed BusinessID 79's Type to Restaurant (3).
[2019/11/7 - 8:41:40] Jax has changed BusinessID 79's Grade to 0
[2019/11/7 - 8:41:43] Jax has changed BusinessID 79's Grade to 1
[2019/11/7 - 8:42:17] Jax has deleted BusinessID 79.
[2019/11/7 - 9:53:48] Jax has changed BusinessID 79's Exterior to X:2244.414306 Y:-1665.337158 Z:15.476562
[2019/11/7 - 9:53:59] Jax has deleted BusinessID 79.
[2019/11/8 - 5:44:40] Jax has changed BusinessID 4's safe to 500000.
[2019/11/8 - 5:44:58] Jax has changed BusinessID 4's safe to 100000000.
[2019/11/8 - 5:52:07] Jax has changed BusinessID 100's safe to 2000000000.
[2019/11/8 - 8:01:21] Fionam has changed BusinessID 67's Exterior to X:1695.109008 Y:1364.994628 Z:14.888518
[2019/11/8 - 8:03:01] Fionam has changed BusinessID 67's Exterior to X:2403.288085 Y:-1379.906372 Z:24.219825
[2019/11/8 - 8:03:39] Fionam has changed BusinessID 67's Price to $250000.
[2019/11/8 - 8:04:06] Fionam has changed BusinessID 67's Exterior to X:1690.146118 Y:1441.667602 Z:10.766498
[2019/11/8 - 8:04:19] Fionam has changed BusinessID 67's Exterior to X:1692.954833 Y:1368.315551 Z:14.897429
[2019/11/8 - 8:04:52] Fionam has changed BusinessID 65's Inventory to 0.
[2019/11/8 - 8:05:25] Fionam has changed BusinessID 65's Inventory Capacity to 0.
[2019/11/8 - 8:05:40] Fionam has changed BusinessID 65's Inventory Capacity to 5000.
[2019/11/8 - 8:05:47] Fionam has changed BusinessID 65's Inventory to 50000.
[2019/11/8 - 8:06:01] Fionam has changed BusinessID 65's safe to 500000.
[2019/11/8 - 8:07:26] Fionam has edited business ID 65's name to ..
[2019/11/8 - 8:07:50] Fionam has edited business ID 65's name to McCarthy's 24/7.
[2019/11/9 - 16:16:19] Doffy has changed BusinessID 74's Exterior to X:1214.966308 Y:-985.979675 Z:43.573436
[2019/11/9 - 16:17:08] Doffy has edited business ID 74's name to Murillo's Store.
[2019/11/9 - 16:17:49] Doffy has changed BusinessID 74's Type to Gas Station (1).
[2019/11/9 - 16:17:51] Doffy has changed BusinessID 74's Type to Clothing Store (2).
[2019/11/9 - 16:17:53] Doffy has changed BusinessID 74's Type to Restaurant (3).
[2019/11/9 - 16:17:54] Doffy has changed BusinessID 74's Type to Gun Shop (4).
[2019/11/9 - 16:17:54] Doffy has changed BusinessID 74's Type to New Car Dealership (5).
[2019/11/9 - 16:17:55] Doffy has changed BusinessID 74's Type to Used Car Dealership (6).
[2019/11/9 - 16:17:56] Doffy has changed BusinessID 74's Type to Mechanic (7).
[2019/11/9 - 16:17:58] Doffy has changed BusinessID 74's Type to 24/7 (8).
[2019/11/9 - 16:18:41] Doffy has changed BusinessID 74's Inventory to 1000.
[2019/11/9 - 16:26:34] Doffy has changed BusinessID 74's Supply Point to X:1167.887207 Y:-990.744995 Z:38.262786
