[2018/1/17 - 21:46:20] Shane Matt has set 0 facility raidable status from Active to Disabled.
[2018/1/21 - 5:57:53] Captainthrillss has set 0 facility raidable status from Disabled to Active.
[2018/1/21 - 6:03:30] Captainthrillss has set 0 facility status from Active to Active.
[2018/1/21 - 6:03:44] Captainthrillss has set 0 facility status from Active to Disabled.
[2018/1/21 - 6:04:04] Captainthrillss has set 0 facility status from Disabled to Active.
[2018/1/21 - 13:48:36] Jackson Dread has set 2 facility raidable status from Active to Active.
[2018/1/21 - 13:48:47] Jackson Dread has set 2 facility status from Disabled to Active.
[2018/1/21 - 13:49:59] Jackson Dread has set 2 facility status from Active to Active.
[2018/1/23 - 13:48:35] Jackson Dread has set 1 facility status from Active to Active.
[2018/1/23 - 13:48:40] Jackson Dread has set 0 facility status from Active to Active.
[2018/1/23 - 13:48:58] Jackson Dread has set 1 facility raidable status from Disabled to Active.
[2018/1/23 - 13:49:14] Jackson Dread has set 1 facility status from Active to Active.
[2018/1/23 - 13:51:47] Jackson Dread has set 2 facility status from Active to Active.
[2018/1/23 - 13:51:50] Jackson Dread has set 0 facility status from Active to Active.
[2018/1/23 - 13:51:52] Jackson Dread has set 1 facility status from Active to Active.
[2018/1/23 - 13:52:29] Jackson Dread has set 1 facility status from Active to Disabled.
[2018/1/23 - 13:52:31] Jackson Dread has set 1 facility status from Disabled to Active.
[2018/1/23 - 13:52:47] Jackson Dread has set 1 facility raidable status from Active to Active.
[2018/1/23 - 13:52:50] Jackson Dread has set 0 facility raidable status from Active to Active.
[2018/1/23 - 13:52:53] Jackson Dread has set 2 facility raidable status from Active to Active.
[2018/1/23 - 13:54:01] Jackson Dread has set 1 facility status from Active to Active.
[2018/1/23 - 13:54:42] Jackson Dread has set 1 facility production timer from 120 to 30 seconds.
[2018/1/23 - 13:54:46] Jackson Dread has set 1 facility production timer from 30 to 10 seconds.
[2018/1/23 - 14:59:20] Jackson Dread has set 1 facility raidable status from Active to Disabled.
[2018/1/23 - 15:00:28] Jackson Dread has set 0 facility status from Active to Disabled.
[2018/1/23 - 15:00:35] Jackson Dread has set 1 facility status from Active to Disabled.
[2018/1/23 - 15:01:03] Jackson Dread has set 1 facility raidable status from Disabled to Disabled.
[2018/2/13 - 8:24:06] Honestt has set 0 facility raidable status from Disabled to Active.
[2018/2/13 - 8:24:33] National Guard was removed from Ocean Docks facility (ID: 0) to prevent duplicate ownership.
[2018/2/13 - 8:24:33] Honestt has assigned National Guard's ownership over Ocean Docks facility (ID: 0).
[2018/2/13 - 8:24:45] Honestt has set 1 facility production timer from 1 to 60 seconds.
[2018/2/13 - 8:25:05] Honestt has set 1 facility production timer from 60 to 20 seconds.
[2018/2/13 - 8:25:17] Honestt has set 0 facility raidable status from Active to Disabled.
[2018/2/13 - 8:25:19] Honestt has set 0 facility raidable status from Disabled to Active.
[2018/2/13 - 8:25:31] Honestt has set 0 facility production status from Active to Active.
[2018/2/13 - 8:25:34] Honestt has set 0 facility production status from Active to Disabled.
[2018/2/13 - 8:25:35] Honestt has set 0 facility production status from Paused to Active.
[2018/2/13 - 8:25:37] Honestt has set 0 facility production status from Active to Disabled.
[2018/2/13 - 8:25:42] Honestt has set 0 facility production status from Paused to Disabled.
[2018/2/13 - 8:25:43] Honestt has set 0 facility production status from Paused to Active.
[2018/2/13 - 8:25:48] Honestt has set 0 facility production status from Active to Active.
[2018/2/13 - 11:56:40] Dread has set 0 facility status from Disabled to Active.
[2018/2/13 - 11:59:50] Dread has set 0 facility raidable status from Disabled to Disabled.
[2018/2/13 - 11:59:53] Dread has set 0 facility raidable status from Disabled to Active.
[2018/2/13 - 12:10:47] Dread has set 0 facility raidable status from Active to Active.
[2018/2/13 - 12:11:36] Dread has set 0 facility status from Active to Active.
[2018/2/13 - 12:15:31] Dread has set 0 facility raidable status from Active to Disabled.
[2018/2/13 - 12:15:33] Dread has set 0 facility raidable status from Disabled to Active.
[2018/2/13 - 12:15:59] Dread has set 0 facility production timer from 1 to 10 seconds.
[2019/10/28 - 19:00:49] Scorpion has set 0 facility name from --- to 0.
[2019/10/30 - 13:33:35] Scorpion has moved 0 crate facility (B: 0.000000, 0.000000, 0.000000 Int: 0, VW: 0 | A: -548.236022, -496.837554, 25.517845 Int: 0, VW: 0)
[2019/10/30 - 13:33:59] Scorpion has set 0 facility max production from 0 to 50.
[2019/10/30 - 13:34:17] Scorpion has set 0 facility production status from Paused to Active.
[2019/10/30 - 13:34:39] Scorpion has set 0 facility production cost per crate from $0 to $10,000.
[2019/10/30 - 13:34:53] Scorpion has set 0 facility status from Disabled to Active.
[2019/10/30 - 13:35:07] Scorpion has assigned 's ownership over 0 facility (ID: 0).
[2019/10/30 - 13:35:14] Scorpion has removed 's ownership over 0 facility (ID: 0).
[2019/10/30 - 13:35:23] Scorpion has removed Robadan Armed Forces's ownership over Crate Facility facility (ID: 1).
[2019/10/30 - 13:35:43] Scorpion has assigned 's ownership over 0 facility (ID: 0).
[2019/10/30 - 13:36:40] Scorpion has set 0 facility crate delivery multiplier from 1 to 1.
[2019/10/30 - 13:43:59] Scorpion has set 0 facility production status from Active to Active.
[2019/10/30 - 13:44:23] Scorpion has set 0 facility production timer from 0 to 1 seconds.
[2019/10/30 - 13:44:30] Scorpion has set 0 facility production timer from 1 to 5 seconds.
[2019/10/30 - 13:44:35] Scorpion has set 0 facility production timer from 5 to 10 seconds.
[2019/10/30 - 13:44:41] Scorpion has set 0 facility production timer from 10 to 500 seconds.
[2019/10/30 - 13:45:11] Scorpion has set 0 facility raidable status from Active to Active.
[2019/10/30 - 13:45:24] Scorpion has deleted facility id 0.
[2019/10/30 - 21:38:00] Scorpion has moved 0 crate facility (B: 0.000000, 0.000000, 0.000000 Int: 0, VW: 0 | A: -558.866821, -1028.197998, 24.049842 Int: 0, VW: 0)
[2019/10/30 - 21:38:39] Scorpion has set 0 facility max production from 0 to 50.
[2019/10/30 - 21:39:00] Scorpion has set 0 facility production timer from 0 to 10 seconds.
[2019/10/30 - 21:39:20] Scorpion has set 0 facility production status from Paused to Active.
[2019/10/30 - 21:39:31] Scorpion has set 0 facility production cost per crate from $0 to $10,000.
[2019/10/30 - 21:39:55] Scorpion has set 0 facility status from Disabled to Active.
[2019/10/30 - 21:40:14] Scorpion has assigned 's ownership over --- facility (ID: 0).
[2019/10/30 - 21:46:53] Scorpion has moved 2 crate facility (B: 0.000000, 0.000000, 0.000000 Int: 0, VW: 0 | A: -555.000488, -1026.722290, 24.073617 Int: 0, VW: 0)
[2019/10/30 - 21:47:08] Scorpion has deleted facility id 0.
[2019/10/30 - 21:47:40] Scorpion has set 2 facility max production from 0 to 20.
[2019/10/30 - 21:47:46] Scorpion has set 2 facility max production from 20 to 50.
[2019/10/30 - 21:48:12] Scorpion has set 2 facility production timer from 0 to 50000 seconds.
[2019/10/30 - 21:48:57] Scorpion has set 2 facility max production from 50 to 50.
[2019/10/30 - 21:49:04] Scorpion has set 2 facility max production from 50 to 100.
[2019/10/30 - 21:49:27] Scorpion has set 2 facility production status from Paused to Active.
[2019/10/30 - 21:49:33] Scorpion has set 2 facility production status from Active to Disabled.
[2019/10/30 - 21:49:42] Scorpion has set 2 facility production status from Paused to Active.
[2019/10/30 - 21:49:58] Scorpion has set 2 facility production cost per crate from $0 to $1,000.
[2019/10/30 - 21:50:46] Scorpion has set 2 facility status from Disabled to Active.
[2019/10/30 - 21:50:51] Scorpion has set 2 facility status from Active to Disabled.
[2019/10/30 - 21:50:53] Scorpion has set 2 facility status from Disabled to Active.
[2019/10/30 - 21:51:30] Scorpion has set 2 facility production status from Active to Disabled.
[2019/10/30 - 21:51:39] Scorpion has set 2 facility production status from Paused to Active.
[2019/10/30 - 21:52:09] Scorpion has set 2 facility crate delivery multiplier from 1 to 1.
[2019/10/30 - 21:52:13] Scorpion has set 2 facility crate delivery multiplier from 1 to 5.
[2019/10/30 - 21:56:34] Scorpion has set 2 facility production timer from 50000 to 10 seconds.
[2019/10/31 - 14:46:57] Scorpion has deleted facility id 2.
[2019/10/31 - 21:41:35] Scorpion has moved 0 crate facility (B: 0.000000, 0.000000, 0.000000 Int: 0, VW: 0 | A: -552.113037, -1029.164550, 24.125461 Int: 0, VW: 0)
[2019/10/31 - 21:42:12] Scorpion has set 0 facility max production from 0 to 50.
[2019/10/31 - 21:42:44] Scorpion has set 0 facility production timer from 0 to 10 seconds.
[2019/10/31 - 21:43:00] Scorpion has set 0 facility production status from Paused to Active.
[2019/10/31 - 21:43:12] Scorpion has set 0 facility production cost per crate from $0 to $10,000.
[2019/10/31 - 21:43:25] Scorpion has set 0 facility status from Disabled to Active.
[2019/10/31 - 21:43:46] Scorpion has set 0 facility raidable status from Active to Active.
[2019/10/31 - 21:44:10] Scorpion has set 0 facility crate delivery multiplier from 1 to 5.
[2019/10/31 - 21:47:03] Scorpion has set 0 facility max production from 50 to 100.
[2019/10/31 - 21:47:17] Scorpion has set 0 facility production status from Active to Active.
[2019/10/31 - 21:47:34] Scorpion has set 0 facility production timer from 10 to 1 seconds.
[2019/10/31 - 21:49:29] Scorpion has assigned 's ownership over --- facility (ID: 0).
[2019/10/31 - 21:50:21] Scorpion has moved 3 crate facility (B: 0.000000, 0.000000, 0.000000 Int: 0, VW: 0 | A: -552.285766, -1031.842651, 24.133350 Int: 0, VW: 0)
[2019/10/31 - 21:51:10] Scorpion has set 3 facility max production from 0 to 50.
[2019/10/31 - 21:51:25] Scorpion has set 3 facility production timer from 0 to 1 seconds.
[2019/10/31 - 21:51:39] Scorpion has set 3 facility production status from Paused to Active.
[2019/10/31 - 21:51:50] Scorpion has set 3 facility production cost per crate from $0 to $1.
[2019/10/31 - 21:52:00] Scorpion has set 3 facility status from Disabled to Active.
[2019/10/31 - 21:52:11]  was removed from --- facility (ID: 0) to prevent duplicate ownership.
[2019/10/31 - 21:52:11] Scorpion has assigned 's ownership over --- facility (ID: 3).
[2019/10/31 - 21:52:18]  was removed from --- facility (ID: 3) to prevent duplicate ownership.
[2019/10/31 - 21:52:18] Scorpion has assigned 's ownership over --- facility (ID: 3).
[2019/10/31 - 21:53:19] Scorpion has deleted facility id 0.
[2019/10/31 - 21:53:40] Scorpion has set 3 facility crate delivery multiplier from 1 to 5.
[2019/10/31 - 21:58:11] Scorpion has deleted facility id 3.
