[2018/1/5 - 21:27:52] Matt_Honest added Matt Honest as election candidate no. 1
[2018/1/5 - 21:29:02] Leroy_J._Meyers added Recep Tayyip Erdogan as election candidate no. 2
[2019/10/18 - 21:27:32] AdmCmd: Yuka Muka(3438) was fined $1 by Devin Underwood, reason: .
[2019/10/18 - 21:27:42] AdmCmd: Yuka Muka(3438) was silent fined $1 by Devin Underwood, reason: .
[2019/10/19 - 9:43:48] AdmCmd: Dave(3161) was fined $1 by Kray, reason: wat?
[2019/10/19 - 12:45:39] AdmCmd: Harry Walker(3437) was fined $2,000,000 by Kray, reason: House
[2019/10/19 - 20:32:49] AdmCmd: Dixon Alcatroz(3437) was fined $5,000,000 by Scorpion, reason: House
[2019/10/21 - 14:11:13] AdmCmd: Jazz Hanako(1883) was fined $10,000,000 by Richard, reason: DD
[2019/10/22 - 13:08:09] AdmCmd: Mizuki Vikouri(2117) was fined $30,000,000 by Scorpion, reason: Admistrative Request
[2019/10/22 - 13:08:19] AdmCmd: Megumi Matsukaze(2257) was fined $30,000,000 by Scorpion, reason: Admistrative Request
[2019/10/23 - 11:25:29] AdmCmd: Jiro Matsukaze(2345) was fined $2,000,000 by Bell, reason: House Move
[2019/10/30 - 13:40:20] AdmCmd: Jimmy Rio(2032) was fined $4,000,000 by Scorpion, reason: Rimkits 4x
[2019/10/30 - 17:42:20] AdmCmd: Jimmy Rio(2032) was fined $1,000,000 by Scorpion, reason: Rimkit
[2019/10/31 - 14:38:00] AdmCmd: Jimmy Rio(2032) was fined $25,000,000 by Scorpion, reason: Business Claim
[2019/11/1 - 22:53:42] AdmCmd: Bobby Reyes(2032) was fined $1,000 by William, reason: English only.
[2019/11/2 - 13:12:12] AdmCmd: Brianna Martin(2082) was fined $10,000 by William, reason: Disrespecting Administrator
[2019/11/2 - 21:53:38] AdmCmd: Adam Townsend(3467) was fined $35,000,000 by Scorpion, reason: Adminsitrative Request
[2019/11/3 - 3:15:25] AdmCmd: Chris Mohito(3892) was fined $200,000 by Scorpion, reason: Car Buying
[2019/11/3 - 6:21:28] AdmCmd: Tom Fortis(3262) was fined $5,000 by Thug, reason: MG
[2019/11/4 - 7:48:12] AdmCmd: Arturo Murillo(3283) was fined $10,000,000 by Guzman, reason: Business.
[2019/11/4 - 7:54:22] AdmCmd: Arturo Murillo(3283) was fined $10,000,000 by Guzman, reason: House.
[2019/11/4 - 7:56:58] AdmCmd: Arturo Murillo(3283) was fined $10,000,000 by Guzman, reason: Garage.
[2019/11/4 - 11:27:02] AdmCmd: Erika Akane(2439) was fined $5,000 by Thug, reason: Insulting on /v [vip chat]
[2019/11/5 - 6:00:44] AdmCmd: Kaito Matsuzaki(2882) was fined $1,250,000 by Scorpion, reason: Administrative Request
[2019/11/5 - 7:54:20] AdmCmd: Kaito Matsuzaki(2882) was fined $5,000,000 by Scorpion, reason: Business Move
[2019/11/5 - 12:27:28] AdmCmd: Nobita Makaveli Sr(57) was silent fined $500,000 by Doffy, reason: Biz Move
[2019/11/6 - 7:11:01] AdmCmd: Sherwood K. Demon(1081) was fined $69 by Akira, reason: Akira's Tax
[2019/11/6 - 13:35:42] AdmCmd: Ryan Bang(3531) was silent fined $10,000,000 by Doffy, reason: House Claim
[2019/11/7 - 9:34:03] AdmCmd: Haruto Vikouri(1298) was silent fined $150,000,000 by Doffy, reason: Compound Claim
[2019/11/7 - 9:59:59] AdmCmd: Tsukiya U. Visarely(3912) was silent fined $3,000,000 by Doffy, reason: House Claim
[2019/11/7 - 23:12:17] AdmCmd: Majnu(1516) was fined $1 by Chan, reason: Get off the toilet bro
[2019/11/8 - 6:36:04] AdmCmd: Majnu(1516) was fined $1 by Chan, reason: Wake up Majnu we need you
[2019/11/8 - 9:34:34] AdmCmd: William Felix(3909) was silent fined $10,000,000 by Doffy, reason: House Claim
[2019/11/8 - 10:24:37] AdmCmd: Kent Bruce(3933) was silent fined $5,800,000 by Doffy, reason: House Claim
[2019/11/8 - 11:51:39] AdmCmd: Coco L Valencia(4015) was silent fined $500,000 by Doffy, reason: House Move
[2019/11/8 - 12:42:00] AdmCmd: Lee Liang(4185) was silent fined $1,000,000 by Doffy, reason: House Claim
[2019/11/8 - 13:01:11] AdmCmd: James Rockman(2036) was fined $70,000,000 by Jax, reason: Backdoor.
[2019/11/8 - 13:18:19] AdmCmd: Ryan Bang(3531) was fined $2,000,000 by Jax, reason: Backdoor
[2019/11/9 - 3:42:44] AdmCmd: Airen C Wing(4105) was silent fined $10,000,000 by Doffy, reason: House Claim
[2019/11/9 - 8:15:25] AdmCmd: Erika Akane(2439) was silent fined $6,300,000 by Doffy, reason: House Claim
