[2018/1/1 - 20:49:14] Jackson Dread has edited Garage ID: 17's Exterior.
[2018/1/1 - 20:50:16] Jackson Dread has deleted Garage ID: 17 was owned by (0)
[2019/10/15 - 15:02:32] Guzman has edited Garage ID: 14's Exterior.
[2019/10/15 - 15:02:38] Guzman has edited Garage ID: 14's CustomExterior.
[2019/10/15 - 15:03:04] Guzman has edited Garage ID: 14's owner to Connor Ackles (SQL ID: 2568).
[2019/10/15 - 15:10:35] Guzman has edited Garage ID: 14's size to Extra Large
[2019/10/15 - 15:11:31] Scorpion has edited Garage ID: 14's size to Extra Large
[2019/10/15 - 15:11:48] Scorpion has edited Garage ID: 14's VW to 14
[2019/10/19 - 0:01:01] Katie has edited Garage ID: 1's Exterior.
[2019/10/19 - 0:12:11] Katie has edited Garage ID: 1's VW to 6841
[2019/10/19 - 19:49:13] Scorpion has edited Garage ID: 2052's owner to Dixon Alcatroz (SQL ID: 3437).
[2019/10/21 - 15:38:56] Katie has edited Garage ID: 6's Exterior.
[2019/10/21 - 15:39:25] Katie has edited Garage ID: 6's owner to Katie_Sue (SQL ID: 1360).
[2019/10/21 - 15:41:44] Katie has edited Garage ID: 6's VW to 20
[2019/10/21 - 15:42:18] Katie has edited Garage ID: 6's size to Large
[2019/10/21 - 15:43:07] Katie has edited Garage ID: 10's Exterior.
[2019/10/21 - 15:43:20] Katie has edited Garage ID: 10's owner to Katie_Sue (SQL ID: 1360).
[2019/10/21 - 15:43:49] Katie has edited Garage ID: 10's VW to 6841
[2019/10/21 - 15:44:06] Katie has edited Garage ID: 10's size to Large
[2019/10/21 - 18:11:03] Scorpion has edited Garage ID: 11's Exterior.
[2019/10/21 - 18:12:35] Scorpion has edited Garage ID: 11's owner to Huzaifa X Knights (SQL ID: 2632).
[2019/10/21 - 18:13:01] Scorpion has edited Garage ID: 11's size to Extra Large
[2019/10/21 - 18:13:16] Scorpion has edited Garage ID: 11's VW to 217
[2019/10/23 - 11:23:42] Bell has edited Garage ID: 234's Exterior.
[2019/10/23 - 11:24:31] Bell has deleted Garage ID: 234 was owned by Sean_James(-1)
[2019/10/31 - 21:07:00] Scorpion has edited Garage ID: 6's CustomExterior.
[2019/10/31 - 21:07:11] Scorpion has edited Garage ID: 6's Exterior.
[2019/10/31 - 21:07:27] Scorpion has edited Garage ID: 6's size to Large
[2019/10/31 - 21:07:33] Scorpion has edited Garage ID: 6's size to Medium
[2019/10/31 - 21:07:51] Scorpion has edited Garage ID: 6's VW to 2454
[2019/10/31 - 21:09:44] Scorpion has edited Garage ID: 6's owner to Aldo Ciaccone (SQL ID: 3794).
[2019/11/2 - 8:43:23] Majnu has edited Garage ID: 7's owner to Blake Falcon (SQL ID: 1237).
[2019/11/2 - 15:00:25] William has edited Garage ID: 11's Exterior.
[2019/11/2 - 15:00:53] William has edited Garage ID: 11's size to Extra Large
[2019/11/2 - 15:01:13] William has edited Garage ID: 11's VW to 13
[2019/11/2 - 15:01:41] William has edited Garage ID: 11's owner to James Darko (SQL ID: 3570).
[2019/11/2 - 15:02:27] William has edited Garage ID: 11's CustomExterior.
[2019/11/4 - 7:55:10] Guzman has edited Garage ID: 12's Exterior.
[2019/11/4 - 7:55:15] Guzman has edited Garage ID: 12's CustomExterior.
[2019/11/4 - 7:55:45] Guzman has edited Garage ID: 12's owner to Arturo Murillo (SQL ID: 3283).
[2019/11/4 - 7:56:28] Guzman has edited Garage ID: 12's VW to 12
[2019/11/6 - 10:07:38] Fredy has edited Garage ID: 12's Exterior.
[2019/11/6 - 10:08:04] Fredy has edited Garage ID: 12's owner to Huzaifa X Knights (SQL ID: 2632).
[2019/11/6 - 10:16:00] Fredy has edited Garage ID: 12's size to Extra Large
[2019/11/6 - 10:17:25] Fredy has edited Garage ID: 12's VW to 0
[2019/11/6 - 10:37:04] Fredy has edited Garage ID: 12's VW to 1
[2019/11/6 - 10:39:24] Fredy has edited Garage ID: 13's Exterior.
[2019/11/6 - 10:40:10] Fredy has edited Garage ID: 13's size to Extra Large
[2019/11/6 - 10:41:06] Fredy has edited Garage ID: 13's VW to 1
[2019/11/6 - 10:41:46] Fredy has edited Garage ID: 13's VW to 2
[2019/11/6 - 10:42:51] Fredy has edited Garage ID: 13's owner to Fredy (SQL ID: 3642).
[2019/11/6 - 16:41:33] Fredy has edited Garage ID: 13's owner to Abdullah X Knights (SQL ID: 2625).
