[2018/2/13 - 12:29:14] AdmCmd: Erick Diablo(1000218786) was just gifted by the system and he won a free car
[2018/2/13 - 12:37:40] AdmCmd: John Watts(1000624895) was just gifted by the system and he won a free car
[2018/2/13 - 14:57:06] AdmCmd: Chelsya Thomas(1000497477) was just gifted by the system and he won a free car
[2019/10/15 - 15:40:09] AdmCmd: Scorpion(85) was just gifted by the system and he won a free car
[2019/10/15 - 15:40:09] AdmCmd: Scorpion has just gifted Alex Wolf(1049) and he won one month of Silver VIP.
[2019/10/15 - 18:31:31] AdmCmd: Dave Yakuza(3327) was just gifted by the system and he won a free car
[2019/10/18 - 7:45:34] AdmCmd: Alberto Rio(2036) was just gifted by the system and he won a free house
[2019/10/19 - 14:22:58] AdmCmd: Sandra Bell(3319) was just gifted by the system and he won a free car
[2019/10/19 - 19:57:55] AdmCmd: Mizuki Vikouri(2117) was just gifted by the system and he won a free car
[2019/10/20 - 3:06:42] AdmCmd: Chelsey Megumi(2440) was just gifted by the system and he won a free car
[2019/10/20 - 12:20:09] AdmCmd: Scorpion has just gifted Jim Will(1309) and he won $500,000.
[2019/10/21 - 10:32:31] AdmCmd: Russel Akasuki(2519) was just gifted by the system and he won a free car
[2019/10/22 - 21:23:23] AdmCmd: Katie(1788) was just gifted by the system and he won a free car
[2019/10/23 - 20:05:52] AdmCmd: Sakura Bando(1285) was just gifted by the system and he won a free car
[2019/10/23 - 20:05:52] AdmCmd: Scorpion has just gifted Adam Townshed(3467) and he won $500,000.
[2019/10/26 - 1:27:45] AdmCmd: Chelsya(2427) was just gifted by the system and he won a free car
[2019/10/26 - 15:02:00] AdmCmd: Jermaine Oak(3658) was just gifted by the system and he won a free house
[2019/10/28 - 20:09:19] AdmCmd: Sohipa Nanja(3465) was just gifted by the system and he won a free car
[2019/10/28 - 21:07:38] AdmCmd: James Charles(2196) was just gifted by the system and he won a free car
[2019/10/30 - 21:35:31] AdmCmd: Mathew Hayden(3370) was just gifted by the system and he won a free car
[2019/11/1 - 20:31:48] AdmCmd: Sohipa Nanja(3465) was just gifted by the system and he won a free car
[2019/11/2 - 13:58:46] AdmCmd: James Darko(3570) was just gifted by the system and he won a free house
[2019/11/2 - 23:04:10] AdmCmd: Scorpion has just gifted Sergio Ramirez(3447) and he won $500,000.
[2019/11/2 - 23:04:10] AdmCmd: Semi Totorin(3876) was just gifted by the system and he won a free house
[2019/11/2 - 23:04:10] AdmCmd: Chan Blaze(1316) was just gifted by the system and he won a free car
[2019/11/3 - 3:04:03] AdmCmd: Scorpion(85) was just gifted by the system and he won a free car
[2019/11/5 - 6:55:02] AdmCmd: Doffy Admin(4053) was just gifted by the system and he won a free car
[2019/11/5 - 6:55:02] AdmCmd: Scorpion has just gifted Castro Owen(3395) and he won $500,000.
[2019/11/5 - 7:02:21] AdmCmd: Fredy(3642) was just gifted by the system and he won a free car
[2019/11/5 - 7:41:00] AdmCmd: Darvin(3854) was just gifted by the system and he won a free car
[2019/11/5 - 7:41:00] AdmCmd: Huzaifa X Knights(2632) was just gifted by the system and he won a free car
[2019/11/5 - 11:31:32] AdmCmd: Yix Sy(1083) was just gifted by the system and he won a free car
[2019/11/7 - 7:42:12] AdmCmd: Ryan Bang(3531) was just gifted by the system and he won a free house
[2019/11/8 - 10:50:12] AdmCmd: Jo Smith(4180) was just gifted by the system and he won a free car
[2019/11/8 - 10:50:12] AdmCmd: Charles(4098) was just gifted by the system and he won a free car
[2019/11/8 - 11:04:25] AdmCmd: Scorpion has just gifted Lawrence Wheatcroft(4174) and he won $500,000.
