[2019/10/21 - 22:02:29] Alex Wolf has taken 52 seconds to do a pizza run.
[2019/10/21 - 22:05:26] Alex Wolf has taken 52 seconds to do a pizza run.
[2019/10/22 - 9:10:26] Hans Smith has taken 52 seconds to do a pizza run.
[2019/10/22 - 9:12:10] Hans Smith has taken 52 seconds to do a pizza run.
[2019/10/22 - 9:13:09] Hans Smith has taken 52 seconds to do a pizza run.
[2019/10/24 - 13:09:46] Nivlek Yap has taken 52 seconds to do a pizza run.
[2019/10/24 - 13:12:19] Nivlek Yap has taken 52 seconds to do a pizza run.
[2019/10/24 - 13:14:57] Nivlek Yap has taken 52 seconds to do a pizza run.
[2019/10/25 - 15:00:42] Ben Jackson has taken 52 seconds to do a pizza run.
[2019/10/31 - 7:38:01] Chamz Benson has taken 52 seconds to do a pizza run.
[2019/10/31 - 7:40:26] Chamz Benson has taken 52 seconds to do a pizza run.
[2019/10/31 - 7:41:53] Chamz Benson has taken 52 seconds to do a pizza run.
[2019/10/31 - 7:47:29] Chamz Benson has taken 52 seconds to do a pizza run.
[2019/10/31 - 7:50:55] Chamz Benson has taken 52 seconds to do a pizza run.
[2019/10/31 - 7:51:49] Chamz Benson has taken 52 seconds to do a pizza run.
[2019/10/31 - 7:54:16] Chamz Benson has taken 52 seconds to do a pizza run.
[2019/11/2 - 0:05:24] Gajel Bounty has taken 52 seconds to do a pizza run.
[2019/11/2 - 0:07:57] Gajel Bounty has taken 52 seconds to do a pizza run.
[2019/11/2 - 0:08:57] Gajel Bounty has taken 52 seconds to do a pizza run.
[2019/11/3 - 4:59:50] Rain Gucci Tyga has taken 52 seconds to do a pizza run.
[2019/11/3 - 5:09:58] Gucci Bangzzz Tyga has taken 52 seconds to do a pizza run.
[2019/11/3 - 5:46:32] Felix Storms has taken 52 seconds to do a pizza run.
[2019/11/3 - 5:48:20] Felix Storms has taken 52 seconds to do a pizza run.
[2019/11/3 - 5:49:19] Felix Storms has taken 52 seconds to do a pizza run.
[2019/11/3 - 5:50:17] Felix Storms has taken 52 seconds to do a pizza run.
[2019/11/3 - 5:51:33] Felix Storms has taken 52 seconds to do a pizza run.
[2019/11/3 - 5:53:24] Felix Storms has taken 52 seconds to do a pizza run.
[2019/11/3 - 5:59:19] Felix Storms has taken 52 seconds to do a pizza run.
[2019/11/3 - 6:07:53] Jordan Smith has taken 52 seconds to do a pizza run.
[2019/11/3 - 6:08:18] William Felix has taken 52 seconds to do a pizza run.
[2019/11/3 - 6:10:35] Jordan Smith has taken 52 seconds to do a pizza run.
[2019/11/3 - 6:10:52] William Felix has taken 52 seconds to do a pizza run.
[2019/11/3 - 6:13:19] William Felix has taken 52 seconds to do a pizza run.
[2019/11/3 - 6:13:55] Jordan Smith has taken 52 seconds to do a pizza run.
[2019/11/3 - 6:16:40] William Felix has taken 52 seconds to do a pizza run.
[2019/11/3 - 6:18:24] Jordan Smith has taken 52 seconds to do a pizza run.
[2019/11/3 - 6:18:40] William Felix has taken 52 seconds to do a pizza run.
[2019/11/3 - 6:20:33] William Felix has taken 52 seconds to do a pizza run.
[2019/11/3 - 6:21:07] Jordan Smith has taken 52 seconds to do a pizza run.
[2019/11/3 - 6:22:55] Jordan Smith has taken 52 seconds to do a pizza run.
[2019/11/3 - 6:23:59] William Felix has taken 52 seconds to do a pizza run.
[2019/11/3 - 12:22:42] Kagutsuchi Hanako has taken 52 seconds to do a pizza run.
[2019/11/3 - 16:23:38] Raku Fischer has taken 52 seconds to do a pizza run.
[2019/11/3 - 16:26:32] Raku Fischer has taken 52 seconds to do a pizza run.
[2019/11/4 - 8:39:14] Mike Capone has taken 52 seconds to do a pizza run.
[2019/11/7 - 4:19:06] Edward Mojo has taken 52 seconds to do a pizza run.
[2019/11/7 - 4:20:59] Edward Mojo has taken 52 seconds to do a pizza run.
[2019/11/7 - 4:22:33] Edward Mojo has taken 52 seconds to do a pizza run.
[2019/11/7 - 12:03:50] Chamz Benson has taken 52 seconds to do a pizza run.
[2019/11/7 - 12:25:06] Chamz Benson has taken 52 seconds to do a pizza run.
[2019/11/8 - 8:34:02] Edward Mojo has taken 52 seconds to do a pizza run.
[2019/11/8 - 8:36:10] Edward Mojo has taken 52 seconds to do a pizza run.
[2019/11/8 - 8:40:18] Edward Mojo has taken 52 seconds to do a pizza run.
[2019/11/8 - 8:43:47] Edward Mojo has taken 52 seconds to do a pizza run.
[2019/11/8 - 8:47:01] Edward Mojo has taken 52 seconds to do a pizza run.
[2019/11/8 - 8:48:53] Edward Mojo has taken 52 seconds to do a pizza run.
[2019/11/9 - 8:42:23] Edward Mojo has taken 52 seconds to do a pizza run.
[2019/11/9 - 8:44:46] Edward Mojo has taken 52 seconds to do a pizza run.
[2019/11/9 - 8:47:06] Edward Mojo has taken 52 seconds to do a pizza run.
[2019/11/9 - 8:49:07] Edward Mojo has taken 52 seconds to do a pizza run.
[2019/11/9 - 8:50:21] Edward Mojo has taken 52 seconds to do a pizza run.
[2019/11/9 - 11:44:48] Szymon Vanhool has taken 52 seconds to do a pizza run.
