[2018/1/1 - 17:35:57] Hunter D. Stark (SQL ID: 1000031467) has offered Bil Cobra (SQL ID: 1000329770) a free name change because their name is non-RP.
[2018/1/1 - 17:37:16] Jerome Mcwill (SQL ID: 1000624818) has offered Deckard Shaw (SQL ID: 1000624807) a free name change because their name is non-RP.
[2018/1/1 - 17:37:26] Jerome Mcwill (SQL ID: 1000624818) has offered Jessica B. Snow (SQL ID: 1000008256) a free name change because their name is non-RP.
[2018/1/1 - 17:38:32] Hunter D. Stark (SQL ID: 1000031467) has offered Alex Cobra (SQL ID: 1000531316) a free name change because their name is non-RP.
[2018/1/1 - 17:38:59] Hunter D. Stark (SQL ID: 1000031467) has offered Shen Creeplin (SQL ID: 50232) a free name change because their name is non-RP.
[2018/1/1 - 17:39:03] Hunter D. Stark (SQL ID: 1000031467) has offered Bil Cobra (SQL ID: 1000329770) a free name change because their name is non-RP.
[2018/1/1 - 17:39:17] Hunter D. Stark (SQL ID: 1000031467) has offered Fernando Anderson (SQL ID: 1000082407) a free name change because their name is non-RP.
[2018/1/1 - 17:44:25] Nicole Trey (SQL ID: 1000192166) has offered Liam Steven (SQL ID: 1000506348) a free name change because their name is non-RP.
[2018/1/1 - 17:55:41] Robert Caber (SQL ID: 1000215713) has offered Kevin Claus (SQL ID: 1000604382) a free name change because their name is non-RP.
[2018/1/1 - 17:59:05] Robert Caber (SQL ID: 1000215713) has offered Dan Artz (SQL ID: 10256) a free name change because their name is non-RP.
[2018/1/1 - 17:59:15] Robert Caber (SQL ID: 1000215713) has offered Floresian Speed (SQL ID: 1000559231) a free name change because their name is non-RP.
[2018/1/1 - 17:59:22] Samantha Rivera (SQL ID: 1000081528) has offered Don Sr Capone (SQL ID: 1000208095) a free name change because their name is non-RP.
[2018/1/1 - 17:59:43] Lexy Kanon (SQL ID: 125340) has offered Sean Breeze (SQL ID: 36256) a free name change because their name is non-RP.
[2018/1/1 - 18:00:44] Nicole Trey (SQL ID: 1000192166) has offered Brandon Livanos (SQL ID: 1000539133) a free name change because their name is non-RP.
[2018/1/1 - 18:00:55] Nicole Trey (SQL ID: 1000192166) has offered Justin Blacker (SQL ID: 1000346291) a free name change because their name is non-RP.
[2018/1/1 - 18:00:56] Frank Bachinco (SQL ID: 376071) has offered Alejandro Villanueva (SQL ID: 1000252341) a free name change because their name is non-RP.
[2018/1/1 - 18:01:33] Samantha Rivera (SQL ID: 1000081528) has offered Roxana Marlboro (SQL ID: 1000624867) a free name change because their name is non-RP.
[2018/1/1 - 18:02:19] Robert Caber (SQL ID: 1000215713) has offered Ryan Drill (SQL ID: 1000624879) a free name change because their name is non-RP.
[2018/1/1 - 18:03:18] Kyle Ortiz Bluman (SQL ID: 29592) has offered Berenice Cuhz (SQL ID: 1000580273) a free name change because their name is non-RP.
[2018/1/1 - 18:04:11] Robert Caber (SQL ID: 1000215713) has offered Dougray Livanos (SQL ID: 1000538855) a free name change because their name is non-RP.
[2018/1/1 - 18:04:26] Robert Caber (SQL ID: 1000215713) has offered Kiara Richards (SQL ID: 1000624888) a free name change because their name is non-RP.
[2018/1/1 - 18:04:51] Robert Caber (SQL ID: 1000215713) has offered Jason Decaprio (SQL ID: 1000601276) a free name change because their name is non-RP.
[2018/1/1 - 18:05:22] Robert Caber (SQL ID: 1000215713) has offered Ryan Drill (SQL ID: 1000624879) a free name change because their name is non-RP.
[2018/1/1 - 18:05:54] Lexy Kanon (SQL ID: 125340) has offered Dayna Harm (SQL ID: 1000624893) a free name change because their name is non-RP.
[2018/1/1 - 18:07:05] Lexy Kanon (SQL ID: 125340) has offered Dayna Harms (SQL ID: 1000624893) a free name change because their name is non-RP.
[2018/1/1 - 18:07:31] Robert Caber (SQL ID: 1000215713) has offered Dhany Vio Son (SQL ID: 1000223301) a free name change because their name is non-RP.
[2018/1/1 - 18:08:07] Robert Caber (SQL ID: 1000215713) has offered Martin Wilbert (SQL ID: 1000526470) a free name change because their name is non-RP.
[2018/1/1 - 18:08:59] Robert Caber (SQL ID: 1000215713) has offered Dhany Vio Son (SQL ID: 1000223301) a free name change because their name is non-RP.
[2018/1/1 - 18:09:13] Kyle Ortiz Bluman (SQL ID: 29592) has offered Berenice Flowers (SQL ID: 1000580273) a free name change because their name is non-RP.
[2018/1/1 - 18:11:18] Robert Caber (SQL ID: 1000215713) has offered Zoe Moline (SQL ID: 1000601194) a free name change because their name is non-RP.
[2018/1/1 - 18:13:14] Robert Caber (SQL ID: 1000215713) has offered Rubin Gutierrez (SQL ID: 1000326695) a free name change because their name is non-RP.
[2018/1/1 - 18:15:31] Robert Caber (SQL ID: 1000215713) has offered Ryan Drill (SQL ID: 1000624879) a free name change because their name is non-RP.
[2018/1/1 - 18:27:50] Nicole Trey (SQL ID: 1000192166) has offered Berenice Madrid (SQL ID: 1000364838) a free name change because their name is non-RP.
[2018/1/1 - 18:33:02] Frank Bachinco (SQL ID: 376071) has offered John Mcfornell (SQL ID: 1000624849) a free name change because their name is non-RP.
[2018/1/1 - 18:34:55] Nicole Trey (SQL ID: 1000192166) has offered Tony Lopez (SQL ID: 1000311228) a free name change because their name is non-RP.
[2018/1/1 - 18:36:32] Nicole Trey (SQL ID: 1000192166) has offered Chrissy Orr (SQL ID: 1000273005) a free name change because their name is non-RP.
[2018/1/1 - 18:36:49] Nicole Trey (SQL ID: 1000192166) has offered Tay Forbes (SQL ID: 1000624810) a free name change because their name is non-RP.
[2018/1/1 - 18:41:24] John Mcfornell (SQL ID: 1000311228) has offered Joe Maddox (SQL ID: 34257) a free name change because their name is non-RP.
[2018/1/1 - 18:41:35] Nicole Trey (SQL ID: 1000192166) has offered Brian Al Sheikh (SQL ID: 1000208095) a free name change because their name is non-RP.
[2018/1/1 - 18:43:07] John Mcfornell (SQL ID: 1000311228) has offered Patrick G. Irons (SQL ID: 1000325567) a free name change because their name is non-RP.
[2018/1/1 - 18:44:46] Hooligan Maddox (SQL ID: 1000027113) has offered Xen Saito Maddox (SQL ID: 1000624928) a free name change because their name is non-RP.
[2018/1/1 - 18:49:26] John Mcfornell (SQL ID: 1000311228) has offered Bonjan Clevreman (SQL ID: 1000624881) a free name change because their name is non-RP.
[2018/1/1 - 18:51:57] John Mcfornell (SQL ID: 1000311228) has offered Jason Dios Wilder (SQL ID: 1000222190) a free name change because their name is non-RP.
[2018/1/1 - 18:52:52] John Mcfornell (SQL ID: 1000311228) has offered Mateo Ryder (SQL ID: 1000624845) a free name change because their name is non-RP.
[2018/1/1 - 18:54:04] John Mcfornell (SQL ID: 1000311228) has offered Ethan Mcbieber (SQL ID: 1000615411) a free name change because their name is non-RP.
[2018/1/1 - 18:56:36] Nicole Trey (SQL ID: 1000192166) has offered Mateo Akrasanov (SQL ID: 1000095858) a free name change because their name is non-RP.
[2018/1/1 - 19:13:40] Robert Caber (SQL ID: 1000215713) has offered Robert Glasscock (SQL ID: 11198) a free name change because their name is non-RP.
[2018/1/1 - 19:35:35] Darius Devil (SQL ID: 10932) has offered Ben Gent (SQL ID: 1000201518) a free name change because their name is non-RP.
[2018/1/1 - 19:42:22] Frank Bachinco (SQL ID: 376071) has offered Meow Mechanics (SQL ID: 1000624973) a free name change because their name is non-RP.
[2018/1/1 - 19:42:39] Nicole Trey (SQL ID: 1000192166) has offered Meow Mechanics (SQL ID: 1000624973) a free name change because their name is non-RP.
[2018/1/1 - 19:42:46] Robert Caber (SQL ID: 1000215713) has offered Moza Dios Fedman (SQL ID: 1000624982) a free name change because their name is non-RP.
[2018/1/1 - 19:43:53] George Morgan (SQL ID: 1000031467) has offered Arturo Dios Waters (SQL ID: 1000604382) a free name change because their name is non-RP.
[2018/1/1 - 19:47:25] George Morgan (SQL ID: 1000031467) has offered Shane Dimitri (SQL ID: 1000576388) a free name change because their name is non-RP.
[2018/1/1 - 19:56:40] George Morgan (SQL ID: 1000031467) has offered Arda Tight Lee (SQL ID: 138222) a free name change because their name is non-RP.
[2018/1/1 - 19:59:14] Robert Caber (SQL ID: 1000215713) has offered Leonardo Milor (SQL ID: 1000015036) a free name change because their name is non-RP.
[2018/1/1 - 20:09:28] John Mcfornell (SQL ID: 1000311228) has offered Tony Michael (SQL ID: 1000502087) a free name change because their name is non-RP.
[2018/1/1 - 20:10:03] Samantha Rivera (SQL ID: 1000081528) has offered Claus Lee Smith (SQL ID: 1000036110) a free name change because their name is non-RP.
[2018/1/1 - 20:10:35] George Morgan (SQL ID: 1000031467) has offered Tony Coston (SQL ID: 1000624935) a free name change because their name is non-RP.
[2018/1/1 - 20:24:11] George Morgan (SQL ID: 1000031467) has offered Meow Mechanics (SQL ID: 1000624973) a free name change because their name is non-RP.
[2018/1/1 - 20:27:04] Paul Duffster (SQL ID: 39530) has offered Leroy J. Meyres (SQL ID: 1000625020) a free name change because their name is non-RP.
[2018/1/1 - 20:32:12] John Mcfornell (SQL ID: 1000311228) has offered Dong Bao Tsui (SQL ID: 1000617810) a free name change because their name is non-RP.
[2018/1/1 - 20:34:16] George Morgan (SQL ID: 1000031467) has offered Duke Rollins (SQL ID: 1000624911) a free name change because their name is non-RP.
[2018/1/1 - 20:34:22] Nicole Trey (SQL ID: 1000192166) has offered Jeremy Moore (SQL ID: 1000624982) a free name change because their name is non-RP.
[2018/1/1 - 20:43:50] George Morgan (SQL ID: 1000031467) has offered Tony Stevenson (SQL ID: 1000512495) a free name change because their name is non-RP.
[2018/1/1 - 20:45:21] George Morgan (SQL ID: 1000031467) has offered Tony Stevenson (SQL ID: 1000512495) a free name change because their name is non-RP.
[2018/1/1 - 20:48:03] Robert Caber (SQL ID: 1000215713) has offered Ben Kenobi (SQL ID: 1000516924) a free name change because their name is non-RP.
[2018/1/1 - 20:48:37] George Morgan (SQL ID: 1000031467) has offered Duk Rollins Freeman (SQL ID: 1000624911) a free name change because their name is non-RP.
[2018/1/1 - 20:50:35] George Morgan (SQL ID: 1000031467) has offered Duke F Rollins (SQL ID: 1000624911) a free name change because their name is non-RP.
[2018/1/1 - 20:52:02] Robert Caber (SQL ID: 1000215713) has offered Tony Rollins (SQL ID: 1000526470) a free name change because their name is non-RP.
[2018/1/1 - 21:09:10] John Mcfornell (SQL ID: 1000311228) has offered Ben Glo Morris (SQL ID: 146251) a free name change because their name is non-RP.
[2018/1/1 - 21:09:59] John Mcfornell (SQL ID: 1000311228) has offered Ben Glo Morris (SQL ID: 146251) a free name change because their name is non-RP.
[2018/1/1 - 21:10:57] Jizzy Rivers (SQL ID: 13315) has offered Ben Glo Morris (SQL ID: 146251) a free name change because their name is non-RP.
[2018/1/1 - 21:14:53] Nicole Trey (SQL ID: 1000192166) has offered Aidan Freeman (SQL ID: 1000624997) a free name change because their name is non-RP.
[2018/1/1 - 21:17:09] Nicole Trey (SQL ID: 1000192166) has offered Aidan Freeman (SQL ID: 1000624997) a free name change because their name is non-RP.
[2018/1/1 - 21:32:50] Nicole Trey (SQL ID: 1000192166) has offered Donald Duck (SQL ID: 1000536242) a free name change because their name is non-RP.
[2018/1/1 - 21:57:15] John Mcfornell (SQL ID: 1000311228) has offered Chad Mackay (SQL ID: 1000417294) a free name change because their name is non-RP.
[2018/1/1 - 22:06:15] Nicole Trey (SQL ID: 1000192166) has offered Afan Mcwilliams (SQL ID: 1000023930) a free name change because their name is non-RP.
[2018/1/1 - 22:10:16] Hooligan Maddox (SQL ID: 1000027113) has offered Joe Madrox (SQL ID: 1000625053) a free name change because their name is non-RP.
[2018/1/1 - 22:15:31] Hooligan Maddox (SQL ID: 1000027113) has offered Cosmo Ross (SQL ID: 1000010275) a free name change because their name is non-RP.
[2018/1/1 - 23:35:07] Kyle ODonnell Bluman (SQL ID: 29592) has offered Jay Marino Bluman (SQL ID: 1000427202) a free name change because their name is non-RP.
[2018/1/2 - 0:32:00] George Morgan (SQL ID: 1000031467) has offered Donald Duck (SQL ID: 1000536242) a free name change because their name is non-RP.
[2018/1/2 - 0:32:25] George Morgan (SQL ID: 1000031467) has offered Donald Duck (SQL ID: 1000536242) a free name change because their name is non-RP.
[2018/1/2 - 0:34:13] Leroy J. Meyers (SQL ID: 1000172501) has offered Donald Duck (SQL ID: 1000536242) a free name change because their name is non-RP.
[2018/1/2 - 1:24:38] Robert Caber (SQL ID: 1000215713) has offered Johnny Whitestone (SQL ID: 1000021326) a free name change because their name is non-RP.
[2018/1/2 - 1:28:36] Hooligan Maddox (SQL ID: 1000027113) has offered Scott Menace (SQL ID: 147555) a free name change because their name is non-RP.
[2018/1/2 - 3:46:07] Matt Honest (SQL ID: 880189) has offered Devin Blaire (SQL ID: 1000625113) a free name change because their name is non-RP.
[2018/1/2 - 3:47:43] Matt Honest (SQL ID: 880189) has offered Devin Blaire (SQL ID: 1000625113) a free name change because their name is non-RP.
[2018/1/2 - 3:51:24] Robert Caber (SQL ID: 1000215713) has offered Devin Blaire (SQL ID: 1000625113) a free name change because their name is non-RP.
[2018/1/2 - 3:52:27] Matt Honest (SQL ID: 880189) has offered John Wic (SQL ID: 1000625113) a free name change because their name is non-RP.
[2018/1/2 - 4:28:43] Carlos Ramirez (SQL ID: 118665) has offered Tog Chaos (SQL ID: 1000307658) a free name change because their name is non-RP.
[2018/1/2 - 4:29:21] Carlos Ramirez (SQL ID: 118665) has offered Tog Chaos (SQL ID: 1000307658) a free name change because their name is non-RP.
[2018/1/2 - 4:47:28] Lexy Kanon (SQL ID: 125340) has offered Rett Honest (SQL ID: 1000625113) a free name change because their name is non-RP.
[2018/1/2 - 4:52:04] Frank Bachinco (SQL ID: 376071) has offered Dave Yun (SQL ID: 1000519645) a free name change because their name is non-RP.
[2018/1/2 - 5:00:08] Jerome Mcwill (SQL ID: 1000624818) has offered Kimbo Siice (SQL ID: 1000307658) a free name change because their name is non-RP.
[2018/1/2 - 5:24:57] Hooligan Maddox (SQL ID: 1000027113) has offered Bachoulet Hama (SQL ID: 1000624870) a free name change because their name is non-RP.
[2018/1/2 - 5:28:13] Hooligan Maddox (SQL ID: 1000027113) has offered Kalle Yagami (SQL ID: 1000579439) a free name change because their name is non-RP.
[2018/1/2 - 5:31:07] Frank Bachinco (SQL ID: 376071) has offered Aidu Rollin Freeman (SQL ID: 1000624997) a free name change because their name is non-RP.
[2018/1/2 - 5:44:27] Frank Bachinco (SQL ID: 376071) has offered Claudia Parks (SQL ID: 1000420524) a free name change because their name is non-RP.
[2018/1/2 - 7:12:34] Lue Dockson (SQL ID: 20578) has offered Kevin Dios Hunt (SQL ID: 1000625041) a free name change because their name is non-RP.
[2018/1/2 - 7:23:16] Lue Dockson (SQL ID: 20578) has offered Jose Bishop (SQL ID: 1000306450) a free name change because their name is non-RP.
[2018/1/2 - 7:24:19] Lue Dockson (SQL ID: 20578) has offered Simon Hawks (SQL ID: 146251) a free name change because their name is non-RP.
[2018/1/2 - 8:04:09] Jerome Mcwill (SQL ID: 1000624818) has offered Tamim Al Sheikh (SQL ID: 1000624803) a free name change because their name is non-RP.
[2018/1/2 - 8:09:42] Matt Honest (SQL ID: 880189) has offered Tamim Al Sheikh (SQL ID: 1000624803) a free name change because their name is non-RP.
[2018/1/2 - 9:49:41] Jizzy Rivers (SQL ID: 13315) has offered Steven Ancelotti (SQL ID: 1000306450) a free name change because their name is non-RP.
[2018/1/2 - 9:49:59] Jizzy Rivers (SQL ID: 13315) has offered Steven Ancelotti (SQL ID: 1000306450) a free name change because their name is non-RP.
[2018/1/2 - 10:53:17] Jerome Mcwill (SQL ID: 1000624818) has offered Izumi Karuizawa (SQL ID: 1000625239) a free name change because their name is non-RP.
[2018/1/2 - 12:40:10] Kyle Odonnell Bluman (SQL ID: 29592) has offered Brian Al Sheikh (SQL ID: 1000208095) a free name change because their name is non-RP.
[2018/1/2 - 13:47:57] Samantha Rivera (SQL ID: 1000081528) has offered Nicholas Naughton (SQL ID: 1000380417) a free name change because their name is non-RP.
[2018/1/2 - 14:20:53] Daniel Bishop (SQL ID: 1000342598) has offered Dwayne Johnson Sr (SQL ID: 1000625190) a free name change because their name is non-RP.
[2018/1/2 - 14:42:38] Nicole Trey (SQL ID: 1000192166) has offered Jose Bishop (SQL ID: 1000306450) a free name change because their name is non-RP.
[2018/1/2 - 15:32:48] Nicole Trey (SQL ID: 1000192166) has offered Alek Whey Shcneider (SQL ID: 1000578398) a free name change because their name is non-RP.
[2018/1/2 - 15:46:28] Nicole Trey (SQL ID: 1000192166) has offered Eddie Kingpin Jr (SQL ID: 1000624903) a free name change because their name is non-RP.
[2018/1/2 - 16:02:12] Darius Devil (SQL ID: 10932) has offered Arif Hoonigan (SQL ID: 120328) a free name change because their name is non-RP.
[2018/1/2 - 16:06:37] Doc Kanaan (SQL ID: 38924) has offered Jim Malone (SQL ID: 895) a free name change because their name is non-RP.
[2018/1/2 - 16:07:58] Darius Devil (SQL ID: 10932) has offered Why You Do Dis (SQL ID: 1000625324) a free name change because their name is non-RP.
[2018/1/2 - 16:16:20] Frank Bachinco (SQL ID: 376071) has offered Why You Do Dis (SQL ID: 1000625324) a free name change because their name is non-RP.
[2018/1/2 - 16:36:35] George Morgan (SQL ID: 1000031467) has offered Ryan Drill (SQL ID: 1000624879) a free name change because their name is non-RP.
[2018/1/2 - 16:57:00] Jizzy Rivers (SQL ID: 13315) has offered Harold Griswald (SQL ID: 15830) a free name change because their name is non-RP.
[2018/1/2 - 16:57:51] Jizzy Rivers (SQL ID: 13315) has offered Harold Griswald (SQL ID: 15830) a free name change because their name is non-RP.
[2018/1/2 - 17:12:48] Kevin Kush (SQL ID: 1000071051) has offered Abbie Rivera (SQL ID: 1000619539) a free name change because their name is non-RP.
[2018/1/2 - 17:13:31] Kevin Kush (SQL ID: 1000071051) has offered Abbie Rivera (SQL ID: 1000619539) a free name change because their name is non-RP.
[2018/1/2 - 17:17:54] Robert Caber (SQL ID: 1000215713) has offered Abbie Rivera (SQL ID: 1000619539) a free name change because their name is non-RP.
[2018/1/2 - 17:24:29] Nicole Trey (SQL ID: 1000192166) has offered Skoppy Robloxman (SQL ID: 1000625337) a free name change because their name is non-RP.
[2018/1/2 - 17:35:40] Samantha Rivera (SQL ID: 1000081528) has offered Liam Crawford (SQL ID: 1000310515) a free name change because their name is non-RP.
[2018/1/2 - 17:35:59] Samantha Rivera (SQL ID: 1000081528) has offered Rob Funny (SQL ID: 1000310515) a free name change because their name is non-RP.
[2018/1/2 - 17:55:00] Hooligan Maddox (SQL ID: 1000027113) has offered Kenji Snow (SQL ID: 1000008256) a free name change because their name is non-RP.
[2018/1/2 - 17:55:59] Hooligan Maddox (SQL ID: 1000027113) has offered Kenji Snow (SQL ID: 1000008256) a free name change because their name is non-RP.
[2018/1/2 - 19:55:19] Nicole Trey (SQL ID: 1000192166) has offered Bruce Liang (SQL ID: 1000624903) a free name change because their name is non-RP.
[2018/1/2 - 20:06:12] Jizzy Rivers (SQL ID: 13315) has offered Eric Addey (SQL ID: 1000137046) a free name change because their name is non-RP.
[2018/1/2 - 20:35:19] Vladimir Greaves (SQL ID: 1000021909) has offered Dimzy Od Peep (SQL ID: 1000625256) a free name change because their name is non-RP.
[2018/1/2 - 20:36:38] Kyle Odonnell Bluman (SQL ID: 29592) has offered Han Nukem (SQL ID: 1000611770) a free name change because their name is non-RP.
[2018/1/2 - 20:46:17] Jizzy Rivers (SQL ID: 13315) has offered Hector Garcia (SQL ID: 1000580123) a free name change because their name is non-RP.
[2018/1/2 - 20:46:39] Vladimir Greaves (SQL ID: 1000021909) has offered Dimzy Od Peep (SQL ID: 1000625256) a free name change because their name is non-RP.
[2018/1/2 - 20:57:03] Jizzy Rivers (SQL ID: 13315) has offered Kliment Barsukov (SQL ID: 1000624896) a free name change because their name is non-RP.
[2018/1/2 - 21:11:53] Hooligan Maddox (SQL ID: 1000027113) has offered Shaban Maddox (SQL ID: 891301) a free name change because their name is non-RP.
[2018/1/2 - 21:13:27] Jizzy Rivers (SQL ID: 13315) has offered Jeremy Rivers (SQL ID: 105327) a free name change because their name is non-RP.
[2018/1/2 - 21:13:33] Hooligan Maddox (SQL ID: 1000027113) has offered Shaban Maddox (SQL ID: 891301) a free name change because their name is non-RP.
[2018/1/2 - 21:16:13] Robert Caber (SQL ID: 1000215713) has offered Shaban Maddox (SQL ID: 891301) a free name change because their name is non-RP.
[2018/1/2 - 21:36:59] Hooligan Maddox (SQL ID: 1000027113) has offered Nikolay Morozov (SQL ID: 1000624869) a free name change because their name is non-RP.
[2018/1/2 - 21:37:29] Vladimir Greaves (SQL ID: 1000021909) has offered Michael Crabk (SQL ID: 1000625393) a free name change because their name is non-RP.
[2018/1/2 - 21:37:36] Hooligan Maddox (SQL ID: 1000027113) has offered Nikolay Morozov (SQL ID: 1000624869) a free name change because their name is non-RP.
[2018/1/2 - 21:38:22] Vladimir Greaves (SQL ID: 1000021909) has offered Michael Crabk (SQL ID: 1000625393) a free name change because their name is non-RP.
[2018/1/2 - 21:39:17] Hooligan Maddox (SQL ID: 1000027113) has offered Tony Blaze Speed (SQL ID: -1) a free name change because their name is non-RP.
[2018/1/2 - 21:42:38] Nicole Trey (SQL ID: 1000192166) has offered Dan Devil (SQL ID: 10256) a free name change because their name is non-RP.
[2018/1/2 - 21:45:42] Nicole Trey (SQL ID: 1000192166) has offered Dan Devil (SQL ID: 10256) a free name change because their name is non-RP.
[2018/1/2 - 21:46:31] Nicole Trey (SQL ID: 1000192166) has offered Nikolay Morozov (SQL ID: 1000624869) a free name change because their name is non-RP.
[2018/1/2 - 21:46:38] Hooligan Maddox (SQL ID: 1000027113) has offered Nikolay Morozov (SQL ID: 1000624869) a free name change because their name is non-RP.
[2018/1/2 - 21:51:43] Hooligan Maddox (SQL ID: 1000027113) has offered Nik Butcher (SQL ID: 1000624869) a free name change because their name is non-RP.
[2018/1/2 - 21:57:38] Lexy Kanon (SQL ID: 125340) has offered Armando Reyes (SQL ID: 1000500999) a free name change because their name is non-RP.
[2018/1/2 - 21:58:43] Nicole Trey (SQL ID: 1000192166) has offered Adam Wrzosek (SQL ID: 1000625055) a free name change because their name is non-RP.
[2018/1/2 - 22:21:58] Nicole Trey (SQL ID: 1000192166) has offered Tom Shafflord Shakur (SQL ID: 1000195743) a free name change because their name is non-RP.
[2018/1/2 - 22:22:19] Samantha Rivera (SQL ID: 1000081528) has offered Melvin Rover (SQL ID: 1000060261) a free name change because their name is non-RP.
[2018/1/2 - 23:12:43] Kobe Duron (SQL ID: 1000088591) has offered Brooke Chapman (SQL ID: 1000481813) a free name change because their name is non-RP.
[2018/1/2 - 23:15:36] Samantha Rivera (SQL ID: 1000081528) has offered Brooke Rudolf (SQL ID: 1000481813) a free name change because their name is non-RP.
[2018/1/2 - 23:19:58] Samantha Rivera (SQL ID: 1000081528) has offered Brooke Rudolf (SQL ID: 1000481813) a free name change because their name is non-RP.
[2018/1/2 - 23:22:13] Samantha Rivera (SQL ID: 1000081528) has offered Zyklon B Chambers (SQL ID: 1000481813) a free name change because their name is non-RP.
[2018/1/2 - 23:29:18] Hooligan Maddox (SQL ID: 1000027113) has offered Billy Dios Delany (SQL ID: 1000337830) a free name change because their name is non-RP.
[2018/1/2 - 23:34:32] Kobe Duron (SQL ID: 1000088591) has offered Gaz Chambers (SQL ID: 1000427202) a free name change because their name is non-RP.
[2018/1/3 - 2:02:01] Robert Caber (SQL ID: 1000215713) has offered Azis Banderas (SQL ID: 1000625239) a free name change because their name is non-RP.
[2018/1/3 - 3:34:41] Lexy Kanon (SQL ID: 125340) has offered Agapito D Hampaslupa (SQL ID: 1000625119) a free name change because their name is non-RP.
[2018/1/3 - 5:10:17] Samantha Rivera (SQL ID: 1000081528) has offered Ryuusaki Hanako (SQL ID: 1000625285) a free name change because their name is non-RP.
[2018/1/3 - 5:12:10] Samantha Rivera (SQL ID: 1000081528) has offered Daisaki Hanako (SQL ID: 147442) a free name change because their name is non-RP.
[2018/1/3 - 8:40:29] Jizzy Rivers (SQL ID: 13315) has offered Mohammad Asif (SQL ID: 70032) a free name change because their name is non-RP.
[2018/1/3 - 8:45:26] Jizzy Rivers (SQL ID: 13315) has offered Demetrius Roach (SQL ID: 106594) a free name change because their name is non-RP.
[2018/1/3 - 10:39:32] Nicole Trey (SQL ID: 1000192166) has offered Kevin Flowers (SQL ID: 1000625041) a free name change because their name is non-RP.
[2018/1/3 - 11:22:52] Doc Kanaan (SQL ID: 38924) has offered Lamar Murphy (SQL ID: 146251) a free name change because their name is non-RP.
[2018/1/3 - 11:32:15] Doc Kanaan (SQL ID: 38924) has offered Martin T Mello (SQL ID: 1000625165) a free name change because their name is non-RP.
[2018/1/3 - 11:35:06] Doc Kanaan (SQL ID: 38924) has offered Martin T Mello (SQL ID: 1000625165) a free name change because their name is non-RP.
[2018/1/3 - 11:46:05] Samantha Rivera (SQL ID: 1000081528) has offered Ftocdawg Exbatallion (SQL ID: 1000625526) a free name change because their name is non-RP.
[2018/1/3 - 12:05:50] Lue Dockson (SQL ID: 20578) has offered Inoshima Vikouri (SQL ID: 1000476623) a free name change because their name is non-RP.
[2018/1/3 - 12:14:22] Jizzy Rivers (SQL ID: 13315) has offered Preston Fiabonetti (SQL ID: 31469) a free name change because their name is non-RP.
[2018/1/3 - 13:37:40] Hooligan Maddox (SQL ID: 1000027113) has offered Niko Morozov (SQL ID: 1000624869) a free name change because their name is non-RP.
[2018/1/3 - 13:37:42] Hooligan Maddox (SQL ID: 1000027113) has offered Daniel Martino (SQL ID: 1000015036) a free name change because their name is non-RP.
[2018/1/3 - 16:03:05] Jizzy Rivers (SQL ID: 13315) has offered Eric Addey (SQL ID: 105327) a free name change because their name is non-RP.
[2018/1/3 - 16:40:44] Samantha Rivera (SQL ID: 1000081528) has offered Capo Keller (SQL ID: 1000130640) a free name change because their name is non-RP.
[2018/1/3 - 17:57:58] Robert Caber (SQL ID: 1000215713) has offered Rafed Richman (SQL ID: 1000625344) a free name change because their name is non-RP.
[2018/1/3 - 19:12:57] Frank Bachinco (SQL ID: 376071) has offered Jimmy Joyce (SQL ID: 895) a free name change because their name is non-RP.
[2018/1/3 - 19:46:55] Daniel Bishop (SQL ID: 1000342598) has offered Mario Valenti (SQL ID: 1000135608) a free name change because their name is non-RP.
[2018/1/3 - 19:58:04] Kobe Duron (SQL ID: 1000088591) has offered Martin Keys (SQL ID: 1000129102) a free name change because their name is non-RP.
[2018/1/3 - 20:27:36] Yuri Ben (SQL ID: 1000000110) has offered Cognac Leesmith Bear (SQL ID: 27634) a free name change because their name is non-RP.
[2018/1/3 - 21:07:31] Lexy Kanon (SQL ID: 125340) has offered Alex Keller (SQL ID: 1000594022) a free name change because their name is non-RP.
[2018/1/3 - 21:09:18] Nicole Trey (SQL ID: 1000192166) has offered Fuck Lspd (SQL ID: 1000625652) a free name change because their name is non-RP.
[2018/1/3 - 21:10:24] Jerome Mcwill (SQL ID: 1000624818) has offered Fuck Lspd (SQL ID: 1000625652) a free name change because their name is non-RP.
[2018/1/4 - 0:51:09] Hooligan Maddox (SQL ID: 1000027113) has offered Mac Uzi (SQL ID: 1000625350) a free name change because their name is non-RP.
[2018/1/4 - 3:38:38] Hooligan Maddox (SQL ID: 1000027113) has offered Kyle Devil (SQL ID: 1000625690) a free name change because their name is non-RP.
[2018/1/4 - 4:47:14] Matt Honest (SQL ID: 880189) has offered Hachi Flowers Kush (SQL ID: 1000222190) a free name change because their name is non-RP.
[2018/1/4 - 6:06:13] Spencer Jameson (SQL ID: 884448) has offered Aiden Stansfield (SQL ID: 1000625050) a free name change because their name is non-RP.
[2018/1/4 - 6:08:11] Spencer Jameson (SQL ID: 884448) has offered Aiden Stansfield (SQL ID: 1000625050) a free name change because their name is non-RP.
[2018/1/4 - 6:09:16] Spencer Jameson (SQL ID: 884448) has offered Aiden Stansfield (SQL ID: 1000625050) a free name change because their name is non-RP.
[2018/1/4 - 7:31:47] Captainthrillss (SQL ID: 1000625294) has offered Drake Freeman (SQL ID: 1000624844) a free name change because their name is non-RP.
[2018/1/4 - 8:31:16] Nicole Trey (SQL ID: 1000192166) has offered Daniel Somari (SQL ID: 1000135608) a free name change because their name is non-RP.
[2018/1/4 - 8:31:46] Nicole Trey (SQL ID: 1000192166) has offered Daniel Somari (SQL ID: 1000135608) a free name change because their name is non-RP.
[2018/1/4 - 8:32:04] Nicole Trey (SQL ID: 1000192166) has offered Daniel Somari (SQL ID: 1000135608) a free name change because their name is non-RP.
[2018/1/4 - 10:01:58] Frank Bachinco (SQL ID: 376071) has offered Snizzy Young (SQL ID: 126832) a free name change because their name is non-RP.
[2018/1/4 - 10:22:24] Frank Bachinco (SQL ID: 376071) has offered Lorenzo Blevis (SQL ID: 126832) a free name change because their name is non-RP.
[2018/1/4 - 10:44:38] Hooligan Hooligan (SQL ID: 1000027113) has offered Scott R. Mclaren (SQL ID: 1000623504) a free name change because their name is non-RP.
[2018/1/4 - 11:12:30] Frank Bachinco (SQL ID: 376071) has offered Kyle Blevis (SQL ID: 1000624910) a free name change because their name is non-RP.
[2018/1/4 - 11:23:48] Kobe Duron (SQL ID: 1000088591) has offered Johnny Blackjackets (SQL ID: 36256) a free name change because their name is non-RP.
[2018/1/4 - 11:41:11] Kobe Duron (SQL ID: 1000088591) has offered Jamie Nelson Jr (SQL ID: 1000625321) a free name change because their name is non-RP.
[2018/1/4 - 18:46:09] Jay Triton (SQL ID: 49221) has offered Crick Ladd (SQL ID: 1000273005) a free name change because their name is non-RP.
[2018/1/4 - 18:46:26] Jay Triton (SQL ID: 49221) has offered Lil Diego Brando (SQL ID: 1000625790) a free name change because their name is non-RP.
[2018/1/4 - 18:47:46] Nicole Trey (SQL ID: 1000192166) has offered Crick Ladd (SQL ID: 1000273005) a free name change because their name is non-RP.
[2018/1/4 - 19:58:10] Lue Dockson (SQL ID: 20578) has offered Sharkeshia Myersas (SQL ID: 1000129354) a free name change because their name is non-RP.
[2018/1/4 - 20:17:15] Hooligan Hooligan (SQL ID: 1000027113) has offered Derek Lancer (SQL ID: 1000129064) a free name change because their name is non-RP.
[2018/1/4 - 20:17:57] Hooligan Hooligan (SQL ID: 1000027113) has offered Derek H Lancer (SQL ID: 1000129064) a free name change because their name is non-RP.
[2018/1/4 - 22:24:29] Kobe Duron (SQL ID: 1000088591) has offered Jake Logic Volkoff (SQL ID: 1000140021) a free name change because their name is non-RP.
[2018/1/4 - 22:25:57] Kobe Duron (SQL ID: 1000088591) has offered Jake Logic Volkoff (SQL ID: 1000140021) a free name change because their name is non-RP.
[2018/1/5 - 3:32:10] Kobe Duron (SQL ID: 1000088591) has offered Dan Devil (SQL ID: 10256) a free name change because their name is non-RP.
[2018/1/5 - 3:32:33] Kobe Duron (SQL ID: 1000088591) has offered Danny Blackwood (SQL ID: 1000625676) a free name change because their name is non-RP.
[2018/1/5 - 4:56:52] Spencer Jameson (SQL ID: 884448) has offered Zac Shards (SQL ID: 1000624964) a free name change because their name is non-RP.
[2018/1/5 - 15:45:24] Frank Bachinco (SQL ID: 376071) has offered Brian S. Falcone (SQL ID: 1000208095) a free name change because their name is non-RP.
[2018/1/5 - 16:00:59] George Morgan (SQL ID: 1000031467) has offered Derek A Lancer (SQL ID: 1000208095) a free name change because their name is non-RP.
[2018/1/5 - 16:01:00] George Morgan (SQL ID: 1000031467) has offered Derek O Lancer (SQL ID: 1000318688) a free name change because their name is non-RP.
[2018/1/5 - 16:01:02] George Morgan (SQL ID: 1000031467) has offered Derek J Lancer (SQL ID: 10256) a free name change because their name is non-RP.
[2018/1/5 - 16:01:04] George Morgan (SQL ID: 1000031467) has offered Derek H Lancer (SQL ID: 1000129064) a free name change because their name is non-RP.
[2018/1/5 - 16:09:29] KevinKush (SQL ID: 1000071051) has offered Derek A Lancer (SQL ID: 1000208095) a free name change because their name is non-RP.
[2018/1/5 - 16:09:32] Samantha Rivera (SQL ID: 1000081528) has offered Derek A Lancer (SQL ID: 1000208095) a free name change because their name is non-RP.
[2018/1/5 - 16:09:38] KevinKush (SQL ID: 1000071051) has offered Derek L Lancer (SQL ID: 31262) a free name change because their name is non-RP.
[2018/1/5 - 16:09:40] KevinKush (SQL ID: 1000071051) has offered Derek D Lancer (SQL ID: 1000624801) a free name change because their name is non-RP.
[2018/1/5 - 16:09:42] KevinKush (SQL ID: 1000071051) has offered Derek M Lancer (SQL ID: 1000625218) a free name change because their name is non-RP.
[2018/1/5 - 16:09:44] KevinKush (SQL ID: 1000071051) has offered Derek I Lancer (SQL ID: 1000008256) a free name change because their name is non-RP.
[2018/1/5 - 16:09:49] KevinKush (SQL ID: 1000071051) has offered Derek O Lancer (SQL ID: 1000318688) a free name change because their name is non-RP.
[2018/1/5 - 16:09:51] KevinKush (SQL ID: 1000071051) has offered Derek A Lancer (SQL ID: 1000208095) a free name change because their name is non-RP.
[2018/1/5 - 16:10:23] Robert Caber (SQL ID: 1000215713) has offered Derek O Lancer (SQL ID: 1000318688) a free name change because their name is non-RP.
[2018/1/5 - 16:10:50] KevinKush (SQL ID: 1000071051) has offered Derek O Lancer (SQL ID: 1000318688) a free name change because their name is non-RP.
[2018/1/5 - 16:11:09] Robert Caber (SQL ID: 1000215713) has offered Derek O Lancer (SQL ID: 1000318688) a free name change because their name is non-RP.
[2018/1/5 - 16:11:22] Samantha Rivera (SQL ID: 1000081528) has offered Derek L Lancer (SQL ID: 31262) a free name change because their name is non-RP.
[2018/1/5 - 16:11:28] KevinKush (SQL ID: 1000071051) has offered Lrizz Devil (SQL ID: 10256) a free name change because their name is non-RP.
[2018/1/5 - 16:11:31] Samantha Rivera (SQL ID: 1000081528) has offered Lrizz Devil (SQL ID: 10256) a free name change because their name is non-RP.
[2018/1/5 - 16:11:49] Samantha Rivera (SQL ID: 1000081528) has offered Derek A Lancer (SQL ID: 1000208095) a free name change because their name is non-RP.
[2018/1/5 - 16:12:13] Frank Bachinco (SQL ID: 376071) has offered Derek D Lancer (SQL ID: 1000624801) a free name change because their name is non-RP.
[2018/1/5 - 16:13:19] KevinKush (SQL ID: 1000071051) has offered Derek O Lancer (SQL ID: 1000318688) a free name change because their name is non-RP.
[2018/1/5 - 16:15:19] KevinKush (SQL ID: 1000071051) has offered Derek I Lancer (SQL ID: 1000008256) a free name change because their name is non-RP.
[2018/1/5 - 16:16:28] KevinKush (SQL ID: 1000071051) has offered Derek I Lancer (SQL ID: 1000008256) a free name change because their name is non-RP.
[2018/1/5 - 16:17:47] KevinKush (SQL ID: 1000071051) has offered Lrizz Devil (SQL ID: 10256) a free name change because their name is non-RP.
[2018/1/5 - 21:26:45] Vladimir Greaves (SQL ID: 1000021909) has offered vegeta Mmz (SQL ID: 1000625607) a free name change because their name is non-RP.
[2018/1/6 - 3:28:56] Kobe Duron (SQL ID: 1000088591) has offered Jay Flowers Bluman (SQL ID: 1000427202) a free name change because their name is non-RP.
[2018/1/6 - 3:30:16] Kobe Duron (SQL ID: 1000088591) has offered Jay Flowers Bluman (SQL ID: 1000427202) a free name change because their name is non-RP.
[2018/1/6 - 3:31:43] Kobe Duron (SQL ID: 1000088591) has offered Abdul Mohammed (SQL ID: 1000427202) a free name change because their name is non-RP.
[2018/1/6 - 4:37:18] Hooligan Hooligan (SQL ID: 1000027113) has offered Simon Css (SQL ID: 1000626075) a free name change because their name is non-RP.
[2018/1/6 - 7:22:22] Captainthrillss (SQL ID: 1000625294) has offered Fujiwara Datsik (SQL ID: 1000475200) a free name change because their name is non-RP.
[2018/1/6 - 7:24:24] Captainthrillss (SQL ID: 1000625294) has offered Fujiwara Datsik (SQL ID: 1000475200) a free name change because their name is non-RP.
[2018/1/6 - 16:59:49] Craft Chaos (SQL ID: 72764) has offered Mathew Brown (SQL ID: 1000626062) a free name change because their name is non-RP.
[2018/1/6 - 17:54:44] Kobe Duron (SQL ID: 1000088591) has offered King Pinoy (SQL ID: 1000626152) a free name change because their name is non-RP.
[2018/1/6 - 17:57:16] Kobe Duron (SQL ID: 1000088591) has offered King Pinoy (SQL ID: 1000626152) a free name change because their name is non-RP.
[2018/1/6 - 17:58:29] Dylan Langley (SQL ID: 880189) has offered King Pinoy (SQL ID: 1000626152) a free name change because their name is non-RP.
[2018/1/6 - 18:02:41] Robert Caber (SQL ID: 1000215713) has offered King Pinoy (SQL ID: 1000626152) a free name change because their name is non-RP.
[2018/1/6 - 18:58:54] Robert Caber (SQL ID: 1000215713) has offered Phatlines Ngoodtimes (SQL ID: 1000626167) a free name change because their name is non-RP.
[2018/1/6 - 23:06:37] Dylan Langley (SQL ID: 880189) has offered Jamal Gang Hooligan (SQL ID: 863969) a free name change because their name is non-RP.
[2018/1/6 - 23:17:00] Matt Honest (SQL ID: 880189) has offered Jamal Gang Hooligan (SQL ID: 863969) a free name change because their name is non-RP.
[2018/1/7 - 0:06:49] Robert Caber (SQL ID: 1000215713) has offered Matty Brazzers (SQL ID: 1000626199) a free name change because their name is non-RP.
[2018/1/7 - 4:18:26] Spencer Jameson (SQL ID: 884448) has offered Big Shaq (SQL ID: 1000626223) a free name change because their name is non-RP.
[2018/1/7 - 5:17:17] Lexy Kanon (SQL ID: 125340) has offered Hemi Chrysler (SQL ID: 1000605978) a free name change because their name is non-RP.
[2018/1/7 - 5:17:40] Lexy Kanon (SQL ID: 125340) has offered Hemi Chrysler (SQL ID: 1000605978) a free name change because their name is non-RP.
[2018/1/7 - 16:36:24] Carlos Ramirez (SQL ID: 118665) has offered Nobita De La Cesaer (SQL ID: 12894) a free name change because their name is non-RP.
[2018/1/7 - 18:58:15] Frank Bachinco (SQL ID: 376071) has offered Danny Bishop (SQL ID: 1000622042) a free name change because their name is non-RP.
[2018/1/8 - 1:15:04] Wolly Loc (SQL ID: 50232) has offered Kammoun Bond (SQL ID: 1000534577) a free name change because their name is non-RP.
[2018/1/8 - 7:41:18] Carlos Ramirez (SQL ID: 118665) has offered Kaya Dios Hunt (SQL ID: 872940) a free name change because their name is non-RP.
[2018/1/8 - 14:14:24] Hooligan Maddox (SQL ID: 1000027113) has offered Mac Chaos (SQL ID: 1000626409) a free name change because their name is non-RP.
[2018/1/8 - 14:14:30] Hooligan Maddox (SQL ID: 1000027113) has offered Mac Chaos (SQL ID: 1000626409) a free name change because their name is non-RP.
[2018/1/8 - 14:18:23] Hooligan Maddox (SQL ID: 1000027113) has offered Mac Chaos (SQL ID: 1000626409) a free name change because their name is non-RP.
[2018/1/8 - 14:19:26] Kobe Mece (SQL ID: 1000088591) has offered Mac Chaos (SQL ID: 1000626409) a free name change because their name is non-RP.
[2018/1/8 - 15:04:14] Hooligan Maddox (SQL ID: 1000027113) has offered Jackson M Maddox (SQL ID: 1000626422) a free name change because their name is non-RP.
[2018/1/8 - 19:28:38] Craft Chaos (SQL ID: 72764) has offered Leroy J. Meyers (SQL ID: 1000625048) a free name change because their name is non-RP.
[2018/1/8 - 22:04:51] Clank Hamm (SQL ID: 1000033226) has offered Dean Clarke Jr (SQL ID: 1000625405) a free name change because their name is non-RP.
[2018/1/9 - 5:46:34] Carlos Ramirez (SQL ID: 118665) has offered Trent Wolf (SQL ID: 1000626523) a free name change because their name is non-RP.
[2018/1/9 - 5:46:46] Carlos Ramirez (SQL ID: 118665) has offered Trent Wolf (SQL ID: 1000626523) a free name change because their name is non-RP.
[2018/1/9 - 5:47:11] Carlos Ramirez (SQL ID: 118665) has offered Trent Wolf (SQL ID: 1000626523) a free name change because their name is non-RP.
[2018/1/9 - 5:47:58] Carlos Ramirez (SQL ID: 118665) has offered Trent Wolf (SQL ID: 1000626523) a free name change because their name is non-RP.
[2018/1/9 - 18:14:02] Robert Caber (SQL ID: 1000215713) has offered Ryuusaki Hanako (SQL ID: 147442) a free name change because their name is non-RP.
[2018/1/9 - 19:05:36] Frank Bachinco (SQL ID: 376071) has offered Alexis Tsipras (SQL ID: 1000204644) a free name change because their name is non-RP.
[2018/1/9 - 19:50:54] Captainthrillss (SQL ID: 1000625294) has offered Alejandro Walker (SQL ID: 1000534577) a free name change because their name is non-RP.
[2018/1/9 - 21:58:35] Jay Triton (SQL ID: 49221) has offered Adolf Bigman Hitler (SQL ID: 1000626653) a free name change because their name is non-RP.
[2018/1/9 - 21:58:41] Jay Triton (SQL ID: 49221) has offered Asylo Ducky (SQL ID: 1000626652) a free name change because their name is non-RP.
[2018/1/9 - 21:58:43] Jay Triton (SQL ID: 49221) has offered Zav Ix (SQL ID: 1000626649) a free name change because their name is non-RP.
[2018/1/9 - 21:58:51] Jay Triton (SQL ID: 49221) has offered Adolf Bigman Hitler (SQL ID: 1000626653) a free name change because their name is non-RP.
[2018/1/9 - 21:59:15] Jay Triton (SQL ID: 49221) has offered Zav Ix (SQL ID: 1000626649) a free name change because their name is non-RP.
[2018/1/10 - 0:01:32] Yuri Ben (SQL ID: 1000000110) has offered Kirstin Squig (SQL ID: 30641) a free name change because their name is non-RP.
[2018/1/10 - 15:39:25] Nicole Trey (SQL ID: 1000192166) has offered Jame Walsh (SQL ID: 1000626682) a free name change because their name is non-RP.
[2018/1/10 - 21:45:30] Clark Smith (SQL ID: 112203) has offered Chelsya Thomas (SQL ID: 1000625812) a free name change because their name is non-RP.
[2018/1/10 - 21:46:45] Clark Smith (SQL ID: 112203) has offered Jessica Pollari (SQL ID: 1000497477) a free name change because their name is non-RP.
[2018/1/10 - 21:50:12] Kevin Kush (SQL ID: 1000071051) has offered Hachi Dios Kush (SQL ID: 1000222190) a free name change because their name is non-RP.
[2018/1/11 - 2:41:54] Carlos Ramirez (SQL ID: 118665) has offered Trent Wolf (SQL ID: 1000626812) a free name change because their name is non-RP.
[2018/1/11 - 2:48:56] Carlos Ramirez (SQL ID: 118665) has offered Dan Devil (SQL ID: 10256) a free name change because their name is non-RP.
[2018/1/11 - 3:56:21] Mitch Makaveli (SQL ID: 36021) has offered Darth Dagon (SQL ID: 1000611770) a free name change because their name is non-RP.
[2018/1/11 - 3:57:22] Katie Casso (SQL ID: 1000624847) has offered Darth Dagon (SQL ID: 1000611770) a free name change because their name is non-RP.
[2018/1/11 - 11:34:10] Max Bluman (SQL ID: 1000129354) has offered Forbad Noire (SQL ID: 34257) a free name change because their name is non-RP.
[2018/1/11 - 11:34:27] Max Bluman (SQL ID: 1000129354) has offered Forbad Noire (SQL ID: 34257) a free name change because their name is non-RP.
[2018/1/11 - 12:45:09] Max Bluman (SQL ID: 1000129354) has offered Lil Michalzz (SQL ID: 1000626856) a free name change because their name is non-RP.
[2018/1/11 - 16:19:02] Katie Casso (SQL ID: 1000624847) has offered Oni Vodeeeeeee (SQL ID: 1000626873) a free name change because their name is non-RP.
[2018/1/11 - 16:19:33] Yuri Ben (SQL ID: 1000000110) has offered Oni Vodeeeeeee (SQL ID: 1000626873) a free name change because their name is non-RP.
[2018/1/12 - 1:59:55] Max Bluman (SQL ID: 1000129354) has offered Pedro Garcia (SQL ID: 1000073823) a free name change because their name is non-RP.
[2018/1/12 - 8:15:42] Carlos Mcwill (SQL ID: 1000129354) has offered Emilio Delgado (SQL ID: 1000624818) a free name change because their name is non-RP.
[2018/1/12 - 8:36:28] Jack Crenshaw (SQL ID: 36021) has offered Mitch Makaveli (SQL ID: 953) a free name change because their name is non-RP.
[2018/1/12 - 9:18:44] Max Bluman (SQL ID: 1000129354) has offered Lamar Whitman (SQL ID: 146251) a free name change because their name is non-RP.
[2018/1/12 - 9:54:31] Max Bluman (SQL ID: 1000129354) has offered Lamar Buenoh (SQL ID: 146251) a free name change because their name is non-RP.
[2018/1/12 - 10:54:28] Nicole Trey (SQL ID: 1000192166) has offered Richie Volkoff (SQL ID: 1000626641) a free name change because their name is non-RP.
[2018/1/12 - 11:09:11] Nicole Trey (SQL ID: 1000192166) has offered Richard Volkoff (SQL ID: 1000038284) a free name change because their name is non-RP.
[2018/1/12 - 14:27:24] Kevin Dios Brank (SQL ID: 1000023999) has offered Iwan De Bakup (SQL ID: 30641) a free name change because their name is non-RP.
[2018/1/12 - 18:35:00] Scott House (SQL ID: 37510) has offered Wigo Wigo (SQL ID: 1000626948) a free name change because their name is non-RP.
[2018/1/12 - 23:27:11] Trent Wolf (SQL ID: 1000625066) has offered Niko Chavez Lock (SQL ID: 38029) a free name change because their name is non-RP.
[2018/1/12 - 23:46:07] Arturo Waters (SQL ID: 1000576388) has offered Xnxx. Com (SQL ID: 1000626966) a free name change because their name is non-RP.
[2018/1/12 - 23:46:25] Arturo Waters (SQL ID: 1000576388) has offered Xnxx. Com (SQL ID: 1000626966) a free name change because their name is non-RP.
[2018/1/13 - 3:17:42] Benedetto Urban (SQL ID: 1000624795) has offered Saint Peter (SQL ID: 1000626251) a free name change because their name is non-RP.
[2018/1/13 - 3:19:11] Benedetto Urban (SQL ID: 1000624795) has offered Saint Peter (SQL ID: 1000626251) a free name change because their name is non-RP.
[2018/1/13 - 3:28:15] Hooligan Maddox (SQL ID: 1000027113) has offered Billy Greaves (SQL ID: 1000147807) a free name change because their name is non-RP.
[2018/1/13 - 7:45:41] Max Bluman (SQL ID: 1000129354) has offered Streaker Hitler (SQL ID: 1000626274) a free name change because their name is non-RP.
[2018/1/13 - 7:45:47] Max Bluman (SQL ID: 1000129354) has offered Streaker Hitler (SQL ID: 1000626274) a free name change because their name is non-RP.
[2018/1/13 - 16:56:21] Frank Bachinco (SQL ID: 376071) has offered Danny Radcliffe (SQL ID: 1000624842) a free name change because their name is non-RP.
[2018/1/13 - 17:58:07] Arturo Waters (SQL ID: 1000576388) has offered Stream Sniper (SQL ID: 1000627049) a free name change because their name is non-RP.
[2018/1/13 - 20:15:00] Benedetto Urban (SQL ID: 1000624795) has offered Deh Wey (SQL ID: 1000626968) a free name change because their name is non-RP.
[2018/1/13 - 22:13:40] Benedetto Urban (SQL ID: 1000624795) has offered Rafed Ryders (SQL ID: 1000627081) a free name change because their name is non-RP.
[2018/1/13 - 22:14:12] Benedetto Urban (SQL ID: 1000624795) has offered Rafed Ryders (SQL ID: 1000627081) a free name change because their name is non-RP.
[2018/1/13 - 22:15:34] Benedetto Urban (SQL ID: 1000624795) has offered Rafed Ryders (SQL ID: 1000627081) a free name change because their name is non-RP.
[2018/1/14 - 1:07:50] John Jenkins (SQL ID: 57376) has offered Help Meh (SQL ID: 1000627095) a free name change because their name is non-RP.
[2018/1/14 - 2:45:12] Benedetto Urban (SQL ID: 1000624795) has offered Bitoy Nigger (SQL ID: 1000627114) a free name change because their name is non-RP.
[2018/1/14 - 2:45:37] Trent Wolf (SQL ID: 1000625066) has offered Bitoy Nigger (SQL ID: 1000627114) a free name change because their name is non-RP.
[2018/1/14 - 8:45:04] Alejandro Waters (SQL ID: 1000252341) has offered Lazy Kanon (SQL ID: 1000625508) a free name change because their name is non-RP.
[2018/1/14 - 8:53:09] Alejandro Waters (SQL ID: 1000252341) has offered Lazy Kanon (SQL ID: 1000625508) a free name change because their name is non-RP.
[2018/1/14 - 11:14:07] Kobe Mece (SQL ID: 1000088591) has offered Lemuel    Guiao (SQL ID: 1000627219) a free name change because their name is non-RP.
[2018/1/14 - 11:22:46] Mitch Makaveli (SQL ID: 36021) has offered Lemuel    Guiao (SQL ID: 1000627219) a free name change because their name is non-RP.
[2018/1/14 - 11:26:45] Kobe Mece (SQL ID: 1000088591) has offered Lemuel    Guiao (SQL ID: 1000627219) a free name change because their name is non-RP.
[2018/1/14 - 11:27:03] Mitch Makaveli (SQL ID: 36021) has offered Lemuel    Guiao (SQL ID: 1000627219) a free name change because their name is non-RP.
[2018/1/14 - 11:45:15] Kobe Mece (SQL ID: 1000088591) has offered Lemuel    Guiao (SQL ID: 1000627222) a free name change because their name is non-RP.
[2018/1/14 - 11:45:33] Kobe Mece (SQL ID: 1000088591) has offered Lemuel    Guiao (SQL ID: 1000627222) a free name change because their name is non-RP.
[2018/1/14 - 11:45:56] Kobe Mece (SQL ID: 1000088591) has offered Lemuel    Guiao (SQL ID: 1000627222) a free name change because their name is non-RP.
[2018/1/14 - 11:46:14] Kobe Mece (SQL ID: 1000088591) has offered Lemuel    Guiao (SQL ID: 1000627222) a free name change because their name is non-RP.
[2018/1/14 - 17:08:26] Arturo Waters (SQL ID: 1000576388) has offered Iwan De Bakup (SQL ID: 30641) a free name change because their name is non-RP.
[2018/1/14 - 17:09:03] Arturo Waters (SQL ID: 1000576388) has offered Iwan De Bakup (SQL ID: 30641) a free name change because their name is non-RP.
[2018/1/14 - 17:12:20] Robert Caber (SQL ID: 1000215713) has offered Dwight Spaghetti (SQL ID: 30641) a free name change because their name is non-RP.
[2018/1/14 - 17:12:42] Robert Caber (SQL ID: 1000215713) has offered Robert Cucumber (SQL ID: 30641) a free name change because their name is non-RP.
[2018/1/14 - 18:02:02] Yuri Ben (SQL ID: 1000000110) has offered Professor Oak (SQL ID: 855835) a free name change because their name is non-RP.
[2018/1/14 - 20:28:15] Kevin Kush (SQL ID: 1000071051) has offered Ricky Nara Part Two (SQL ID: 1000627216) a free name change because their name is non-RP.
[2018/1/15 - 0:12:55] Hooligan Maddox (SQL ID: 1000027113) has offered Tobi Saito (SQL ID: 1000332639) a free name change because their name is non-RP.
[2018/1/15 - 4:41:02] Spencer Jameson (SQL ID: 884448) has offered Stephen J. Rock (SQL ID: 1000570758) a free name change because their name is non-RP.
[2018/1/15 - 6:00:51] Wolly Loc (SQL ID: 50232) has offered Connor Goldman (SQL ID: 1000626470) a free name change because their name is non-RP.
[2018/1/15 - 6:12:10] Wolly Loc (SQL ID: 50232) has offered Connor Goldman (SQL ID: 1000626470) a free name change because their name is non-RP.
[2018/1/15 - 6:13:35] Wolly Loc (SQL ID: 50232) has offered Diipo Goldman (SQL ID: 1000626475) a free name change because their name is non-RP.
[2018/1/15 - 9:24:37] Joshua Phine (SQL ID: 1000625066) has offered Joseph Phine (SQL ID: 1000129354) a free name change because their name is non-RP.
[2018/1/15 - 9:35:29] Trent Wolf (SQL ID: 1000625066) has offered Zach Wolf (SQL ID: 1000625728) a free name change because their name is non-RP.
[2018/1/15 - 11:18:14] Trent Wolf (SQL ID: 1000625066) has offered Original Montage (SQL ID: 1000627321) a free name change because their name is non-RP.
[2018/1/15 - 11:18:33] Trent Wolf (SQL ID: 1000625066) has offered Original Montage (SQL ID: 1000627321) a free name change because their name is non-RP.
[2018/1/15 - 11:18:54] Trent Wolf (SQL ID: 1000625066) has offered jimmy Robinson] (SQL ID: 1000627321) a free name change because their name is non-RP.
[2018/1/15 - 16:54:09] Hooligan Maddox (SQL ID: 1000027113) has offered Tobi Saito (SQL ID: 1000332639) a free name change because their name is non-RP.
[2018/1/15 - 16:54:29] Hooligan Maddox (SQL ID: 1000027113) has offered Tobi Saito (SQL ID: 1000332639) a free name change because their name is non-RP.
[2018/1/15 - 16:55:01] Hooligan Maddox (SQL ID: 1000027113) has offered Tobi Saito (SQL ID: 1000332639) a free name change because their name is non-RP.
[2018/1/15 - 19:21:36] Scott Casso (SQL ID: 37510) has offered Kosovo Srbija (SQL ID: 1000627343) a free name change because their name is non-RP.
[2018/1/15 - 19:48:22] Benedetto Urban (SQL ID: 1000624795) has offered Alek Whey Schneider (SQL ID: 1000578398) a free name change because their name is non-RP.
[2018/1/15 - 23:52:41] Carlos Ramirez (SQL ID: 118665) has offered Devin Lee Onion (SQL ID: 30641) a free name change because their name is non-RP.
[2018/1/15 - 23:54:00] Carlos Ramirez (SQL ID: 118665) has offered Don Nie (SQL ID: 1000332639) a free name change because their name is non-RP.
[2018/1/16 - 1:16:46] Michael Westen (SQL ID: 1000044424) has offered Gravity Hunter (SQL ID: 1000627339) a free name change because their name is non-RP.
[2018/1/16 - 1:40:39] Doc Kanaan (SQL ID: 38924) has offered Gravity Hunter (SQL ID: 1000627339) a free name change because their name is non-RP.
[2018/1/16 - 1:45:10] Doc Kanaan (SQL ID: 38924) has offered Gravity Hunter (SQL ID: 1000627339) a free name change because their name is non-RP.
[2018/1/16 - 1:46:41] Doc Kanaan (SQL ID: 38924) has offered Gravity Hunter (SQL ID: 1000627339) a free name change because their name is non-RP.
[2018/1/16 - 12:04:29] John Jenkins (SQL ID: 57376) has offered Shakira Speed (SQL ID: 1000427529) a free name change because their name is non-RP.
[2018/1/16 - 12:09:39] John Jenkins (SQL ID: 57376) has offered Shakira Speed (SQL ID: 1000427529) a free name change because their name is non-RP.
[2018/1/16 - 14:06:12] Kobe Mece (SQL ID: 1000088591) has offered Kenny D. Longman (SQL ID: 160548) a free name change because their name is non-RP.
[2018/1/16 - 14:39:52] Hooligan Maddox (SQL ID: 1000027113) has offered Babatunde Bluman (SQL ID: 30641) a free name change because their name is non-RP.
[2018/1/16 - 14:40:33] Hooligan Maddox (SQL ID: 1000027113) has offered Babatunde Bluman (SQL ID: 30641) a free name change because their name is non-RP.
[2018/1/16 - 15:34:01] Jenna Smith (SQL ID: 1000625066) has offered Vanessa Smith (SQL ID: 1000073823) a free name change because their name is non-RP.
[2018/1/16 - 15:34:01] Kobe Mece (SQL ID: 1000088591) has offered Vanessa Smith (SQL ID: 1000073823) a free name change because their name is non-RP.
[2018/1/16 - 18:39:20] Mitch Makaveli (SQL ID: 36021) has offered Cobra Gucci Gang (SQL ID: 1000627400) a free name change because their name is non-RP.
[2018/1/16 - 19:19:29] Nikola Ziwic (SQL ID: 1000129102) has offered Floresian Speed (SQL ID: 10661) a free name change because their name is non-RP.
[2018/1/16 - 19:20:01] Scott Casso (SQL ID: 37510) has offered Floresian Speed (SQL ID: 10661) a free name change because their name is non-RP.
[2018/1/16 - 19:21:20] Mitch Makaveli (SQL ID: 36021) has offered Floresain Speed (SQL ID: 1000022519) a free name change because their name is non-RP.
[2018/1/16 - 19:33:37] Alejandro Waters (SQL ID: 1000252341) has offered Haifa Wehbe (SQL ID: 26972) a free name change because their name is non-RP.
[2018/1/16 - 19:39:19] Alejandro Waters (SQL ID: 1000252341) has offered Haifa Wehbe (SQL ID: 26972) a free name change because their name is non-RP.
[2018/1/16 - 19:39:52] Alejandro Waters (SQL ID: 1000252341) has offered Haifa Wehbe (SQL ID: 26972) a free name change because their name is non-RP.
[2018/1/16 - 19:40:01] Mitch Makaveli (SQL ID: 36021) has offered Aleksandar Knezevic (SQL ID: 1000221808) a free name change because their name is non-RP.
[2018/1/16 - 19:40:54] Mitch Makaveli (SQL ID: 36021) has offered Aleksandar Knezevic (SQL ID: 1000221808) a free name change because their name is non-RP.
[2018/1/16 - 19:41:01] Alejandro Waters (SQL ID: 1000252341) has offered Haifa Wehbe (SQL ID: 26972) a free name change because their name is non-RP.
[2018/1/16 - 22:51:38] Donnie Gay (SQL ID: 1000027113) has offered Tobi Saito (SQL ID: 1000332639) a free name change because their name is non-RP.
[2018/1/17 - 4:52:59] Spencer Jameson (SQL ID: 884448) has offered Z.u.mina Wael (SQL ID: 1000627410) a free name change because their name is non-RP.
[2018/1/17 - 11:17:26] Arturo Waters (SQL ID: 1000576388) has offered Xd Playe (SQL ID: 1000627428) a free name change because their name is non-RP.
[2018/1/17 - 13:45:45] Mitch Makaveli (SQL ID: 36021) has offered Mayne Dolla (SQL ID: 126832) a free name change because their name is non-RP.
[2018/1/17 - 15:39:28] Lexy Kanon (SQL ID: 125340) has offered Pinoy King (SQL ID: 1000627461) a free name change because their name is non-RP.
[2018/1/17 - 15:40:32] Frank Bachinco (SQL ID: 376071) has offered Pinoy King (SQL ID: 1000627461) a free name change because their name is non-RP.
[2018/1/17 - 17:21:29] Frank Bachinco (SQL ID: 376071) has offered Benjo Fisher (SQL ID: 1000501508) a free name change because their name is non-RP.
[2018/1/17 - 19:54:18] Mitch Makaveli (SQL ID: 36021) has offered Sarah Marks (SQL ID: 1000278962) a free name change because their name is non-RP.
[2018/1/18 - 1:19:02] Kobe Mece (SQL ID: 1000088591) has offered Patrick Garini (SQL ID: 1000036338) a free name change because their name is non-RP.
[2018/1/18 - 1:35:46] Kobe Mece (SQL ID: 1000088591) has offered Apollo Kala (SQL ID: 1000627309) a free name change because their name is non-RP.
[2018/1/18 - 1:36:00] Matt Honest (SQL ID: 880189) has offered Apollo Kala (SQL ID: 1000627309) a free name change because their name is non-RP.
[2018/1/18 - 1:36:08] Matt Honest (SQL ID: 880189) has offered Apollo Kala (SQL ID: 1000627309) a free name change because their name is non-RP.
[2018/1/18 - 1:36:09] Matt Honest (SQL ID: 880189) has offered Apollo Kala (SQL ID: 1000627309) a free name change because their name is non-RP.
[2018/1/18 - 1:36:14] Matt Honest (SQL ID: 880189) has offered Apollo Kala (SQL ID: 1000627309) a free name change because their name is non-RP.
[2018/1/18 - 1:37:41] Matt Honest (SQL ID: 880189) has offered Apollo Peaches (SQL ID: 1000145932) a free name change because their name is non-RP.
[2018/1/18 - 5:17:56] Mitch Makaveli (SQL ID: 36021) has offered Caleb Softa (SQL ID: 1000347665) a free name change because their name is non-RP.
[2018/1/18 - 5:18:12] Mitch Makaveli (SQL ID: 36021) has offered Caleb Softa (SQL ID: 1000347665) a free name change because their name is non-RP.
[2018/1/18 - 5:19:38] Mitch Makaveli (SQL ID: 36021) has offered Mason Deguzman (SQL ID: 1000627359) a free name change because their name is non-RP.
[2018/1/18 - 5:20:20] Mitch Makaveli (SQL ID: 36021) has offered Mason Deguzman (SQL ID: 1000627359) a free name change because their name is non-RP.
[2018/1/18 - 5:21:35] Mitch Makaveli (SQL ID: 36021) has offered Jake Deguzman (SQL ID: 1000347665) a free name change because their name is non-RP.
[2018/1/18 - 8:39:14] Scott R. Mclaren (SQL ID: 1000623504) has offered Sonic Flash (SQL ID: 1000627505) a free name change because their name is non-RP.
[2018/1/18 - 11:49:45] Nicole Trey (SQL ID: 1000192166) has offered Sponge Spoon (SQL ID: 1000627520) a free name change because their name is non-RP.
[2018/1/18 - 11:49:51] Nicole Trey (SQL ID: 1000192166) has offered Cli Max (SQL ID: 1000627519) a free name change because their name is non-RP.
[2018/1/18 - 11:50:59] Nicole Trey (SQL ID: 1000192166) has offered Cli Max (SQL ID: 1000627519) a free name change because their name is non-RP.
[2018/1/18 - 11:52:35] Nicole Trey (SQL ID: 1000192166) has offered Change Is (SQL ID: 1000627521) a free name change because their name is non-RP.
[2018/1/18 - 12:50:59] Arturo Waters (SQL ID: 1000576388) has offered Kobe Mece (SQL ID: 1000627516) a free name change because their name is non-RP.
[2018/1/18 - 12:51:18] Arturo Waters (SQL ID: 1000576388) has offered Kobe Mece (SQL ID: 1000627516) a free name change because their name is non-RP.
[2018/1/18 - 16:50:16] Frank Bachinco (SQL ID: 376071) has offered Donald Wright (SQL ID: 1000036338) a free name change because their name is non-RP.
[2018/1/18 - 16:58:58] Frank Bachinco (SQL ID: 376071) has offered Sung Saito Maddox (SQL ID: 1000624816) a free name change because their name is non-RP.
[2018/1/18 - 18:44:22] Kobe Mece (SQL ID: 1000088591) has offered Abe Abdel (SQL ID: 1000348196) a free name change because their name is non-RP.
[2018/1/18 - 22:46:39] Scott R. Mclaren (SQL ID: 1000623504) has offered Sonic Flash (SQL ID: 1000627505) a free name change because their name is non-RP.
[2018/1/18 - 23:25:36] Scott R. Mclaren (SQL ID: 1000623504) has offered Marc Ruskin (SQL ID: 1000396802) a free name change because their name is non-RP.
[2018/1/18 - 23:33:52] Scott R. Mclaren (SQL ID: 1000623504) has offered Sonic Flash (SQL ID: 1000627505) a free name change because their name is non-RP.
[2018/1/19 - 0:16:01] Kobe Mece (SQL ID: 1000088591) has offered Cesur Turkes (SQL ID: 1000231888) a free name change because their name is non-RP.
[2018/1/19 - 2:22:43] Kobe Mece (SQL ID: 1000088591) has offered Joe Versace (SQL ID: 1000625084) a free name change because their name is non-RP.
[2018/1/19 - 2:23:20] Kobe Mece (SQL ID: 1000088591) has offered Ryan Richman (SQL ID: 1000627339) a free name change because their name is non-RP.
[2018/1/19 - 2:27:08] Kobe Mece (SQL ID: 1000088591) has offered Ryan Richman (SQL ID: 1000627339) a free name change because their name is non-RP.
[2018/1/19 - 2:29:23] Kobe Mece (SQL ID: 1000088591) has offered Ryan Richman (SQL ID: 1000627339) a free name change because their name is non-RP.
[2018/1/19 - 2:30:39] Kobe Mece (SQL ID: 1000088591) has offered Ryan Richman (SQL ID: 1000627339) a free name change because their name is non-RP.
[2018/1/19 - 17:05:35] Lexy Kanon (SQL ID: 125340) has offered Ocdawgs Exb (SQL ID: 1000627612) a free name change because their name is non-RP.
[2018/1/19 - 17:31:49] Frank Bachinco (SQL ID: 376071) has offered Willy Mccullen (SQL ID: 1000625470) a free name change because their name is non-RP.
[2018/1/19 - 18:39:43] Frank Bachinco (SQL ID: 376071) has offered Washington Dc (SQL ID: 1000627464) a free name change because their name is non-RP.
[2018/1/20 - 6:12:37] Doc Kanaan (SQL ID: 38924) has offered King Manyak (SQL ID: 1000627660) a free name change because their name is non-RP.
[2018/1/20 - 18:28:47] Lexy Kanon (SQL ID: 125340) has offered David Moretti Mudan (SQL ID: 166707) a free name change because their name is non-RP.
[2018/1/20 - 18:47:49] Matt Honest (SQL ID: 880189) has offered Eddie Kingpin (SQL ID: 1000627689) a free name change because their name is non-RP.
[2018/1/21 - 7:45:11] Scott R. Mclaren (SQL ID: 1000623504) has offered Suspect Zafuki (SQL ID: 1000627368) a free name change because their name is non-RP.
[2018/1/21 - 10:00:56] Scott R. Mclaren (SQL ID: 1000623504) has offered Matt Honest (SQL ID: 1000055543) a free name change because their name is non-RP.
[2018/1/21 - 10:01:03] test Test (SQL ID: 880189) has offered Matt Honest (SQL ID: 1000055543) a free name change because their name is non-RP.
[2018/1/21 - 10:05:31] Scott R. Mclaren (SQL ID: 1000623504) has offered Guilever Overkill (SQL ID: 1000627753) a free name change because their name is non-RP.
[2018/1/21 - 10:57:25] Toby Vintage (SQL ID: 868939) has offered Flor Speed (SQL ID: 1000008807) a free name change because their name is non-RP.
[2018/1/21 - 20:59:36] Gregory Boyington (SQL ID: 1000626467) has offered Floresian Samuels (SQL ID: 1000008807) a free name change because their name is non-RP.
[2018/1/22 - 2:40:36] Vincenzo Luciano (SQL ID: 102601) has offered Aira Saito (SQL ID: 1000582638) a free name change because their name is non-RP.
[2018/1/22 - 3:39:32] Jenny Saunders (SQL ID: 1000050045) has offered Ai Chan Vtnw L4iy (SQL ID: -1) a free name change because their name is non-RP.
[2018/1/22 - 3:47:51] Carlos G Ortega (SQL ID: 7669) has offered Dick Black (SQL ID: 1000627718) a free name change because their name is non-RP.
[2018/1/22 - 3:48:36] Carlos G Ortega (SQL ID: 7669) has offered Dick Black (SQL ID: 1000627718) a free name change because their name is non-RP.
[2018/1/22 - 3:48:51] Carlos G Ortega (SQL ID: 7669) has offered Dick Black (SQL ID: 1000627718) a free name change because their name is non-RP.
[2018/1/22 - 3:49:04] Carlos G Ortega (SQL ID: 7669) has offered Dick Black (SQL ID: 1000627718) a free name change because their name is non-RP.
[2018/1/22 - 3:49:15] Carlos G Ortega (SQL ID: 7669) has offered Dick Black (SQL ID: 1000627718) a free name change because their name is non-RP.
[2018/1/22 - 3:49:31] Carlos G Ortega (SQL ID: 7669) has offered Dick Black (SQL ID: 1000627718) a free name change because their name is non-RP.
[2018/1/22 - 3:49:47] Carlos G Ortega (SQL ID: 7669) has offered Dick Black (SQL ID: 1000627718) a free name change because their name is non-RP.
[2018/1/22 - 3:50:20] Carlos G Ortega (SQL ID: 7669) has offered Dick Black (SQL ID: 1000627718) a free name change because their name is non-RP.
[2018/1/22 - 3:50:40] Carlos G Ortega (SQL ID: 7669) has offered Dick Black (SQL ID: 1000627718) a free name change because their name is non-RP.
[2018/1/22 - 3:50:47] Carlos G Ortega (SQL ID: 7669) has offered Dick Black (SQL ID: 1000627718) a free name change because their name is non-RP.
[2018/1/22 - 3:50:59] Carlos G Ortega (SQL ID: 7669) has offered Dick Black (SQL ID: 1000627718) a free name change because their name is non-RP.
[2018/1/22 - 11:00:41] Hooligan Maddox (SQL ID: 1000027113) has offered Gey H. Maddox (SQL ID: 1000625209) a free name change because their name is non-RP.
[2018/1/22 - 11:01:05] Hooligan Maddox (SQL ID: 1000027113) has offered Gey H. Maddox (SQL ID: 1000625209) a free name change because their name is non-RP.
[2018/1/22 - 12:03:35] Ty Smith (SQL ID: 1000601662) has offered Gey M. Datsik (SQL ID: 1000625209) a free name change because their name is non-RP.
[2018/1/22 - 14:01:10] Lexy Kanon (SQL ID: 125340) has offered Carl Rivers (SQL ID: 31469) a free name change because their name is non-RP.
[2018/1/22 - 16:46:53] Lexy Kanon (SQL ID: 125340) has offered Orlando Rafael (SQL ID: 28556) a free name change because their name is non-RP.
[2018/1/22 - 18:21:11] Henry James (SQL ID: 39530) has offered Jbavlin Jackson (SQL ID: 1000627548) a free name change because their name is non-RP.
[2018/1/22 - 18:26:12] Henry James (SQL ID: 39530) has offered Jbavlin Jackson (SQL ID: 1000627548) a free name change because their name is non-RP.
[2018/1/22 - 19:11:36] Hooli Hoop (SQL ID: 1000027113) has offered Kieron Rivers (SQL ID: 105327) a free name change because their name is non-RP.
[2018/1/23 - 5:25:34] Doc Kanaan (SQL ID: 38924) has offered Mia Schneider (SQL ID: 1000626831) a free name change because their name is non-RP.
[2018/1/23 - 8:17:51] Hooligan Maddox (SQL ID: 1000027113) has offered Larry Maddox (SQL ID: 1000543550) a free name change because their name is non-RP.
[2018/1/23 - 8:20:01] Hooligan Maddox (SQL ID: 1000027113) has offered Larry Maddox (SQL ID: 1000543550) a free name change because their name is non-RP.
[2018/1/23 - 19:46:42] Frank Bachinco (SQL ID: 376071) has offered Salvatore Ancelloti (SQL ID: 1000627794) a free name change because their name is non-RP.
[2018/1/23 - 20:03:46] Jack Chaos (SQL ID: 70624) has offered Brandon Griffin (SQL ID: 1000036338) a free name change because their name is non-RP.
[2018/1/23 - 20:04:54] Johnny Sixx (SQL ID: 1000184935) has offered Brandon Griffin (SQL ID: 1000036338) a free name change because their name is non-RP.
[2018/1/23 - 22:22:33] Scott R. Mclaren (SQL ID: 1000623504) has offered Haaesy Hgsfsd (SQL ID: 1000627936) a free name change because their name is non-RP.
[2018/1/23 - 22:31:24] Scott R. Mclaren (SQL ID: 1000623504) has offered Haaesy Hgsfsd (SQL ID: 1000627936) a free name change because their name is non-RP.
[2018/1/23 - 23:59:44] Michael Westen (SQL ID: 1000044424) has offered Mohamed Aasdasdasd (SQL ID: 1000627975) a free name change because their name is non-RP.
[2018/1/24 - 0:06:14] Joe Versace (SQL ID: 1000625084) has offered Heegghwy Hell (SQL ID: 1000627983) a free name change because their name is non-RP.
[2018/1/24 - 0:14:04] Kara Danvers (SQL ID: 1000526486) has offered Hdtreghwy Hell (SQL ID: 1000627987) a free name change because their name is non-RP.
[2018/1/24 - 0:18:45] Joe Versace (SQL ID: 1000625084) has offered Hdtreghwy Hell (SQL ID: 1000627987) a free name change because their name is non-RP.
[2018/1/24 - 0:18:46] Kara Danvers (SQL ID: 1000526486) has offered Hdtreghwy Hell (SQL ID: 1000627987) a free name change because their name is non-RP.
[2018/1/24 - 0:19:49] Kara Danvers (SQL ID: 1000526486) has offered Hdtreghwy Hell (SQL ID: 1000627987) a free name change because their name is non-RP.
[2018/1/24 - 0:23:26] Kara Danvers (SQL ID: 1000526486) has offered Kofya Amad (SQL ID: 1000627990) a free name change because their name is non-RP.
[2018/1/24 - 0:25:18] Jamie Gallagher (SQL ID: 1000163830) has offered Harry Mcalpine (SQL ID: 1000159386) a free name change because their name is non-RP.
[2018/1/24 - 0:27:41] Kara Danvers (SQL ID: 1000526486) has offered Hawy Hell (SQL ID: 1000627329) a free name change because their name is non-RP.
[2018/1/24 - 0:30:24] Kara Danvers (SQL ID: 1000526486) has offered Hawy Hell (SQL ID: 1000627329) a free name change because their name is non-RP.
[2018/1/24 - 0:39:23] Kara Danvers (SQL ID: 1000526486) has offered Cute Gril (SQL ID: 1000628003) a free name change because their name is non-RP.
[2018/1/24 - 0:49:48] Kara Danvers (SQL ID: 1000526486) has offered Hagynjkey Hell (SQL ID: 1000628010) a free name change because their name is non-RP.
[2018/1/24 - 19:10:58] Jamie Gallagher (SQL ID: 1000163830) has offered Adolbert Schulz (SQL ID: 1000627548) a free name change because their name is non-RP.
[2018/1/24 - 19:13:09] Jamie Gallagher (SQL ID: 1000163830) has offered Daniel Loiuse (SQL ID: 1000627548) a free name change because their name is non-RP.
[2018/1/24 - 19:52:14] Paul Duffster (SQL ID: 39530) has offered Diaa Dod (SQL ID: 1000625271) a free name change because their name is non-RP.
[2018/1/24 - 19:52:44] Frank Bachinco (SQL ID: 376071) has offered Diaa Dod (SQL ID: 1000625271) a free name change because their name is non-RP.
[2018/1/24 - 19:53:33] Jamie Gallagher (SQL ID: 1000163830) has offered Diaa Dod (SQL ID: 1000625271) a free name change because their name is non-RP.
[2018/1/24 - 21:43:59] Scott R. McLaren (SQL ID: 1000623504) has offered Lil Le Prechaun (SQL ID: 30641) a free name change because their name is non-RP.
[2018/1/25 - 0:23:16] Jamie Gallagher (SQL ID: 1000163830) has offered Jax Dios Hunt (SQL ID: 1000624993) a free name change because their name is non-RP.
[2019/10/17 - 6:32:36] Guzman (SQL ID: 2530) has offered Bro Just Nrn (SQL ID: 3409) a free name change because their name is non-RP.
[2019/10/17 - 6:32:57] Guzman (SQL ID: 2530) has offered Bro Just Nrn (SQL ID: 3409) a free name change because their name is non-RP.
[2019/10/17 - 6:34:12] Guzman (SQL ID: 2530) has offered Bro Just Nrn (SQL ID: 3409) a free name change because their name is non-RP.
[2019/10/18 - 14:28:27] Mcfellow (SQL ID: 2575) has offered Neo Alcatroz (SQL ID: 3431) a free name change because their name is non-RP.
[2019/10/18 - 14:30:03] Mcfellow (SQL ID: 2575) has offered Neo Alcatroz (SQL ID: 3431) a free name change because their name is non-RP.
[2019/10/18 - 14:30:56] Mcfellow (SQL ID: 2575) has offered Neo Alcatroz (SQL ID: 3431) a free name change because their name is non-RP.
[2019/10/19 - 8:30:32] Majnu (SQL ID: 1516) has offered Antonio Kaycee (SQL ID: 3349) a free name change because their name is non-RP.
[2019/10/19 - 15:45:01] Katie (SQL ID: 1788) has offered Alex Fenix (SQL ID: 1994) a free name change because their name is non-RP.
[2019/10/19 - 15:45:53] Katie (SQL ID: 1788) has offered Alex Fenix (SQL ID: 1994) a free name change because their name is non-RP.
[2019/10/19 - 22:51:53] Chelsya (SQL ID: 2427) has offered Anneyin Ami (SQL ID: 3466) a free name change because their name is non-RP.
[2019/10/19 - 22:52:53] Chelsya (SQL ID: 2427) has offered Anneyin Ami (SQL ID: 3466) a free name change because their name is non-RP.
[2019/10/20 - 13:51:12] Scorpion (SQL ID: 85) has offered John Scalice (SQL ID: 1298) a free name change because their name is non-RP.
[2019/10/20 - 14:15:51] Mcfellow (SQL ID: 2575) has offered Bell Admin (SQL ID: 3477) a free name change because their name is non-RP.
[2019/10/21 - 17:51:41] Scorpion (SQL ID: 85) has offered Jack Brown (SQL ID: 1349) a free name change because their name is non-RP.
[2019/10/22 - 0:07:41] Katie (SQL ID: 1788) has offered Mike Mcadam (SQL ID: 3479) a free name change because their name is non-RP.
[2019/10/22 - 11:06:28] Avocate (SQL ID: 3480) has offered Yanna Montana (SQL ID: 2900) a free name change because their name is non-RP.
[2019/10/22 - 14:30:37] Haroldn (SQL ID: 3495) has offered Prince Yaseen (SQL ID: 3312) a free name change because their name is non-RP.
[2019/10/22 - 18:51:52] Scorpion (SQL ID: 85) has offered Alex Wolf (SQL ID: 3511) a free name change because their name is non-RP.
[2019/10/22 - 20:56:34] Chelsya Thomas (SQL ID: 1421) has offered Damir Ls (SQL ID: 3550) a free name change because their name is non-RP.
[2019/10/22 - 20:58:31] Chelsya Thomas (SQL ID: 1421) has offered Damir Ls (SQL ID: 3550) a free name change because their name is non-RP.
[2019/10/25 - 10:47:06] Bell (SQL ID: 3477) has offered James Atkinson (SQL ID: 1469) a free name change because their name is non-RP.
[2019/10/25 - 13:57:01] Davids (SQL ID: 3592) has offered Alex Hood (SQL ID: 2606) a free name change because their name is non-RP.
[2019/10/25 - 14:48:14] Davids (SQL ID: 3592) has offered Alex Stanford (SQL ID: 2606) a free name change because their name is non-RP.
[2019/10/25 - 14:48:18] Davids (SQL ID: 3592) has offered Jack Stanford (SQL ID: 3611) a free name change because their name is non-RP.
[2019/10/25 - 14:49:11] Davids (SQL ID: 3592) has offered John Stanford (SQL ID: 3604) a free name change because their name is non-RP.
[2019/10/25 - 14:50:23] Davids (SQL ID: 3592) has offered John Stanford (SQL ID: 3604) a free name change because their name is non-RP.
[2019/10/25 - 21:47:52] Scorpion (SQL ID: 85) has offered Hack  (SQL ID: -1) a free name change because their name is non-RP.
[2019/10/25 - 21:47:58] Scorpion (SQL ID: 85) has offered A Dick (SQL ID: 3624) a free name change because their name is non-RP.
[2019/10/25 - 21:48:03] Scorpion (SQL ID: 85) has offered Suck A (SQL ID: 3625) a free name change because their name is non-RP.
[2019/10/25 - 21:48:15] Scorpion (SQL ID: 85) has offered Hack  (SQL ID: -1) a free name change because their name is non-RP.
[2019/10/25 - 21:48:23] Scorpion (SQL ID: 85) has offered A Dick (SQL ID: 3624) a free name change because their name is non-RP.
[2019/10/26 - 10:44:38] Chelsya Thomas (SQL ID: 1421) has offered Houssem Sniper (SQL ID: 3644) a free name change because their name is non-RP.
[2019/10/26 - 10:47:35] Chelsya Thomas (SQL ID: 1421) has offered Houssem Sniper (SQL ID: 3644) a free name change because their name is non-RP.
[2019/10/26 - 11:24:42] Tony (SQL ID: 3352) has offered Tyrone Anderson (SQL ID: 3587) a free name change because their name is non-RP.
[2019/10/28 - 16:51:28] Scorpion (SQL ID: 85) has offered Yuck Fou (SQL ID: 3728) a free name change because their name is non-RP.
[2019/10/28 - 18:11:36] Scorpion (SQL ID: 85) has offered Luke Location (SQL ID: 3731) a free name change because their name is non-RP.
[2019/10/29 - 1:09:53] Scorpion (SQL ID: 85) has offered Mpho Sgz (SQL ID: 3739) a free name change because their name is non-RP.
[2019/10/29 - 1:11:17] Scorpion (SQL ID: 85) has offered Mpho Sgz (SQL ID: 3739) a free name change because their name is non-RP.
[2019/10/31 - 10:14:28] Fredy (SQL ID: 3642) has offered Sandra Bell (SQL ID: 3319) a free name change because their name is non-RP.
[2019/10/31 - 22:49:28] Majnu (SQL ID: 1516) has offered Adam Townshed (SQL ID: 3467) a free name change because their name is non-RP.
[2019/11/1 - 0:34:30] Johnny Crispy (SQL ID: 2096) has offered Chan Blaze (SQL ID: 1316) a free name change because their name is non-RP.
[2019/11/1 - 0:46:06] Johnny Crispy (SQL ID: 2096) has offered Dre Lacoste (SQL ID: 1316) a free name change because their name is non-RP.
[2019/11/1 - 21:10:19] Scorpion (SQL ID: 85) has offered Jimmy Rio (SQL ID: 2032) a free name change because their name is non-RP.
[2019/11/1 - 21:45:58] Majnu (SQL ID: 1516) has offered Garry Liams (SQL ID: 1411) a free name change because their name is non-RP.
[2019/11/1 - 21:46:29] Majnu (SQL ID: 1516) has offered Garry Liams (SQL ID: 1411) a free name change because their name is non-RP.
[2019/11/1 - 23:00:09] Cartman (SQL ID: 3737) has offered Alberto Rio (SQL ID: 2036) a free name change because their name is non-RP.
[2019/11/2 - 7:21:07] DAizukotetsu (SQL ID: 1427) has offered Mutant Gorila (SQL ID: 3844) a free name change because their name is non-RP.
[2019/11/2 - 10:12:39] Darvin (SQL ID: 3854) has offered Shinmon Tatsuguro (SQL ID: 2555) a free name change because their name is non-RP.
[2019/11/2 - 10:47:27] Majnu (SQL ID: 1516) has offered Asiah Maiden Rizal (SQL ID: 1927) a free name change because their name is non-RP.
[2019/11/2 - 12:56:47] Fredy (SQL ID: 3642) has offered Sistine Wing Rizal (SQL ID: 2082) a free name change because their name is non-RP.
[2019/11/2 - 12:57:46] Fredy (SQL ID: 3642) has offered Sistine Wing Rizal (SQL ID: 2082) a free name change because their name is non-RP.
[2019/11/2 - 12:57:51] Cartman (SQL ID: 3737) has offered Sistine Wing Rizal (SQL ID: 2082) a free name change because their name is non-RP.
[2019/11/2 - 15:20:03] William (SQL ID: 3735) has offered Nemesis Here (SQL ID: 3867) a free name change because their name is non-RP.
[2019/11/2 - 16:37:02] Majnu (SQL ID: 1516) has offered Patela Xd (SQL ID: 3870) a free name change because their name is non-RP.
[2019/11/2 - 16:37:55] Majnu (SQL ID: 1516) has offered Lolek Lolkowski (SQL ID: 3870) a free name change because their name is non-RP.
[2019/11/2 - 18:26:51] William (SQL ID: 3735) has offered Iam Santa (SQL ID: 3873) a free name change because their name is non-RP.
[2019/11/2 - 23:28:21] Scorpion (SQL ID: 85) has offered Black Nigga (SQL ID: 3885) a free name change because their name is non-RP.
[2019/11/2 - 23:28:48] Scorpion (SQL ID: 85) has offered Black Nigga (SQL ID: 3885) a free name change because their name is non-RP.
[2019/11/2 - 23:29:32] Scorpion (SQL ID: 85) has offered Black Nigga (SQL ID: 3885) a free name change because their name is non-RP.
[2019/11/2 - 23:31:51] Scorpion (SQL ID: 85) has offered Nih Gersga (SQL ID: 3885) a free name change because their name is non-RP.
[2019/11/2 - 23:32:27] Scorpion (SQL ID: 85) has offered Nih Gersga (SQL ID: 3885) a free name change because their name is non-RP.
[2019/11/2 - 23:33:00] Scorpion (SQL ID: 85) has offered Nih Gersga (SQL ID: 3885) a free name change because their name is non-RP.
[2019/11/2 - 23:36:34] Chelsya Thomas (SQL ID: 1421) has offered Fuck Uggsandniggers (SQL ID: 3886) a free name change because their name is non-RP.
[2019/11/3 - 4:55:23] Majnu (SQL ID: 1516) has offered Rafael El Grande (SQL ID: 3281) a free name change because their name is non-RP.
[2019/11/3 - 4:55:38] Majnu (SQL ID: 1516) has offered Rafael El Grande (SQL ID: 3281) a free name change because their name is non-RP.
[2019/11/3 - 5:53:15] Thug (SQL ID: 1464) has offered Shinmon Tatsuguro (SQL ID: 2555) a free name change because their name is non-RP.
[2019/11/3 - 17:51:52] Scorpion (SQL ID: 85) has offered Dick Twingle (SQL ID: 3963) a free name change because their name is non-RP.
[2019/11/4 - 6:52:27] Darvin (SQL ID: 3854) has offered Melinna Diaz (SQL ID: 2839) a free name change because their name is non-RP.
[2019/11/4 - 7:00:05] Darvin (SQL ID: 3854) has offered Alex Murphy (SQL ID: 3824) a free name change because their name is non-RP.
[2019/11/4 - 8:24:20] Darvin (SQL ID: 3854) has offered Alex Murphy (SQL ID: 3824) a free name change because their name is non-RP.
[2019/11/4 - 8:24:55] Darvin (SQL ID: 3854) has offered Alex Murphy (SQL ID: 3824) a free name change because their name is non-RP.
[2019/11/4 - 8:32:44] Darvin (SQL ID: 3854) has offered Alex Murphy (SQL ID: 3824) a free name change because their name is non-RP.
[2019/11/4 - 10:55:35] William (SQL ID: 3735) has offered Nick Reary (SQL ID: 2973) a free name change because their name is non-RP.
[2019/11/4 - 11:59:42] William (SQL ID: 3735) has offered Alex Murphy (SQL ID: 3824) a free name change because their name is non-RP.
[2019/11/4 - 12:00:22] William (SQL ID: 3735) has offered Alex Murphy (SQL ID: 3824) a free name change because their name is non-RP.
[2019/11/4 - 12:06:34] William (SQL ID: 3735) has offered Alex Murphy (SQL ID: 3824) a free name change because their name is non-RP.
[2019/11/4 - 13:06:16] Darvin (SQL ID: 3854) has offered Mack Chrome (SQL ID: 1746) a free name change because their name is non-RP.
[2019/11/4 - 13:08:00] Darvin (SQL ID: 3854) has offered Yamato Ishikawa (SQL ID: 4014) a free name change because their name is non-RP.
[2019/11/4 - 13:21:02] Darvin (SQL ID: 3854) has offered Cesare B. Lombroso (SQL ID: 1298) a free name change because their name is non-RP.
[2019/11/5 - 8:29:46] FionaM (SQL ID: 3477) has offered Angelica Blackwood (SQL ID: 4015) a free name change because their name is non-RP.
[2019/11/5 - 10:59:12] Sherlock King Demon (SQL ID: 1097) has offered Rikumichi Hanako (SQL ID: 3935) a free name change because their name is non-RP.
[2019/11/5 - 11:22:15] Tony (SQL ID: 3352) has offered Maxine D Wraight (SQL ID: 1083) a free name change because their name is non-RP.
[2019/11/5 - 11:41:29] Akirasuya Hanako (SQL ID: 2971) has offered Kray Maddox (SQL ID: 1484) a free name change because their name is non-RP.
[2019/11/5 - 12:20:02] Doffy (SQL ID: 4053) has offered Kray Maddox (SQL ID: 1484) a free name change because their name is non-RP.
[2019/11/5 - 12:21:44] Tony (SQL ID: 3352) has offered Alex Raidens (SQL ID: 4076) a free name change because their name is non-RP.
[2019/11/5 - 12:24:05] Doffy (SQL ID: 4053) has offered Kray Flockavelli (SQL ID: 1484) a free name change because their name is non-RP.
[2019/11/5 - 22:21:41] William (SQL ID: 3735) has offered Shawn Mendes (SQL ID: 2196) a free name change because their name is non-RP.
[2019/11/5 - 22:42:08] Chelsya (SQL ID: 2427) has offered James Charles (SQL ID: 4097) a free name change because their name is non-RP.
[2019/11/5 - 22:42:53] Chelsya (SQL ID: 2427) has offered James Charles (SQL ID: 4097) a free name change because their name is non-RP.
[2019/11/5 - 22:44:56] Chelsya (SQL ID: 2427) has offered Shawn Mendes (SQL ID: 2196) a free name change because their name is non-RP.
[2019/11/6 - 5:11:22] Guzman (SQL ID: 2530) has offered Tom Fortis (SQL ID: 3262) a free name change because their name is non-RP.
[2019/11/6 - 5:42:15] Dai (SQL ID: 1427) has offered Choox Legend (SQL ID: 4050) a free name change because their name is non-RP.
[2019/11/6 - 6:09:00] Fionam (SQL ID: 3477) has offered John Lloyd (SQL ID: 3995) a free name change because their name is non-RP.
[2019/11/6 - 6:09:24] Charles (SQL ID: 4098) has offered John Lloyd (SQL ID: 3995) a free name change because their name is non-RP.
[2019/11/6 - 9:28:05] Jax (SQL ID: 4109) has offered Kaito Matsuzaki (SQL ID: 2882) a free name change because their name is non-RP.
[2019/11/6 - 13:07:07] Doffy (SQL ID: 4053) has offered Conan E Hawkeye (SQL ID: 4014) a free name change because their name is non-RP.
[2019/11/7 - 21:26:50] Chan (SQL ID: 4095) has offered Hamzo Freeman (SQL ID: 2036) a free name change because their name is non-RP.
[2019/11/7 - 21:27:23] Chan (SQL ID: 4095) has offered Hamzo Freeman (SQL ID: 2036) a free name change because their name is non-RP.
[2019/11/8 - 3:31:33] Sean Mello (SQL ID: 3470) has offered Big Dick (SQL ID: 4168) a free name change because their name is non-RP.
[2019/11/8 - 3:32:07] Sean Mello (SQL ID: 3470) has offered Big Dick (SQL ID: 4168) a free name change because their name is non-RP.
[2019/11/8 - 3:34:10] Sean Mello (SQL ID: 3470) has offered Big Dick (SQL ID: 4168) a free name change because their name is non-RP.
[2019/11/8 - 3:35:09] Doffy (SQL ID: 4053) has offered Big Dick (SQL ID: 4168) a free name change because their name is non-RP.
[2019/11/8 - 3:35:44] Doffy (SQL ID: 4053) has offered Big Dick (SQL ID: 4168) a free name change because their name is non-RP.
[2019/11/8 - 3:35:55] Doffy (SQL ID: 4053) has offered Big Dick (SQL ID: 4168) a free name change because their name is non-RP.
[2019/11/8 - 3:36:19] Doffy (SQL ID: 4053) has offered Big Dick (SQL ID: 4168) a free name change because their name is non-RP.
[2019/11/8 - 3:37:47] Doffy (SQL ID: 4053) has offered Big Dick (SQL ID: 4168) a free name change because their name is non-RP.
[2019/11/8 - 3:37:58] Doffy (SQL ID: 4053) has offered Big Dick (SQL ID: 4168) a free name change because their name is non-RP.
[2019/11/8 - 7:13:42] Chan (SQL ID: 4095) has offered Richard B Makaveli (SQL ID: 2600) a free name change because their name is non-RP.
[2019/11/8 - 14:07:08] Fredy (SQL ID: 3642) has offered Andres De Fonollosa (SQL ID: 4188) a free name change because their name is non-RP.
[2019/11/9 - 5:13:32] Darvin (SQL ID: 3854) has offered Jiro Matsukaze (SQL ID: 2345) a free name change because their name is non-RP.
[2019/11/9 - 5:15:03] Darvin (SQL ID: 3854) has offered Jiro Matsukaze (SQL ID: 2345) a free name change because their name is non-RP.
[2019/11/9 - 10:04:18] William (SQL ID: 3735) has offered Carlito Verona (SQL ID: 2555) a free name change because their name is non-RP.
