[2018/1/2 - 22:15:46] Keith Lawrence has edited Pay N' Spray ID 7's position.
[2018/1/2 - 22:15:54] Keith Lawrence has edited Pay N' Spray ID 7's position.
[2018/1/2 - 22:16:02] Keith Lawrence has changed the group cost on Pay N' Spray ID 7 to $2,500.
[2018/1/2 - 22:16:09] Keith Lawrence has changed the regular cost on Pay N' Spray ID 7 to $2,500.
[2018/1/7 - 18:17:52] Keith Lawrence has edited Pay N' Spray ID 20's position.
[2018/1/7 - 18:17:57] Keith Lawrence has changed the group cost on Pay N' Spray ID 20 to $2,500.
[2018/1/7 - 18:18:01] Keith Lawrence has changed the regular cost on Pay N' Spray ID 20 to $2,500.
[2018/1/17 - 20:16:58] Kevin Kush has edited Pay N' Spray ID 21's position.
[2018/1/17 - 20:17:22] Kevin Kush has changed the regular cost on Pay N' Spray ID 21 to $200.
[2018/1/17 - 20:17:25] Kevin Kush has changed the regular cost on Pay N' Spray ID 21 to $2,000.
[2018/1/17 - 20:17:30] Kevin Kush has changed the group cost on Pay N' Spray ID 21 to $2,000.
[2018/1/25 - 0:46:55] Clank Hamm has edited Pay N' Spray ID 23's position.
[2019/10/22 - 13:04:38] Scorpion has edited Pay N' Spray ID 0's position.
[2019/10/22 - 13:04:56] Scorpion has changed the group cost on Pay N' Spray ID 0 to $1.
[2019/10/22 - 13:05:07] Scorpion has changed the regular cost on Pay N' Spray ID 0 to $2,500.
[2019/10/24 - 19:46:01] Scorpion has edited Pay N' Spray ID 1's position.
[2019/10/24 - 19:46:19] Scorpion has changed the regular cost on Pay N' Spray ID 1 to $2,500.
[2019/10/24 - 19:46:25] Scorpion has changed the group cost on Pay N' Spray ID 1 to $2,500.
[2019/10/24 - 19:46:30] Scorpion has changed the group cost on Pay N' Spray ID 1 to $1.
[2019/10/24 - 19:47:02] Scorpion has edited Pay N' Spray ID 1's position.
[2019/10/30 - 6:16:47] Scorpion has edited Pay N' Spray ID 0's position.
[2019/10/30 - 6:17:33] Scorpion has changed the regular cost on Pay N' Spray ID 0 to $2,500.
[2019/11/2 - 20:30:19] Scorpion has edited Pay N' Spray ID 0's position.
[2019/11/2 - 20:30:32] Scorpion has changed the regular cost on Pay N' Spray ID 0 to $2,500.
[2019/11/2 - 20:30:53] Scorpion has changed the group cost on Pay N' Spray ID 0 to $1.
[2019/11/9 - 6:11:35] Scorpion has edited Pay N' Spray ID 0's position.
[2019/11/9 - 6:11:48] Scorpion has changed the group cost on Pay N' Spray ID 0 to $1.
[2019/11/9 - 6:11:58] Scorpion has changed the regular cost on Pay N' Spray ID 0 to $2,500.
