[2019/10/19 - 7:54:37] AdmCmd: Arturo Murillo has been prisoned by Majnu, reason: Massive DM[logs]
[2019/10/19 - 9:49:16] AdmCmd: Lawrence Capati has been prisoned by Kray, reason: no 10m
[2019/10/19 - 10:02:45] AdmCmd: Erika Akane has been prisoned by Guzman, reason: Random Shooting.
[2019/10/19 - 10:16:10] AdmCmd: Joe Salvaje has been prisoned by Kray, reason: DM
[2019/10/19 - 10:19:02] AdmCmd: Jassy Antonio has been prisoned by Joe Salvaje, reason: Deathmatch
[2019/10/19 - 13:30:28] AdmCmd: Megumi Matsukaze has been prisoned by Kray, reason: DM
[2019/10/19 - 13:36:55] AdmCmd: Dave Snow has been prisoned by Mcalister, reason: DM
[2019/10/19 - 13:36:58] AdmCmd: Megumi Matsukaze has been prisoned by Mcalister, reason: DM
[2019/10/19 - 13:37:08] AdmCmd: John Scalice has been prisoned by Mcalister, reason: DM
[2019/10/19 - 13:38:40] AdmCmd: Jassy Antonio has been prisoned by Kray, reason: DM
[2019/10/19 - 14:12:46] AdmCmd: Dixon Alcatroz has been prisoned by Mcalister, reason: DM
[2019/10/19 - 21:34:18] AdmCmd: Daniel Cloutz has been prisoned by Chelsya, reason: Deathmatching
[2019/10/19 - 21:34:42] AdmCmd: Lee Hunter has been prisoned by Chelsya, reason: Deathmatching
[2019/10/19 - 21:40:28] AdmCmd: Lee Hunter has been prisoned by Chelsya, reason: Deathmatching (Extended)
[2019/10/19 - 23:27:39] AdmCmd: Joe Capo has been prisoned by Chelsya, reason: Failure to roleplay
[2019/10/20 - 0:04:11] AdmCmd: Tyler_Hunter_Sato has been offline prisoned by Scorpion, reason: Kos
[2019/10/20 - 2:12:44] AdmCmd: Sharkiesha Diesel has been prisoned by Chelsya, reason: Deathmatching
[2019/10/20 - 2:16:14] AdmCmd: Joe Deadson has been prisoned by Chelsya, reason: DM
[2019/10/20 - 2:48:55] AdmCmd: Megumi_Matsukaze has been offline prisoned by Chelsya, reason: DM
[2019/10/20 - 3:50:14] AdmCmd: Megumi Matsukaze has been prisoned by Makaveli, reason: Reduced (Bugged Interior)
[2019/10/20 - 14:18:05] AdmCmd: Ron_Henley has been offline prisoned by Majnu, reason: PG-Chelsya
[2019/10/20 - 19:02:38] AdmCmd: Billy_Mason has been offline prisoned by Scorpion, reason: DM 
[2019/10/21 - 11:21:57] AdmCmd: Mia Khazhifa has been prisoned by Tony, reason: DM
[2019/10/21 - 12:48:08] AdmCmd: Erika Akane has been prisoned by Scorpion, reason: DM
[2019/10/21 - 13:35:30] AdmCmd: Gab Deleon has been prisoned by Nick Mcfellow, reason: DM
[2019/10/21 - 15:59:02] AdmCmd: Nir_Francis has been offline prisoned by Scorpion, reason: DM
[2019/10/21 - 15:59:22] AdmCmd: darvin_kingx has been offline prisoned by Katie, reason: GH
[2019/10/21 - 19:56:44] AdmCmd: Hondo_Zhe_Chan has been offline prisoned by Scorpion, reason: DM
[2019/10/21 - 22:30:19] AdmCmd: Joe Deadson has been prisoned by Scorpion, reason: DM 
[2019/10/23 - 12:10:10] AdmCmd: Jimmy Rio has been prisoned by Bell, reason: DM
[2019/10/23 - 13:14:19] AdmCmd: Megumi_Matsukaze has been offline prisoned by Bell, reason: 10 times DM
[2019/10/24 - 12:30:22] AdmCmd: Erika Akane has been prisoned by Sherlock King Demon, reason: DM
[2019/10/25 - 20:24:09] AdmCmd: Jimmy Rio has been prisoned by Scorpion, reason: DM
[2019/10/25 - 20:38:41] AdmCmd: Dolev_Jordan has been offline prisoned by Scorpion, reason: LTA
[2019/10/26 - 11:57:12] AdmCmd: Isaac Foster has been prisoned by Scorpion, reason: Metagaming + DM
[2019/10/26 - 11:57:21] AdmCmd: Asiah Maiden Rizal has been prisoned by Scorpion, reason: Metagaming + DM
[2019/10/26 - 13:49:02] AdmCmd: Asiah Maiden Rizal has been prisoned by Mcfellow, reason: DM
[2019/10/26 - 14:23:15] AdmCmd: Mike Tyga has been prisoned by Sandra Bell, reason: Sniper DM
[2019/10/26 - 14:35:34] AdmCmd: Carl Ruggiero has been prisoned by Sandra Bell, reason: Deathmatch
[2019/10/26 - 14:35:40] AdmCmd: Mike Lucchese has been prisoned by Sandra Bell, reason: Deathmatch
[2019/10/26 - 14:43:49] AdmCmd: Mike Lucchese has been prisoned by Mcfellow, reason: Sandra Bell; reason DM
[2019/10/26 - 14:44:02] AdmCmd: Carl Ruggiero has been prisoned by Mcfellow, reason: Sandra Bell; reason DM
[2019/10/26 - 15:59:46] AdmCmd: Lean Max has been prisoned by Chelsya Thomas, reason: Logging to Avoid
[2019/10/27 - 11:35:15] AdmCmd: Alberto Rio has been prisoned by Nick Reary, reason: dm
[2019/10/27 - 15:42:09] AdmCmd: Joe_Deadson has been offline prisoned by Chelsya, reason: UNRP Behavior, Powergaming
[2019/10/31 - 13:57:32] AdmCmd: Erika Akane has been prisoned by Fredy, reason: DM
[2019/10/31 - 14:18:10] AdmCmd: Jimmy Rio has been prisoned by Fiona Mccarthy, reason: Deathmatching.
[2019/11/1 - 0:35:19] AdmCmd: Shen Blevis has been prisoned by William, reason: RK+Lying to Administrator
[2019/11/1 - 0:49:04] AdmCmd: Mike Tyga has been prisoned by Scorpion, reason: Sniper DM.
[2019/11/1 - 8:53:22] AdmCmd: Felix Chavez has been prisoned by Danny Cartman, reason: Ninja-Jacking.
[2019/11/1 - 22:42:05] AdmCmd: Sophy Ortodox has been prisoned by Chelsya, reason: dm
[2019/11/2 - 7:12:13] AdmCmd: Jiro Matsukaze has been prisoned by DAizukotetsu, reason: Tazing without badge
[2019/11/2 - 7:18:07] AdmCmd: Jiro Matsukaze has been prisoned by DAizukotetsu, reason: Reduced.
[2019/11/2 - 11:18:06] AdmCmd: Shinmon Tatsuguro has been prisoned by Mcfellow, reason: DM
[2019/11/2 - 13:18:20] AdmCmd: Brianna Martin has been prisoned by Chelsya Thomas, reason: non-rp gun fear
[2019/11/2 - 13:26:12] AdmCmd: Blake Falcon has been prisoned by Chelsya Thomas, reason: RK
[2019/11/2 - 14:07:38] AdmCmd: Ryan Bang has been prisoned by Darvin, reason: DM
[2019/11/2 - 16:18:48] AdmCmd: Shen_Blevis has been offline prisoned by William, reason: DM+Logging to Avoid.
[2019/11/2 - 21:50:28] AdmCmd: Joe Deadson has been prisoned by Scorpion, reason: Adjusted.
[2019/11/2 - 22:38:23] AdmCmd: Joe Deadson has been prisoned by Nick Mcfellow, reason: KOS
[2019/11/2 - 23:30:39] AdmCmd: Joe Deadson has been prisoned by Scorpion, reason: DM
[2019/11/2 - 23:58:47] AdmCmd: Allaenat Ealayk has been prisoned by Alejandro Waters, reason: Deathmatching
[2019/11/3 - 0:09:21] AdmCmd: Allaenat Ealayk has been prisoned by Chelsya, reason: DM - Increased
[2019/11/3 - 0:40:00] AdmCmd: Josh Mcgug has been prisoned by Chelsya, reason: dm
[2019/11/3 - 4:17:11] AdmCmd: Russel Akasuki has been prisoned by Majnu, reason: DeathMathcing
[2019/11/3 - 5:18:37] AdmCmd: Roy Mustang has been prisoned by Fiona Mccarthy, reason: DM
[2019/11/3 - 5:24:05] AdmCmd: Shen Blevis has been prisoned by Darvin, reason: DM+LTA(Adjusted)
[2019/11/3 - 5:27:46] AdmCmd: Roy Mustang has been prisoned by Fiona Mccarthy, reason: dm
[2019/11/3 - 5:57:35] AdmCmd: Erika Akane has been prisoned by Majnu, reason: DM-Reduced
[2019/11/3 - 6:04:39] AdmCmd: Nobita Makaveli Sr has been prisoned by Scorpion, reason: DM
[2019/11/3 - 6:55:07] AdmCmd: Blake Falcon has been prisoned by Fiona Mccarthy, reason: dd exploit
[2019/11/3 - 7:16:06] AdmCmd: Blake Falcon has been prisoned by Kingsley, reason: RK
[2019/11/3 - 7:17:08] AdmCmd: Michael Falcon has been prisoned by Mizuki Vikouri, reason: RK
[2019/11/3 - 8:07:19] AdmCmd: Paul Hueman has been prisoned by Mystic, reason: DM
[2019/11/3 - 8:19:11] AdmCmd: Jack Deen has been prisoned by Mizuki Vikouri, reason: DM
[2019/11/3 - 8:38:34] AdmCmd: Cluade Baladon has been prisoned by Scorpion, reason: DM
[2019/11/3 - 9:57:43] AdmCmd: Paul Hueman has been prisoned by Fiona Mccarthy, reason: deathmatch
[2019/11/3 - 9:57:48] AdmCmd: Cluade Baladon has been prisoned by Fiona Mccarthy, reason: deathmatch
[2019/11/3 - 9:57:52] AdmCmd: Juls Velasco has been prisoned by Fiona Mccarthy, reason: deathmatch
[2019/11/3 - 9:57:58] AdmCmd: Hood Charles has been prisoned by Fiona Mccarthy, reason: deathmatch
[2019/11/3 - 10:00:11] AdmCmd: Tony Painter has been prisoned by Fiona Mccarthy, reason: DeathMatching + logging off.
[2019/11/3 - 10:39:52] AdmCmd: Hood Charles has been prisoned by Mystic, reason: Failure to comply to an admin/faction cmd abuse.
[2019/11/3 - 12:25:48] AdmCmd: Juls Velasco has been prisoned by Darvin, reason: Sniper DeathMatching
[2019/11/3 - 12:26:10] AdmCmd: Juls Velasco has been prisoned by Darvin, reason: Sniper DM (adjusted)
[2019/11/3 - 12:54:01] AdmCmd: Juls Velasco has been prisoned by Darvin, reason: DM
[2019/11/3 - 17:22:03] AdmCmd: Ezekiel K Khalifa has been prisoned by William, reason: DM
[2019/11/4 - 0:20:07] AdmCmd: Nick Smith has been prisoned by Chelsya, reason: Lying to an administrator
[2019/11/4 - 0:23:51] AdmCmd: Cluade_Baladon has been offline prisoned by Chelsya, reason: Deathmatching
[2019/11/4 - 7:22:43] AdmCmd: Yung Hercules has been prisoned by Fredy, reason: DM
[2019/11/4 - 7:41:14] AdmCmd: Erika Akane has been prisoned by Darvin, reason: DM+PG
[2019/11/4 - 8:22:24] AdmCmd: Alex Murphy has been prisoned by Darvin, reason: DM
[2019/11/4 - 8:22:31] AdmCmd: Kayleigh Murphy has been prisoned by Darvin, reason: DM
[2019/11/4 - 8:22:51] AdmCmd: Alex Murphy has been prisoned by Darvin, reason: .
[2019/11/4 - 8:25:13] AdmCmd: Kayleigh Murphy has been prisoned by Darvin, reason: DM(Adjusted) 
[2019/11/4 - 9:28:18] AdmCmd: Tom Fortis has been prisoned by Lucifer Anderson, reason: Kos
[2019/11/4 - 9:42:30] AdmCmd: Tom_Fortis has been offline prisoned by Moonlight, reason: Deathmatching/KOS
[2019/11/4 - 9:44:49] AdmCmd: Castro Owen has been prisoned by Sherlock King Demon, reason: KoS
[2019/11/4 - 10:06:46] AdmCmd: Arturo Murillo has been prisoned by William, reason: NJ
[2019/11/4 - 10:18:51] AdmCmd: Gab Deleon has been prisoned by Fiona Mccarthy, reason: deathmatching
[2019/11/4 - 10:45:58] AdmCmd: Gab Deleon has been prisoned by Fiona Mccarthy, reason: Powergaming
[2019/11/4 - 11:23:35] AdmCmd: Larry Falcon has been prisoned by Thug, reason: DM
[2019/11/4 - 11:24:35] AdmCmd: Ben Falcon has been prisoned by Thug, reason: DM
[2019/11/4 - 11:31:09] AdmCmd: Erika Akane has been prisoned by Thug, reason: DM
[2019/11/4 - 12:43:56] AdmCmd: Hamzo Freeman has been prisoned by Dai Aizukotetsu, reason: Metagaming
[2019/11/4 - 13:17:49] AdmCmd: Rody Duterte has been prisoned by Ryuusaki Hanako, reason: Deathmatching
[2019/11/4 - 13:19:35] AdmCmd: Rody Duterte has been prisoned by Darvin, reason: Reduced (Ryuusaki Hanako)
[2019/11/4 - 13:31:08] AdmCmd: Ryan Bang has been prisoned by Mickey Freeman, reason: dm
[2019/11/4 - 23:14:59] AdmCmd: Tom Rose has been prisoned by Scorpion, reason: DM
[2019/11/4 - 23:21:57] AdmCmd: Tom Rose has been prisoned by Emily Parker, reason: RK
[2019/11/4 - 23:22:04] AdmCmd: Kevin Rose has been prisoned by Emily Parker, reason: DM
[2019/11/5 - 5:59:36] AdmCmd: Tom Fortis has been prisoned by Scorpion, reason: Adjusted
[2019/11/5 - 7:42:49] AdmCmd: Ben Dover has been prisoned by Fiona Mccarthy, reason: Rk
[2019/11/5 - 7:57:46] AdmCmd: Tom Fortis has been prisoned by Darvin, reason: DM
[2019/11/5 - 7:58:38] AdmCmd: Angelica Blackwood has been prisoned by Darvin, reason: Sniper DM
[2019/11/5 - 7:59:14] AdmCmd: Tom Fortis has been prisoned by Darvin, reason: DM (Reduced)
[2019/11/5 - 7:59:29] AdmCmd: Tom Fortis has been prisoned by Scorpion, reason: Adjusted
[2019/11/5 - 8:01:37] AdmCmd: Tom Fortis has been prisoned by Darvin, reason: DM (0
[2019/11/5 - 8:27:24] AdmCmd: Sherwood K. Demon has been prisoned by Fredy, reason: DM
[2019/11/5 - 8:40:08] AdmCmd: Sherwood K. Demon has been prisoned by FionaM, reason: DeathMatching.
[2019/11/5 - 8:44:23] AdmCmd: Justin Rogers has been prisoned by FionaM, reason: Rk
[2019/11/5 - 9:06:33] AdmCmd: Juls Velasco has been prisoned by Mickey Freeman, reason: random shooting
[2019/11/5 - 9:11:32] AdmCmd: Tom Fortis has been prisoned by Akira, reason: Killing on Sight.
[2019/11/5 - 9:56:17] AdmCmd: Cris P Pata has been prisoned by FionaM, reason: Deathmatching.
[2019/11/5 - 10:27:52] AdmCmd: Juls Velasco has been prisoned by FionaM, reason: Mg'ed + Abusing ((/SU)), [FC] By Mickey Freeman
[2019/11/5 - 11:10:27] AdmCmd: Dave Snow has been prisoned by Tony, reason: DM
[2019/11/5 - 11:19:32] AdmCmd: Thea Dinice has been prisoned by Sherlock King Demon, reason: KoS
[2019/11/5 - 11:37:15] AdmCmd: Khalid Sage has been prisoned by Billy, reason: KOS
[2019/11/5 - 12:14:27] AdmCmd: Coco L Valencia has been prisoned by Mickey Freeman, reason: kos
[2019/11/5 - 12:41:41] AdmCmd: Kray Flockavelli has been prisoned by Fionam, reason: DM
[2019/11/5 - 12:48:26] AdmCmd: Jino Smith has been prisoned by Sherlock King Demon, reason: DM
[2019/11/5 - 13:27:43] AdmCmd: Daz Dillinger has been prisoned by Fionam, reason: DM
[2019/11/5 - 13:36:26] AdmCmd: Daz Dillinger has been prisoned by Darvin, reason: DM
[2019/11/5 - 13:44:04] AdmCmd: Richard Cheech has been prisoned by Darvin, reason: DM
[2019/11/5 - 13:50:38] AdmCmd: Jino Smith has been prisoned by Lexi Lore, reason: DM
[2019/11/5 - 13:51:07] AdmCmd: Jino Smith has been prisoned by Darvin, reason: DM (Added more time)
[2019/11/5 - 13:52:34] AdmCmd: Daz Dillinger has been prisoned by Darvin, reason: DM (Reduced)
[2019/11/6 - 4:41:39] AdmCmd: Chumpie Sakura has been prisoned by Shernan King Demon, reason: Sniper DM
[2019/11/6 - 4:44:36] AdmCmd: Hood Charles has been prisoned by Shernan King Demon, reason: Powergaming
[2019/11/6 - 4:46:52] AdmCmd: Jino Smith has been prisoned by Shernan King Demon, reason: DM
[2019/11/6 - 6:26:47] AdmCmd: Bobby Escobar has been prisoned by Fionam, reason: Deathmatching
[2019/11/6 - 9:21:58] AdmCmd: Hood Charles has been prisoned by Jax, reason: DM
[2019/11/6 - 9:22:28] AdmCmd: Hood Charles has been prisoned by Jax, reason: Reduced
[2019/11/6 - 11:05:59] AdmCmd: Hood Charles has been prisoned by Doffy, reason: RK
[2019/11/6 - 12:14:42] AdmCmd: Ryan Bang has been prisoned by Michael Rigger, reason: PG (removing own /wanted level)
[2019/11/6 - 12:19:05] AdmCmd: Ryan Bang has been prisoned by Doffy, reason: Reduced
[2019/11/6 - 13:52:54] AdmCmd: Rui Sashi Matsuko has been prisoned by John Livel, reason: KOS
[2019/11/6 - 13:54:28] AdmCmd: Rui Sashi Matsuko has been prisoned by Darvin, reason: Reduced
[2019/11/6 - 14:15:33] AdmCmd: Jazz_Hanako has been offline prisoned by Akira, reason: Change name before release.
[2019/11/6 - 21:34:38] AdmCmd: Semi Totorin has been prisoned by Nick Mcfellow, reason: CS
[2019/11/6 - 21:34:45] AdmCmd: Katsuro Hiroshi has been prisoned by Nick Mcfellow, reason: CS
[2019/11/7 - 6:21:49] AdmCmd: Sherwood K. Demon has been prisoned by Darvin, reason: DM
[2019/11/7 - 6:37:13] AdmCmd: Sherwood K. Demon has been prisoned by Jax, reason: DM
[2019/11/7 - 7:02:18] AdmCmd: Kuro Tsutake has been prisoned by Nir Francis, reason: 15 DM
[2019/11/7 - 7:28:45] AdmCmd: Kuro Tsutake has been prisoned by Jax Winterfield, reason: DM
[2019/11/7 - 7:33:14] AdmCmd: Kuro Tsutake has been prisoned by Scorpion, reason: DM(Reduced)
[2019/11/7 - 9:16:53] AdmCmd: Eyan De Blackwood has been prisoned by Jax, reason: DM
[2019/11/7 - 9:19:43] AdmCmd: Lucy Flexman has been prisoned by Doffy, reason: DM
[2019/11/7 - 12:10:45] AdmCmd: Kray Flockavelli has been prisoned by Darvin, reason: Reduced
[2019/11/7 - 14:11:26] AdmCmd: Chamz Benson has been prisoned by Michael Rogers, reason: PG
[2019/11/8 - 3:35:40] AdmCmd: Big Dick has been prisoned by Doffy, reason: Fix your name
[2019/11/8 - 3:45:13] AdmCmd: Hood Charles has been prisoned by Doffy, reason: DM
[2019/11/8 - 3:47:23] AdmCmd: Hood Charles has been prisoned by Doffy, reason: Reduced
[2019/11/8 - 8:52:59] AdmCmd: Kuro Tsutake has been prisoned by Doffy, reason: DM
[2019/11/8 - 9:02:54] AdmCmd: Marcin Gucci Benson has been prisoned by Charles, reason: DM
[2019/11/8 - 10:13:29] AdmCmd: Sherwood K. Demon has been prisoned by Charles, reason: DM
[2019/11/8 - 10:34:10] AdmCmd: Kuro Tsutake has been prisoned by Charles, reason: dm
[2019/11/8 - 11:49:40] AdmCmd: Hood Charles has been prisoned by Jax Winterfield, reason: DM
[2019/11/8 - 11:50:58] AdmCmd: Hood Charles has been prisoned by William, reason: DM
[2019/11/8 - 12:00:33] AdmCmd: Monkey D. Luffy has been prisoned by Doffy, reason: DM
[2019/11/8 - 15:25:58] AdmCmd: James Rockman has been prisoned by Fredy, reason: DM
[2019/11/9 - 1:53:18] AdmCmd: Xao_Kai has been offline prisoned by Chan, reason: BOTD
[2019/11/9 - 5:45:25] AdmCmd: Clair Y. Marzette has been prisoned by Darvin, reason: DM
[2019/11/9 - 5:45:31] AdmCmd: Daz Dillinger has been prisoned by Darvin, reason: DM
[2019/11/9 - 5:45:36] AdmCmd: Clair Y. Marzette has been prisoned by Darvin, reason: Wrong id
[2019/11/9 - 5:48:23] AdmCmd: Daz Dillinger has been prisoned by Darvin, reason: DM (Reduced)
[2019/11/9 - 7:07:10] AdmCmd: Marjun Xerxes has been prisoned by Sean Mello, reason: 20 DM
[2019/11/9 - 9:26:30] AdmCmd: Andre_Young has been offline prisoned by Chan, reason: Killing on sight
