[2018/1/4 - 3:25:36] Matt Honest(880189) has modded his vehicle with rims 1080
[2018/1/6 - 23:06:14] Leroy J. Meyers(1000172501) has modded his vehicle with rims 1079
[2018/1/6 - 23:06:45] Leroy J. Meyers(1000172501) has modded his vehicle with rims 1083
[2018/1/6 - 23:07:25] Leroy J. Meyers(1000172501) has modded his vehicle with rims 1080
[2018/1/9 - 22:37:03] Leroy J. Meyers(1000172501) has modded his vehicle with rims 1084
[2018/1/9 - 22:38:33] Leroy J. Meyers(1000172501) has modded his vehicle with rims 1080
[2018/1/13 - 10:29:46] Percy Jones(1000597291) has modded his vehicle with rims 1080
[2018/1/13 - 11:26:48] Alice Rodriguez(1000311457) has modded his vehicle with rims 1079
[2018/1/14 - 21:07:55] Bobby Leyva Escobar(1000625245) has modded his vehicle with rims 1080
[2018/1/16 - 17:07:28] Matt Dirt Henchman(28246) has modded his vehicle with rims 1079
[2018/1/16 - 17:23:04] Matt Dirt Henchman(28246) has modded his vehicle with rims 1079
[2018/1/20 - 1:06:08] Bobby Leyva Escobar(1000625245) has modded his vehicle with rims 1080
[2018/1/20 - 1:07:06] Salvatore Bonanno(1000036195) has modded his vehicle with rims 1080
[2018/1/21 - 9:22:13] Ai Chan(1000625784) has modded his vehicle with rims 1079
[2018/1/21 - 10:19:34] Leonardo Bishop(30171) has modded his vehicle with rims 1080
[2018/1/23 - 6:49:25] Bruce Flleming(22183) has modded his vehicle with rims 1079
[2018/1/23 - 12:48:31] Simon Payne(1000221808) has modded his vehicle with rims 1079
[2018/1/23 - 12:53:11] Simon Payne(1000221808) has modded his vehicle with rims 1079
[2018/1/24 - 13:18:20] Simon Payne(1000221808) has modded his vehicle with rims 1079
[2019/10/16 - 13:58:39] Sandra Bell(3319) has modded his vehicle with rims 1073
[2019/10/18 - 19:10:01] Nick Mcfellow(1605) has modded his vehicle with rims 1079
[2019/10/20 - 3:06:27] Hans Goatse(3271) has modded his vehicle with rims 1080
[2019/10/21 - 18:18:26] Huzaifa X Knights(2632) has modded his vehicle with rims 1080
[2019/10/21 - 18:39:43] David Stanford(3074) has modded his vehicle with rims 1079
[2019/10/21 - 18:44:10] David Stanford(3074) has modded his vehicle with rims 1080
[2019/10/21 - 18:44:24] David Stanford(3074) has modded his vehicle with rims 1080
[2019/10/21 - 18:44:36] David Stanford(3074) has modded his vehicle with rims 1079
[2019/10/21 - 19:30:53] Wang Shu(3030) has modded his vehicle with rims 1079
[2019/10/22 - 13:36:49] Huzaifa X Knights(2632) has modded his vehicle with rims 1080
[2019/10/22 - 13:49:17] Huzaifa X Knights(2632) has modded his vehicle with rims 1080
[2019/10/22 - 14:00:38] Huzaifa X Knights(2632) has modded his vehicle with rims 1080
[2019/10/22 - 18:46:37] Susa Calalin(3547) has modded his vehicle with rims 1080
[2019/10/23 - 10:44:10] Jiro Matsukaze(2345) has modded his vehicle with rims 1074
[2019/10/23 - 10:47:55] Jiro Matsukaze(2345) has modded his vehicle with rims 1074
[2019/10/23 - 11:12:05] Huzaifa X Knights(2632) has modded his vehicle with rims 1080
[2019/10/24 - 13:48:32] Huzaifa X Knights(2632) has modded his vehicle with rims 1080
[2019/10/26 - 14:47:48] Sandra Bell(3319) has modded his vehicle with rims 1073
[2019/10/26 - 15:35:47] Bryan Cabral(3657) has modded his vehicle with rims 1098
[2019/10/26 - 15:38:14] Bryan Cabral(3657) has modded his vehicle with rims 1079
[2019/10/26 - 17:43:38] Bryan Cabral(3657) has modded his vehicle with rims 1074
[2019/10/28 - 18:23:39] Danny Cartman(3661) has modded his vehicle with rims 1080
[2019/10/28 - 18:24:11] Danny Cartman(3661) has modded his vehicle with rims 1080
[2019/10/29 - 14:45:43] Bryan Cabral(3657) has modded his vehicle with rims 1079
[2019/10/29 - 15:24:52] Bryan Cabral(3657) has modded his vehicle with rims 1079
[2019/10/30 - 13:42:40] Jimmy Rio(2032) has modded his vehicle with rims 1080
[2019/10/30 - 13:42:53] Jimmy Rio(2032) has modded his vehicle with rims 1080
[2019/10/30 - 13:43:04] Jimmy Rio(2032) has modded his vehicle with rims 1080
[2019/10/30 - 13:43:23] Jimmy Rio(2032) has modded his vehicle with rims 1080
[2019/10/30 - 17:43:52] Jimmy Rio(2032) has modded his vehicle with rims 1079
[2019/10/30 - 17:45:58] Jimmy Rio(2032) has modded his vehicle with rims 1080
[2019/11/2 - 7:11:43] Fiona Mccarthy(3319) has modded his vehicle with rims 1073
[2019/11/2 - 8:36:35] Fiona Mccarthy(3319) has modded his vehicle with rims 1073
[2019/11/3 - 17:15:12] Abdullah X Knights(2625) has modded his vehicle with rims 1080
[2019/11/3 - 17:53:40] Hondo Zhe Chan(2736) has modded his vehicle with rims 1079
[2019/11/3 - 23:09:53] Chan Blaze(1316) has modded his vehicle with rims 1079
[2019/11/5 - 11:22:41] Ben Dover(4017) has modded his vehicle with rims 1080
[2019/11/5 - 11:37:53] Kray Maddox(1484) has modded his vehicle with rims 1079
[2019/11/5 - 12:05:02] Ryan Bang(3531) has modded his vehicle with rims 1080
[2019/11/5 - 15:46:07] Huzaifa X Knights(2632) has modded his vehicle with rims 1080
[2019/11/5 - 19:21:03] Huzaifa X Knights(2632) has modded his vehicle with rims 1080
[2019/11/5 - 19:21:06] Chan Blaze(1316) has modded his vehicle with rims 1080
[2019/11/5 - 20:10:37] Chan Blaze(1316) has modded his vehicle with rims 1080
[2019/11/5 - 22:47:12] Chan Blaze(1316) has modded his vehicle with rims 1080
[2019/11/5 - 22:55:48] Chan Blaze(1316) has modded his vehicle with rims 1080
[2019/11/5 - 22:56:55] Chan Blaze(1316) has modded his vehicle with rims 1080
[2019/11/6 - 16:52:57] Abdullah X Knights(2625) has modded his vehicle with rims 1080
[2019/11/6 - 17:46:24] Abdullah X Knights(2625) has modded his vehicle with rims 1080
[2019/11/7 - 7:47:40] Tony Painter(3918) has modded his vehicle with rims 1080
[2019/11/8 - 6:26:38] Jax Winterfield(3050) has modded his vehicle with rims 1080
[2019/11/8 - 7:58:34] Richard Escobar(2600) has modded his vehicle with rims 1080
[2019/11/8 - 8:35:06] Richard Escobar(2600) has modded his vehicle with rims 1080
[2019/11/9 - 9:06:10] Chan(4095) has modded his vehicle with rims 1080
