[2018/1/1 - 20:22:14] Paul Duffster has edited Text Label ID 492's text to Paul Duffster's house.
[2018/1/1 - 21:28:33] Leroy J. Meyers has edited Text Label ID 32's position.
[2018/1/1 - 21:28:47] Leroy J. Meyers has edited Text Label ID 32's text to Owned by Tyler De La Mofujohn.
[2018/1/1 - 21:31:52] Leroy J. Meyers has edited Text Label ID 270's text to Reserved for Alan Stark.
[2018/1/1 - 21:33:39] Leroy J. Meyers has edited Text Label ID 35's position.
[2018/1/1 - 21:34:09] Leroy J. Meyers has edited Text Label ID 35's text to Reserver for George_Morgan - Pending Donation.
[2018/1/1 - 21:34:13] Leroy J. Meyers has edited Text Label ID 35's text to Reserved for George_Morgan - Pending Donation.
[2018/1/1 - 21:49:27] Leroy J. Meyers has deleted Text Label 32.
[2018/1/2 - 0:14:44] Clark Smith has deleted Text Label 13.
[2018/1/2 - 0:57:02] Daniel Bishop has deleted Text Label 35.
[2018/1/2 - 13:36:56] Clark Smith has deleted Text Label 29.
[2018/1/2 - 22:29:51] Paul Duffster has deleted Text Label 267.
[2018/1/3 - 6:22:54] Captainthrillss has edited Text Label ID 13's position.
[2018/1/3 - 6:23:18] Captainthrillss has edited Text Label ID 13's PickupModel.
[2018/1/3 - 6:23:24] Captainthrillss has edited Text Label ID 13's PickupModel.
[2018/1/3 - 6:23:31] Captainthrillss has edited Text Label ID 13's PickupModel.
[2018/1/3 - 6:24:43] Captainthrillss has edited Text Label ID 13's text to Test.
[2018/1/3 - 6:25:10] Captainthrillss has edited Text Label ID 13's PickupModel.
[2018/1/3 - 6:25:24] Captainthrillss has deleted Text Label 13.
[2018/1/3 - 6:54:16] Captainthrillss has deleted Text Label 2.
[2018/1/3 - 23:13:06] Lue Dockson has edited Text Label ID 2's position.
[2018/1/3 - 23:13:29] Lue Dockson has edited Text Label ID 2's text to Reserved for Lue Dockson.
[2018/1/4 - 1:12:37] Lue Dockson has edited Text Label ID 13's position.
[2018/1/4 - 1:12:52] Lue Dockson has edited Text Label ID 13's text to Uzi-Gang Compound.
[2018/1/4 - 3:30:59] Lue Dockson has edited Text Label ID 29's position.
[2018/1/4 - 3:31:20] Lue Dockson has edited Text Label ID 29's text to Uzi-Gang Fight Cage - No Pussy Niggas.
[2018/1/4 - 15:53:10] Leroy J. Meyers has edited Text Label ID 32's position.
[2018/1/4 - 15:53:21] Leroy J. Meyers has edited Text Label ID 32's text to Reserverd for Jeff_Kingpin.
[2018/1/4 - 21:50:22] Captainthrillss has edited Text Label ID 2's text to LSPD HQ.
[2018/1/4 - 21:50:48] Captainthrillss has edited Text Label ID 2's text to Bar.
[2018/1/5 - 19:22:10] Paul Duffster has deleted Text Label 32.
[2018/1/5 - 22:32:05] Paul Duffster has edited Text Label ID 32's position.
[2018/1/5 - 22:33:25] Paul Duffster has edited Text Label ID 32's text to Jonas_Mezeika's house.
[2018/1/5 - 22:35:37] Leroy J. Meyers has edited Text Label ID 35's position.
[2018/1/5 - 22:35:41] Leroy J. Meyers has edited Text Label ID 35's text to hotel room.
[2018/1/5 - 22:37:20] Leroy J. Meyers has edited Text Label ID 32's position.
[2018/1/5 - 22:37:31] Leroy J. Meyers has edited Text Label ID 32's text to Auctioned to Jonas Mezeika.
[2018/1/5 - 22:38:24] Paul Duffster has edited Text Label ID 36's position.
[2018/1/5 - 22:38:51] Paul Duffster has edited Text Label ID 36's text to Miguel_B._Adkins won the auction.
[2018/1/5 - 22:41:56] Robert Caber has edited Text Label ID 248's position.
[2018/1/5 - 22:42:19] Robert Caber has edited Text Label ID 248's text to Locker Room.
[2018/1/5 - 22:44:07] Robert Caber has edited Text Label ID 248's position.
[2018/1/5 - 22:59:59] Leroy J. Meyers has deleted Text Label 352.
[2018/1/5 - 23:00:48] Leroy J. Meyers has deleted Text Label 126.
[2018/1/5 - 23:00:55] Leroy J. Meyers has deleted Text Label 122.
[2018/1/6 - 20:33:27] Dylan Langley has edited Text Label ID 39's text to DO NOT PLACE DD HERE - HONEST.
[2018/1/6 - 20:34:39] Dylan Langley has edited Text Label ID 39's position.
[2018/1/7 - 23:29:28] Paul Duffster has deleted Text Label 298.
[2018/1/8 - 0:08:07] Paul Duffster has edited Text Label ID 42's position.
[2018/1/8 - 0:08:23] Paul Duffster has edited Text Label ID 42's text to Rest in Piece..
[2018/1/8 - 0:08:33] Paul Duffster has edited Text Label ID 42's position.
[2018/1/8 - 0:09:07] Paul Duffster has deleted Text Label 48.
[2018/1/8 - 0:09:29] Paul Duffster has deleted Text Label 60.
[2018/1/9 - 7:09:15] Captainthrillss has edited Text Label ID 43's position.
[2018/1/9 - 7:09:31] Captainthrillss has edited Text Label ID 43's text to Press "Y" to use ATM.
[2018/1/9 - 7:10:36] Captainthrillss has edited Text Label ID 43's position.
[2018/1/9 - 7:10:42] Captainthrillss has edited Text Label ID 43's position.
[2018/1/9 - 7:10:53] Captainthrillss has edited Text Label ID 43's position.
[2018/1/9 - 17:39:19] Mitch Makaveli has edited Text Label ID 48's PickupModel.
[2018/1/9 - 17:39:27] Mitch Makaveli has edited Text Label ID 48's PickupModel.
[2018/1/9 - 17:43:48] Mitch Makaveli has edited Text Label ID 48's position.
[2018/1/9 - 17:44:00] Mitch Makaveli has edited Text Label ID 48's position.
[2018/1/9 - 17:44:10] Mitch Makaveli has edited Text Label ID 48's PickupModel.
[2018/1/9 - 17:44:14] Mitch Makaveli has edited Text Label ID 48's PickupModel.
[2018/1/9 - 17:46:23] Mitch Makaveli has edited Text Label ID 48's text to **There would be shattered glass laying around with the smell of extinguis
[2018/1/9 - 18:39:23] Captainthrillss has edited Text Label ID 53's position.
[2018/1/9 - 18:39:34] Captainthrillss has edited Text Label ID 53's text to "Point for Admin Team DV Garage.
[2018/1/9 - 18:39:42] Captainthrillss has edited Text Label ID 53's text to Point for Admin Team DV Garage.
[2018/1/9 - 19:02:19] Mitch Makaveli has deleted Text Label 48.
[2018/1/9 - 20:49:05] Matt Honest has edited Text Label ID 240's text to Honest's House..
[2018/1/10 - 3:39:58] Captainthrillss has edited Text Label ID 48's position.
[2018/1/10 - 3:40:17] Captainthrillss has edited Text Label ID 48's text to Ocean Docks Crate Facility Raid Gate.
[2018/1/10 - 21:17:58] Mitch Makaveli has deleted Text Label 39.
[2018/1/10 - 21:43:09] Paul Duffster has edited Text Label ID 39's position.
[2018/1/10 - 21:43:21] Paul Duffster has edited Text Label ID 39's text to Reserved for Corey Brooks.
[2018/1/10 - 21:43:31] Paul Duffster has edited Text Label ID 39's text to Reserved for Corey Brooks until 15/01/18.
[2018/1/10 - 21:43:39] Paul Duffster has edited Text Label ID 39's text to Reserved for Corey Brooks until 15/01/18 - Paul.
[2018/1/10 - 21:43:42] Paul Duffster has edited Text Label ID 39's text to Reserved for Corey Brooks until 15/01/18 ~ Paul.
[2018/1/10 - 21:49:48] Mitch Makaveli has edited Text Label ID 56's position.
[2018/1/10 - 21:51:10] Mitch Makaveli has edited Text Label ID 56's text to /slots to play the machines..
[2018/1/10 - 21:52:17] Mitch Makaveli has edited Text Label ID 60's position.
[2018/1/10 - 21:52:44] Mitch Makaveli has edited Text Label ID 60's text to /slots at any machine to gamble!.
[2018/1/11 - 0:05:57] Mitch Makaveli has edited Text Label ID 61's position.
[2018/1/11 - 0:06:35] Mitch Makaveli has edited Text Label ID 61's text to Use /slots to play on the machines..
[2018/1/11 - 0:09:16] Mitch Makaveli has edited Text Label ID 62's position.
[2018/1/11 - 0:09:53] Mitch Makaveli has edited Text Label ID 62's text to /slots to play the machines..
[2018/1/12 - 16:01:28] Mitch Makaveli has edited Text Label ID 63's position.
[2018/1/12 - 16:04:04] Mitch Makaveli has edited Text Label ID 63's text to TRUCKER JOB IS NOW LOCATED IN LS!.
[2018/1/12 - 16:04:26] Mitch Makaveli has edited Text Label ID 63's PickupModel.
[2018/1/12 - 16:04:27] Mitch Makaveli has edited Text Label ID 63's PickupModel.
[2018/1/12 - 16:04:30] Mitch Makaveli has edited Text Label ID 63's PickupModel.
[2018/1/12 - 16:04:33] Mitch Makaveli has edited Text Label ID 63's PickupModel.
[2018/1/12 - 16:04:36] Mitch Makaveli has edited Text Label ID 63's PickupModel.
[2018/1/12 - 16:04:38] Mitch Makaveli has edited Text Label ID 63's PickupModel.
[2018/1/12 - 16:04:53] Mitch Makaveli has edited Text Label ID 63's PickupModel.
[2018/1/12 - 16:04:57] Mitch Makaveli has edited Text Label ID 63's PickupModel.
[2018/1/12 - 16:05:02] Mitch Makaveli has edited Text Label ID 63's PickupModel.
[2018/1/12 - 16:05:07] Mitch Makaveli has edited Text Label ID 63's PickupModel.
[2018/1/12 - 16:05:12] Mitch Makaveli has edited Text Label ID 63's PickupModel.
[2018/1/12 - 16:05:16] Mitch Makaveli has edited Text Label ID 63's PickupModel.
[2018/1/12 - 16:05:20] Mitch Makaveli has edited Text Label ID 63's PickupModel.
[2018/1/12 - 16:05:24] Mitch Makaveli has edited Text Label ID 63's PickupModel.
[2018/1/12 - 16:05:34] Mitch Makaveli has edited Text Label ID 63's PickupModel.
[2018/1/12 - 16:05:39] Mitch Makaveli has edited Text Label ID 63's PickupModel.
[2018/1/12 - 16:05:48] Mitch Makaveli has edited Text Label ID 63's PickupModel.
[2018/1/12 - 16:05:52] Mitch Makaveli has edited Text Label ID 63's PickupModel.
[2018/1/12 - 16:05:55] Mitch Makaveli has edited Text Label ID 63's PickupModel.
[2018/1/12 - 16:05:59] Mitch Makaveli has edited Text Label ID 63's PickupModel.
[2018/1/12 - 16:06:03] Mitch Makaveli has edited Text Label ID 63's PickupModel.
[2018/1/12 - 16:06:07] Mitch Makaveli has edited Text Label ID 63's PickupModel.
[2018/1/12 - 16:06:10] Mitch Makaveli has edited Text Label ID 63's PickupModel.
[2018/1/12 - 16:20:22] Nicole Trey has edited Text Label ID 64's position.
[2018/1/12 - 16:20:38] Nicole Trey has edited Text Label ID 64's text to Cades can be removed at 20:20 in game time..
[2018/1/12 - 16:22:41] Nicole Trey has edited Text Label ID 65's position.
[2018/1/12 - 16:22:56] Nicole Trey has edited Text Label ID 65's text to Cades can be removed at 20:20 in game time..
[2018/1/12 - 18:04:08] Nicole Trey has deleted Text Label 64.
[2018/1/12 - 18:04:16] Nicole Trey has deleted Text Label 65.
[2018/1/12 - 18:07:34] Mitch Makaveli has edited Text Label ID 64's position.
[2018/1/12 - 18:08:11] Mitch Makaveli has edited Text Label ID 64's text to Nicolas Jefferson's house.
[2018/1/13 - 18:15:05] Mitch Makaveli has edited Text Label ID 65's position.
[2018/1/13 - 18:16:01] Mitch Makaveli has edited Text Label ID 65's text to Robert Mofujohn - Report in game to get it set to your name..
[2018/1/13 - 23:23:39] Mitch Makaveli has edited Text Label ID 67's position.
[2018/1/13 - 23:23:57] Mitch Makaveli has edited Text Label ID 67's text to Don't move this house..
[2018/1/15 - 19:04:26] Paul Duffster has edited Text Label ID 68's position.
[2018/1/15 - 19:05:23] Paul Duffster has edited Text Label ID 68's text to Resevered for Aleksandar Knezevic until  16/01.
[2018/1/16 - 14:51:51] Kobe Mece has deleted Text Label 68.
[2018/1/16 - 14:52:47] Kobe Mece has edited Text Label ID 68's position.
[2018/1/16 - 14:53:34] Kobe Mece has edited Text Label ID 68's text to Reserved - Aleksander Knezevic - Contact Paul (Donation).
[2018/1/16 - 14:54:18] Kobe Mece has edited Text Label ID 68's text to Reserved - Aleksander Knezevic/Simon Payne - Contact Paul (Donation).
[2018/1/16 - 19:37:48] Mitch Makaveli has edited Text Label ID 69's position.
[2018/1/16 - 19:38:14] Mitch Makaveli has edited Text Label ID 69's text to Aleksandar_Knezevic's Compound.
[2018/1/16 - 19:42:17] Mitch Makaveli has deleted Text Label 68.
[2018/1/17 - 18:30:37] Hooligan Maddox has deleted Text Label 17.
[2018/1/17 - 18:31:31] Hooligan Maddox has deleted Text Label 18.
[2018/1/17 - 23:41:02] Alejandro Waters has edited Text Label ID 69's text to Simon Payne's Compound.
[2018/1/18 - 1:30:56] Kobe Mece has edited Text Label ID 17's position.
[2018/1/18 - 1:31:05] Kobe Mece has edited Text Label ID 17's text to /makeheroin.
[2018/1/18 - 1:31:19] Kobe Mece has edited Text Label ID 17's color.
[2018/1/18 - 1:31:22] Kobe Mece has edited Text Label ID 17's color.
[2018/1/18 - 1:31:24] Kobe Mece has edited Text Label ID 17's color.
[2018/1/18 - 1:31:26] Kobe Mece has edited Text Label ID 17's color.
[2018/1/18 - 1:31:30] Kobe Mece has edited Text Label ID 17's color.
[2018/1/18 - 1:31:33] Kobe Mece has edited Text Label ID 17's color.
[2018/1/18 - 1:31:35] Kobe Mece has edited Text Label ID 17's color.
[2018/1/18 - 13:22:13] Mitch Makaveli has deleted Text Label 39.
[2018/1/18 - 23:58:16] Mitch Makaveli has edited Text Label ID 18's position.
[2018/1/18 - 23:58:31] Mitch Makaveli has edited Text Label ID 18's text to Reserved for Robert Mofujohn (Pending Duffster).
[2018/1/21 - 9:15:53] Scott R. Mclaren has edited Text Label ID 39's position.
[2018/1/21 - 9:16:45] Scott R. Mclaren has edited Text Label ID 39's text to Crate Cave is Closed Until Further Notice -DGA.
[2018/1/21 - 9:18:08] Scott R. Mclaren has edited Text Label ID 68's position.
[2018/1/21 - 9:18:20] Scott R. Mclaren has edited Text Label ID 68's text to Crate Cave is Closed Until Further Notice -DGA.
[2018/1/21 - 12:55:34] Henry Shadow has edited Text Label ID 245's text to Property of Jizzy fucking Rivers.
[2018/1/21 - 12:56:35] Henry Shadow has edited Text Label ID 245's text to Property of Jizzy Rivers.
[2018/1/21 - 12:58:11] Henry Shadow has edited Text Label ID 245's text to Garage of HID 76..
[2018/1/21 - 12:58:16] Henry Shadow has edited Text Label ID 245's text to Garage of HID 76 <<<<<<<<<<<<<<<.
[2018/1/21 - 12:58:28] Henry Shadow has edited Text Label ID 245's text to << Garage of HID 76 <<.
[2018/1/21 - 13:00:58] Henry Shadow has edited Text Label ID 245's color.
[2018/1/21 - 13:51:02] Jackson Dread has deleted Text Label 39.
[2018/1/21 - 17:36:12] Carlos Ramirez has edited Text Label ID 39's position.
[2018/1/21 - 17:37:10] Carlos Ramirez has edited Text Label ID 39's text to CRATE ISLAND IS CLOSED TILL DGA OR AN EA OPENS ANYONE RAIDING WILL BE JAIL
[2018/1/21 - 17:37:25] Carlos Ramirez has edited Text Label ID 39's color.
[2018/1/21 - 17:37:27] Carlos Ramirez has edited Text Label ID 39's color.
[2018/1/21 - 17:37:28] Carlos Ramirez has edited Text Label ID 39's color.
[2018/1/21 - 17:37:30] Carlos Ramirez has edited Text Label ID 39's color.
[2018/1/21 - 17:37:34] Carlos Ramirez has edited Text Label ID 39's color.
[2018/1/21 - 17:37:37] Carlos Ramirez has edited Text Label ID 39's color.
[2018/1/21 - 17:37:40] Carlos Ramirez has edited Text Label ID 39's color.
[2018/1/21 - 17:37:43] Carlos Ramirez has edited Text Label ID 39's color.
[2018/1/21 - 17:37:45] Carlos Ramirez has edited Text Label ID 39's color.
[2018/1/21 - 17:37:49] Carlos Ramirez has edited Text Label ID 39's color.
[2018/1/21 - 17:37:52] Carlos Ramirez has edited Text Label ID 39's color.
[2018/1/21 - 17:37:54] Carlos Ramirez has edited Text Label ID 39's color.
[2018/1/21 - 17:37:56] Carlos Ramirez has edited Text Label ID 39's color.
[2018/1/21 - 17:37:58] Carlos Ramirez has edited Text Label ID 39's color.
[2018/1/21 - 17:38:00] Carlos Ramirez has edited Text Label ID 39's color.
[2018/1/21 - 17:38:01] Carlos Ramirez has edited Text Label ID 39's color.
[2018/1/21 - 17:38:04] Carlos Ramirez has edited Text Label ID 39's color.
[2018/1/21 - 17:38:07] Carlos Ramirez has edited Text Label ID 39's color.
[2018/1/21 - 17:38:09] Carlos Ramirez has edited Text Label ID 39's color.
[2018/1/21 - 17:38:25] Carlos Ramirez has edited Text Label ID 39's color.
[2018/1/21 - 17:38:43] Carlos Ramirez has edited Text Label ID 39's color.
[2018/1/21 - 18:47:08] Jackson Dread has deleted Text Label 18.
[2018/1/21 - 19:50:45] Jackson Dread has edited Text Label ID 18's position.
[2018/1/21 - 19:50:56] Jackson Dread has edited Text Label ID 18's text to /switchgroup 20 and /agate when the cave is raidable!.
[2018/1/21 - 19:51:05] Jackson Dread has edited Text Label ID 18's text to /switchgroup 20 and /agate when the facility is raidable!.
[2018/1/23 - 11:43:27] Kobe Mece has deleted Text Label 17.
[2018/1/23 - 11:43:31] Kobe Mece has deleted Text Label 18.
[2018/1/23 - 11:44:03] Kobe Mece has edited Text Label ID 17's position.
[2018/1/23 - 11:44:08] Kobe Mece has edited Text Label ID 17's position.
[2018/1/23 - 11:44:36] Kobe Mece has edited Text Label ID 17's text to Crate Facility is not to be raided under any circumstances unless approved by a
[2018/1/25 - 0:36:55] Clank Hamm has edited Text Label ID 18's position.
[2018/1/25 - 0:37:44] Clank Hamm has edited Text Label ID 18's text to VW 95 FOR ADMIN REFERENCE.
[2019/10/15 - 15:15:35] Guzman has edited Text Label ID 187's position.
[2019/10/15 - 15:15:57] Guzman has edited Text Label ID 187's text to ((/exit or "N")).
[2019/10/19 - 9:56:01] Guzman has edited Text Label ID 188's text to position.
[2019/10/19 - 9:56:14] Guzman has edited Text Label ID 188's position.
[2019/10/19 - 9:56:24] Guzman has edited Text Label ID 188's text to Press "Y" to interact..
[2019/10/19 - 11:40:11] Kray has edited Text Label ID 189's position.
[2019/10/19 - 11:40:35] Kray has edited Text Label ID 189's text to This Compound is owned by : Kray "OG" Maddox.
[2019/10/19 - 11:40:53] Kray has edited Text Label ID 189's PickupModel.
[2019/10/19 - 11:40:55] Kray has edited Text Label ID 189's PickupModel.
[2019/10/19 - 11:40:57] Kray has edited Text Label ID 189's PickupModel.
[2019/10/19 - 11:40:59] Kray has edited Text Label ID 189's PickupModel.
[2019/10/19 - 11:41:02] Kray has edited Text Label ID 189's PickupModel.
[2019/10/19 - 11:41:06] Kray has edited Text Label ID 189's PickupModel.
[2019/10/19 - 11:41:08] Kray has edited Text Label ID 189's PickupModel.
[2019/10/19 - 11:41:11] Kray has edited Text Label ID 189's PickupModel.
[2019/10/19 - 11:41:20] Kray has edited Text Label ID 189's PickupModel.
[2019/10/19 - 11:41:27] Kray has edited Text Label ID 189's PickupModel.
[2019/10/19 - 11:41:32] Kray has edited Text Label ID 189's PickupModel.
[2019/10/19 - 11:41:36] Kray has edited Text Label ID 189's PickupModel.
[2019/10/19 - 11:41:42] Kray has edited Text Label ID 189's PickupModel.
[2019/10/19 - 11:41:44] Kray has edited Text Label ID 189's PickupModel.
[2019/10/19 - 11:41:46] Kray has edited Text Label ID 189's PickupModel.
[2019/10/19 - 11:41:50] Kray has edited Text Label ID 189's PickupModel.
[2019/10/19 - 11:41:54] Kray has edited Text Label ID 189's PickupModel.
[2019/10/19 - 11:41:56] Kray has edited Text Label ID 189's PickupModel.
[2019/10/19 - 11:42:00] Kray has edited Text Label ID 189's PickupModel.
[2019/10/19 - 11:42:03] Kray has edited Text Label ID 189's PickupModel.
[2019/10/19 - 11:42:06] Kray has edited Text Label ID 189's PickupModel.
[2019/10/19 - 11:42:13] Kray has edited Text Label ID 189's PickupModel.
[2019/10/19 - 11:42:16] Kray has edited Text Label ID 189's PickupModel.
[2019/10/19 - 11:42:21] Kray has edited Text Label ID 189's PickupModel.
[2019/10/19 - 11:42:24] Kray has edited Text Label ID 189's PickupModel.
[2019/10/21 - 18:45:41] Scorpion has edited Text Label ID 190's position.
[2019/10/21 - 18:46:07] Scorpion has edited Text Label ID 190's text to Exit Point.
[2019/10/22 - 12:53:27] Bell has edited Text Label ID 99's text to Compound owned by: Mizuki Vikouri.
[2019/10/22 - 12:58:50] Bell has edited Text Label ID 100's text to c.
[2019/10/22 - 12:59:05] Bell has edited Text Label ID 100's text to Compound owned by: Mizuki Vikouri.
[2019/10/22 - 13:10:39] Bell has edited Text Label ID 82's text to Mizuki Vikouri Own this Compound.
[2019/10/23 - 12:20:13] Bell has edited Text Label ID 67's text to This compound is owned by Mizuki Vikouri.
[2019/10/23 - 13:34:23] Bell has edited Text Label ID 115's text to New Terrorist Armed Force Headquarters/Base.
[2019/10/30 - 6:26:01] Scorpion has edited Text Label ID 191's text to Exit from here..
[2019/10/30 - 20:16:29] Chelsya has edited Text Label ID 191's text to hi majnu.
[2019/10/30 - 20:16:36] Chelsya has edited Text Label ID 191's position.
[2019/10/31 - 10:32:22] Majnu has deleted Text Label 191.
[2019/10/31 - 21:10:34] Scorpion has edited Text Label ID 191's position.
[2019/10/31 - 21:10:55] Scorpion has edited Text Label ID 191's text to EXIT FROM HERE..
[2019/10/31 - 23:06:36] Majnu has deleted Text Label 9.
[2019/11/1 - 1:35:20] Chelsya has edited Text Label ID 9's text to Compound owned by James Charles.
[2019/11/1 - 1:35:28] Chelsya has edited Text Label ID 9's position.
[2019/11/1 - 11:25:04] Alejandro has edited Text Label ID 127's text to This property is owned by Alejandro Waters, Dont touch it..
[2019/11/1 - 11:26:21] Alejandro has edited Text Label ID 127's text to This property is owned by Jim Will, Dont touch it..
[2019/11/1 - 20:36:33] Scorpion has edited Text Label ID 192's position.
[2019/11/1 - 20:36:50] Scorpion has edited Text Label ID 192's text to Reserved by Scorpion..
[2019/11/1 - 20:37:26] Scorpion has edited Text Label ID 192's text to Reserved by Scorpion.((Don't Dare to Touch)).
[2019/11/2 - 15:06:00] William has edited Text Label ID 193's position.
[2019/11/2 - 15:07:29] William has edited Text Label ID 193's text to Exit From Here..
[2019/11/2 - 15:13:27] William has edited Text Label ID 192's text to Owned by JAmes_Darko ((Approved By Scorpion)).
[2019/11/2 - 15:13:34] William has edited Text Label ID 192's text to Owned by JAmes_Darko ((Approved By Scorpion)).
[2019/11/2 - 15:13:40] William has edited Text Label ID 192's text to Owned by James_Darko ((Approved By Scorpion)).
[2019/11/2 - 15:32:35] William has edited Text Label ID 4's text to Nicholas's Property.
[2019/11/3 - 7:12:00] Mystic has edited Text Label ID 194's position.
[2019/11/3 - 7:13:08] Mystic has edited Text Label ID 194's text to Do not Trespass / Owner : Mark_Scotter.
[2019/11/3 - 7:14:27] Mystic has edited Text Label ID 194's color.
[2019/11/3 - 11:29:03] Mystic has edited Text Label ID 144's text to Tite ni Jax Maliit.
[2019/11/3 - 11:29:36] Mystic has edited Text Label ID 144's text to Jax has a little weiner.
[2019/11/3 - 11:30:12] Mystic has edited Text Label ID 144's text to Compound owned by a small dick owner.. / Owner : Jax_Winterfield.
[2019/11/3 - 11:30:42] Mystic has edited Text Label ID 144's text to Winterfield Automotives Owner : Jax_Winterfield.
[2019/11/3 - 11:30:48] Mystic has edited Text Label ID 144's text to Winterfield Automotives        Owner : Jax_Winterfield.
[2019/11/3 - 11:30:58] Mystic has edited Text Label ID 144's text to Winterfield Automotives  /Owner : Jax_Winterfield/.
[2019/11/3 - 11:31:27] Mystic has edited Text Label ID 144's text to Winterfield Automotives OWNER : Jax_Winterfield.
[2019/11/3 - 11:31:42] Mystic has edited Text Label ID 144's text to Winterfield Automotives Owner : Jax_Winterfield.
[2019/11/3 - 13:59:51] Mystic has edited Text Label ID 195's position.
[2019/11/3 - 14:00:16] Mystic has edited Text Label ID 195's text to Vice Director Kyle Alvarado's Office.
[2019/11/3 - 14:00:29] Mystic has edited Text Label ID 195's text to HMA Vice Director Kyle Alvarado's Office.
[2019/11/3 - 22:55:24] Chelsya has deleted Text Label 73.
[2019/11/3 - 22:56:47] Chelsya has edited Text Label ID 73's text to Compound owned by Victoria Robinson.
[2019/11/3 - 22:56:50] Chelsya has edited Text Label ID 73's position.
[2019/11/4 - 7:32:44] Guzman has edited Text Label ID 196's position.
[2019/11/4 - 7:33:07] Guzman has edited Text Label ID 196's text to Property Owned by: Arturo Murillo.
[2019/11/4 - 17:59:36] Fredy has edited Text Label ID 197's position.
[2019/11/4 - 18:00:37] Fredy has edited Text Label ID 197's text to Do Not Touch (FREDY).
[2019/11/5 - 0:36:16] Scorpion has edited Text Label ID 198's position.
[2019/11/5 - 0:36:31] Scorpion has edited Text Label ID 198's position.
[2019/11/5 - 0:36:57] Scorpion has edited Text Label ID 198's text to Townsend's Dump ((Thanks to Chelsya)).
[2019/11/5 - 0:37:14] Scorpion has edited Text Label ID 198's PickupModel.
[2019/11/5 - 0:37:18] Scorpion has edited Text Label ID 198's PickupModel.
[2019/11/5 - 0:37:22] Scorpion has edited Text Label ID 198's PickupModel.
[2019/11/5 - 0:37:30] Scorpion has edited Text Label ID 198's PickupModel.
[2019/11/5 - 0:37:35] Scorpion has edited Text Label ID 198's PickupModel.
[2019/11/5 - 0:37:46] Scorpion has edited Text Label ID 198's PickupModel.
[2019/11/5 - 0:37:52] Scorpion has edited Text Label ID 198's PickupModel.
[2019/11/5 - 0:38:17] Scorpion has edited Text Label ID 198's PickupModel.
[2019/11/5 - 0:38:21] Scorpion has edited Text Label ID 198's PickupModel.
[2019/11/5 - 0:38:25] Scorpion has edited Text Label ID 198's PickupModel.
[2019/11/5 - 0:38:53] Scorpion has edited Text Label ID 198's PickupModel.
[2019/11/5 - 0:39:00] Scorpion has edited Text Label ID 198's PickupModel.
[2019/11/5 - 0:39:04] Scorpion has edited Text Label ID 198's PickupModel.
[2019/11/5 - 12:24:32] Tony has edited Text Label ID 83's text to Ownded By Haruto Vikouri.
[2019/11/5 - 12:28:27] Tony has edited Text Label ID 83's text to This Compound owned by: Haruto Vikouri.
[2019/11/5 - 12:30:20] Tony has edited Text Label ID 92's text to Haruto's Garage.
[2019/11/5 - 12:35:10] Tony has edited Text Label ID 86's text to Haruto's Little House.
[2019/11/5 - 12:43:10] Tony has edited Text Label ID 85's text to Haruto's Compound.
[2019/11/5 - 13:12:39] Fredy has edited Text Label ID 10's color.
[2019/11/5 - 13:12:44] Fredy has edited Text Label ID 10's color.
[2019/11/5 - 16:39:24] Fredy has edited Text Label ID 199's position.
[2019/11/5 - 16:41:16] Fredy has edited Text Label ID 199's text to The Compound Is Owned By Huzaifa X Knights.
[2019/11/6 - 10:37:53] Fredy has edited Text Label ID 200's position.
[2019/11/6 - 10:38:12] Fredy has edited Text Label ID 200's text to Exit Point.
[2019/11/6 - 10:42:10] Fredy has edited Text Label ID 201's position.
[2019/11/6 - 10:42:28] Fredy has edited Text Label ID 201's text to Exit Point.
[2019/11/7 - 9:31:48] Doffy has edited Text Label ID 202's position.
[2019/11/7 - 9:32:30] Doffy has edited Text Label ID 0's text to Haruto's Compound.
[2019/11/7 - 9:32:36] Doffy has edited Text Label ID 202's text to Haruto's Compound.
[2019/11/7 - 9:32:53] Doffy has edited Text Label ID 202's text to This compound is owned by Haruto Vikouri.
[2019/11/7 - 9:40:13] Jax has edited Text Label ID 203's position.
[2019/11/7 - 9:40:17] Jax has edited Text Label ID 203's position.
[2019/11/7 - 9:40:23] Jax has edited Text Label ID 203's position.
[2019/11/7 - 9:41:02] Jax has edited Text Label ID 203's text to Winterfield Corporation.
[2019/11/7 - 9:41:23] Jax has edited Text Label ID 203's PickupModel.
[2019/11/7 - 9:41:27] Jax has edited Text Label ID 203's PickupModel.
[2019/11/7 - 9:41:30] Jax has edited Text Label ID 203's PickupModel.
[2019/11/7 - 9:41:54] Doffy has deleted Text Label 202.
[2019/11/7 - 9:42:09] Jax has edited Text Label ID 203's text to Winterfield Corporation Owned by: Jax Winterfield.
[2019/11/9 - 11:39:55] Doffy has deleted Text Label 54.
[2019/11/9 - 11:39:56] Doffy has deleted Text Label 95.
[2019/11/9 - 16:07:59] Doffy has edited Text Label ID 193's position.
[2019/11/9 - 16:09:14] Doffy has edited Text Label ID 193's text to Property Owned by: Arturo Murillo.
[2019/11/9 - 17:20:33] Doffy has edited Text Label ID 84's text to This Compound is owned by: No one.
[2019/11/9 - 17:20:37] Doffy has edited Text Label ID 84's text to This Compound is owned by: Nobody.
[2019/11/9 - 17:21:09] Doffy has edited Text Label ID 73's text to This Compound is owned by Victoria Robinson.
