[2018/1/2 - 18:47:06] [VIP NAMECHANGES] Matt Honest has changed their name to Devin_Honest.
[2018/1/2 - 18:47:24] [VIP NAMECHANGES] Devin Honest has changed their name to Matt_Honest.
[2018/1/3 - 0:06:39] [VIP NAMECHANGES] Jackson Dread has changed their name to testing.
[2018/1/3 - 0:07:03] [VIP NAMECHANGES] testing has changed their name to Jackson_Dread.
[2018/1/3 - 15:03:29] [VIP NAMECHANGES] Trent Wolf(1000625066) has changed their name to Robby_Wilkinson.
[2018/1/3 - 15:12:03] [VIP NAMECHANGES] Robby Wilkinson(1000625066) has changed their name to Trent_Wolf.
[2018/1/4 - 17:14:48] [VIP NAMECHANGES] Matt Honest has changed their name to Party.
[2018/1/4 - 17:21:11] [VIP NAMECHANGES] Party has changed their name to ADMIN_Honest.
[2018/1/4 - 17:22:36] [VIP NAMECHANGES] ADMIN Honest has changed their name to Matt_Honest.
[2018/1/4 - 18:59:29] [VIP NAMECHANGES] Trent Wolf(1000625066) has changed their name to Nancy_Myers.
[2018/1/4 - 19:00:38] [VIP NAMECHANGES] Nancy Myers(1000625066) has changed their name to Trent_Wolf.
[2018/1/5 - 15:31:40] [VIP NAMECHANGES] Dan Devil(10256) has changed their name to Derek_J_Lancer.
[2018/1/5 - 16:01:20] [VIP NAMECHANGES] Derek J Lancer(10256) has changed their name to Lrizz_Devil.
[2018/1/5 - 16:17:59] [VIP NAMECHANGES] Lrizz Devil(10256) has changed their name to Dan_DeviI.
[2018/1/5 - 16:18:52] [VIP NAMECHANGES] Dan DeviI has changed their name to Dan_Devil.
[2018/1/6 - 1:24:33] [VIP NAMECHANGES] Matt Honest has changed their name to Jake_Dingle.
[2018/1/6 - 2:09:12] [VIP NAMECHANGES] Jake Dingle has changed their name to Jacob_James.
[2018/1/6 - 2:44:45] [VIP NAMECHANGES] Jacob James has changed their name to Matt_Honest.
[2018/1/6 - 17:52:39] [VIP NAMECHANGES] Matt Honest has changed their name to Dylan_Langley.
[2018/1/6 - 17:55:34] [VIP NAMECHANGES] Dylan Langley has changed their name to Matt_Honest.
[2018/1/6 - 17:55:44] [VIP NAMECHANGES] Matt Honest has changed their name to Dylan_Hangley.
[2018/1/6 - 17:55:48] [VIP NAMECHANGES] Dylan Hangley has changed their name to Dylan_Langley.
[2018/1/6 - 19:19:42] [VIP NAMECHANGES] Dylan Langley has changed their name to matt_honest.
[2018/1/6 - 19:21:42] [VIP NAMECHANGES] matt honest has changed their name to Matt_D_Honest.
[2018/1/6 - 19:25:47] [VIP NAMECHANGES] Matt D Honest has changed their name to Dylan_Langley.
[2018/1/6 - 22:56:23] [VIP NAMECHANGES] Scott Goodman has changed their name to Jamal_Gang_Hooligan.
[2018/1/6 - 23:06:51] [VIP NAMECHANGES] Dylan Langley has changed their name to Matt_Honest.
[2018/1/6 - 23:18:06] [VIP NAMECHANGES] Jamal Gang Hooligan(863969) has changed their name to Scott_Goodman.
[2018/1/6 - 23:38:08] [VIP NAMECHANGES] Derek I Lancer(1000008256) has changed their name to Kenji_Snow.
[2018/1/7 - 18:03:19] [VIP NAMECHANGES] Jackson Dread has changed their name to Alarm.
[2018/1/7 - 18:04:43] [VIP NAMECHANGES] Alarm has changed their name to Jackson_Dread.
[2018/1/7 - 18:05:35] [VIP NAMECHANGES] Jackson Dread has changed their name to Alarm.
[2018/1/7 - 18:06:12] [VIP NAMECHANGES] Alarm has changed their name to Jackson_Dread.
[2018/1/7 - 18:06:36] [VIP NAMECHANGES] Jackson Dread has changed their name to Bank_Teller.
[2018/1/7 - 18:06:58] [VIP NAMECHANGES] Bank Teller has changed their name to Jackson_Dread.
[2018/1/7 - 23:28:37] [VIP NAMECHANGES] Matt Honest has changed their name to ADMIN.
[2018/1/8 - 1:50:11] [VIP NAMECHANGES] Admin has changed their name to Honest_.
[2018/1/8 - 1:50:18] [VIP NAMECHANGES] Honest  has changed their name to Matt_Honest.
[2018/1/8 - 20:01:46] [VIP NAMECHANGES] Matt Honest has changed their name to Dylan_Langley.
[2018/1/9 - 4:24:52] [VIP NAMECHANGES] Trent Wolf(1000625066) has changed their name to Jasmine_Mange.
[2018/1/9 - 5:55:10] [VIP NAMECHANGES] Jasmine Mange(1000625066) has changed their name to Trent_Wolf.
[2018/1/9 - 15:03:15] [VIP NAMECHANGES] Dylan Langley has changed their name to Matt_Honest.
[2018/1/9 - 22:55:54] [VIP NAMECHANGES] Nick Steels(1000084603) has changed their name to Nick_Gurs_Steels.
[2018/1/10 - 21:54:13] [VIP NAMECHANGES] Trent Wolf(1000625066) has changed their name to Raminez_Delgado.
[2018/1/10 - 22:08:09] [VIP NAMECHANGES] Raminez Delgado(1000625066) has changed their name to Ray_Ramirez.
[2018/1/10 - 22:45:11] [VIP NAMECHANGES] Ray Ramirez(1000625066) has changed their name to Trent_Wolf.
[2018/1/10 - 23:53:10] [VIP NAMECHANGES] Derek Hunter(1000073823) has changed their name to Jeffrey_Black.
[2018/1/10 - 23:53:54] [VIP NAMECHANGES] Trent Wolf(1000625066) has changed their name to Samuel_Bando.
[2018/1/10 - 23:54:54] [VIP NAMECHANGES] Samuel Bando(1000625066) has changed their name to Cordon_Masters.
[2018/1/11 - 0:08:18] [VIP NAMECHANGES] Cordon Masters(1000625066) has changed their name to Trent_Wolf.
[2018/1/11 - 0:17:49] [VIP NAMECHANGES] Jeffrey Black(1000073823) has changed their name to Jonathan_Leblancc.
[2018/1/11 - 1:01:06] [VIP NAMECHANGES] Trent Wolf(1000625066) has changed their name to Bob_McCarthy.
[2018/1/11 - 1:25:04] [VIP NAMECHANGES] Bob Mccarthy(1000625066) has changed their name to Estaban_Lopez.
[2018/1/11 - 1:47:29] [VIP NAMECHANGES] Estaban Lopez(1000625066) has changed their name to Rashawn_Kingston.
[2018/1/11 - 2:43:03] [VIP NAMECHANGES] Rashawn Kingston(1000625066) has changed their name to Trent_Wolf.
[2018/1/11 - 2:59:54] [VIP NAMECHANGES] Trent Wolf(1000625066) has changed their name to Brenna_Smith.
[2018/1/11 - 3:02:54] [VIP NAMECHANGES] Jerome Mcwill(1000624818) has changed their name to Rafael_Trujillo.
[2018/1/11 - 3:06:53] [VIP NAMECHANGES] Jessica Kenway(1000073823) has changed their name to Dante_Smalls.
[2018/1/11 - 3:23:31] [VIP NAMECHANGES] Rafael Trujillo(1000624818) has changed their name to Diego_Martino.
[2018/1/11 - 3:27:01] [VIP NAMECHANGES] Brenna Smith(1000625066) has changed their name to Reece_P._Snow.
[2018/1/11 - 3:37:39] [VIP NAMECHANGES] Reece P. Snow(1000625066) has changed their name to Trent_Wolf.
[2018/1/11 - 3:37:59] [VIP NAMECHANGES] Trent Wolf(1000625066) has changed their name to Reece_P._Snow.
[2018/1/11 - 4:30:38] [VIP NAMECHANGES] Reece P. Snow(1000625066) has changed their name to Trent_Wolf.
[2018/1/11 - 4:30:40] [VIP NAMECHANGES] Trent Wolf(1000625066) has changed their name to Trent_Wolf.
[2018/1/11 - 4:51:01] [VIP NAMECHANGES] Dante Smalls(1000073823) has changed their name to Derek_Hunter.
[2018/1/11 - 6:56:45] [VIP NAMECHANGES] Diego Martino(1000624818) has changed their name to Jerome_Mcwill.
[2018/1/11 - 10:54:06] [VIP NAMECHANGES] Jerome Mcwill(1000624818) has changed their name to Diego_Martino.
[2018/1/11 - 11:38:22] [VIP NAMECHANGES] Diego Martino(1000624818) has changed their name to Emilio_Delgado.
[2018/1/11 - 12:18:53] [VIP NAMECHANGES] Emilio Delgado(1000624818) has changed their name to Jerome_Mcwill.
[2018/1/11 - 16:23:08] [VIP NAMECHANGES] Derek Hunter(1000073823) has changed their name to Lucas_Frank.
[2018/1/11 - 17:01:43] [VIP NAMECHANGES] Trent Wolf(1000625066) has changed their name to Frank_Mendici.
[2018/1/11 - 17:19:23] [VIP NAMECHANGES] Lucas Frank(1000073823) has changed their name to Samantha_Kyle.
[2018/1/11 - 17:20:37] [VIP NAMECHANGES] Frank Mendici(1000625066) has changed their name to Max_Goodman.
[2018/1/11 - 17:48:04] [VIP NAMECHANGES] Max Goodman(1000625066) has changed their name to Trent_Wolf.
[2018/1/11 - 17:49:11] [VIP NAMECHANGES] Samantha Kyle(1000073823) has changed their name to Derek_Hunter.
[2018/1/11 - 20:55:38] [VIP NAMECHANGES] Jerome Mcwill(1000624818) has changed their name to Diego_Martino.
[2018/1/11 - 21:09:50] [VIP NAMECHANGES] Jackson Dread has changed their name to Mahmoud_Hassan.
[2018/1/11 - 21:24:04] [VIP NAMECHANGES] Diego Martino(1000624818) has changed their name to Domingo_Mendina.
[2018/1/11 - 21:36:00] [VIP NAMECHANGES] Mahmoud Hassan has changed their name to Jackson_Dread.
[2018/1/11 - 21:39:39] [VIP NAMECHANGES] Domingo Mendina(1000624818) has changed their name to Emilio_Delgado.
[2018/1/11 - 22:02:50] [VIP NAMECHANGES] Emilio Delgado(1000624818) has changed their name to Jay_Kranes.
[2018/1/11 - 22:34:20] [VIP NAMECHANGES] Jay Kranes(1000624818) has changed their name to Jerome_Mcwill.
[2018/1/11 - 23:28:45] [VIP NAMECHANGES] Derek Hunter(1000073823) has changed their name to Kimberly_Snow.
[2018/1/11 - 23:39:07] [VIP NAMECHANGES] Jackson Dread has changed their name to Ahmed_Damji.
[2018/1/11 - 23:45:38] [VIP NAMECHANGES] Kimberly Snow(1000073823) has changed their name to Derek_Hunter.
[2018/1/12 - 0:17:43] [VIP NAMECHANGES] Derek Hunter(1000073823) has changed their name to Kimberly_Anderson.
[2018/1/12 - 0:20:57] [VIP NAMECHANGES] Ahmed Damji has changed their name to Jackson_Dread.
[2018/1/12 - 0:32:04] [VIP NAMECHANGES] Kimberly Anderson(1000073823) has changed their name to Derek_Hunter.
[2018/1/12 - 0:44:06] [VIP NAMECHANGES] Jackson Dread has changed their name to Greg_Hanson.
[2018/1/12 - 1:31:58] [VIP NAMECHANGES] Trent Wolf(1000625066) has changed their name to Scott_Maxime.
[2018/1/12 - 1:33:19] [VIP NAMECHANGES] Max Bluman has changed their name to Craig_Boone.
[2018/1/12 - 1:33:33] [VIP NAMECHANGES] Derek Hunter(1000073823) has changed their name to Pedro_Garcia.
[2018/1/12 - 1:37:12] [VIP NAMECHANGES] Craig Boone has changed their name to Max_Bluman.
[2018/1/12 - 1:37:18] [VIP NAMECHANGES] Greg Hanson has changed their name to Jackson_Dread.
[2018/1/12 - 1:37:19] [VIP NAMECHANGES] Scott Maxime(1000625066) has changed their name to Trent_Wolf.
[2018/1/12 - 1:45:24] [VIP NAMECHANGES] Trent Wolf(1000625066) has changed their name to Bobby_Smerdin.
[2018/1/12 - 1:46:57] [VIP NAMECHANGES] Max Bluman has changed their name to Jack_Roberta.
[2018/1/12 - 1:51:22] [VIP NAMECHANGES] Bobby Smerdin(1000625066) has changed their name to Tresin_Madlar.
[2018/1/12 - 1:53:07] [VIP NAMECHANGES] Jack Roberta(1000129354) has changed their name to Max_Bluman.
[2018/1/12 - 2:00:01] [VIP NAMECHANGES] Pedro Garcia(1000073823) has changed their name to Derek_Hunter.
[2018/1/12 - 4:02:44] [VIP NAMECHANGES] Tresin Madlar(1000625066) has changed their name to Trent_Wolf.
[2018/1/12 - 5:04:01] [VIP NAMECHANGES] Carlos G Ortega(7669) has changed their name to Terry_Wilson.
[2018/1/12 - 5:04:14] [VIP NAMECHANGES] Jerome Mcwill(1000624818) has changed their name to Emilio_Delgado.
[2018/1/12 - 5:10:55] [VIP NAMECHANGES] Terry Wilson(7669) has changed their name to Carlos_G_Ortega.
[2018/1/12 - 6:32:11] [VIP NAMECHANGES] Emilio Delgado(1000624818) has changed their name to Diego_Martino.
[2018/1/12 - 6:40:11] [VIP NAMECHANGES] Max Bluman(1000129354) has changed their name to Carlos_Ramirez.
[2018/1/12 - 6:41:53] [VIP NAMECHANGES] Carlos Ramirez(1000129354) has changed their name to Carlos_Fuentes.
[2018/1/12 - 7:07:33] [VIP NAMECHANGES] Diego Martino(1000624818) has changed their name to Brian_W_Pryor.
[2018/1/12 - 7:11:54] [VIP NAMECHANGES] Carlos Fuentes(1000129354) has changed their name to Jack_Kahill.
[2018/1/12 - 7:22:08] [VIP NAMECHANGES] Jack Kahill(1000129354) has changed their name to Victoria_Wolf.
[2018/1/12 - 7:23:07] [VIP NAMECHANGES] Brian W Pryor(1000624818) has changed their name to Emilio_Delgado.
[2018/1/12 - 7:27:27] [VIP NAMECHANGES] Trent Wolf(1000625066) has changed their name to Jeffrey_Sosa.
[2018/1/12 - 8:01:59] [VIP NAMECHANGES] Victoria Wolf(1000129354) has changed their name to Max_Duffster.
[2018/1/12 - 8:04:06] [VIP NAMECHANGES] Jeffrey Sosa(1000625066) has changed their name to Nicky_Mendici.
[2018/1/12 - 8:05:33] [VIP NAMECHANGES] Max Duffster has changed their name to Max_Bluman.
[2018/1/12 - 8:14:07] [VIP NAMECHANGES] Max Bluman(1000129354) has changed their name to Carlos_Mcwill.
[2018/1/12 - 8:16:02] [VIP NAMECHANGES] Emilio Delgado(1000624818) has changed their name to Joe_Maddin.
[2018/1/12 - 8:35:17] [VIP NAMECHANGES] Joe Maddin(1000624818) has changed their name to Jerome_Mcwill.
[2018/1/12 - 8:37:24] [VIP NAMECHANGES] Carlos Mcwill(1000129354) has changed their name to Max_Bluman.
[2018/1/12 - 9:47:33] [VIP NAMECHANGES] Nicky Mendici(1000625066) has changed their name to Trent_Wolf.
[2018/1/12 - 21:53:53] [VIP NAMECHANGES] Trent Wolf(1000625066) has changed their name to Emilio_Bandarez.
[2018/1/12 - 21:56:39] [VIP NAMECHANGES] Max Bluman(1000129354) has changed their name to Matt_Whitton.
[2018/1/12 - 21:58:43] [VIP NAMECHANGES] Matt Whitton(1000129354) has changed their name to Matt_Davidson.
[2018/1/12 - 22:07:15] [VIP NAMECHANGES] Matt Davidson(1000129354) has changed their name to Max_Bluman.
[2018/1/12 - 22:08:00] [VIP NAMECHANGES] Emilio Bandarez(1000625066) has changed their name to Trent_Wolf.
[2018/1/12 - 22:15:52] [VIP NAMECHANGES] Matt Honest has changed their name to Devin_Lee_.
[2018/1/12 - 22:15:53] [VIP NAMECHANGES] Devin Lee  has changed their name to Devin_Lee.
[2018/1/12 - 22:15:55] [VIP NAMECHANGES] Devin Lee has changed their name to Devin_Clark..
[2018/1/12 - 22:16:10] [VIP NAMECHANGES] Devin Clark. has changed their name to Matt_Honest.
[2018/1/12 - 22:18:22] [VIP NAMECHANGES] Jerome Mcwill(1000624818) has changed their name to Emilio_Delgado.
[2018/1/12 - 22:31:05] [VIP NAMECHANGES] Emilio Delgado(1000624818) has changed their name to Jerome_Mcwill.
[2018/1/12 - 22:42:34] [VIP NAMECHANGES] Jerome Mcwill(1000624818) has changed their name to Domingo_Martino.
[2018/1/13 - 2:04:29] [VIP NAMECHANGES] Domingo Martino(1000624818) has changed their name to Jerome_Mcwill.
[2018/1/13 - 4:16:47] [VIP NAMECHANGES] Jerome Mcwill(1000624818) has changed their name to Bart_Lisa.
[2018/1/13 - 4:42:08] [VIP NAMECHANGES] Bart Lisa(1000624818) has changed their name to Jerome_Mcwill.
[2018/1/13 - 5:57:07] [VIP NAMECHANGES] Jerome Mcwill(1000624818) has changed their name to Bart_Lisa.
[2018/1/13 - 6:39:19] [VIP NAMECHANGES] Bart Lisa(1000624818) has changed their name to Domingo_Mendina.
[2018/1/13 - 6:57:07] [VIP NAMECHANGES] Domingo Mendina(1000624818) has changed their name to Diego_Martino.
[2018/1/13 - 10:06:46] [VIP NAMECHANGES] Trent Wolf(1000625066) has changed their name to Bob_Snarka.
[2018/1/13 - 10:36:43] [VIP NAMECHANGES] Bob Snarka(1000625066) has changed their name to Trent_Wolf.
[2018/1/13 - 10:37:50] [VIP NAMECHANGES] Diego Martino(1000624818) has changed their name to John_Wilder.
[2018/1/13 - 10:41:44] [VIP NAMECHANGES] John Wilder(1000624818) has changed their name to Jerome_Mcwill.
[2018/1/13 - 11:55:42] [VIP NAMECHANGES] Mahid Hanako(1000626265) has changed their name to Mahid_Russel.
[2018/1/13 - 13:49:15] [VIP NAMECHANGES] Derek Hunter(1000073823) has changed their name to Jessica_Kenway.
[2018/1/13 - 13:57:31] [VIP NAMECHANGES] Jessica Kenway(1000073823) has changed their name to Derek_Hunter.
[2018/1/13 - 21:54:56] [VIP NAMECHANGES] Jerome Mcwill(1000624818) has changed their name to Emilio_Delgado.
[2018/1/13 - 22:12:14] [VIP NAMECHANGES] Emilio Delgado(1000624818) has changed their name to Jerome_Mcwill.
[2018/1/13 - 22:46:03] [VIP NAMECHANGES] Scott Goodman(863969) has changed their name to Daniel_Coupal.
[2018/1/14 - 1:26:06] [VIP NAMECHANGES] Daniel Coupal(863969) has changed their name to Scott_Goodman.
[2018/1/14 - 3:53:49] [VIP NAMECHANGES] Max Bluman(1000129354) has changed their name to Joseph_Banderas.
[2018/1/14 - 4:02:56] [VIP NAMECHANGES] Derek Hunter(1000073823) has changed their name to Jessica_Kenway.
[2018/1/14 - 4:10:08] [VIP NAMECHANGES] Jessica Kenway(1000073823) has changed their name to Derek_Hunter.
[2018/1/14 - 4:10:27] [VIP NAMECHANGES] Joseph Banderas(1000129354) has changed their name to Max_Bluman.
[2018/1/14 - 19:50:49] [VIP NAMECHANGES] Derek Hunter(1000073823) has changed their name to Brenda_Hernandez.
[2018/1/14 - 20:11:08] [VIP NAMECHANGES] Trent Wolf(1000625066) has changed their name to Alexandra_Freeman.
[2018/1/14 - 20:40:06] [VIP NAMECHANGES] Alexandra Freeman(1000625066) has changed their name to Tasman_Maddox.
[2018/1/14 - 20:42:01] [VIP NAMECHANGES] Brenda Hernandez(1000073823) has changed their name to Stanley_White.
[2018/1/14 - 21:11:13] [VIP NAMECHANGES] Max Bluman(1000129354) has changed their name to Josiah_Levario.
[2018/1/14 - 21:34:49] [VIP NAMECHANGES] Josiah Levario(1000129354) has changed their name to Max_Bluman.
[2018/1/14 - 21:36:12] [VIP NAMECHANGES] Tasman Maddox(1000625066) has changed their name to Ish_Johnson.
[2018/1/14 - 21:37:30] [VIP NAMECHANGES] Stanley White(1000073823) has changed their name to Derek_Hunter.
[2018/1/14 - 21:48:27] [VIP NAMECHANGES] Danny Johns(1000624842) has changed their name to Max_G_Gold.
[2018/1/14 - 21:55:31] [VIP NAMECHANGES] Derek Hunter(1000073823) has changed their name to Kenneth_Flannigan.
[2018/1/14 - 22:43:09] [VIP NAMECHANGES] Scott Goodman(863969) has changed their name to Gavin_Williamson.
[2018/1/14 - 23:39:46] [VIP NAMECHANGES] Gavin Williamson has changed their name to Scott_Good_Nigga.
[2018/1/14 - 23:40:12] [VIP NAMECHANGES] Scott Good Nigga has changed their name to I_Love_.
[2018/1/14 - 23:40:14] [VIP NAMECHANGES] I Love  has changed their name to I_Love_Devin.
[2018/1/14 - 23:40:25] [VIP NAMECHANGES] I Love Devin has changed their name to Scott_Goodman.
[2018/1/14 - 23:58:28] [VIP NAMECHANGES] Paul Duffster has changed their name to Lue_Duffster.
[2018/1/15 - 0:08:23] [VIP NAMECHANGES] Lue Duffster has changed their name to Paul_Duffster.
[2018/1/15 - 4:54:18] [VIP NAMECHANGES] Ish Johnson(1000625066) has changed their name to Trent_Wolf.
[2018/1/15 - 5:31:51] [VIP NAMECHANGES] Kenneth Flannigan(1000073823) has changed their name to Derek_Hunter.
[2018/1/15 - 5:57:55] [VIP NAMECHANGES] Draymond Woods(1000626470) has changed their name to Connor_Goldman.
[2018/1/15 - 6:03:11] [VIP NAMECHANGES] Carlos G Ortega(7669) has changed their name to Terry_Cruz.
[2018/1/15 - 6:03:38] [VIP NAMECHANGES] Max Bluman(1000129354) has changed their name to Joseph_Phine.
[2018/1/15 - 6:04:06] [VIP NAMECHANGES] Trent Wolf(1000625066) has changed their name to Joshua_Phine.
[2018/1/15 - 6:05:26] [VIP NAMECHANGES] Jerome Mcwill(1000624818) has changed their name to Diego_Martino.
[2018/1/15 - 6:12:22] [VIP NAMECHANGES] Connor Goldman(1000626470) has changed their name to Dyler_Hall.
[2018/1/15 - 6:24:26] [VIP NAMECHANGES] Terry Cruz(7669) has changed their name to James_Feltz.
[2018/1/15 - 6:26:14] [VIP NAMECHANGES] James Feltz(7669) has changed their name to Carlos_G_Ortega.
[2018/1/15 - 6:26:35] [VIP NAMECHANGES] Peter Schneider(1000625378) has changed their name to Kathy_Schneider.
[2018/1/15 - 9:24:42] [VIP NAMECHANGES] Joseph Phine(1000129354) has changed their name to Max_Bluman.
[2018/1/15 - 9:25:33] [VIP NAMECHANGES] Joshua Phine(1000625066) has changed their name to Trent_Wolf.
[2018/1/15 - 9:29:31] [VIP NAMECHANGES] Diego Martino(1000624818) has changed their name to Jerome_Mcwill.
[2018/1/15 - 14:57:02] [VIP NAMECHANGES] Derek Hunter(1000073823) has changed their name to Scott_Fisher.
[2018/1/15 - 15:19:59] [VIP NAMECHANGES] Scott Fisher(1000073823) has changed their name to Derek_Hunter.
[2018/1/15 - 18:10:27] [VIP NAMECHANGES] Sammy Mccool(1000565698) has changed their name to Chris_Hemsworth.
[2018/1/16 - 1:48:33] [VIP NAMECHANGES] Derek Hunter(1000073823) has changed their name to Jessica_Kenway.
[2018/1/16 - 2:02:32] [VIP NAMECHANGES] Jerome Mcwill(1000624818) has changed their name to Joe_Buddin.
[2018/1/16 - 2:29:27] [VIP NAMECHANGES] Joe Buddin(1000624818) has changed their name to Pinche_Perro.
[2018/1/16 - 2:32:50] [VIP NAMECHANGES] Jessica Kenway(1000073823) has changed their name to Pedro_Maldonaldo.
[2018/1/16 - 2:48:22] [VIP NAMECHANGES] Pedro Maldonaldo(1000073823) has changed their name to Derek_Hunter.
[2018/1/16 - 2:48:27] [VIP NAMECHANGES] Pinche Perro(1000624818) has changed their name to Jerome_Mcwill.
[2018/1/16 - 15:08:15] [VIP NAMECHANGES] Derek Hunter(1000073823) has changed their name to Vanessa_Smith.
[2018/1/16 - 15:09:10] [VIP NAMECHANGES] Trent Wolf(1000625066) has changed their name to Jenna_Smith.
[2018/1/16 - 15:34:09] [VIP NAMECHANGES] Vanessa Smith(1000073823) has changed their name to Derek_Hunter.
[2018/1/16 - 15:39:14] [VIP NAMECHANGES] Jenna Smith(1000625066) has changed their name to Trent_Wolf.
[2018/1/16 - 15:48:28] [VIP NAMECHANGES] Jackson Dread has changed their name to Ahmed_Hussain.
[2018/1/16 - 16:01:43] [VIP NAMECHANGES] Matt Honest has changed their name to Oscar_Trey.
[2018/1/16 - 16:02:30] [VIP NAMECHANGES] Oscar Trey has changed their name to Ahmed_Hussain1.
[2018/1/16 - 16:02:32] [VIP NAMECHANGES] Ahmed Hussain1 has changed their name to Ahmed_Hussain..
[2018/1/16 - 16:07:25] [VIP NAMECHANGES] Ahmed Hussain has changed their name to Mousa_Abullah.
[2018/1/16 - 16:30:05] [VIP NAMECHANGES] Mousa Abullah has changed their name to Jackson_Dread.
[2018/1/16 - 16:50:01] [VIP NAMECHANGES] Ahmed Hussain. has changed their name to Matt_Honest.
[2018/1/16 - 19:41:38] [VIP NAMECHANGES] Aleksandar Knezevic(1000221808) has changed their name to Simon_Payne.
[2018/1/16 - 22:24:09] [VIP NAMECHANGES] Paul Duffster(39530) has changed their name to Abdul_Duffster.
[2018/1/16 - 22:24:37] [VIP NAMECHANGES] Kevin Kush(1000071051) has changed their name to Aku_Debe.
[2018/1/16 - 22:24:58] [VIP NAMECHANGES] Abdul Duffster(39530) has changed their name to Lockerby_Bomber.
[2018/1/16 - 22:25:53] [VIP NAMECHANGES] Lockerby Bomber(39530) has changed their name to Harry_Fence.
[2018/1/16 - 22:30:06] [VIP NAMECHANGES] Harry Fence has changed their name to Paul_Duffster.
[2018/1/16 - 22:51:07] [VIP NAMECHANGES] Aku Debe has changed their name to /car engine.
[2018/1/17 - 12:35:53] [VIP NAMECHANGES] Aku Debe has changed their name to Kevin_Kush.
[2018/1/17 - 15:04:18] [VIP NAMECHANGES] Kevin Kush has changed their name to Aku_Debe.
[2018/1/17 - 15:14:59] [VIP NAMECHANGES] Aku Debe has changed their name to Abdul_Naveed.
[2018/1/17 - 15:22:24] [VIP NAMECHANGES] Abdul Naveed has changed their name to Kevin_Kush.
[2018/1/18 - 12:23:55] [VIP NAMECHANGES] Kevin Kush has changed their name to Abdul_Naveed.
[2018/1/18 - 12:36:35] [VIP NAMECHANGES] Abdul Naveed has changed their name to Kevin_Kush.
[2018/1/18 - 18:22:47] [VIP NAMECHANGES] Kevin Kush has changed their name to Aku_Debe.
[2018/1/18 - 18:49:20] [VIP NAMECHANGES] Aku Debe has changed their name to Kevin_Kush.
[2018/1/18 - 20:58:11] [VIP NAMECHANGES] Kevin Kush has changed their name to Abdul_Naveed.
[2018/1/18 - 21:07:52] [VIP NAMECHANGES] Abdul Naveed has changed their name to Kevin_Kush.
[2018/1/18 - 21:13:34] [VIP NAMECHANGES] Kevin Kush has changed their name to Aku_Debe.
[2018/1/18 - 21:15:21] [VIP NAMECHANGES] Aku Debe has changed their name to Daveon_Atkins.
[2018/1/18 - 21:52:06] [VIP NAMECHANGES] Daveon Atkins(1000071051) has changed their name to Alonzo_Barkley.
[2018/1/18 - 22:02:31] [VIP NAMECHANGES] Alonzo Barkley has changed their name to Kevin_Kush.
[2018/1/19 - 11:17:45] [VIP NAMECHANGES] Kevin Kush has changed their name to Aku_Debe.
[2018/1/19 - 11:38:21] [VIP NAMECHANGES] Aku Debe has changed their name to Abdul_Naveed.
[2018/1/19 - 11:47:31] [VIP NAMECHANGES] Abdul Naveed has changed their name to Kevin_Kush.
[2018/1/20 - 1:06:51] [VIP NAMECHANGES] Mert Baba Deadmon(1000519437) has changed their name to Mert_Baba.
[2018/1/20 - 21:46:42] [VIP NAMECHANGES] Matt Honest has changed their name to Jamal_T_Maddox.
[2018/1/21 - 3:45:38] [VIP NAMECHANGES] Kathy Schneider(1000625378) has changed their name to Peter_D_Schneider.
[2018/1/21 - 9:59:00] [VIP NAMECHANGES] Bishop T Maddox has changed their name to matt_Honest.
[2018/1/21 - 9:59:06] [VIP NAMECHANGES] matt Honest has changed their name to test_Test.
[2018/1/21 - 10:01:15] [VIP NAMECHANGES] test Test has changed their name to Matt_Honest.
[2018/1/21 - 12:13:31] [VIP NAMECHANGES] Calvin Equinox(1000475200) has changed their name to Fujiwara_Datsik.
[2018/1/21 - 18:46:04] [VIP NAMECHANGES] Paul Duffster has changed their name to Henry_Rivers.
[2018/1/21 - 21:11:21] [VIP NAMECHANGES] Henry Rivers has changed their name to Paul_Duffster.
[2018/1/22 - 10:39:51] [VIP NAMECHANGES] Matt Honest has changed their name to Jamal_T_Maddox.
[2018/1/22 - 18:16:50] [VIP NAMECHANGES] Paul Duffster has changed their name to Henry_James.
[2018/1/22 - 18:16:59] [VIP NAMECHANGES] Henry James has changed their name to Shaun_James.
[2018/1/22 - 18:17:06] [VIP NAMECHANGES] Shaun James has changed their name to Henry_James.
[2018/1/22 - 20:12:10] [VIP NAMECHANGES] Alan Schneider(1000426052) has changed their name to Chris_Schneider.
[2018/1/22 - 20:27:35] [VIP NAMECHANGES] Kevin Kush has changed their name to Abdul_Naveed.
[2018/1/22 - 20:27:35] [VIP NAMECHANGES] Abdul Naveed has changed their name to .
[2018/1/22 - 20:30:05] [VIP NAMECHANGES] Abdul Naveed has changed their name to Kaden_Rose.
[2018/1/22 - 21:46:39] [VIP NAMECHANGES] Kaden Rose has changed their name to Kevin_Kush.
[2018/1/23 - 14:09:03] [VIP NAMECHANGES] Jamal T Maddox has changed their name to Matt_Honestt.
[2018/1/23 - 15:34:37] [VIP NAMECHANGES] Matt Honestt has changed their name to Matt_Honest.
[2018/1/23 - 18:46:58] [VIP NAMECHANGES] Henry James has changed their name to Paul_Duffster.
[2018/1/23 - 23:37:14] [VIP NAMECHANGES] Greg Ross(1000626346) has changed their name to Mike_Ainscough.
[2018/1/24 - 1:36:42] [VIP NAMECHANGES] Mike Ainscough(1000626346) has changed their name to Greg_Ross.
[2018/1/24 - 17:46:25] [VIP NAMECHANGES] Winston De Rulo has changed their name to Melissa_Winston.
[2018/1/24 - 17:49:46] [VIP NAMECHANGES] Melissa Winston has changed their name to Winston_De_Rulo.
[2018/1/24 - 18:16:19] [VIP NAMECHANGES] Vladmir Glasscock has changed their name to Vladmir_Woodcock.
[2018/1/24 - 18:43:39] [VIP NAMECHANGES] Greg Ross(1000626346) has changed their name to Craig_Devore.
[2018/1/24 - 22:51:06] [VIP NAMECHANGES] Craig Devore(1000626346) has changed their name to Greg_Ross.
[2018/1/24 - 23:21:55] [VIP NAMECHANGES] Greg Ross(1000626346) has changed their name to Oleg_Kraveki.
[2018/1/24 - 23:43:18] [VIP NAMECHANGES] Oleg Kraveki(1000626346) has changed their name to Greg_Ross.
[2018/1/24 - 23:50:28] [VIP NAMECHANGES] Jackson Dread has changed their name to Shop_Worker.
[2018/1/24 - 23:50:56] [VIP NAMECHANGES] Shop Worker has changed their name to Jackson_Dread.
[2019/10/15 - 7:27:54] [VIP NAMECHANGES] Boruto Uzumaki(1062) has changed their name to Samuel_Wilson.
[2019/10/15 - 15:33:31] [VIP NAMECHANGES] Guzman has changed their name to Rain_Foster.
[2019/10/15 - 15:36:40] [VIP NAMECHANGES] Majnu Millers has changed their name to Devin.
[2019/10/15 - 15:36:45] [VIP NAMECHANGES] Devin has changed their name to Devin_Underwood.
[2019/10/15 - 15:38:05] [VIP NAMECHANGES] Rain Foster has changed their name to Guzman.
[2019/10/17 - 6:34:27] [VIP NAMECHANGES] Bro Just Nrn(3409) has changed their name to Maximus_William.
[2019/10/17 - 11:04:34] [VIP NAMECHANGES] Cyph3r has changed their name to Toxic.
[2019/10/17 - 11:04:42] [VIP NAMECHANGES] Toxic has changed their name to Bootleg.
[2019/10/17 - 11:04:51] [VIP NAMECHANGES] Bootleg has changed their name to Lucifer.
[2019/10/17 - 20:27:11] [VIP NAMECHANGES] Scorpion has changed their name to Scorp_Scorp.
[2019/10/18 - 7:33:59] [VIP NAMECHANGES] Scorp Scorp has changed their name to Scorpion.
[2019/10/18 - 7:41:12] [VIP NAMECHANGES] Scorpion has changed their name to Jack_Brown.
[2019/10/18 - 7:44:08] [VIP NAMECHANGES] Jack Brown has changed their name to Scorpion.
[2019/10/18 - 13:50:20] [VIP NAMECHANGES] Samuel Wilson(1062) has changed their name to Marshall_Bruce.
[2019/10/19 - 7:52:51] [VIP NAMECHANGES] Devin Underwood has changed their name to Majnu.
[2019/10/19 - 8:37:19] [VIP NAMECHANGES] Thomas Morrison(1349) has changed their name to Tom_Septiceye.
[2019/10/19 - 8:37:50] [VIP NAMECHANGES] Dank has changed their name to Zenitsu.
[2019/10/19 - 8:38:55] [VIP NAMECHANGES] Antonio Kaycee(3349) has changed their name to Jassy_Antonio.
[2019/10/19 - 8:52:15] [VIP NAMECHANGES] Devil Admin has changed their name to Devil.
[2019/10/19 - 8:53:02] [VIP NAMECHANGES] Zenitsu has changed their name to Kray.
[2019/10/19 - 9:30:55] [VIP NAMECHANGES] Devil has changed their name to Robby_Mill.
[2019/10/19 - 9:32:04] [VIP NAMECHANGES] Robby Mill has changed their name to Devil.
[2019/10/19 - 12:53:27] [VIP NAMECHANGES] Kray has changed their name to SanaOL.
[2019/10/19 - 12:53:42] [VIP NAMECHANGES] SanaOL has changed their name to SanaALL.
[2019/10/19 - 12:55:21] [VIP NAMECHANGES] SanaALL has changed their name to Sana_All.
[2019/10/19 - 13:03:18] [VIP NAMECHANGES] Sana All has changed their name to Kray.
[2019/10/19 - 14:11:04] [VIP NAMECHANGES] Harry Walker(3437) has changed their name to Dixon_Alcatroz.
[2019/10/19 - 15:46:16] [VIP NAMECHANGES] Alex Fenix(1994) has changed their name to Zaid_Fenix.
[2019/10/19 - 17:15:13] [VIP NAMECHANGES] Kyle Alvarado(2140) has changed their name to Nicholas_Gonzales.
[2019/10/19 - 22:46:02] [VIP NAMECHANGES] Chelsya has changed their name to Adam_Townsendd.
[2019/10/19 - 22:46:07] [VIP NAMECHANGES] Adam Townsendd has changed their name to Chelsya.
[2019/10/19 - 22:53:12] [VIP NAMECHANGES] Anneyin Ami(3466) has changed their name to Joe_Deadson.
[2019/10/19 - 22:58:06] [VIP NAMECHANGES] Joe Salvaje(2070) has changed their name to Joe_Capo.
[2019/10/20 - 0:16:17] [VIP NAMECHANGES] Chelsya Thomas(1421) has changed their name to Olivia_Pinkerton.
[2019/10/20 - 0:28:28] [VIP NAMECHANGES] Olivia Pinkerton(1421) has changed their name to Chelsya_Thomas.
[2019/10/20 - 5:13:01] [VIP NAMECHANGES] Lucifer has changed their name to Hanako.
[2019/10/20 - 5:19:00] [VIP NAMECHANGES] Hanako has changed their name to Jordan_Frye.
[2019/10/20 - 13:19:47] [VIP NAMECHANGES] Nick Mcfellow(1605) has changed their name to James_Richardson.
[2019/10/20 - 13:46:02] [VIP NAMECHANGES] James Richardson(1605) has changed their name to Nick_McFellow.
[2019/10/20 - 13:51:30] [VIP NAMECHANGES] John Scalice(1298) has changed their name to Cesare_B._Lombroso.
[2019/10/20 - 14:19:21] [VIP NAMECHANGES] Bell Admin has changed their name to Bell.
[2019/10/20 - 22:39:21] [VIP NAMECHANGES] Kane Avocate has changed their name to Avocate.
[2019/10/21 - 15:05:09] [VIP NAMECHANGES] Admin Nelson has changed their name to Nelson.
[2019/10/21 - 15:05:12] [VIP NAMECHANGES] Harold Nelson has changed their name to Harold.
[2019/10/21 - 15:05:19] [VIP NAMECHANGES] Harold has changed their name to HaroldN.
[2019/10/21 - 17:51:36] [VIP NAMECHANGES] Tom Septiceye has changed their name to Jack_Brown.
[2019/10/22 - 0:07:55] [VIP NAMECHANGES] Mike Mcadam(3479) has changed their name to Dre_Li_Bal.
[2019/10/22 - 7:37:46] [VIP NAMECHANGES] Bell has changed their name to Bells.
[2019/10/22 - 7:38:17] [VIP NAMECHANGES] Bells has changed their name to Bell.
[2019/10/22 - 9:48:00] [VIP NAMECHANGES] Nelson has changed their name to JNelson.
[2019/10/22 - 13:59:15] [VIP NAMECHANGES] Jnelson has changed their name to Nelson.
[2019/10/22 - 14:31:12] [VIP NAMECHANGES] Prince Yaseen(3312) has changed their name to John_Nelson.
[2019/10/22 - 18:52:08] [VIP NAMECHANGES] Alex Wolf(3511) has changed their name to Alex_McFlurry.
[2019/10/22 - 19:10:12] [VIP NAMECHANGES] Sakura Bando(1285) has changed their name to Juhi_Miller.
[2019/10/22 - 19:17:39] [VIP NAMECHANGES] Juhi Miller(1285) has changed their name to Sakura_Bando.
[2019/10/22 - 21:07:32] [VIP NAMECHANGES] Kriss Kidman(1962) has changed their name to James_Mustang.
[2019/10/22 - 21:46:26] [VIP NAMECHANGES] Dre Li Bal(3479) has changed their name to Dre_Ortiz.
[2019/10/23 - 11:14:23] [VIP NAMECHANGES] Alex Mcflurry(3511) has changed their name to Carl_Harn.
[2019/10/23 - 12:59:41] [VIP NAMECHANGES] Kyrie Stephen(3489) has changed their name to Santy_S._Savage.
[2019/10/25 - 9:41:12] [VIP NAMECHANGES] Darvin Kingx has changed their name to DavidS.
[2019/10/25 - 9:41:24] [VIP NAMECHANGES] DavidS has changed their name to Davin_Kingx.
[2019/10/25 - 9:41:30] [VIP NAMECHANGES] Davids Admin has changed their name to DavidS.
[2019/10/25 - 9:42:42] [VIP NAMECHANGES] Davin Kingx has changed their name to Darvin_Kingx.
[2019/10/25 - 14:49:00] [VIP NAMECHANGES] Jack Stanford(3611) has changed their name to John_Guetta.
[2019/10/25 - 14:50:49] [VIP NAMECHANGES] John Stanford(3604) has changed their name to Adam_Charles.
[2019/10/26 - 10:22:25] [VIP NAMECHANGES] Fredy Admin has changed their name to Fredy.
[2019/10/26 - 11:24:56] [VIP NAMECHANGES] Tyrone Anderson(3587) has changed their name to Carl_Ruggiero.
[2019/10/28 - 20:46:07] [VIP NAMECHANGES] William Admin has changed their name to William.
[2019/10/28 - 20:59:25] [VIP NAMECHANGES] Cartman Admin has changed their name to Cartman.
[2019/10/28 - 21:08:51] [VIP NAMECHANGES] Chelsya Thomas(1421) has changed their name to Emily_Parker.
[2019/10/28 - 21:16:56] [VIP NAMECHANGES] Emily Parker(1421) has changed their name to Olivia_Yakama.
[2019/10/28 - 21:22:20] [VIP NAMECHANGES] Olivia Yakama(1421) has changed their name to Alexander_Sherman.
[2019/10/28 - 21:24:20] [VIP NAMECHANGES] Alexander Sherman(1421) has changed their name to Chelsya_Thomas.
[2019/10/28 - 21:56:46] [VIP NAMECHANGES] Chelsya Thomas(1421) has changed their name to Jamal_Freyo.
[2019/10/28 - 22:36:39] [VIP NAMECHANGES] Jamal Freyo(1421) has changed their name to Chelsya_Thomas.
[2019/10/29 - 1:12:00] [VIP NAMECHANGES] Mpho Sgz has changed their name to John_Papi.
[2019/10/30 - 7:16:06] [VIP NAMECHANGES] Scorpion has changed their name to Nir_Francis_Jr..
[2019/10/30 - 7:17:58] [VIP NAMECHANGES] Nir Francis has changed their name to Scorpion.
[2019/10/30 - 7:19:30] [VIP NAMECHANGES] Scorpion has changed their name to Nir_Francis.
[2019/10/30 - 7:19:50] [VIP NAMECHANGES] Nir Francis Jr. has changed their name to Scorpion.
[2019/10/31 - 10:14:46] [VIP NAMECHANGES] Sandra Bell(3319) has changed their name to Fiona_McCarthy.
[2019/10/31 - 22:49:40] [VIP NAMECHANGES] Adam Townshed(3467) has changed their name to Adam_Townsend.
[2019/11/1 - 0:34:07] [VIP NAMECHANGES] Chelsya Thomas(1421) has changed their name to Jesse_Fury.
[2019/11/1 - 0:34:28] [VIP NAMECHANGES] Alejandro Waters(2096) has changed their name to Johnny_Crispy.
[2019/11/1 - 0:34:51] [VIP NAMECHANGES] Chan Blaze(1316) has changed their name to Dre_Lacoste.
[2019/11/1 - 0:41:04] [VIP NAMECHANGES] Scorpion has changed their name to Rehman_Khan.
[2019/11/1 - 0:46:13] [VIP NAMECHANGES] Johnny Crispy(2096) has changed their name to Alejandro_Waters.
[2019/11/1 - 0:46:19] [VIP NAMECHANGES] Dre Lacoste(1316) has changed their name to Chan_Blaze.
[2019/11/1 - 0:46:35] [VIP NAMECHANGES] Rehman Khan has changed their name to Scorpion.
[2019/11/1 - 0:47:07] [VIP NAMECHANGES] Jesse Fury(1421) has changed their name to Chelsya_Thomas.
[2019/11/1 - 18:27:58] [VIP NAMECHANGES] Mcfellow has changed their name to McFello.
[2019/11/1 - 18:28:00] [VIP NAMECHANGES] McFello has changed their name to McFellow.
[2019/11/1 - 21:11:49] [VIP NAMECHANGES] Chelsya Thomas(1421) has changed their name to Olivia_Stark.
[2019/11/1 - 21:12:26] [VIP NAMECHANGES] Jimmy Rio(2032) has changed their name to Bobby_Reyes.
[2019/11/1 - 21:15:18] [VIP NAMECHANGES] Olivia Stark(1421) has changed their name to Chelsya_Thomas.
[2019/11/1 - 21:54:17] [VIP NAMECHANGES] Jordan Maddox(2403) has changed their name to Nick_Sherman.
[2019/11/1 - 22:50:13] [VIP NAMECHANGES] Ryuusaki Hanako has changed their name to Dai.
[2019/11/1 - 22:59:12] [VIP NAMECHANGES] Dai has changed their name to Ariza.
[2019/11/1 - 23:00:42] [VIP NAMECHANGES] Alberto Rio(2036) has changed their name to Hamzo_Freeman.
[2019/11/1 - 23:35:43] [VIP NAMECHANGES] Nick Sherman(2403) has changed their name to Ryuusaki_Hanako.
[2019/11/2 - 7:11:26] [VIP NAMECHANGES] Ariza has changed their name to DAizukotetsu.
[2019/11/2 - 9:43:47] [VIP NAMECHANGES] Darvin Admin has changed their name to Dravin.
[2019/11/2 - 10:01:29] [VIP NAMECHANGES] Dravin has changed their name to Darvin.
[2019/11/2 - 10:47:45] [VIP NAMECHANGES] Asiah Maiden Rizal(1927) has changed their name to Kayleigh_Murphy.
[2019/11/2 - 12:58:06] [VIP NAMECHANGES] Sistine Wing Rizal(2082) has changed their name to Brianna_Martin.
[2019/11/2 - 15:20:29] [VIP NAMECHANGES] Nemesis Here(3867) has changed their name to Intajur_Rahaman.
[2019/11/2 - 15:29:42] [VIP NAMECHANGES] Hacker Boi(3869) has changed their name to Felix_Storm.
[2019/11/2 - 16:37:46] [VIP NAMECHANGES] Patela Xd(3870) has changed their name to Lolek_Lolkowski.
[2019/11/2 - 20:04:20] [VIP NAMECHANGES] Chelsya Thomas(1421) has changed their name to Alexis_Delaware.
[2019/11/2 - 20:20:53] [VIP NAMECHANGES] Alexis Delaware(1421) has changed their name to Chelsya_Thomas.
[2019/11/2 - 23:30:50] [VIP NAMECHANGES] Black Nigga(3885) has changed their name to Nih_Gersga.
[2019/11/3 - 4:56:01] [VIP NAMECHANGES] Rafael El Grande(3281) has changed their name to Roy_Mustang.
[2019/11/3 - 5:37:27] [VIP NAMECHANGES] Channie has changed their name to Thug.
[2019/11/3 - 6:17:04] [VIP NAMECHANGES] Nemo Admin has changed their name to Jack.
[2019/11/3 - 6:17:35] [VIP NAMECHANGES] Jack has changed their name to NemoA.
[2019/11/3 - 6:40:23] [VIP NAMECHANGES] Bryan Cabral(3657) has changed their name to Bryan_White.
[2019/11/3 - 6:59:58] [VIP NAMECHANGES] Nemoa has changed their name to Kingsley.
[2019/11/3 - 7:07:12] [VIP NAMECHANGES] Shen Blevis(3564) has changed their name to Marcin_Gucci_Benson.
[2019/11/3 - 10:00:42] [VIP NAMECHANGES] Akirasuya Hanako has changed their name to Akira.
[2019/11/3 - 11:02:05] [VIP NAMECHANGES] Akira has changed their name to Japan.
[2019/11/3 - 11:04:08] [VIP NAMECHANGES] Japan has changed their name to Moonlight.
[2019/11/3 - 11:19:31] [VIP NAMECHANGES] Moonlight has changed their name to Akirasuya_Hanako.
[2019/11/3 - 12:03:47] [VIP NAMECHANGES] Akirasuya Hanako has changed their name to Moonlight.
[2019/11/3 - 12:20:12] [VIP NAMECHANGES] Daizukotetsu has changed their name to Hills.
[2019/11/3 - 12:20:21] [VIP NAMECHANGES] Hills has changed their name to Parks.
[2019/11/4 - 5:06:07] [VIP NAMECHANGES] Mystic has changed their name to Kyle.
[2019/11/4 - 5:06:21] [VIP NAMECHANGES] Kyle has changed their name to Kyle Alvarado.
[2019/11/4 - 5:09:54] [VIP NAMECHANGES] Kyle has changed their name to Mystic.
[2019/11/4 - 6:52:44] [VIP NAMECHANGES] Melinna Diaz(2839) has changed their name to Yung_Hercules.
[2019/11/4 - 10:35:34] [VIP NAMECHANGES] Moonlight has changed their name to Sai_Aizukotetsu.
[2019/11/4 - 10:43:03] [VIP NAMECHANGES] Sai Aizukotetsu has changed their name to Moonlight.
[2019/11/4 - 10:55:44] [VIP NAMECHANGES] Nick Reary(2973) has changed their name to Mickey_Freeman.
[2019/11/4 - 10:59:37] [VIP NAMECHANGES] Sherlock King Demon(1097) has changed their name to Kyoshiro_Hanako.
[2019/11/4 - 12:25:39] [VIP NAMECHANGES] Moonlight has changed their name to Sai_Aizukotetsu.
[2019/11/4 - 12:26:37] [VIP NAMECHANGES] Parks has changed their name to Greenlight.
[2019/11/4 - 12:26:50] [VIP NAMECHANGES] Greenlight has changed their name to Whitelight.
[2019/11/4 - 12:27:20] [VIP NAMECHANGES] Whitelight has changed their name to Dai_Aizukotetsu.
[2019/11/4 - 12:49:31] [VIP NAMECHANGES] Dai Aizukotetsu has changed their name to Nathan_Parks.
[2019/11/4 - 12:53:49] [VIP NAMECHANGES] Mack Chrome has changed their name to Parks.
[2019/11/4 - 12:53:58] [VIP NAMECHANGES] Parks has changed their name to Mack_Chrome.
[2019/11/4 - 12:54:05] [VIP NAMECHANGES] Nathan Parks has changed their name to Parks.
[2019/11/4 - 12:55:39] [VIP NAMECHANGES] Parks has changed their name to Nathan_Parks.
[2019/11/4 - 13:06:44] [VIP NAMECHANGES] Mack Chrome(1746) has changed their name to Rody_Duterte.
[2019/11/4 - 13:07:52] [VIP NAMECHANGES] Nathan Parks has changed their name to Ariza.
[2019/11/4 - 13:08:13] [VIP NAMECHANGES] Ariza has changed their name to Parks.
[2019/11/4 - 13:08:26] [VIP NAMECHANGES] Parks has changed their name to Daizukotetsu.
[2019/11/4 - 13:11:26] [VIP NAMECHANGES] Yamato Ishikawa(4014) has changed their name to Rui_Sashi_Matsuko.
[2019/11/4 - 13:21:11] [VIP NAMECHANGES] Cesare B. Lombroso(1298) has changed their name to Haruto_Vikouri.
[2019/11/4 - 17:57:10] [VIP NAMECHANGES] Sai Aizukotetsu has changed their name to Moonlight.
[2019/11/4 - 18:01:46] [VIP NAMECHANGES] Moonlight has changed their name to Akira.
[2019/11/4 - 20:29:26] [VIP NAMECHANGES] Nick Mcfellow(1605) has changed their name to James_Richardson.
[2019/11/4 - 20:31:26] [VIP NAMECHANGES] Nir Francis(188) has changed their name to Inzamamul_Haque.
[2019/11/4 - 20:42:40] [VIP NAMECHANGES] Inzamamul Haque(188) has changed their name to Nir_Francis.
[2019/11/4 - 20:49:21] [VIP NAMECHANGES] James Richardson(1605) has changed their name to Nick_McFellow.
[2019/11/4 - 20:50:36] [VIP NAMECHANGES] Nir Francis(188) has changed their name to Inzam_Haque.
[2019/11/4 - 20:50:58] [VIP NAMECHANGES] Inzam Haque(188) has changed their name to NiR_Francis.
[2019/11/4 - 21:19:05] [VIP NAMECHANGES] NiR Francis(188) has changed their name to Abraham_Nir.
[2019/11/4 - 21:25:12] [VIP NAMECHANGES] Abraham Nir(188) has changed their name to Nir_Francis.
[2019/11/4 - 23:03:31] [VIP NAMECHANGES] Chelsya Thomas(1421) has changed their name to Emily_Parker.
[2019/11/4 - 23:38:34] [VIP NAMECHANGES] Emily Parker(1421) has changed their name to Chelsya_Thomas.
[2019/11/5 - 3:12:29] [VIP NAMECHANGES] Daizukotetsu has changed their name to Nathan_Parks.
[2019/11/5 - 3:14:10] [VIP NAMECHANGES] Nathan Parks has changed their name to Jordan_Maddox.
[2019/11/5 - 5:43:17] [VIP NAMECHANGES] Akira has changed their name to Akirasuya_Hanako.
[2019/11/5 - 6:05:50] [VIP NAMECHANGES] Akirasuya Hanako has changed their name to Akira.
[2019/11/5 - 7:13:57] [VIP NAMECHANGES] Doffy Admin has changed their name to Doffy.
[2019/11/5 - 7:14:23] [VIP NAMECHANGES] Doffy has changed their name to Doflamingo.
[2019/11/5 - 7:14:44] [VIP NAMECHANGES] Doflamingo has changed their name to Doffy.
[2019/11/5 - 7:48:38] [VIP NAMECHANGES] James Charles(2196) has changed their name to Shawn_Mendes.
[2019/11/5 - 8:12:28] [VIP NAMECHANGES] Bell has changed their name to FionaM.
[2019/11/5 - 8:30:12] [VIP NAMECHANGES] Angelica Blackwood(4015) has changed their name to Coco_L_Valencia.
[2019/11/5 - 10:02:10] [VIP NAMECHANGES] Akira has changed their name to Akirasuya_Hanako.
[2019/11/5 - 10:05:08] [VIP NAMECHANGES] Akirasuya Hanako has changed their name to Akira.
[2019/11/5 - 10:06:20] [VIP NAMECHANGES] Akira has changed their name to Akirasuya_Hanako.
[2019/11/5 - 10:22:25] [VIP NAMECHANGES] Kyoshiro Hanako(1097) has changed their name to Sherlock_King_Demon.
[2019/11/5 - 10:28:41] [VIP NAMECHANGES] Akirasuya Hanako has changed their name to Akira.
[2019/11/5 - 10:38:06] [VIP NAMECHANGES] Adit Demario(3857) has changed their name to Aditya_Demario.
[2019/11/5 - 10:59:19] [VIP NAMECHANGES] Rikumichi Hanako(3935) has changed their name to Shernan_King_Demon.
[2019/11/5 - 11:12:38] [VIP NAMECHANGES] Akira has changed their name to Akirasuya_Hanako.
[2019/11/5 - 11:23:19] [VIP NAMECHANGES] Maxine D Wraight(1083) has changed their name to Yix_Sy.
[2019/11/5 - 11:28:01] [VIP NAMECHANGES] Akirasuya Hanako has changed their name to Akira.
[2019/11/5 - 11:34:13] [VIP NAMECHANGES] Akira has changed their name to Akirasuya_Hanako.
[2019/11/5 - 11:39:14] [VIP NAMECHANGES] Sergio Ramirez(3447) has changed their name to Fredrick_Visarely.
[2019/11/5 - 12:00:52] [VIP NAMECHANGES] Akirasuya Hanako has changed their name to Akira.
[2019/11/5 - 12:18:17] [VIP NAMECHANGES] Akira has changed their name to Akirasuya_Hanako.
[2019/11/5 - 12:21:14] [VIP NAMECHANGES] Kray Maddox(1484) has changed their name to Kray_Flockavelli.
[2019/11/5 - 12:22:07] [VIP NAMECHANGES] Alex Raidens(4076) has changed their name to Joyce_Gardener.
[2019/11/5 - 12:26:23] [VIP NAMECHANGES] Akirasuya Hanako has changed their name to Akira.
[2019/11/5 - 13:39:24] [VIP NAMECHANGES] Sean Mello(3470) has changed their name to Yamato_Ishikawa.
[2019/11/5 - 13:40:03] [VIP NAMECHANGES] Yamato Ishikawa(3470) has changed their name to Sean_Mello.
[2019/11/5 - 14:12:29] [VIP NAMECHANGES] Rui Sashi Matsuko(4014) has changed their name to Conan_E_Hawkeye.
[2019/11/5 - 18:10:15] [VIP NAMECHANGES] Nick Mcfellow(1605) has changed their name to Leo_Tylor.
[2019/11/5 - 18:16:01] [VIP NAMECHANGES] Leo Tylor(1605) has changed their name to Nick_McFellow.
[2019/11/5 - 20:26:31] [VIP NAMECHANGES] Chan Admin has changed their name to John_De.
[2019/11/5 - 20:26:50] [VIP NAMECHANGES] John De has changed their name to Chan.
[2019/11/5 - 22:43:10] [VIP NAMECHANGES] James Charles(4097) has changed their name to Jon_Dickie.
[2019/11/5 - 22:45:04] [VIP NAMECHANGES] Shawn Mendes(2196) has changed their name to James_Charles.
[2019/11/5 - 23:04:35] [VIP NAMECHANGES] James Admin has changed their name to Charles.
[2019/11/6 - 5:11:38] [VIP NAMECHANGES] Tom Fortis(3262) has changed their name to Kuro_Tsutake.
[2019/11/6 - 5:33:47] [VIP NAMECHANGES] Jordan Maddox has changed their name to Dai.
[2019/11/6 - 6:09:26] [VIP NAMECHANGES] John Lloyd(3995) has changed their name to Lloyd_Maiven.
[2019/11/6 - 6:10:02] [VIP NAMECHANGES] Lloyd Maiven(3995) has changed their name to John_Hopkins.
[2019/11/6 - 7:35:35] [VIP NAMECHANGES] Jax Admin has changed their name to Jax.
[2019/11/6 - 9:28:18] [VIP NAMECHANGES] Kaito Matsuzaki(2882) has changed their name to Mark_Winterfield.
[2019/11/6 - 10:22:10] [VIP NAMECHANGES] Akira has changed their name to Akirasuya_Hanako.
[2019/11/6 - 11:47:45] [VIP NAMECHANGES] Mickey Freeman(2973) has changed their name to Michael_Rigger.
[2019/11/6 - 12:31:54] [VIP NAMECHANGES] Michael Rigger(2973) has changed their name to John_Livel.
[2019/11/6 - 13:07:43] [VIP NAMECHANGES] Conan E Hawkeye(4014) has changed their name to Rui_Sashi_Matsuko.
[2019/11/6 - 13:33:58] [VIP NAMECHANGES] Akirasuya Hanako has changed their name to Akira.
[2019/11/7 - 5:33:17] [VIP NAMECHANGES] Dai has changed their name to Nathan_Parks.
[2019/11/7 - 5:35:13] [VIP NAMECHANGES] Nathan Parks has changed their name to Dai_Aizukotetsu.
[2019/11/7 - 6:38:37] [VIP NAMECHANGES] Sherlock King Demon(1097) has changed their name to Kyoshiro_Hanako.
[2019/11/7 - 8:46:06] [VIP NAMECHANGES] Dai Aizukotetsu has changed their name to Dai.
[2019/11/7 - 9:00:18] [VIP NAMECHANGES] Jax has changed their name to Winterfield.
[2019/11/7 - 9:00:46] [VIP NAMECHANGES] Winterfield has changed their name to Jax.
[2019/11/7 - 13:57:38] [VIP NAMECHANGES] John Livel(2973) has changed their name to Michael_Rogers.
[2019/11/7 - 16:22:46] [VIP NAMECHANGES] Mcfellow has changed their name to m.
[2019/11/7 - 16:22:50] [VIP NAMECHANGES] m has changed their name to McFellow.
[2019/11/7 - 17:10:14] [VIP NAMECHANGES] Hunch Muni(3871) has changed their name to Muni_Slime.
[2019/11/7 - 17:48:02] [VIP NAMECHANGES] Mcfellow has changed their name to m.
[2019/11/7 - 17:48:06] [VIP NAMECHANGES] m has changed their name to McFellow.
[2019/11/7 - 20:58:25] [VIP NAMECHANGES] Chan has changed their name to Chann.
[2019/11/7 - 20:58:32] [VIP NAMECHANGES] Chann has changed their name to Chan.
[2019/11/7 - 21:28:47] [VIP NAMECHANGES] Hamzo Freeman(2036) has changed their name to James_Rockman.
[2019/11/7 - 22:39:01] [VIP NAMECHANGES] Chan has changed their name to GassingJews.
[2019/11/7 - 22:40:33] [VIP NAMECHANGES] GassingJews has changed their name to Chelsya_Tohmas.
[2019/11/7 - 22:41:09] [VIP NAMECHANGES] Chelsya Tohmas has changed their name to Chan.
[2019/11/7 - 22:46:40] [VIP NAMECHANGES] Chan has changed their name to Chan_Mane.
[2019/11/7 - 22:47:27] [VIP NAMECHANGES] Chan Mane has changed their name to Chan_Lacoste.
[2019/11/7 - 22:58:18] [VIP NAMECHANGES] Chan Lacoste has changed their name to Chan.
[2019/11/8 - 3:38:09] [VIP NAMECHANGES] Big Dick(4168) has changed their name to Dick_Charles.
[2019/11/8 - 6:09:15] [VIP NAMECHANGES] Dai has changed their name to Dai_Aizukotetsu.
[2019/11/8 - 7:13:55] [VIP NAMECHANGES] Richard B Makaveli(2600) has changed their name to Richard_Escobar.
[2019/11/8 - 10:52:56] [VIP NAMECHANGES] Akira has changed their name to Moonlight.
[2019/11/8 - 11:25:38] [VIP NAMECHANGES] Megan B Makaveli(1973) has changed their name to Lena_Sandoval.
[2019/11/8 - 12:00:44] [VIP NAMECHANGES] Lena Sandoval(1973) has changed their name to Lena_B_Sandoval.
[2019/11/8 - 12:01:03] [VIP NAMECHANGES] Lena B Sandoval(1973) has changed their name to Lena_Sandoval.
[2019/11/8 - 12:55:18] [VIP NAMECHANGES] Muni Slime(3871) has changed their name to Kaydey_Purdell.
[2019/11/8 - 14:07:20] [VIP NAMECHANGES] Andres De Fonollosa(4188) has changed their name to Rae_Sremmurd.
[2019/11/8 - 14:09:48] [VIP NAMECHANGES] Rae Sremmurd(4188) has changed their name to Andres_de_Fonollosa.
[2019/11/8 - 20:36:33] [VIP NAMECHANGES] Mcfellow has changed their name to m.
[2019/11/8 - 20:36:38] [VIP NAMECHANGES] m has changed their name to McFellow.
[2019/11/9 - 2:13:05] [VIP NAMECHANGES] Chelsya Thomas(1421) has changed their name to Emily_Parker.
[2019/11/9 - 2:34:54] [VIP NAMECHANGES] Emily Parker(1421) has changed their name to Jeffrey_Bates.
[2019/11/9 - 2:41:37] [VIP NAMECHANGES] Jeffrey Bates(1421) has changed their name to Chelsya_Thomas.
[2019/11/9 - 5:15:40] [VIP NAMECHANGES] Jiro Matsukaze(2345) has changed their name to Jerry_Dawg.
[2019/11/9 - 6:55:23] [VIP NAMECHANGES] Chumpie Sakura has changed their name to Aine_Lynch_Murray.
[2019/11/9 - 9:14:11] [VIP NAMECHANGES] Chan has changed their name to Chan_Lacoste.
[2019/11/9 - 9:25:43] [VIP NAMECHANGES] Chan Lacoste has changed their name to Chan.
[2019/11/9 - 10:04:49] [VIP NAMECHANGES] Carlito Verona(2555) has changed their name to Carl_Lee_Smith.
[2019/11/9 - 10:07:44] [VIP NAMECHANGES] Mcfellow has changed their name to m.
[2019/11/9 - 10:07:48] [VIP NAMECHANGES] m has changed their name to McFellow.
[2019/11/9 - 10:31:56] [VIP NAMECHANGES] Fredrick Visarely(3447) has changed their name to Sergio_Ramirez.
[2019/11/9 - 11:36:35] [VIP NAMECHANGES] Sophy Ortodox(1499) has changed their name to Sophy_A._Visarely.
[2019/11/9 - 15:12:23] [VIP NAMECHANGES] Doffy Admin has changed their name to Doffy.
[2019/11/9 - 15:22:24] [VIP NAMECHANGES] Alex Foster(1359) has changed their name to Harold_McCauley.
[2019/11/9 - 16:13:30] [VIP NAMECHANGES] Sophy Ortodox(1499) has changed their name to Kei_Visarely.
