[2025/4/27 - 0:00:08] The faction vault is at $112,393,709.
[2025/4/27 - 0:00:08] SA Gov Paid $80,000 to Public Works budget fund.
[2025/4/27 - 0:00:08] Vehicle ID 265 (Slot ID 5) Maintainence fee cost $0 to Public Works's budget fund.
[2025/4/27 - 0:00:08] Vehicle ID 288 (Slot ID 34) Maintainence fee cost $0 to Public Works's budget fund.
[2025/4/27 - 0:00:08] Vehicle ID 309 (Slot ID 64) Maintainence fee cost $0 to Public Works's budget fund.
[2025/4/27 - 0:00:08] Vehicle ID 322 (Slot ID 78) Maintainence fee cost $0 to Public Works's budget fund.
[2025/4/27 - 0:00:08] Vehicle ID 376 (Slot ID 139) Maintainence fee cost $0 to Public Works's budget fund.
[2025/4/27 - 0:00:08] Vehicle ID 384 (Slot ID 149) Maintainence fee cost $0 to Public Works's budget fund.
[2025/4/27 - 0:00:08] Vehicle ID 393 (Slot ID 159) Maintainence fee cost $0 to Public Works's budget fund.
[2025/4/27 - 0:00:08] Vehicle ID 522 (Slot ID 308) Maintainence fee cost $0 to Public Works's budget fund.
[2025/4/27 - 0:00:08] Vehicle ID 528 (Slot ID 317) Maintainence fee cost $0 to Public Works's budget fund.
[2025/4/27 - 0:00:08] Vehicle ID 533 (Slot ID 322) Maintainence fee cost $0 to Public Works's budget fund.
[2025/4/27 - 0:00:08] Vehicle ID 537 (Slot ID 326) Maintainence fee cost $0 to Public Works's budget fund.
[2025/4/27 - 0:00:08] Vehicle ID 539 (Slot ID 329) Maintainence fee cost $0 to Public Works's budget fund.
[2025/4/27 - 0:00:08] Vehicle ID 541 (Slot ID 331) Maintainence fee cost $0 to Public Works's budget fund.
[2025/4/27 - 0:00:08] Vehicle ID 543 (Slot ID 333) Maintainence fee cost $0 to Public Works's budget fund.
[2025/4/27 - 0:00:08] Vehicle ID 544 (Slot ID 334) Maintainence fee cost $0 to Public Works's budget fund.
[2025/4/27 - 0:00:08] Vehicle ID 545 (Slot ID 335) Maintainence fee cost $0 to Public Works's budget fund.
[2025/4/27 - 0:00:08] Vehicle ID 548 (Slot ID 338) Maintainence fee cost $2,500 to Public Works's budget fund.
[2025/4/27 - 0:00:08] Vehicle ID 0 (Slot ID 356) Maintainence fee cost $0 to Public Works's budget fund.
[2025/4/27 - 0:00:08] Vehicle ID 563 (Slot ID 359) Maintainence fee cost $0 to Public Works's budget fund.
[2025/4/27 - 0:00:08] Vehicle ID 571 (Slot ID 375) Maintainence fee cost $0 to Public Works's budget fund.
[2025/4/27 - 0:00:08] Vehicle ID 0 (Slot ID 484) Maintainence fee cost $0 to Public Works's budget fund.
[2025/4/27 - 0:00:08] Vehicle ID 0 (Slot ID 486) Maintainence fee cost $0 to Public Works's budget fund.
[2025/4/27 - 1:00:21] The faction vault is at $112,471,209.
[2025/4/27 - 1:00:21] SA Gov Paid $80,000 to Public Works budget fund.
[2025/4/27 - 1:00:21] Vehicle ID 265 (Slot ID 5) Maintainence fee cost $0 to Public Works's budget fund.
[2025/4/27 - 1:00:21] Vehicle ID 288 (Slot ID 34) Maintainence fee cost $0 to Public Works's budget fund.
[2025/4/27 - 1:00:21] Vehicle ID 309 (Slot ID 64) Maintainence fee cost $0 to Public Works's budget fund.
[2025/4/27 - 1:00:21] Vehicle ID 322 (Slot ID 78) Maintainence fee cost $0 to Public Works's budget fund.
[2025/4/27 - 1:00:21] Vehicle ID 376 (Slot ID 139) Maintainence fee cost $0 to Public Works's budget fund.
[2025/4/27 - 1:00:21] Vehicle ID 384 (Slot ID 149) Maintainence fee cost $0 to Public Works's budget fund.
[2025/4/27 - 1:00:21] Vehicle ID 393 (Slot ID 159) Maintainence fee cost $0 to Public Works's budget fund.
[2025/4/27 - 1:00:21] Vehicle ID 522 (Slot ID 308) Maintainence fee cost $0 to Public Works's budget fund.
[2025/4/27 - 1:00:21] Vehicle ID 528 (Slot ID 317) Maintainence fee cost $0 to Public Works's budget fund.
[2025/4/27 - 1:00:21] Vehicle ID 533 (Slot ID 322) Maintainence fee cost $0 to Public Works's budget fund.
[2025/4/27 - 1:00:21] Vehicle ID 537 (Slot ID 326) Maintainence fee cost $0 to Public Works's budget fund.
[2025/4/27 - 1:00:21] Vehicle ID 539 (Slot ID 329) Maintainence fee cost $0 to Public Works's budget fund.
[2025/4/27 - 1:00:21] Vehicle ID 541 (Slot ID 331) Maintainence fee cost $0 to Public Works's budget fund.
[2025/4/27 - 1:00:21] Vehicle ID 543 (Slot ID 333) Maintainence fee cost $0 to Public Works's budget fund.
[2025/4/27 - 1:00:21] Vehicle ID 544 (Slot ID 334) Maintainence fee cost $0 to Public Works's budget fund.
[2025/4/27 - 1:00:21] Vehicle ID 545 (Slot ID 335) Maintainence fee cost $0 to Public Works's budget fund.
[2025/4/27 - 1:00:21] Vehicle ID 548 (Slot ID 338) Maintainence fee cost $2,500 to Public Works's budget fund.
[2025/4/27 - 1:00:21] Vehicle ID 0 (Slot ID 356) Maintainence fee cost $0 to Public Works's budget fund.
[2025/4/27 - 1:00:21] Vehicle ID 563 (Slot ID 359) Maintainence fee cost $0 to Public Works's budget fund.
[2025/4/27 - 1:00:21] Vehicle ID 571 (Slot ID 375) Maintainence fee cost $0 to Public Works's budget fund.
[2025/4/27 - 1:00:21] Vehicle ID 0 (Slot ID 484) Maintainence fee cost $0 to Public Works's budget fund.
[2025/4/27 - 1:00:21] Vehicle ID 0 (Slot ID 486) Maintainence fee cost $0 to Public Works's budget fund.
[2025/4/27 - 17:00:36] The faction vault is at $111,464,959.
[2025/4/27 - 17:00:36] SA Gov Paid $80,000 to Public Works budget fund.
[2025/4/27 - 17:00:36] Vehicle ID 265 (Slot ID 5) Maintainence fee cost $0 to Public Works's budget fund.
[2025/4/27 - 17:00:36] Vehicle ID 288 (Slot ID 34) Maintainence fee cost $0 to Public Works's budget fund.
[2025/4/27 - 17:00:36] Vehicle ID 309 (Slot ID 64) Maintainence fee cost $0 to Public Works's budget fund.
[2025/4/27 - 17:00:36] Vehicle ID 322 (Slot ID 78) Maintainence fee cost $0 to Public Works's budget fund.
[2025/4/27 - 17:00:36] Vehicle ID 376 (Slot ID 139) Maintainence fee cost $0 to Public Works's budget fund.
[2025/4/27 - 17:00:36] Vehicle ID 384 (Slot ID 149) Maintainence fee cost $0 to Public Works's budget fund.
[2025/4/27 - 17:00:36] Vehicle ID 393 (Slot ID 159) Maintainence fee cost $0 to Public Works's budget fund.
[2025/4/27 - 17:00:36] Vehicle ID 522 (Slot ID 308) Maintainence fee cost $0 to Public Works's budget fund.
[2025/4/27 - 17:00:36] Vehicle ID 528 (Slot ID 317) Maintainence fee cost $0 to Public Works's budget fund.
[2025/4/27 - 17:00:36] Vehicle ID 533 (Slot ID 322) Maintainence fee cost $0 to Public Works's budget fund.
[2025/4/27 - 17:00:36] Vehicle ID 537 (Slot ID 326) Maintainence fee cost $0 to Public Works's budget fund.
[2025/4/27 - 17:00:36] Vehicle ID 539 (Slot ID 329) Maintainence fee cost $0 to Public Works's budget fund.
[2025/4/27 - 17:00:36] Vehicle ID 541 (Slot ID 331) Maintainence fee cost $0 to Public Works's budget fund.
[2025/4/27 - 17:00:36] Vehicle ID 543 (Slot ID 333) Maintainence fee cost $0 to Public Works's budget fund.
[2025/4/27 - 17:00:36] Vehicle ID 544 (Slot ID 334) Maintainence fee cost $0 to Public Works's budget fund.
[2025/4/27 - 17:00:36] Vehicle ID 545 (Slot ID 335) Maintainence fee cost $0 to Public Works's budget fund.
[2025/4/27 - 17:00:36] Vehicle ID 548 (Slot ID 338) Maintainence fee cost $2,500 to Public Works's budget fund.
[2025/4/27 - 17:00:36] Vehicle ID 0 (Slot ID 356) Maintainence fee cost $0 to Public Works's budget fund.
[2025/4/27 - 17:00:36] Vehicle ID 563 (Slot ID 359) Maintainence fee cost $0 to Public Works's budget fund.
[2025/4/27 - 17:00:36] Vehicle ID 571 (Slot ID 375) Maintainence fee cost $0 to Public Works's budget fund.
[2025/4/27 - 17:00:36] Vehicle ID 0 (Slot ID 484) Maintainence fee cost $0 to Public Works's budget fund.
[2025/4/27 - 17:00:36] Vehicle ID 0 (Slot ID 486) Maintainence fee cost $0 to Public Works's budget fund.
[2025/4/27 - 18:01:31] The faction vault is at $111,542,459.
[2025/4/27 - 18:01:31] SA Gov Paid $80,000 to Public Works budget fund.
[2025/4/27 - 18:01:31] Vehicle ID 265 (Slot ID 5) Maintainence fee cost $0 to Public Works's budget fund.
[2025/4/27 - 18:01:31] Vehicle ID 288 (Slot ID 34) Maintainence fee cost $0 to Public Works's budget fund.
[2025/4/27 - 18:01:31] Vehicle ID 309 (Slot ID 64) Maintainence fee cost $0 to Public Works's budget fund.
[2025/4/27 - 18:01:31] Vehicle ID 322 (Slot ID 78) Maintainence fee cost $0 to Public Works's budget fund.
[2025/4/27 - 18:01:31] Vehicle ID 376 (Slot ID 139) Maintainence fee cost $0 to Public Works's budget fund.
[2025/4/27 - 18:01:31] Vehicle ID 384 (Slot ID 149) Maintainence fee cost $0 to Public Works's budget fund.
[2025/4/27 - 18:01:31] Vehicle ID 393 (Slot ID 159) Maintainence fee cost $0 to Public Works's budget fund.
[2025/4/27 - 18:01:31] Vehicle ID 522 (Slot ID 308) Maintainence fee cost $0 to Public Works's budget fund.
[2025/4/27 - 18:01:31] Vehicle ID 528 (Slot ID 317) Maintainence fee cost $0 to Public Works's budget fund.
[2025/4/27 - 18:01:31] Vehicle ID 533 (Slot ID 322) Maintainence fee cost $0 to Public Works's budget fund.
[2025/4/27 - 18:01:31] Vehicle ID 537 (Slot ID 326) Maintainence fee cost $0 to Public Works's budget fund.
[2025/4/27 - 18:01:31] Vehicle ID 539 (Slot ID 329) Maintainence fee cost $0 to Public Works's budget fund.
[2025/4/27 - 18:01:31] Vehicle ID 541 (Slot ID 331) Maintainence fee cost $0 to Public Works's budget fund.
[2025/4/27 - 18:01:31] Vehicle ID 543 (Slot ID 333) Maintainence fee cost $0 to Public Works's budget fund.
[2025/4/27 - 18:01:31] Vehicle ID 544 (Slot ID 334) Maintainence fee cost $0 to Public Works's budget fund.
[2025/4/27 - 18:01:31] Vehicle ID 545 (Slot ID 335) Maintainence fee cost $0 to Public Works's budget fund.
[2025/4/27 - 18:01:31] Vehicle ID 548 (Slot ID 338) Maintainence fee cost $2,500 to Public Works's budget fund.
[2025/4/27 - 18:01:31] Vehicle ID 0 (Slot ID 356) Maintainence fee cost $0 to Public Works's budget fund.
[2025/4/27 - 18:01:31] Vehicle ID 563 (Slot ID 359) Maintainence fee cost $0 to Public Works's budget fund.
[2025/4/27 - 18:01:31] Vehicle ID 571 (Slot ID 375) Maintainence fee cost $0 to Public Works's budget fund.
[2025/4/27 - 18:01:31] Vehicle ID 0 (Slot ID 484) Maintainence fee cost $0 to Public Works's budget fund.
[2025/4/27 - 18:01:31] Vehicle ID 0 (Slot ID 486) Maintainence fee cost $0 to Public Works's budget fund.
[2025/4/27 - 18:16:52] Vehicle Slot ID 5 RTB fee cost $0 to Public Works's budget fund.
[2025/4/27 - 18:16:52] Vehicle Slot ID 34 RTB fee cost $0 to Public Works's budget fund.
[2025/4/27 - 18:16:52] Vehicle Slot ID 64 RTB fee cost $0 to Public Works's budget fund.
[2025/4/27 - 18:16:52] Vehicle Slot ID 78 RTB fee cost $0 to Public Works's budget fund.
[2025/4/27 - 18:16:52] Vehicle Slot ID 139 RTB fee cost $0 to Public Works's budget fund.
[2025/4/27 - 18:16:52] Vehicle Slot ID 149 RTB fee cost $0 to Public Works's budget fund.
[2025/4/27 - 18:16:52] Vehicle Slot ID 159 RTB fee cost $0 to Public Works's budget fund.
[2025/4/27 - 18:16:52] Vehicle Slot ID 308 RTB fee cost $0 to Public Works's budget fund.
[2025/4/27 - 18:16:52] Vehicle Slot ID 317 RTB fee cost $0 to Public Works's budget fund.
[2025/4/27 - 18:16:52] Vehicle Slot ID 322 RTB fee cost $0 to Public Works's budget fund.
[2025/4/27 - 18:16:52] Vehicle Slot ID 326 RTB fee cost $0 to Public Works's budget fund.
[2025/4/27 - 18:16:52] Vehicle Slot ID 329 RTB fee cost $0 to Public Works's budget fund.
[2025/4/27 - 18:16:52] Vehicle Slot ID 331 RTB fee cost $0 to Public Works's budget fund.
[2025/4/27 - 18:16:52] Vehicle Slot ID 333 RTB fee cost $0 to Public Works's budget fund.
[2025/4/27 - 18:16:52] Vehicle Slot ID 334 RTB fee cost $0 to Public Works's budget fund.
[2025/4/27 - 18:16:52] Vehicle Slot ID 335 RTB fee cost $0 to Public Works's budget fund.
[2025/4/27 - 18:16:52] Vehicle Slot ID 338 RTB fee cost $1250 to Public Works's budget fund.
[2025/4/27 - 18:16:52] Vehicle Slot ID 359 RTB fee cost $0 to Public Works's budget fund.
[2025/4/27 - 18:16:52] Vehicle Slot ID 375 RTB fee cost $0 to Public Works's budget fund.
[2025/4/27 - 18:43:40] Vehicle Slot ID 5 RTB fee cost $0 to Public Works's budget fund.
[2025/4/27 - 18:43:40] Vehicle Slot ID 34 RTB fee cost $0 to Public Works's budget fund.
[2025/4/27 - 18:43:40] Vehicle Slot ID 64 RTB fee cost $0 to Public Works's budget fund.
[2025/4/27 - 18:43:40] Vehicle Slot ID 78 RTB fee cost $0 to Public Works's budget fund.
[2025/4/27 - 18:43:40] Vehicle Slot ID 139 RTB fee cost $0 to Public Works's budget fund.
[2025/4/27 - 18:43:40] Vehicle Slot ID 149 RTB fee cost $0 to Public Works's budget fund.
[2025/4/27 - 18:43:40] Vehicle Slot ID 159 RTB fee cost $0 to Public Works's budget fund.
[2025/4/27 - 18:43:40] Vehicle Slot ID 308 RTB fee cost $0 to Public Works's budget fund.
[2025/4/27 - 18:43:40] Vehicle Slot ID 317 RTB fee cost $0 to Public Works's budget fund.
[2025/4/27 - 18:43:40] Vehicle Slot ID 322 RTB fee cost $0 to Public Works's budget fund.
[2025/4/27 - 18:43:40] Vehicle Slot ID 326 RTB fee cost $0 to Public Works's budget fund.
[2025/4/27 - 18:43:40] Vehicle Slot ID 329 RTB fee cost $0 to Public Works's budget fund.
[2025/4/27 - 18:43:40] Vehicle Slot ID 331 RTB fee cost $0 to Public Works's budget fund.
[2025/4/27 - 18:43:40] Vehicle Slot ID 333 RTB fee cost $0 to Public Works's budget fund.
[2025/4/27 - 18:43:40] Vehicle Slot ID 334 RTB fee cost $0 to Public Works's budget fund.
[2025/4/27 - 18:43:40] Vehicle Slot ID 335 RTB fee cost $0 to Public Works's budget fund.
[2025/4/27 - 18:43:40] Vehicle Slot ID 338 RTB fee cost $1250 to Public Works's budget fund.
[2025/4/27 - 18:43:40] Vehicle Slot ID 359 RTB fee cost $0 to Public Works's budget fund.
[2025/4/27 - 18:43:40] Vehicle Slot ID 375 RTB fee cost $0 to Public Works's budget fund.
[2025/4/27 - 20:00:07] The faction vault is at $111,619,959.
[2025/4/27 - 20:00:07] SA Gov Paid $80,000 to Public Works budget fund.
[2025/4/27 - 20:00:07] Vehicle ID 265 (Slot ID 5) Maintainence fee cost $0 to Public Works's budget fund.
[2025/4/27 - 20:00:07] Vehicle ID 288 (Slot ID 34) Maintainence fee cost $0 to Public Works's budget fund.
[2025/4/27 - 20:00:07] Vehicle ID 309 (Slot ID 64) Maintainence fee cost $0 to Public Works's budget fund.
[2025/4/27 - 20:00:07] Vehicle ID 322 (Slot ID 78) Maintainence fee cost $0 to Public Works's budget fund.
[2025/4/27 - 20:00:07] Vehicle ID 376 (Slot ID 139) Maintainence fee cost $0 to Public Works's budget fund.
[2025/4/27 - 20:00:07] Vehicle ID 384 (Slot ID 149) Maintainence fee cost $0 to Public Works's budget fund.
[2025/4/27 - 20:00:07] Vehicle ID 393 (Slot ID 159) Maintainence fee cost $0 to Public Works's budget fund.
[2025/4/27 - 20:00:07] Vehicle ID 522 (Slot ID 308) Maintainence fee cost $0 to Public Works's budget fund.
[2025/4/27 - 20:00:07] Vehicle ID 528 (Slot ID 317) Maintainence fee cost $0 to Public Works's budget fund.
[2025/4/27 - 20:00:07] Vehicle ID 533 (Slot ID 322) Maintainence fee cost $0 to Public Works's budget fund.
[2025/4/27 - 20:00:07] Vehicle ID 537 (Slot ID 326) Maintainence fee cost $0 to Public Works's budget fund.
[2025/4/27 - 20:00:07] Vehicle ID 539 (Slot ID 329) Maintainence fee cost $0 to Public Works's budget fund.
[2025/4/27 - 20:00:07] Vehicle ID 541 (Slot ID 331) Maintainence fee cost $0 to Public Works's budget fund.
[2025/4/27 - 20:00:07] Vehicle ID 543 (Slot ID 333) Maintainence fee cost $0 to Public Works's budget fund.
[2025/4/27 - 20:00:07] Vehicle ID 544 (Slot ID 334) Maintainence fee cost $0 to Public Works's budget fund.
[2025/4/27 - 20:00:07] Vehicle ID 545 (Slot ID 335) Maintainence fee cost $0 to Public Works's budget fund.
[2025/4/27 - 20:00:07] Vehicle ID 548 (Slot ID 338) Maintainence fee cost $2,500 to Public Works's budget fund.
[2025/4/27 - 20:00:07] Vehicle ID 0 (Slot ID 356) Maintainence fee cost $0 to Public Works's budget fund.
[2025/4/27 - 20:00:07] Vehicle ID 563 (Slot ID 359) Maintainence fee cost $0 to Public Works's budget fund.
[2025/4/27 - 20:00:07] Vehicle ID 571 (Slot ID 375) Maintainence fee cost $0 to Public Works's budget fund.
[2025/4/27 - 20:00:07] Vehicle ID 0 (Slot ID 484) Maintainence fee cost $0 to Public Works's budget fund.
[2025/4/27 - 20:00:07] Vehicle ID 0 (Slot ID 486) Maintainence fee cost $0 to Public Works's budget fund.
[2025/4/27 - 21:00:44] The faction vault is at $111,697,459.
[2025/4/27 - 21:00:44] SA Gov Paid $80,000 to Public Works budget fund.
[2025/4/27 - 21:00:44] Vehicle ID 265 (Slot ID 5) Maintainence fee cost $0 to Public Works's budget fund.
[2025/4/27 - 21:00:44] Vehicle ID 288 (Slot ID 34) Maintainence fee cost $0 to Public Works's budget fund.
[2025/4/27 - 21:00:44] Vehicle ID 309 (Slot ID 64) Maintainence fee cost $0 to Public Works's budget fund.
[2025/4/27 - 21:00:44] Vehicle ID 322 (Slot ID 78) Maintainence fee cost $0 to Public Works's budget fund.
[2025/4/27 - 21:00:44] Vehicle ID 376 (Slot ID 139) Maintainence fee cost $0 to Public Works's budget fund.
[2025/4/27 - 21:00:44] Vehicle ID 384 (Slot ID 149) Maintainence fee cost $0 to Public Works's budget fund.
[2025/4/27 - 21:00:44] Vehicle ID 393 (Slot ID 159) Maintainence fee cost $0 to Public Works's budget fund.
[2025/4/27 - 21:00:44] Vehicle ID 522 (Slot ID 308) Maintainence fee cost $0 to Public Works's budget fund.
[2025/4/27 - 21:00:44] Vehicle ID 528 (Slot ID 317) Maintainence fee cost $0 to Public Works's budget fund.
[2025/4/27 - 21:00:44] Vehicle ID 533 (Slot ID 322) Maintainence fee cost $0 to Public Works's budget fund.
[2025/4/27 - 21:00:44] Vehicle ID 537 (Slot ID 326) Maintainence fee cost $0 to Public Works's budget fund.
[2025/4/27 - 21:00:44] Vehicle ID 539 (Slot ID 329) Maintainence fee cost $0 to Public Works's budget fund.
[2025/4/27 - 21:00:44] Vehicle ID 541 (Slot ID 331) Maintainence fee cost $0 to Public Works's budget fund.
[2025/4/27 - 21:00:44] Vehicle ID 543 (Slot ID 333) Maintainence fee cost $0 to Public Works's budget fund.
[2025/4/27 - 21:00:44] Vehicle ID 544 (Slot ID 334) Maintainence fee cost $0 to Public Works's budget fund.
[2025/4/27 - 21:00:44] Vehicle ID 545 (Slot ID 335) Maintainence fee cost $0 to Public Works's budget fund.
[2025/4/27 - 21:00:44] Vehicle ID 548 (Slot ID 338) Maintainence fee cost $2,500 to Public Works's budget fund.
[2025/4/27 - 21:00:44] Vehicle ID 0 (Slot ID 356) Maintainence fee cost $0 to Public Works's budget fund.
[2025/4/27 - 21:00:44] Vehicle ID 563 (Slot ID 359) Maintainence fee cost $0 to Public Works's budget fund.
[2025/4/27 - 21:00:44] Vehicle ID 571 (Slot ID 375) Maintainence fee cost $0 to Public Works's budget fund.
[2025/4/27 - 21:00:44] Vehicle ID 0 (Slot ID 484) Maintainence fee cost $0 to Public Works's budget fund.
[2025/4/27 - 21:00:44] Vehicle ID 0 (Slot ID 486) Maintainence fee cost $0 to Public Works's budget fund.
[2025/4/27 - 22:00:52] The faction vault is at $111,774,959.
[2025/4/27 - 22:00:52] SA Gov Paid $80,000 to Public Works budget fund.
[2025/4/27 - 22:00:52] Vehicle ID 265 (Slot ID 5) Maintainence fee cost $0 to Public Works's budget fund.
[2025/4/27 - 22:00:52] Vehicle ID 288 (Slot ID 34) Maintainence fee cost $0 to Public Works's budget fund.
[2025/4/27 - 22:00:52] Vehicle ID 309 (Slot ID 64) Maintainence fee cost $0 to Public Works's budget fund.
[2025/4/27 - 22:00:52] Vehicle ID 322 (Slot ID 78) Maintainence fee cost $0 to Public Works's budget fund.
[2025/4/27 - 22:00:52] Vehicle ID 376 (Slot ID 139) Maintainence fee cost $0 to Public Works's budget fund.
[2025/4/27 - 22:00:52] Vehicle ID 384 (Slot ID 149) Maintainence fee cost $0 to Public Works's budget fund.
[2025/4/27 - 22:00:52] Vehicle ID 393 (Slot ID 159) Maintainence fee cost $0 to Public Works's budget fund.
[2025/4/27 - 22:00:52] Vehicle ID 522 (Slot ID 308) Maintainence fee cost $0 to Public Works's budget fund.
[2025/4/27 - 22:00:52] Vehicle ID 528 (Slot ID 317) Maintainence fee cost $0 to Public Works's budget fund.
[2025/4/27 - 22:00:52] Vehicle ID 533 (Slot ID 322) Maintainence fee cost $0 to Public Works's budget fund.
[2025/4/27 - 22:00:52] Vehicle ID 537 (Slot ID 326) Maintainence fee cost $0 to Public Works's budget fund.
[2025/4/27 - 22:00:52] Vehicle ID 539 (Slot ID 329) Maintainence fee cost $0 to Public Works's budget fund.
[2025/4/27 - 22:00:52] Vehicle ID 541 (Slot ID 331) Maintainence fee cost $0 to Public Works's budget fund.
[2025/4/27 - 22:00:52] Vehicle ID 543 (Slot ID 333) Maintainence fee cost $0 to Public Works's budget fund.
[2025/4/27 - 22:00:52] Vehicle ID 544 (Slot ID 334) Maintainence fee cost $0 to Public Works's budget fund.
[2025/4/27 - 22:00:52] Vehicle ID 545 (Slot ID 335) Maintainence fee cost $0 to Public Works's budget fund.
[2025/4/27 - 22:00:52] Vehicle ID 548 (Slot ID 338) Maintainence fee cost $2,500 to Public Works's budget fund.
[2025/4/27 - 22:00:52] Vehicle ID 0 (Slot ID 356) Maintainence fee cost $0 to Public Works's budget fund.
[2025/4/27 - 22:00:52] Vehicle ID 563 (Slot ID 359) Maintainence fee cost $0 to Public Works's budget fund.
[2025/4/27 - 22:00:52] Vehicle ID 571 (Slot ID 375) Maintainence fee cost $0 to Public Works's budget fund.
[2025/4/27 - 22:00:52] Vehicle ID 0 (Slot ID 484) Maintainence fee cost $0 to Public Works's budget fund.
[2025/4/27 - 22:00:52] Vehicle ID 0 (Slot ID 486) Maintainence fee cost $0 to Public Works's budget fund.
[2025/4/27 - 23:00:00] The faction vault is at $111,852,459.
[2025/4/27 - 23:00:00] SA Gov Paid $80,000 to Public Works budget fund.
[2025/4/27 - 23:00:00] Vehicle ID 265 (Slot ID 5) Maintainence fee cost $0 to Public Works's budget fund.
[2025/4/27 - 23:00:00] Vehicle ID 288 (Slot ID 34) Maintainence fee cost $0 to Public Works's budget fund.
[2025/4/27 - 23:00:00] Vehicle ID 309 (Slot ID 64) Maintainence fee cost $0 to Public Works's budget fund.
[2025/4/27 - 23:00:00] Vehicle ID 322 (Slot ID 78) Maintainence fee cost $0 to Public Works's budget fund.
[2025/4/27 - 23:00:00] Vehicle ID 376 (Slot ID 139) Maintainence fee cost $0 to Public Works's budget fund.
[2025/4/27 - 23:00:00] Vehicle ID 384 (Slot ID 149) Maintainence fee cost $0 to Public Works's budget fund.
[2025/4/27 - 23:00:00] Vehicle ID 393 (Slot ID 159) Maintainence fee cost $0 to Public Works's budget fund.
[2025/4/27 - 23:00:00] Vehicle ID 522 (Slot ID 308) Maintainence fee cost $0 to Public Works's budget fund.
[2025/4/27 - 23:00:00] Vehicle ID 528 (Slot ID 317) Maintainence fee cost $0 to Public Works's budget fund.
[2025/4/27 - 23:00:00] Vehicle ID 533 (Slot ID 322) Maintainence fee cost $0 to Public Works's budget fund.
[2025/4/27 - 23:00:00] Vehicle ID 537 (Slot ID 326) Maintainence fee cost $0 to Public Works's budget fund.
[2025/4/27 - 23:00:00] Vehicle ID 539 (Slot ID 329) Maintainence fee cost $0 to Public Works's budget fund.
[2025/4/27 - 23:00:00] Vehicle ID 541 (Slot ID 331) Maintainence fee cost $0 to Public Works's budget fund.
[2025/4/27 - 23:00:00] Vehicle ID 543 (Slot ID 333) Maintainence fee cost $0 to Public Works's budget fund.
[2025/4/27 - 23:00:00] Vehicle ID 544 (Slot ID 334) Maintainence fee cost $0 to Public Works's budget fund.
[2025/4/27 - 23:00:00] Vehicle ID 545 (Slot ID 335) Maintainence fee cost $0 to Public Works's budget fund.
[2025/4/27 - 23:00:00] Vehicle ID 548 (Slot ID 338) Maintainence fee cost $2,500 to Public Works's budget fund.
[2025/4/27 - 23:00:00] Vehicle ID 0 (Slot ID 356) Maintainence fee cost $0 to Public Works's budget fund.
[2025/4/27 - 23:00:00] Vehicle ID 563 (Slot ID 359) Maintainence fee cost $0 to Public Works's budget fund.
[2025/4/27 - 23:00:00] Vehicle ID 571 (Slot ID 375) Maintainence fee cost $0 to Public Works's budget fund.
[2025/4/27 - 23:00:00] Vehicle ID 0 (Slot ID 484) Maintainence fee cost $0 to Public Works's budget fund.
[2025/4/27 - 23:00:00] Vehicle ID 0 (Slot ID 486) Maintainence fee cost $0 to Public Works's budget fund.
