[2025/4/28 - 17:00:42] The faction vault is at $111,929,959.
[2025/4/28 - 17:00:42] SA Gov Paid $80,000 to Public Works budget fund.
[2025/4/28 - 17:00:42] Vehicle ID 238 (Slot ID 5) Maintainence fee cost $0 to Public Works's budget fund.
[2025/4/28 - 17:00:42] Vehicle ID 261 (Slot ID 34) Maintainence fee cost $0 to Public Works's budget fund.
[2025/4/28 - 17:00:42] Vehicle ID 282 (Slot ID 64) Maintainence fee cost $0 to Public Works's budget fund.
[2025/4/28 - 17:00:42] Vehicle ID 295 (Slot ID 78) Maintainence fee cost $0 to Public Works's budget fund.
[2025/4/28 - 17:00:42] Vehicle ID 349 (Slot ID 139) Maintainence fee cost $0 to Public Works's budget fund.
[2025/4/28 - 17:00:42] Vehicle ID 357 (Slot ID 149) Maintainence fee cost $0 to Public Works's budget fund.
[2025/4/28 - 17:00:42] Vehicle ID 366 (Slot ID 159) Maintainence fee cost $0 to Public Works's budget fund.
[2025/4/28 - 17:00:42] Vehicle ID 495 (Slot ID 308) Maintainence fee cost $0 to Public Works's budget fund.
[2025/4/28 - 17:00:42] Vehicle ID 501 (Slot ID 317) Maintainence fee cost $0 to Public Works's budget fund.
[2025/4/28 - 17:00:42] Vehicle ID 506 (Slot ID 322) Maintainence fee cost $0 to Public Works's budget fund.
[2025/4/28 - 17:00:42] Vehicle ID 510 (Slot ID 326) Maintainence fee cost $0 to Public Works's budget fund.
[2025/4/28 - 17:00:42] Vehicle ID 512 (Slot ID 329) Maintainence fee cost $0 to Public Works's budget fund.
[2025/4/28 - 17:00:42] Vehicle ID 514 (Slot ID 331) Maintainence fee cost $0 to Public Works's budget fund.
[2025/4/28 - 17:00:42] Vehicle ID 516 (Slot ID 333) Maintainence fee cost $0 to Public Works's budget fund.
[2025/4/28 - 17:00:42] Vehicle ID 517 (Slot ID 334) Maintainence fee cost $0 to Public Works's budget fund.
[2025/4/28 - 17:00:42] Vehicle ID 518 (Slot ID 335) Maintainence fee cost $0 to Public Works's budget fund.
[2025/4/28 - 17:00:42] Vehicle ID 521 (Slot ID 338) Maintainence fee cost $2,500 to Public Works's budget fund.
[2025/4/28 - 17:00:42] Vehicle ID 0 (Slot ID 356) Maintainence fee cost $0 to Public Works's budget fund.
[2025/4/28 - 17:00:42] Vehicle ID 536 (Slot ID 359) Maintainence fee cost $0 to Public Works's budget fund.
[2025/4/28 - 17:00:42] Vehicle ID 544 (Slot ID 375) Maintainence fee cost $0 to Public Works's budget fund.
[2025/4/28 - 17:00:42] Vehicle ID 0 (Slot ID 484) Maintainence fee cost $0 to Public Works's budget fund.
[2025/4/28 - 17:00:42] Vehicle ID 0 (Slot ID 486) Maintainence fee cost $0 to Public Works's budget fund.
[2025/4/28 - 17:53:23] Vehicle Slot ID 5 RTB fee cost $0 to Public Works's budget fund.
[2025/4/28 - 17:53:23] Vehicle Slot ID 34 RTB fee cost $0 to Public Works's budget fund.
[2025/4/28 - 17:53:23] Vehicle Slot ID 64 RTB fee cost $0 to Public Works's budget fund.
[2025/4/28 - 17:53:23] Vehicle Slot ID 78 RTB fee cost $0 to Public Works's budget fund.
[2025/4/28 - 17:53:23] Vehicle Slot ID 139 RTB fee cost $0 to Public Works's budget fund.
[2025/4/28 - 17:53:23] Vehicle Slot ID 149 RTB fee cost $0 to Public Works's budget fund.
[2025/4/28 - 17:53:23] Vehicle Slot ID 159 RTB fee cost $0 to Public Works's budget fund.
[2025/4/28 - 17:53:23] Vehicle Slot ID 308 RTB fee cost $0 to Public Works's budget fund.
[2025/4/28 - 17:53:23] Vehicle Slot ID 317 RTB fee cost $0 to Public Works's budget fund.
[2025/4/28 - 17:53:23] Vehicle Slot ID 322 RTB fee cost $0 to Public Works's budget fund.
[2025/4/28 - 17:53:23] Vehicle Slot ID 326 RTB fee cost $0 to Public Works's budget fund.
[2025/4/28 - 17:53:23] Vehicle Slot ID 329 RTB fee cost $0 to Public Works's budget fund.
[2025/4/28 - 17:53:23] Vehicle Slot ID 331 RTB fee cost $0 to Public Works's budget fund.
[2025/4/28 - 17:53:23] Vehicle Slot ID 333 RTB fee cost $0 to Public Works's budget fund.
[2025/4/28 - 17:53:23] Vehicle Slot ID 334 RTB fee cost $0 to Public Works's budget fund.
[2025/4/28 - 17:53:23] Vehicle Slot ID 335 RTB fee cost $0 to Public Works's budget fund.
[2025/4/28 - 17:53:23] Vehicle Slot ID 338 RTB fee cost $1250 to Public Works's budget fund.
[2025/4/28 - 17:53:23] Vehicle Slot ID 359 RTB fee cost $0 to Public Works's budget fund.
[2025/4/28 - 17:53:23] Vehicle Slot ID 375 RTB fee cost $0 to Public Works's budget fund.
[2025/4/28 - 18:06:52] Vehicle Slot ID 5 RTB fee cost $0 to Public Works's budget fund.
[2025/4/28 - 18:06:52] Vehicle Slot ID 34 RTB fee cost $0 to Public Works's budget fund.
[2025/4/28 - 18:06:52] Vehicle Slot ID 64 RTB fee cost $0 to Public Works's budget fund.
[2025/4/28 - 18:06:52] Vehicle Slot ID 78 RTB fee cost $0 to Public Works's budget fund.
[2025/4/28 - 18:06:52] Vehicle Slot ID 139 RTB fee cost $0 to Public Works's budget fund.
[2025/4/28 - 18:06:52] Vehicle Slot ID 149 RTB fee cost $0 to Public Works's budget fund.
[2025/4/28 - 18:06:52] Vehicle Slot ID 159 RTB fee cost $0 to Public Works's budget fund.
[2025/4/28 - 18:06:52] Vehicle Slot ID 308 RTB fee cost $0 to Public Works's budget fund.
[2025/4/28 - 18:06:52] Vehicle Slot ID 317 RTB fee cost $0 to Public Works's budget fund.
[2025/4/28 - 18:06:52] Vehicle Slot ID 322 RTB fee cost $0 to Public Works's budget fund.
[2025/4/28 - 18:06:52] Vehicle Slot ID 326 RTB fee cost $0 to Public Works's budget fund.
[2025/4/28 - 18:06:52] Vehicle Slot ID 329 RTB fee cost $0 to Public Works's budget fund.
[2025/4/28 - 18:06:52] Vehicle Slot ID 331 RTB fee cost $0 to Public Works's budget fund.
[2025/4/28 - 18:06:52] Vehicle Slot ID 333 RTB fee cost $0 to Public Works's budget fund.
[2025/4/28 - 18:06:52] Vehicle Slot ID 334 RTB fee cost $0 to Public Works's budget fund.
[2025/4/28 - 18:06:52] Vehicle Slot ID 335 RTB fee cost $0 to Public Works's budget fund.
[2025/4/28 - 18:06:52] Vehicle Slot ID 338 RTB fee cost $1250 to Public Works's budget fund.
[2025/4/28 - 18:06:52] Vehicle Slot ID 359 RTB fee cost $0 to Public Works's budget fund.
[2025/4/28 - 18:06:52] Vehicle Slot ID 375 RTB fee cost $0 to Public Works's budget fund.
[2025/4/28 - 18:09:02] Vehicle Slot ID 356 RTB fee cost $0 to Public Works's budget fund.
[2025/4/28 - 18:09:30] Vehicle Slot ID 5 RTB fee cost $0 to Public Works's budget fund.
[2025/4/28 - 18:09:31] Vehicle Slot ID 34 RTB fee cost $0 to Public Works's budget fund.
[2025/4/28 - 18:09:31] Vehicle Slot ID 64 RTB fee cost $0 to Public Works's budget fund.
[2025/4/28 - 18:09:31] Vehicle Slot ID 78 RTB fee cost $0 to Public Works's budget fund.
[2025/4/28 - 18:09:31] Vehicle Slot ID 139 RTB fee cost $0 to Public Works's budget fund.
[2025/4/28 - 18:09:31] Vehicle Slot ID 149 RTB fee cost $0 to Public Works's budget fund.
[2025/4/28 - 18:09:31] Vehicle Slot ID 159 RTB fee cost $0 to Public Works's budget fund.
[2025/4/28 - 18:09:31] Vehicle Slot ID 308 RTB fee cost $0 to Public Works's budget fund.
[2025/4/28 - 18:09:31] Vehicle Slot ID 317 RTB fee cost $0 to Public Works's budget fund.
[2025/4/28 - 18:09:31] Vehicle Slot ID 322 RTB fee cost $0 to Public Works's budget fund.
[2025/4/28 - 18:09:31] Vehicle Slot ID 326 RTB fee cost $0 to Public Works's budget fund.
[2025/4/28 - 18:09:31] Vehicle Slot ID 329 RTB fee cost $0 to Public Works's budget fund.
[2025/4/28 - 18:09:31] Vehicle Slot ID 331 RTB fee cost $0 to Public Works's budget fund.
[2025/4/28 - 18:09:31] Vehicle Slot ID 333 RTB fee cost $0 to Public Works's budget fund.
[2025/4/28 - 18:09:31] Vehicle Slot ID 334 RTB fee cost $0 to Public Works's budget fund.
[2025/4/28 - 18:09:31] Vehicle Slot ID 335 RTB fee cost $0 to Public Works's budget fund.
[2025/4/28 - 18:09:31] Vehicle Slot ID 338 RTB fee cost $1250 to Public Works's budget fund.
[2025/4/28 - 18:09:31] Vehicle Slot ID 356 RTB fee cost $0 to Public Works's budget fund.
[2025/4/28 - 18:09:31] Vehicle Slot ID 359 RTB fee cost $0 to Public Works's budget fund.
[2025/4/28 - 18:09:31] Vehicle Slot ID 375 RTB fee cost $0 to Public Works's budget fund.
[2025/4/28 - 18:09:31] Vehicle Slot ID 484 RTB fee cost $0 to Public Works's budget fund.
[2025/4/28 - 18:09:31] Vehicle Slot ID 486 RTB fee cost $0 to Public Works's budget fund.
[2025/4/28 - 19:00:13] The faction vault is at $112,007,459.
[2025/4/28 - 19:00:13] SA Gov Paid $80,000 to Public Works budget fund.
[2025/4/28 - 19:00:13] Vehicle ID 238 (Slot ID 5) Maintainence fee cost $0 to Public Works's budget fund.
[2025/4/28 - 19:00:13] Vehicle ID 261 (Slot ID 34) Maintainence fee cost $0 to Public Works's budget fund.
[2025/4/28 - 19:00:13] Vehicle ID 282 (Slot ID 64) Maintainence fee cost $0 to Public Works's budget fund.
[2025/4/28 - 19:00:13] Vehicle ID 295 (Slot ID 78) Maintainence fee cost $0 to Public Works's budget fund.
[2025/4/28 - 19:00:13] Vehicle ID 349 (Slot ID 139) Maintainence fee cost $0 to Public Works's budget fund.
[2025/4/28 - 19:00:13] Vehicle ID 357 (Slot ID 149) Maintainence fee cost $0 to Public Works's budget fund.
[2025/4/28 - 19:00:13] Vehicle ID 366 (Slot ID 159) Maintainence fee cost $0 to Public Works's budget fund.
[2025/4/28 - 19:00:13] Vehicle ID 495 (Slot ID 308) Maintainence fee cost $0 to Public Works's budget fund.
[2025/4/28 - 19:00:13] Vehicle ID 501 (Slot ID 317) Maintainence fee cost $0 to Public Works's budget fund.
[2025/4/28 - 19:00:13] Vehicle ID 506 (Slot ID 322) Maintainence fee cost $0 to Public Works's budget fund.
[2025/4/28 - 19:00:13] Vehicle ID 510 (Slot ID 326) Maintainence fee cost $0 to Public Works's budget fund.
[2025/4/28 - 19:00:13] Vehicle ID 512 (Slot ID 329) Maintainence fee cost $0 to Public Works's budget fund.
[2025/4/28 - 19:00:13] Vehicle ID 514 (Slot ID 331) Maintainence fee cost $0 to Public Works's budget fund.
[2025/4/28 - 19:00:13] Vehicle ID 516 (Slot ID 333) Maintainence fee cost $0 to Public Works's budget fund.
[2025/4/28 - 19:00:13] Vehicle ID 517 (Slot ID 334) Maintainence fee cost $0 to Public Works's budget fund.
[2025/4/28 - 19:00:13] Vehicle ID 518 (Slot ID 335) Maintainence fee cost $0 to Public Works's budget fund.
[2025/4/28 - 19:00:13] Vehicle ID 521 (Slot ID 338) Maintainence fee cost $2,500 to Public Works's budget fund.
[2025/4/28 - 19:00:13] Vehicle ID 0 (Slot ID 356) Maintainence fee cost $0 to Public Works's budget fund.
[2025/4/28 - 19:00:13] Vehicle ID 536 (Slot ID 359) Maintainence fee cost $0 to Public Works's budget fund.
[2025/4/28 - 19:00:13] Vehicle ID 544 (Slot ID 375) Maintainence fee cost $0 to Public Works's budget fund.
[2025/4/28 - 19:00:13] Vehicle ID 0 (Slot ID 484) Maintainence fee cost $0 to Public Works's budget fund.
[2025/4/28 - 19:00:13] Vehicle ID 0 (Slot ID 486) Maintainence fee cost $0 to Public Works's budget fund.
