[2025/4/27 - 15:50:54] Kevin Makaveli has logged in.
[2025/4/27 - 15:50:59] Chief of Police Kevin Makaveli has logged out.
[2025/4/27 - 15:54:29] Kevin Makaveli has logged in.
[2025/4/27 - 16:03:16] Kevin Makaveli has logged in.
[2025/4/27 - 16:05:31] Kevin Makaveli has logged in.
[2025/4/27 - 16:16:43] Kevin Makaveli has logged in.
[2025/4/27 - 16:35:20] Kevin Makaveli has logged in.
[2025/4/27 - 16:38:17] Chief of Police Kevin Makaveli has logged out.
[2025/4/27 - 16:40:06] Kevin Makaveli has logged in.
[2025/4/27 - 17:20:12] Chief of Police Kevin Makaveli has logged out.
[2025/4/27 - 17:21:06] Kevin Makaveli has logged in.
[2025/4/27 - 17:28:48] Chief of Police Kevin Makaveli has logged out.
[2025/4/27 - 17:29:33] Kevin Makaveli has logged in.
[2025/4/27 - 17:45:35] Chief of Police Kevin Makaveli has logged out.
[2025/4/27 - 17:46:25] Kevin Makaveli has logged in.
[2025/4/27 - 17:47:17] Kevin Makaveli has logged in.
[2025/4/27 - 17:58:35] Chief of Police Kevin Makaveli has logged out.
[2025/4/27 - 18:00:19] Kevin Makaveli has logged in.
[2025/4/27 - 18:06:58] Chief of Police Kevin Makaveli has logged out.
[2025/4/27 - 18:07:53] Kevin Makaveli has logged in.
[2025/4/27 - 18:13:49] Chief of Police Kevin Makaveli has logged out.
[2025/4/27 - 18:16:19] Kevin Makaveli has logged in.
[2025/4/27 - 18:20:16] Kevin Makaveli has logged in.
[2025/4/27 - 18:24:36] Kevin Makaveli has logged in.
[2025/4/27 - 18:29:48] Chief of Police Kevin Makaveli has logged out.
[2025/4/27 - 18:31:03] Kevin Makaveli has logged in.
[2025/4/27 - 18:56:53] Kevin Makaveli has logged in.
[2025/4/27 - 19:02:36] Kevin Makaveli has logged in.
[2025/4/27 - 19:04:12] Chief of Police Kevin Makaveli has logged out.
[2025/4/27 - 19:29:05] Kevin Makaveli has logged in.
[2025/4/27 - 19:30:17] Chief of Police Kevin Makaveli has logged out.
[2025/4/27 - 19:32:12] Kevin Makaveli has logged in.
[2025/4/27 - 19:33:15] Chief of Police Kevin Makaveli has logged out.
[2025/4/27 - 19:33:49] Kevin Makaveli has logged in.
[2025/4/27 - 19:34:23] Chief of Police Kevin Makaveli has logged out.
[2025/4/27 - 19:41:09] Kevin Makaveli has logged in.
[2025/4/27 - 19:41:39] Chief of Police Kevin Makaveli has logged out.
[2025/4/27 - 19:42:54] Kevin Makaveli has logged in.
[2025/4/27 - 20:00:08] Chief of Police Kevin Makaveli has logged out.
[2025/4/27 - 20:57:41] Harry Potter has logged in.
[2025/4/27 - 20:57:59] Chief of Police Harry Potter has logged out.
[2025/4/27 - 20:59:22] Harry Potter has logged in.
[2025/4/27 - 21:10:01] Harry Potter (2) has made Harry Potter (2) the leader of the LSPD.
[2025/4/27 - 21:16:12] Chief of Police Harry Potter has logged out.
[2025/4/27 - 21:26:32] Harry Potter has logged in.
[2025/4/27 - 21:26:53] Chief of Police Harry Potter has logged out.
[2025/4/27 - 21:28:01] Harry Potter has logged in.
[2025/4/27 - 21:30:07] Chief of Police Harry Potter has logged out.
[2025/4/27 - 21:44:32] Harry Potter has logged in.
[2025/4/27 - 21:48:11] Chief of Police Harry Potter has logged out.
[2025/4/27 - 21:48:59] Harry Potter has logged in.
[2025/4/27 - 23:01:43] Chief of Police Harry Potter has logged out.
[2025/4/27 - 23:11:12] Harry Potter has logged in.
[2025/4/27 - 23:11:46] Harry Potter (2) has quit the LSPD as a rank 9
[2025/4/27 - 23:12:14] Harry Potter (2) has made Harry Potter (2) the leader of the LSPD.
[2025/4/27 - 23:12:26] Harry Potter (2) has quit the LSPD as a rank 9
