[2025/4/15 - 2:48:48] Kevin Flowers has paid their medical fees, adding $500 to the vault.
[2025/4/15 - 3:00:24] The faction vault is at $140,985,749.
[2025/4/15 - 3:00:24] SA Gov Paid $215,000 to SAMS budget fund.
[2025/4/15 - 3:00:24] Vehicle ID 286 (Slot ID 31) Maintainence fee cost $2,500 to SAMS's budget fund.
[2025/4/15 - 3:00:24] Vehicle ID 289 (Slot ID 37) Maintainence fee cost $3,000 to SAMS's budget fund.
[2025/4/15 - 3:00:24] Vehicle ID 345 (Slot ID 103) Maintainence fee cost $2,500 to SAMS's budget fund.
[2025/4/15 - 3:00:24] Vehicle ID 350 (Slot ID 108) Maintainence fee cost $2,500 to SAMS's budget fund.
[2025/4/15 - 3:00:24] Vehicle ID 353 (Slot ID 111) Maintainence fee cost $2,500 to SAMS's budget fund.
[2025/4/15 - 3:00:24] Vehicle ID 371 (Slot ID 132) Maintainence fee cost $3,000 to SAMS's budget fund.
[2025/4/15 - 3:00:24] Vehicle ID 0 (Slot ID 150) Maintainence fee cost $3,000 to SAMS's budget fund.
[2025/4/15 - 3:00:24] Vehicle ID 394 (Slot ID 160) Maintainence fee cost $2,500 to SAMS's budget fund.
[2025/4/15 - 3:00:24] Vehicle ID 404 (Slot ID 173) Maintainence fee cost $0 to SAMS's budget fund.
[2025/4/15 - 3:00:24] Vehicle ID 405 (Slot ID 174) Maintainence fee cost $0 to SAMS's budget fund.
[2025/4/15 - 3:00:24] Vehicle ID 432 (Slot ID 205) Maintainence fee cost $0 to SAMS's budget fund.
[2025/4/15 - 3:00:24] Vehicle ID 434 (Slot ID 207) Maintainence fee cost $3,500 to SAMS's budget fund.
[2025/4/15 - 3:00:24] Vehicle ID 442 (Slot ID 219) Maintainence fee cost $3,000 to SAMS's budget fund.
[2025/4/15 - 3:00:24] Vehicle ID 447 (Slot ID 224) Maintainence fee cost $3,000 to SAMS's budget fund.
[2025/4/15 - 3:00:24] Vehicle ID 449 (Slot ID 227) Maintainence fee cost $3,000 to SAMS's budget fund.
[2025/4/15 - 3:00:24] Vehicle ID 0 (Slot ID 240) Maintainence fee cost $3,500 to SAMS's budget fund.
[2025/4/15 - 3:00:24] Vehicle ID 467 (Slot ID 247) Maintainence fee cost $3,500 to SAMS's budget fund.
[2025/4/15 - 3:00:24] Vehicle ID 470 (Slot ID 250) Maintainence fee cost $3,500 to SAMS's budget fund.
[2025/4/15 - 3:00:24] Vehicle ID 474 (Slot ID 255) Maintainence fee cost $2,500 to SAMS's budget fund.
[2025/4/15 - 3:00:24] Vehicle ID 518 (Slot ID 304) Maintainence fee cost $2,500 to SAMS's budget fund.
[2025/4/15 - 3:00:24] Vehicle ID 553 (Slot ID 344) Maintainence fee cost $2,500 to SAMS's budget fund.
[2025/4/15 - 3:00:24] Vehicle ID 554 (Slot ID 345) Maintainence fee cost $2,000 to SAMS's budget fund.
[2025/4/15 - 3:00:24] Vehicle ID 565 (Slot ID 363) Maintainence fee cost $0 to SAMS's budget fund.
[2025/4/15 - 3:00:24] Vehicle ID 566 (Slot ID 364) Maintainence fee cost $0 to SAMS's budget fund.
[2025/4/15 - 3:00:24] Vehicle ID 0 (Slot ID 384) Maintainence fee cost $2,500 to SAMS's budget fund.
[2025/4/15 - 3:00:24] Vehicle ID 0 (Slot ID 386) Maintainence fee cost $2,500 to SAMS's budget fund.
[2025/4/15 - 3:00:24] Vehicle ID 578 (Slot ID 388) Maintainence fee cost $2,500 to SAMS's budget fund.
[2025/4/15 - 3:00:24] Vehicle ID 0 (Slot ID 398) Maintainence fee cost $2,500 to SAMS's budget fund.
[2025/4/15 - 3:00:24] Vehicle ID 0 (Slot ID 443) Maintainence fee cost $2,500 to SAMS's budget fund.
[2025/4/15 - 3:00:24] Vehicle ID 0 (Slot ID 455) Maintainence fee cost $0 to SAMS's budget fund.
[2025/4/15 - 3:00:40] The faction vault is at $140,984,499.
[2025/4/15 - 3:00:40] SA Gov Paid $215,000 to SAMS budget fund.
[2025/4/15 - 3:00:40] Vehicle ID 286 (Slot ID 31) Maintainence fee cost $2,500 to SAMS's budget fund.
[2025/4/15 - 3:00:40] Vehicle ID 289 (Slot ID 37) Maintainence fee cost $3,000 to SAMS's budget fund.
[2025/4/15 - 3:00:40] Vehicle ID 345 (Slot ID 103) Maintainence fee cost $2,500 to SAMS's budget fund.
[2025/4/15 - 3:00:40] Vehicle ID 350 (Slot ID 108) Maintainence fee cost $2,500 to SAMS's budget fund.
[2025/4/15 - 3:00:40] Vehicle ID 353 (Slot ID 111) Maintainence fee cost $2,500 to SAMS's budget fund.
[2025/4/15 - 3:00:40] Vehicle ID 371 (Slot ID 132) Maintainence fee cost $3,000 to SAMS's budget fund.
[2025/4/15 - 3:00:40] Vehicle ID 0 (Slot ID 150) Maintainence fee cost $3,000 to SAMS's budget fund.
[2025/4/15 - 3:00:40] Vehicle ID 394 (Slot ID 160) Maintainence fee cost $2,500 to SAMS's budget fund.
[2025/4/15 - 3:00:40] Vehicle ID 404 (Slot ID 173) Maintainence fee cost $0 to SAMS's budget fund.
[2025/4/15 - 3:00:40] Vehicle ID 405 (Slot ID 174) Maintainence fee cost $0 to SAMS's budget fund.
[2025/4/15 - 3:00:40] Vehicle ID 432 (Slot ID 205) Maintainence fee cost $0 to SAMS's budget fund.
[2025/4/15 - 3:00:40] Vehicle ID 434 (Slot ID 207) Maintainence fee cost $3,500 to SAMS's budget fund.
[2025/4/15 - 3:00:40] Vehicle ID 442 (Slot ID 219) Maintainence fee cost $3,000 to SAMS's budget fund.
[2025/4/15 - 3:00:40] Vehicle ID 447 (Slot ID 224) Maintainence fee cost $3,000 to SAMS's budget fund.
[2025/4/15 - 3:00:40] Vehicle ID 449 (Slot ID 227) Maintainence fee cost $3,000 to SAMS's budget fund.
[2025/4/15 - 3:00:40] Vehicle ID 0 (Slot ID 240) Maintainence fee cost $3,500 to SAMS's budget fund.
[2025/4/15 - 3:00:40] Vehicle ID 467 (Slot ID 247) Maintainence fee cost $3,500 to SAMS's budget fund.
[2025/4/15 - 3:00:40] Vehicle ID 470 (Slot ID 250) Maintainence fee cost $3,500 to SAMS's budget fund.
[2025/4/15 - 3:00:40] Vehicle ID 474 (Slot ID 255) Maintainence fee cost $2,500 to SAMS's budget fund.
[2025/4/15 - 3:00:40] Vehicle ID 518 (Slot ID 304) Maintainence fee cost $2,500 to SAMS's budget fund.
[2025/4/15 - 3:00:40] Vehicle ID 553 (Slot ID 344) Maintainence fee cost $2,500 to SAMS's budget fund.
[2025/4/15 - 3:00:40] Vehicle ID 554 (Slot ID 345) Maintainence fee cost $2,000 to SAMS's budget fund.
[2025/4/15 - 3:00:40] Vehicle ID 565 (Slot ID 363) Maintainence fee cost $0 to SAMS's budget fund.
[2025/4/15 - 3:00:40] Vehicle ID 566 (Slot ID 364) Maintainence fee cost $0 to SAMS's budget fund.
[2025/4/15 - 3:00:40] Vehicle ID 0 (Slot ID 384) Maintainence fee cost $2,500 to SAMS's budget fund.
[2025/4/15 - 3:00:40] Vehicle ID 0 (Slot ID 386) Maintainence fee cost $2,500 to SAMS's budget fund.
[2025/4/15 - 3:00:40] Vehicle ID 578 (Slot ID 388) Maintainence fee cost $2,500 to SAMS's budget fund.
[2025/4/15 - 3:00:40] Vehicle ID 0 (Slot ID 398) Maintainence fee cost $2,500 to SAMS's budget fund.
[2025/4/15 - 3:00:40] Vehicle ID 0 (Slot ID 443) Maintainence fee cost $2,500 to SAMS's budget fund.
[2025/4/15 - 3:00:40] Vehicle ID 0 (Slot ID 455) Maintainence fee cost $0 to SAMS's budget fund.
[2025/4/15 - 4:00:23] The faction vault is at $141,132,999.
[2025/4/15 - 4:00:23] SA Gov Paid $215,000 to SAMS budget fund.
[2025/4/15 - 4:00:23] Vehicle ID 286 (Slot ID 31) Maintainence fee cost $2,500 to SAMS's budget fund.
[2025/4/15 - 4:00:23] Vehicle ID 289 (Slot ID 37) Maintainence fee cost $3,000 to SAMS's budget fund.
[2025/4/15 - 4:00:23] Vehicle ID 345 (Slot ID 103) Maintainence fee cost $2,500 to SAMS's budget fund.
[2025/4/15 - 4:00:23] Vehicle ID 350 (Slot ID 108) Maintainence fee cost $2,500 to SAMS's budget fund.
[2025/4/15 - 4:00:23] Vehicle ID 353 (Slot ID 111) Maintainence fee cost $2,500 to SAMS's budget fund.
[2025/4/15 - 4:00:23] Vehicle ID 371 (Slot ID 132) Maintainence fee cost $3,000 to SAMS's budget fund.
[2025/4/15 - 4:00:23] Vehicle ID 0 (Slot ID 150) Maintainence fee cost $3,000 to SAMS's budget fund.
[2025/4/15 - 4:00:23] Vehicle ID 394 (Slot ID 160) Maintainence fee cost $2,500 to SAMS's budget fund.
[2025/4/15 - 4:00:23] Vehicle ID 404 (Slot ID 173) Maintainence fee cost $0 to SAMS's budget fund.
[2025/4/15 - 4:00:23] Vehicle ID 405 (Slot ID 174) Maintainence fee cost $0 to SAMS's budget fund.
[2025/4/15 - 4:00:23] Vehicle ID 432 (Slot ID 205) Maintainence fee cost $0 to SAMS's budget fund.
[2025/4/15 - 4:00:23] Vehicle ID 434 (Slot ID 207) Maintainence fee cost $3,500 to SAMS's budget fund.
[2025/4/15 - 4:00:23] Vehicle ID 442 (Slot ID 219) Maintainence fee cost $3,000 to SAMS's budget fund.
[2025/4/15 - 4:00:23] Vehicle ID 447 (Slot ID 224) Maintainence fee cost $3,000 to SAMS's budget fund.
[2025/4/15 - 4:00:23] Vehicle ID 449 (Slot ID 227) Maintainence fee cost $3,000 to SAMS's budget fund.
[2025/4/15 - 4:00:23] Vehicle ID 0 (Slot ID 240) Maintainence fee cost $3,500 to SAMS's budget fund.
[2025/4/15 - 4:00:23] Vehicle ID 467 (Slot ID 247) Maintainence fee cost $3,500 to SAMS's budget fund.
[2025/4/15 - 4:00:23] Vehicle ID 470 (Slot ID 250) Maintainence fee cost $3,500 to SAMS's budget fund.
[2025/4/15 - 4:00:23] Vehicle ID 474 (Slot ID 255) Maintainence fee cost $2,500 to SAMS's budget fund.
[2025/4/15 - 4:00:23] Vehicle ID 518 (Slot ID 304) Maintainence fee cost $2,500 to SAMS's budget fund.
[2025/4/15 - 4:00:23] Vehicle ID 553 (Slot ID 344) Maintainence fee cost $2,500 to SAMS's budget fund.
[2025/4/15 - 4:00:23] Vehicle ID 554 (Slot ID 345) Maintainence fee cost $2,000 to SAMS's budget fund.
[2025/4/15 - 4:00:23] Vehicle ID 565 (Slot ID 363) Maintainence fee cost $0 to SAMS's budget fund.
[2025/4/15 - 4:00:23] Vehicle ID 566 (Slot ID 364) Maintainence fee cost $0 to SAMS's budget fund.
[2025/4/15 - 4:00:23] Vehicle ID 0 (Slot ID 384) Maintainence fee cost $2,500 to SAMS's budget fund.
[2025/4/15 - 4:00:23] Vehicle ID 0 (Slot ID 386) Maintainence fee cost $2,500 to SAMS's budget fund.
[2025/4/15 - 4:00:23] Vehicle ID 578 (Slot ID 388) Maintainence fee cost $2,500 to SAMS's budget fund.
[2025/4/15 - 4:00:23] Vehicle ID 0 (Slot ID 398) Maintainence fee cost $2,500 to SAMS's budget fund.
[2025/4/15 - 4:00:23] Vehicle ID 0 (Slot ID 443) Maintainence fee cost $2,500 to SAMS's budget fund.
[2025/4/15 - 4:00:23] Vehicle ID 0 (Slot ID 455) Maintainence fee cost $0 to SAMS's budget fund.
[2025/4/15 - 5:00:07] The faction vault is at $141,281,499.
[2025/4/15 - 5:00:07] SA Gov Paid $215,000 to SAMS budget fund.
[2025/4/15 - 5:00:07] Vehicle ID 286 (Slot ID 31) Maintainence fee cost $2,500 to SAMS's budget fund.
[2025/4/15 - 5:00:07] Vehicle ID 289 (Slot ID 37) Maintainence fee cost $3,000 to SAMS's budget fund.
[2025/4/15 - 5:00:07] Vehicle ID 345 (Slot ID 103) Maintainence fee cost $2,500 to SAMS's budget fund.
[2025/4/15 - 5:00:07] Vehicle ID 350 (Slot ID 108) Maintainence fee cost $2,500 to SAMS's budget fund.
[2025/4/15 - 5:00:07] Vehicle ID 353 (Slot ID 111) Maintainence fee cost $2,500 to SAMS's budget fund.
[2025/4/15 - 5:00:07] Vehicle ID 371 (Slot ID 132) Maintainence fee cost $3,000 to SAMS's budget fund.
[2025/4/15 - 5:00:07] Vehicle ID 0 (Slot ID 150) Maintainence fee cost $3,000 to SAMS's budget fund.
[2025/4/15 - 5:00:07] Vehicle ID 394 (Slot ID 160) Maintainence fee cost $2,500 to SAMS's budget fund.
[2025/4/15 - 5:00:07] Vehicle ID 404 (Slot ID 173) Maintainence fee cost $0 to SAMS's budget fund.
[2025/4/15 - 5:00:07] Vehicle ID 405 (Slot ID 174) Maintainence fee cost $0 to SAMS's budget fund.
[2025/4/15 - 5:00:07] Vehicle ID 432 (Slot ID 205) Maintainence fee cost $0 to SAMS's budget fund.
[2025/4/15 - 5:00:07] Vehicle ID 434 (Slot ID 207) Maintainence fee cost $3,500 to SAMS's budget fund.
[2025/4/15 - 5:00:07] Vehicle ID 442 (Slot ID 219) Maintainence fee cost $3,000 to SAMS's budget fund.
[2025/4/15 - 5:00:07] Vehicle ID 447 (Slot ID 224) Maintainence fee cost $3,000 to SAMS's budget fund.
[2025/4/15 - 5:00:07] Vehicle ID 449 (Slot ID 227) Maintainence fee cost $3,000 to SAMS's budget fund.
[2025/4/15 - 5:00:07] Vehicle ID 0 (Slot ID 240) Maintainence fee cost $3,500 to SAMS's budget fund.
[2025/4/15 - 5:00:07] Vehicle ID 467 (Slot ID 247) Maintainence fee cost $3,500 to SAMS's budget fund.
[2025/4/15 - 5:00:07] Vehicle ID 470 (Slot ID 250) Maintainence fee cost $3,500 to SAMS's budget fund.
[2025/4/15 - 5:00:07] Vehicle ID 474 (Slot ID 255) Maintainence fee cost $2,500 to SAMS's budget fund.
[2025/4/15 - 5:00:07] Vehicle ID 518 (Slot ID 304) Maintainence fee cost $2,500 to SAMS's budget fund.
[2025/4/15 - 5:00:07] Vehicle ID 553 (Slot ID 344) Maintainence fee cost $2,500 to SAMS's budget fund.
[2025/4/15 - 5:00:07] Vehicle ID 554 (Slot ID 345) Maintainence fee cost $2,000 to SAMS's budget fund.
[2025/4/15 - 5:00:07] Vehicle ID 565 (Slot ID 363) Maintainence fee cost $0 to SAMS's budget fund.
[2025/4/15 - 5:00:07] Vehicle ID 566 (Slot ID 364) Maintainence fee cost $0 to SAMS's budget fund.
[2025/4/15 - 5:00:07] Vehicle ID 0 (Slot ID 384) Maintainence fee cost $2,500 to SAMS's budget fund.
[2025/4/15 - 5:00:07] Vehicle ID 0 (Slot ID 386) Maintainence fee cost $2,500 to SAMS's budget fund.
[2025/4/15 - 5:00:07] Vehicle ID 578 (Slot ID 388) Maintainence fee cost $2,500 to SAMS's budget fund.
[2025/4/15 - 5:00:07] Vehicle ID 0 (Slot ID 398) Maintainence fee cost $2,500 to SAMS's budget fund.
[2025/4/15 - 5:00:07] Vehicle ID 0 (Slot ID 443) Maintainence fee cost $2,500 to SAMS's budget fund.
[2025/4/15 - 5:00:07] Vehicle ID 0 (Slot ID 455) Maintainence fee cost $0 to SAMS's budget fund.
