[2025/4/28 - 17:00:42] The faction vault is at $132,088,449.
[2025/4/28 - 17:00:42] SA Gov Paid $215,000 to SAMS budget fund.
[2025/4/28 - 17:00:42] Vehicle ID 259 (Slot ID 31) Maintainence fee cost $2,500 to SAMS's budget fund.
[2025/4/28 - 17:00:42] Vehicle ID 262 (Slot ID 37) Maintainence fee cost $3,000 to SAMS's budget fund.
[2025/4/28 - 17:00:42] Vehicle ID 318 (Slot ID 103) Maintainence fee cost $2,500 to SAMS's budget fund.
[2025/4/28 - 17:00:42] Vehicle ID 323 (Slot ID 108) Maintainence fee cost $2,500 to SAMS's budget fund.
[2025/4/28 - 17:00:42] Vehicle ID 326 (Slot ID 111) Maintainence fee cost $2,500 to SAMS's budget fund.
[2025/4/28 - 17:00:42] Vehicle ID 344 (Slot ID 132) Maintainence fee cost $3,000 to SAMS's budget fund.
[2025/4/28 - 17:00:42] Vehicle ID 0 (Slot ID 150) Maintainence fee cost $3,000 to SAMS's budget fund.
[2025/4/28 - 17:00:42] Vehicle ID 367 (Slot ID 160) Maintainence fee cost $2,500 to SAMS's budget fund.
[2025/4/28 - 17:00:42] Vehicle ID 377 (Slot ID 173) Maintainence fee cost $0 to SAMS's budget fund.
[2025/4/28 - 17:00:42] Vehicle ID 378 (Slot ID 174) Maintainence fee cost $0 to SAMS's budget fund.
[2025/4/28 - 17:00:42] Vehicle ID 405 (Slot ID 205) Maintainence fee cost $0 to SAMS's budget fund.
[2025/4/28 - 17:00:42] Vehicle ID 407 (Slot ID 207) Maintainence fee cost $3,500 to SAMS's budget fund.
[2025/4/28 - 17:00:42] Vehicle ID 415 (Slot ID 219) Maintainence fee cost $3,000 to SAMS's budget fund.
[2025/4/28 - 17:00:42] Vehicle ID 420 (Slot ID 224) Maintainence fee cost $3,000 to SAMS's budget fund.
[2025/4/28 - 17:00:42] Vehicle ID 422 (Slot ID 227) Maintainence fee cost $3,000 to SAMS's budget fund.
[2025/4/28 - 17:00:42] Vehicle ID 0 (Slot ID 240) Maintainence fee cost $3,500 to SAMS's budget fund.
[2025/4/28 - 17:00:42] Vehicle ID 440 (Slot ID 247) Maintainence fee cost $3,500 to SAMS's budget fund.
[2025/4/28 - 17:00:42] Vehicle ID 443 (Slot ID 250) Maintainence fee cost $3,500 to SAMS's budget fund.
[2025/4/28 - 17:00:42] Vehicle ID 447 (Slot ID 255) Maintainence fee cost $2,500 to SAMS's budget fund.
[2025/4/28 - 17:00:42] Vehicle ID 491 (Slot ID 304) Maintainence fee cost $2,500 to SAMS's budget fund.
[2025/4/28 - 17:00:42] Vehicle ID 526 (Slot ID 344) Maintainence fee cost $2,500 to SAMS's budget fund.
[2025/4/28 - 17:00:42] Vehicle ID 527 (Slot ID 345) Maintainence fee cost $2,000 to SAMS's budget fund.
[2025/4/28 - 17:00:42] Vehicle ID 538 (Slot ID 363) Maintainence fee cost $0 to SAMS's budget fund.
[2025/4/28 - 17:00:42] Vehicle ID 539 (Slot ID 364) Maintainence fee cost $0 to SAMS's budget fund.
[2025/4/28 - 17:00:42] Vehicle ID 0 (Slot ID 384) Maintainence fee cost $2,500 to SAMS's budget fund.
[2025/4/28 - 17:00:42] Vehicle ID 0 (Slot ID 386) Maintainence fee cost $2,500 to SAMS's budget fund.
[2025/4/28 - 17:00:42] Vehicle ID 551 (Slot ID 388) Maintainence fee cost $2,500 to SAMS's budget fund.
[2025/4/28 - 17:00:42] Vehicle ID 0 (Slot ID 398) Maintainence fee cost $2,500 to SAMS's budget fund.
[2025/4/28 - 17:00:42] Vehicle ID 0 (Slot ID 443) Maintainence fee cost $2,500 to SAMS's budget fund.
[2025/4/28 - 17:00:42] Vehicle ID 0 (Slot ID 455) Maintainence fee cost $0 to SAMS's budget fund.
[2025/4/28 - 17:53:23] Vehicle Slot ID 31 RTB fee cost $1250 to SAMS's budget fund.
[2025/4/28 - 17:53:23] Vehicle Slot ID 37 RTB fee cost $1500 to SAMS's budget fund.
[2025/4/28 - 17:53:23] Vehicle Slot ID 103 RTB fee cost $1250 to SAMS's budget fund.
[2025/4/28 - 17:53:23] Vehicle Slot ID 108 RTB fee cost $1250 to SAMS's budget fund.
[2025/4/28 - 17:53:23] Vehicle Slot ID 111 RTB fee cost $1250 to SAMS's budget fund.
[2025/4/28 - 17:53:23] Vehicle Slot ID 132 RTB fee cost $1500 to SAMS's budget fund.
[2025/4/28 - 17:53:23] Vehicle Slot ID 160 RTB fee cost $1250 to SAMS's budget fund.
[2025/4/28 - 17:53:23] Vehicle Slot ID 173 RTB fee cost $0 to SAMS's budget fund.
[2025/4/28 - 17:53:23] Vehicle Slot ID 174 RTB fee cost $0 to SAMS's budget fund.
[2025/4/28 - 17:53:23] Vehicle Slot ID 205 RTB fee cost $0 to SAMS's budget fund.
[2025/4/28 - 17:53:23] Vehicle Slot ID 207 RTB fee cost $1750 to SAMS's budget fund.
[2025/4/28 - 17:53:23] Vehicle Slot ID 219 RTB fee cost $1500 to SAMS's budget fund.
[2025/4/28 - 17:53:23] Vehicle Slot ID 224 RTB fee cost $1500 to SAMS's budget fund.
[2025/4/28 - 17:53:23] Vehicle Slot ID 227 RTB fee cost $1500 to SAMS's budget fund.
[2025/4/28 - 17:53:23] Vehicle Slot ID 247 RTB fee cost $1750 to SAMS's budget fund.
[2025/4/28 - 17:53:23] Vehicle Slot ID 250 RTB fee cost $1750 to SAMS's budget fund.
[2025/4/28 - 17:53:23] Vehicle Slot ID 255 RTB fee cost $1250 to SAMS's budget fund.
[2025/4/28 - 17:53:23] Vehicle Slot ID 304 RTB fee cost $1250 to SAMS's budget fund.
[2025/4/28 - 17:53:23] Vehicle Slot ID 344 RTB fee cost $1250 to SAMS's budget fund.
[2025/4/28 - 17:53:23] Vehicle Slot ID 345 RTB fee cost $1000 to SAMS's budget fund.
[2025/4/28 - 17:53:23] Vehicle Slot ID 363 RTB fee cost $0 to SAMS's budget fund.
[2025/4/28 - 17:53:23] Vehicle Slot ID 364 RTB fee cost $0 to SAMS's budget fund.
[2025/4/28 - 17:53:23] Vehicle Slot ID 388 RTB fee cost $1250 to SAMS's budget fund.
[2025/4/28 - 18:06:52] Vehicle Slot ID 31 RTB fee cost $1250 to SAMS's budget fund.
[2025/4/28 - 18:06:52] Vehicle Slot ID 37 RTB fee cost $1500 to SAMS's budget fund.
[2025/4/28 - 18:06:52] Vehicle Slot ID 103 RTB fee cost $1250 to SAMS's budget fund.
[2025/4/28 - 18:06:52] Vehicle Slot ID 108 RTB fee cost $1250 to SAMS's budget fund.
[2025/4/28 - 18:06:52] Vehicle Slot ID 111 RTB fee cost $1250 to SAMS's budget fund.
[2025/4/28 - 18:06:52] Vehicle Slot ID 132 RTB fee cost $1500 to SAMS's budget fund.
[2025/4/28 - 18:06:52] Vehicle Slot ID 160 RTB fee cost $1250 to SAMS's budget fund.
[2025/4/28 - 18:06:52] Vehicle Slot ID 173 RTB fee cost $0 to SAMS's budget fund.
[2025/4/28 - 18:06:52] Vehicle Slot ID 174 RTB fee cost $0 to SAMS's budget fund.
[2025/4/28 - 18:06:52] Vehicle Slot ID 205 RTB fee cost $0 to SAMS's budget fund.
[2025/4/28 - 18:06:52] Vehicle Slot ID 207 RTB fee cost $1750 to SAMS's budget fund.
[2025/4/28 - 18:06:52] Vehicle Slot ID 219 RTB fee cost $1500 to SAMS's budget fund.
[2025/4/28 - 18:06:52] Vehicle Slot ID 224 RTB fee cost $1500 to SAMS's budget fund.
[2025/4/28 - 18:06:52] Vehicle Slot ID 227 RTB fee cost $1500 to SAMS's budget fund.
[2025/4/28 - 18:06:52] Vehicle Slot ID 247 RTB fee cost $1750 to SAMS's budget fund.
[2025/4/28 - 18:06:52] Vehicle Slot ID 250 RTB fee cost $1750 to SAMS's budget fund.
[2025/4/28 - 18:06:52] Vehicle Slot ID 255 RTB fee cost $1250 to SAMS's budget fund.
[2025/4/28 - 18:06:52] Vehicle Slot ID 304 RTB fee cost $1250 to SAMS's budget fund.
[2025/4/28 - 18:06:52] Vehicle Slot ID 344 RTB fee cost $1250 to SAMS's budget fund.
[2025/4/28 - 18:06:52] Vehicle Slot ID 345 RTB fee cost $1000 to SAMS's budget fund.
[2025/4/28 - 18:06:52] Vehicle Slot ID 363 RTB fee cost $0 to SAMS's budget fund.
[2025/4/28 - 18:06:52] Vehicle Slot ID 364 RTB fee cost $0 to SAMS's budget fund.
[2025/4/28 - 18:06:52] Vehicle Slot ID 388 RTB fee cost $1250 to SAMS's budget fund.
[2025/4/28 - 18:09:31] Vehicle Slot ID 31 RTB fee cost $1250 to SAMS's budget fund.
[2025/4/28 - 18:09:31] Vehicle Slot ID 37 RTB fee cost $1500 to SAMS's budget fund.
[2025/4/28 - 18:09:31] Vehicle Slot ID 103 RTB fee cost $1250 to SAMS's budget fund.
[2025/4/28 - 18:09:31] Vehicle Slot ID 108 RTB fee cost $1250 to SAMS's budget fund.
[2025/4/28 - 18:09:31] Vehicle Slot ID 111 RTB fee cost $1250 to SAMS's budget fund.
[2025/4/28 - 18:09:31] Vehicle Slot ID 132 RTB fee cost $1500 to SAMS's budget fund.
[2025/4/28 - 18:09:31] Vehicle Slot ID 150 RTB fee cost $1500 to SAMS's budget fund.
[2025/4/28 - 18:09:31] Vehicle Slot ID 160 RTB fee cost $1250 to SAMS's budget fund.
[2025/4/28 - 18:09:31] Vehicle Slot ID 173 RTB fee cost $0 to SAMS's budget fund.
[2025/4/28 - 18:09:31] Vehicle Slot ID 174 RTB fee cost $0 to SAMS's budget fund.
[2025/4/28 - 18:09:31] Vehicle Slot ID 205 RTB fee cost $0 to SAMS's budget fund.
[2025/4/28 - 18:09:31] Vehicle Slot ID 207 RTB fee cost $1750 to SAMS's budget fund.
[2025/4/28 - 18:09:31] Vehicle Slot ID 219 RTB fee cost $1500 to SAMS's budget fund.
[2025/4/28 - 18:09:31] Vehicle Slot ID 224 RTB fee cost $1500 to SAMS's budget fund.
[2025/4/28 - 18:09:31] Vehicle Slot ID 227 RTB fee cost $1500 to SAMS's budget fund.
[2025/4/28 - 18:09:31] Vehicle Slot ID 240 RTB fee cost $1750 to SAMS's budget fund.
[2025/4/28 - 18:09:31] Vehicle Slot ID 247 RTB fee cost $1750 to SAMS's budget fund.
[2025/4/28 - 18:09:31] Vehicle Slot ID 250 RTB fee cost $1750 to SAMS's budget fund.
[2025/4/28 - 18:09:31] Vehicle Slot ID 255 RTB fee cost $1250 to SAMS's budget fund.
[2025/4/28 - 18:09:31] Vehicle Slot ID 304 RTB fee cost $1250 to SAMS's budget fund.
[2025/4/28 - 18:09:31] Vehicle Slot ID 344 RTB fee cost $1250 to SAMS's budget fund.
[2025/4/28 - 18:09:31] Vehicle Slot ID 345 RTB fee cost $1000 to SAMS's budget fund.
[2025/4/28 - 18:09:31] Vehicle Slot ID 363 RTB fee cost $0 to SAMS's budget fund.
[2025/4/28 - 18:09:31] Vehicle Slot ID 364 RTB fee cost $0 to SAMS's budget fund.
[2025/4/28 - 18:09:31] Vehicle Slot ID 384 RTB fee cost $1250 to SAMS's budget fund.
[2025/4/28 - 18:09:31] Vehicle Slot ID 386 RTB fee cost $1250 to SAMS's budget fund.
[2025/4/28 - 18:09:31] Vehicle Slot ID 388 RTB fee cost $1250 to SAMS's budget fund.
[2025/4/28 - 18:09:31] Vehicle Slot ID 398 RTB fee cost $1250 to SAMS's budget fund.
[2025/4/28 - 18:09:31] Vehicle Slot ID 443 RTB fee cost $1250 to SAMS's budget fund.
[2025/4/28 - 18:09:31] Vehicle Slot ID 455 RTB fee cost $0 to SAMS's budget fund.
[2025/4/28 - 19:00:13] The faction vault is at $132,236,949.
[2025/4/28 - 19:00:13] SA Gov Paid $215,000 to SAMS budget fund.
[2025/4/28 - 19:00:13] Vehicle ID 259 (Slot ID 31) Maintainence fee cost $2,500 to SAMS's budget fund.
[2025/4/28 - 19:00:13] Vehicle ID 262 (Slot ID 37) Maintainence fee cost $3,000 to SAMS's budget fund.
[2025/4/28 - 19:00:13] Vehicle ID 318 (Slot ID 103) Maintainence fee cost $2,500 to SAMS's budget fund.
[2025/4/28 - 19:00:13] Vehicle ID 323 (Slot ID 108) Maintainence fee cost $2,500 to SAMS's budget fund.
[2025/4/28 - 19:00:13] Vehicle ID 326 (Slot ID 111) Maintainence fee cost $2,500 to SAMS's budget fund.
[2025/4/28 - 19:00:13] Vehicle ID 344 (Slot ID 132) Maintainence fee cost $3,000 to SAMS's budget fund.
[2025/4/28 - 19:00:13] Vehicle ID 0 (Slot ID 150) Maintainence fee cost $3,000 to SAMS's budget fund.
[2025/4/28 - 19:00:13] Vehicle ID 367 (Slot ID 160) Maintainence fee cost $2,500 to SAMS's budget fund.
[2025/4/28 - 19:00:13] Vehicle ID 377 (Slot ID 173) Maintainence fee cost $0 to SAMS's budget fund.
[2025/4/28 - 19:00:13] Vehicle ID 378 (Slot ID 174) Maintainence fee cost $0 to SAMS's budget fund.
[2025/4/28 - 19:00:13] Vehicle ID 405 (Slot ID 205) Maintainence fee cost $0 to SAMS's budget fund.
[2025/4/28 - 19:00:13] Vehicle ID 407 (Slot ID 207) Maintainence fee cost $3,500 to SAMS's budget fund.
[2025/4/28 - 19:00:13] Vehicle ID 415 (Slot ID 219) Maintainence fee cost $3,000 to SAMS's budget fund.
[2025/4/28 - 19:00:13] Vehicle ID 420 (Slot ID 224) Maintainence fee cost $3,000 to SAMS's budget fund.
[2025/4/28 - 19:00:13] Vehicle ID 422 (Slot ID 227) Maintainence fee cost $3,000 to SAMS's budget fund.
[2025/4/28 - 19:00:13] Vehicle ID 0 (Slot ID 240) Maintainence fee cost $3,500 to SAMS's budget fund.
[2025/4/28 - 19:00:13] Vehicle ID 440 (Slot ID 247) Maintainence fee cost $3,500 to SAMS's budget fund.
[2025/4/28 - 19:00:13] Vehicle ID 443 (Slot ID 250) Maintainence fee cost $3,500 to SAMS's budget fund.
[2025/4/28 - 19:00:13] Vehicle ID 447 (Slot ID 255) Maintainence fee cost $2,500 to SAMS's budget fund.
[2025/4/28 - 19:00:13] Vehicle ID 491 (Slot ID 304) Maintainence fee cost $2,500 to SAMS's budget fund.
[2025/4/28 - 19:00:13] Vehicle ID 526 (Slot ID 344) Maintainence fee cost $2,500 to SAMS's budget fund.
[2025/4/28 - 19:00:13] Vehicle ID 527 (Slot ID 345) Maintainence fee cost $2,000 to SAMS's budget fund.
[2025/4/28 - 19:00:13] Vehicle ID 538 (Slot ID 363) Maintainence fee cost $0 to SAMS's budget fund.
[2025/4/28 - 19:00:13] Vehicle ID 539 (Slot ID 364) Maintainence fee cost $0 to SAMS's budget fund.
[2025/4/28 - 19:00:13] Vehicle ID 0 (Slot ID 384) Maintainence fee cost $2,500 to SAMS's budget fund.
[2025/4/28 - 19:00:13] Vehicle ID 0 (Slot ID 386) Maintainence fee cost $2,500 to SAMS's budget fund.
[2025/4/28 - 19:00:13] Vehicle ID 551 (Slot ID 388) Maintainence fee cost $2,500 to SAMS's budget fund.
[2025/4/28 - 19:00:13] Vehicle ID 0 (Slot ID 398) Maintainence fee cost $2,500 to SAMS's budget fund.
[2025/4/28 - 19:00:13] Vehicle ID 0 (Slot ID 443) Maintainence fee cost $2,500 to SAMS's budget fund.
[2025/4/28 - 19:00:13] Vehicle ID 0 (Slot ID 455) Maintainence fee cost $0 to SAMS's budget fund.
