[2025/4/27 - 0:00:08] The faction vault is at $144,401,449.
[2025/4/27 - 0:00:08] SA Gov Paid $215,000 to SAMS budget fund.
[2025/4/27 - 0:00:08] Vehicle ID 286 (Slot ID 31) Maintainence fee cost $2,500 to SAMS's budget fund.
[2025/4/27 - 0:00:08] Vehicle ID 289 (Slot ID 37) Maintainence fee cost $3,000 to SAMS's budget fund.
[2025/4/27 - 0:00:08] Vehicle ID 345 (Slot ID 103) Maintainence fee cost $2,500 to SAMS's budget fund.
[2025/4/27 - 0:00:08] Vehicle ID 350 (Slot ID 108) Maintainence fee cost $2,500 to SAMS's budget fund.
[2025/4/27 - 0:00:08] Vehicle ID 353 (Slot ID 111) Maintainence fee cost $2,500 to SAMS's budget fund.
[2025/4/27 - 0:00:08] Vehicle ID 371 (Slot ID 132) Maintainence fee cost $3,000 to SAMS's budget fund.
[2025/4/27 - 0:00:08] Vehicle ID 0 (Slot ID 150) Maintainence fee cost $3,000 to SAMS's budget fund.
[2025/4/27 - 0:00:08] Vehicle ID 394 (Slot ID 160) Maintainence fee cost $2,500 to SAMS's budget fund.
[2025/4/27 - 0:00:08] Vehicle ID 404 (Slot ID 173) Maintainence fee cost $0 to SAMS's budget fund.
[2025/4/27 - 0:00:08] Vehicle ID 405 (Slot ID 174) Maintainence fee cost $0 to SAMS's budget fund.
[2025/4/27 - 0:00:08] Vehicle ID 432 (Slot ID 205) Maintainence fee cost $0 to SAMS's budget fund.
[2025/4/27 - 0:00:08] Vehicle ID 434 (Slot ID 207) Maintainence fee cost $3,500 to SAMS's budget fund.
[2025/4/27 - 0:00:08] Vehicle ID 442 (Slot ID 219) Maintainence fee cost $3,000 to SAMS's budget fund.
[2025/4/27 - 0:00:08] Vehicle ID 447 (Slot ID 224) Maintainence fee cost $3,000 to SAMS's budget fund.
[2025/4/27 - 0:00:08] Vehicle ID 449 (Slot ID 227) Maintainence fee cost $3,000 to SAMS's budget fund.
[2025/4/27 - 0:00:08] Vehicle ID 0 (Slot ID 240) Maintainence fee cost $3,500 to SAMS's budget fund.
[2025/4/27 - 0:00:08] Vehicle ID 467 (Slot ID 247) Maintainence fee cost $3,500 to SAMS's budget fund.
[2025/4/27 - 0:00:08] Vehicle ID 470 (Slot ID 250) Maintainence fee cost $3,500 to SAMS's budget fund.
[2025/4/27 - 0:00:08] Vehicle ID 474 (Slot ID 255) Maintainence fee cost $2,500 to SAMS's budget fund.
[2025/4/27 - 0:00:08] Vehicle ID 518 (Slot ID 304) Maintainence fee cost $2,500 to SAMS's budget fund.
[2025/4/27 - 0:00:08] Vehicle ID 553 (Slot ID 344) Maintainence fee cost $2,500 to SAMS's budget fund.
[2025/4/27 - 0:00:08] Vehicle ID 554 (Slot ID 345) Maintainence fee cost $2,000 to SAMS's budget fund.
[2025/4/27 - 0:00:08] Vehicle ID 565 (Slot ID 363) Maintainence fee cost $0 to SAMS's budget fund.
[2025/4/27 - 0:00:08] Vehicle ID 566 (Slot ID 364) Maintainence fee cost $0 to SAMS's budget fund.
[2025/4/27 - 0:00:08] Vehicle ID 0 (Slot ID 384) Maintainence fee cost $2,500 to SAMS's budget fund.
[2025/4/27 - 0:00:08] Vehicle ID 0 (Slot ID 386) Maintainence fee cost $2,500 to SAMS's budget fund.
[2025/4/27 - 0:00:08] Vehicle ID 578 (Slot ID 388) Maintainence fee cost $2,500 to SAMS's budget fund.
[2025/4/27 - 0:00:08] Vehicle ID 0 (Slot ID 398) Maintainence fee cost $2,500 to SAMS's budget fund.
[2025/4/27 - 0:00:08] Vehicle ID 0 (Slot ID 443) Maintainence fee cost $2,500 to SAMS's budget fund.
[2025/4/27 - 0:00:08] Vehicle ID 0 (Slot ID 455) Maintainence fee cost $0 to SAMS's budget fund.
[2025/4/27 - 1:00:21] The faction vault is at $144,549,949.
[2025/4/27 - 1:00:21] SA Gov Paid $215,000 to SAMS budget fund.
[2025/4/27 - 1:00:21] Vehicle ID 286 (Slot ID 31) Maintainence fee cost $2,500 to SAMS's budget fund.
[2025/4/27 - 1:00:21] Vehicle ID 289 (Slot ID 37) Maintainence fee cost $3,000 to SAMS's budget fund.
[2025/4/27 - 1:00:21] Vehicle ID 345 (Slot ID 103) Maintainence fee cost $2,500 to SAMS's budget fund.
[2025/4/27 - 1:00:21] Vehicle ID 350 (Slot ID 108) Maintainence fee cost $2,500 to SAMS's budget fund.
[2025/4/27 - 1:00:21] Vehicle ID 353 (Slot ID 111) Maintainence fee cost $2,500 to SAMS's budget fund.
[2025/4/27 - 1:00:21] Vehicle ID 371 (Slot ID 132) Maintainence fee cost $3,000 to SAMS's budget fund.
[2025/4/27 - 1:00:21] Vehicle ID 0 (Slot ID 150) Maintainence fee cost $3,000 to SAMS's budget fund.
[2025/4/27 - 1:00:21] Vehicle ID 394 (Slot ID 160) Maintainence fee cost $2,500 to SAMS's budget fund.
[2025/4/27 - 1:00:21] Vehicle ID 404 (Slot ID 173) Maintainence fee cost $0 to SAMS's budget fund.
[2025/4/27 - 1:00:21] Vehicle ID 405 (Slot ID 174) Maintainence fee cost $0 to SAMS's budget fund.
[2025/4/27 - 1:00:21] Vehicle ID 432 (Slot ID 205) Maintainence fee cost $0 to SAMS's budget fund.
[2025/4/27 - 1:00:21] Vehicle ID 434 (Slot ID 207) Maintainence fee cost $3,500 to SAMS's budget fund.
[2025/4/27 - 1:00:21] Vehicle ID 442 (Slot ID 219) Maintainence fee cost $3,000 to SAMS's budget fund.
[2025/4/27 - 1:00:21] Vehicle ID 447 (Slot ID 224) Maintainence fee cost $3,000 to SAMS's budget fund.
[2025/4/27 - 1:00:21] Vehicle ID 449 (Slot ID 227) Maintainence fee cost $3,000 to SAMS's budget fund.
[2025/4/27 - 1:00:21] Vehicle ID 0 (Slot ID 240) Maintainence fee cost $3,500 to SAMS's budget fund.
[2025/4/27 - 1:00:21] Vehicle ID 467 (Slot ID 247) Maintainence fee cost $3,500 to SAMS's budget fund.
[2025/4/27 - 1:00:21] Vehicle ID 470 (Slot ID 250) Maintainence fee cost $3,500 to SAMS's budget fund.
[2025/4/27 - 1:00:21] Vehicle ID 474 (Slot ID 255) Maintainence fee cost $2,500 to SAMS's budget fund.
[2025/4/27 - 1:00:21] Vehicle ID 518 (Slot ID 304) Maintainence fee cost $2,500 to SAMS's budget fund.
[2025/4/27 - 1:00:21] Vehicle ID 553 (Slot ID 344) Maintainence fee cost $2,500 to SAMS's budget fund.
[2025/4/27 - 1:00:21] Vehicle ID 554 (Slot ID 345) Maintainence fee cost $2,000 to SAMS's budget fund.
[2025/4/27 - 1:00:21] Vehicle ID 565 (Slot ID 363) Maintainence fee cost $0 to SAMS's budget fund.
[2025/4/27 - 1:00:21] Vehicle ID 566 (Slot ID 364) Maintainence fee cost $0 to SAMS's budget fund.
[2025/4/27 - 1:00:21] Vehicle ID 0 (Slot ID 384) Maintainence fee cost $2,500 to SAMS's budget fund.
[2025/4/27 - 1:00:21] Vehicle ID 0 (Slot ID 386) Maintainence fee cost $2,500 to SAMS's budget fund.
[2025/4/27 - 1:00:21] Vehicle ID 578 (Slot ID 388) Maintainence fee cost $2,500 to SAMS's budget fund.
[2025/4/27 - 1:00:21] Vehicle ID 0 (Slot ID 398) Maintainence fee cost $2,500 to SAMS's budget fund.
[2025/4/27 - 1:00:21] Vehicle ID 0 (Slot ID 443) Maintainence fee cost $2,500 to SAMS's budget fund.
[2025/4/27 - 1:00:21] Vehicle ID 0 (Slot ID 455) Maintainence fee cost $0 to SAMS's budget fund.
[2025/4/27 - 17:00:36] The faction vault is at $131,197,449.
[2025/4/27 - 17:00:36] SA Gov Paid $215,000 to SAMS budget fund.
[2025/4/27 - 17:00:36] Vehicle ID 286 (Slot ID 31) Maintainence fee cost $2,500 to SAMS's budget fund.
[2025/4/27 - 17:00:36] Vehicle ID 289 (Slot ID 37) Maintainence fee cost $3,000 to SAMS's budget fund.
[2025/4/27 - 17:00:36] Vehicle ID 345 (Slot ID 103) Maintainence fee cost $2,500 to SAMS's budget fund.
[2025/4/27 - 17:00:36] Vehicle ID 350 (Slot ID 108) Maintainence fee cost $2,500 to SAMS's budget fund.
[2025/4/27 - 17:00:36] Vehicle ID 353 (Slot ID 111) Maintainence fee cost $2,500 to SAMS's budget fund.
[2025/4/27 - 17:00:36] Vehicle ID 371 (Slot ID 132) Maintainence fee cost $3,000 to SAMS's budget fund.
[2025/4/27 - 17:00:36] Vehicle ID 0 (Slot ID 150) Maintainence fee cost $3,000 to SAMS's budget fund.
[2025/4/27 - 17:00:36] Vehicle ID 394 (Slot ID 160) Maintainence fee cost $2,500 to SAMS's budget fund.
[2025/4/27 - 17:00:36] Vehicle ID 404 (Slot ID 173) Maintainence fee cost $0 to SAMS's budget fund.
[2025/4/27 - 17:00:36] Vehicle ID 405 (Slot ID 174) Maintainence fee cost $0 to SAMS's budget fund.
[2025/4/27 - 17:00:36] Vehicle ID 432 (Slot ID 205) Maintainence fee cost $0 to SAMS's budget fund.
[2025/4/27 - 17:00:36] Vehicle ID 434 (Slot ID 207) Maintainence fee cost $3,500 to SAMS's budget fund.
[2025/4/27 - 17:00:36] Vehicle ID 442 (Slot ID 219) Maintainence fee cost $3,000 to SAMS's budget fund.
[2025/4/27 - 17:00:36] Vehicle ID 447 (Slot ID 224) Maintainence fee cost $3,000 to SAMS's budget fund.
[2025/4/27 - 17:00:36] Vehicle ID 449 (Slot ID 227) Maintainence fee cost $3,000 to SAMS's budget fund.
[2025/4/27 - 17:00:36] Vehicle ID 0 (Slot ID 240) Maintainence fee cost $3,500 to SAMS's budget fund.
[2025/4/27 - 17:00:36] Vehicle ID 467 (Slot ID 247) Maintainence fee cost $3,500 to SAMS's budget fund.
[2025/4/27 - 17:00:36] Vehicle ID 470 (Slot ID 250) Maintainence fee cost $3,500 to SAMS's budget fund.
[2025/4/27 - 17:00:36] Vehicle ID 474 (Slot ID 255) Maintainence fee cost $2,500 to SAMS's budget fund.
[2025/4/27 - 17:00:36] Vehicle ID 518 (Slot ID 304) Maintainence fee cost $2,500 to SAMS's budget fund.
[2025/4/27 - 17:00:36] Vehicle ID 553 (Slot ID 344) Maintainence fee cost $2,500 to SAMS's budget fund.
[2025/4/27 - 17:00:36] Vehicle ID 554 (Slot ID 345) Maintainence fee cost $2,000 to SAMS's budget fund.
[2025/4/27 - 17:00:36] Vehicle ID 565 (Slot ID 363) Maintainence fee cost $0 to SAMS's budget fund.
[2025/4/27 - 17:00:36] Vehicle ID 566 (Slot ID 364) Maintainence fee cost $0 to SAMS's budget fund.
[2025/4/27 - 17:00:36] Vehicle ID 0 (Slot ID 384) Maintainence fee cost $2,500 to SAMS's budget fund.
[2025/4/27 - 17:00:36] Vehicle ID 0 (Slot ID 386) Maintainence fee cost $2,500 to SAMS's budget fund.
[2025/4/27 - 17:00:36] Vehicle ID 578 (Slot ID 388) Maintainence fee cost $2,500 to SAMS's budget fund.
[2025/4/27 - 17:00:36] Vehicle ID 0 (Slot ID 398) Maintainence fee cost $2,500 to SAMS's budget fund.
[2025/4/27 - 17:00:36] Vehicle ID 0 (Slot ID 443) Maintainence fee cost $2,500 to SAMS's budget fund.
[2025/4/27 - 17:00:36] Vehicle ID 0 (Slot ID 455) Maintainence fee cost $0 to SAMS's budget fund.
[2025/4/27 - 18:01:31] The faction vault is at $131,345,949.
[2025/4/27 - 18:01:31] SA Gov Paid $215,000 to SAMS budget fund.
[2025/4/27 - 18:01:31] Vehicle ID 286 (Slot ID 31) Maintainence fee cost $2,500 to SAMS's budget fund.
[2025/4/27 - 18:01:31] Vehicle ID 289 (Slot ID 37) Maintainence fee cost $3,000 to SAMS's budget fund.
[2025/4/27 - 18:01:31] Vehicle ID 345 (Slot ID 103) Maintainence fee cost $2,500 to SAMS's budget fund.
[2025/4/27 - 18:01:31] Vehicle ID 350 (Slot ID 108) Maintainence fee cost $2,500 to SAMS's budget fund.
[2025/4/27 - 18:01:31] Vehicle ID 353 (Slot ID 111) Maintainence fee cost $2,500 to SAMS's budget fund.
[2025/4/27 - 18:01:31] Vehicle ID 371 (Slot ID 132) Maintainence fee cost $3,000 to SAMS's budget fund.
[2025/4/27 - 18:01:31] Vehicle ID 0 (Slot ID 150) Maintainence fee cost $3,000 to SAMS's budget fund.
[2025/4/27 - 18:01:31] Vehicle ID 394 (Slot ID 160) Maintainence fee cost $2,500 to SAMS's budget fund.
[2025/4/27 - 18:01:31] Vehicle ID 404 (Slot ID 173) Maintainence fee cost $0 to SAMS's budget fund.
[2025/4/27 - 18:01:31] Vehicle ID 405 (Slot ID 174) Maintainence fee cost $0 to SAMS's budget fund.
[2025/4/27 - 18:01:31] Vehicle ID 432 (Slot ID 205) Maintainence fee cost $0 to SAMS's budget fund.
[2025/4/27 - 18:01:31] Vehicle ID 434 (Slot ID 207) Maintainence fee cost $3,500 to SAMS's budget fund.
[2025/4/27 - 18:01:31] Vehicle ID 442 (Slot ID 219) Maintainence fee cost $3,000 to SAMS's budget fund.
[2025/4/27 - 18:01:31] Vehicle ID 447 (Slot ID 224) Maintainence fee cost $3,000 to SAMS's budget fund.
[2025/4/27 - 18:01:31] Vehicle ID 449 (Slot ID 227) Maintainence fee cost $3,000 to SAMS's budget fund.
[2025/4/27 - 18:01:31] Vehicle ID 0 (Slot ID 240) Maintainence fee cost $3,500 to SAMS's budget fund.
[2025/4/27 - 18:01:31] Vehicle ID 467 (Slot ID 247) Maintainence fee cost $3,500 to SAMS's budget fund.
[2025/4/27 - 18:01:31] Vehicle ID 470 (Slot ID 250) Maintainence fee cost $3,500 to SAMS's budget fund.
[2025/4/27 - 18:01:31] Vehicle ID 474 (Slot ID 255) Maintainence fee cost $2,500 to SAMS's budget fund.
[2025/4/27 - 18:01:31] Vehicle ID 518 (Slot ID 304) Maintainence fee cost $2,500 to SAMS's budget fund.
[2025/4/27 - 18:01:31] Vehicle ID 553 (Slot ID 344) Maintainence fee cost $2,500 to SAMS's budget fund.
[2025/4/27 - 18:01:31] Vehicle ID 554 (Slot ID 345) Maintainence fee cost $2,000 to SAMS's budget fund.
[2025/4/27 - 18:01:31] Vehicle ID 565 (Slot ID 363) Maintainence fee cost $0 to SAMS's budget fund.
[2025/4/27 - 18:01:31] Vehicle ID 566 (Slot ID 364) Maintainence fee cost $0 to SAMS's budget fund.
[2025/4/27 - 18:01:31] Vehicle ID 0 (Slot ID 384) Maintainence fee cost $2,500 to SAMS's budget fund.
[2025/4/27 - 18:01:31] Vehicle ID 0 (Slot ID 386) Maintainence fee cost $2,500 to SAMS's budget fund.
[2025/4/27 - 18:01:31] Vehicle ID 578 (Slot ID 388) Maintainence fee cost $2,500 to SAMS's budget fund.
[2025/4/27 - 18:01:31] Vehicle ID 0 (Slot ID 398) Maintainence fee cost $2,500 to SAMS's budget fund.
[2025/4/27 - 18:01:31] Vehicle ID 0 (Slot ID 443) Maintainence fee cost $2,500 to SAMS's budget fund.
[2025/4/27 - 18:01:31] Vehicle ID 0 (Slot ID 455) Maintainence fee cost $0 to SAMS's budget fund.
[2025/4/27 - 18:16:52] Vehicle Slot ID 31 RTB fee cost $1250 to SAMS's budget fund.
[2025/4/27 - 18:16:52] Vehicle Slot ID 37 RTB fee cost $1500 to SAMS's budget fund.
[2025/4/27 - 18:16:52] Vehicle Slot ID 103 RTB fee cost $1250 to SAMS's budget fund.
[2025/4/27 - 18:16:52] Vehicle Slot ID 108 RTB fee cost $1250 to SAMS's budget fund.
[2025/4/27 - 18:16:52] Vehicle Slot ID 111 RTB fee cost $1250 to SAMS's budget fund.
[2025/4/27 - 18:16:52] Vehicle Slot ID 132 RTB fee cost $1500 to SAMS's budget fund.
[2025/4/27 - 18:16:52] Vehicle Slot ID 160 RTB fee cost $1250 to SAMS's budget fund.
[2025/4/27 - 18:16:52] Vehicle Slot ID 173 RTB fee cost $0 to SAMS's budget fund.
[2025/4/27 - 18:16:52] Vehicle Slot ID 174 RTB fee cost $0 to SAMS's budget fund.
[2025/4/27 - 18:16:52] Vehicle Slot ID 205 RTB fee cost $0 to SAMS's budget fund.
[2025/4/27 - 18:16:52] Vehicle Slot ID 207 RTB fee cost $1750 to SAMS's budget fund.
[2025/4/27 - 18:16:52] Vehicle Slot ID 219 RTB fee cost $1500 to SAMS's budget fund.
[2025/4/27 - 18:16:52] Vehicle Slot ID 224 RTB fee cost $1500 to SAMS's budget fund.
[2025/4/27 - 18:16:52] Vehicle Slot ID 227 RTB fee cost $1500 to SAMS's budget fund.
[2025/4/27 - 18:16:52] Vehicle Slot ID 247 RTB fee cost $1750 to SAMS's budget fund.
[2025/4/27 - 18:16:52] Vehicle Slot ID 250 RTB fee cost $1750 to SAMS's budget fund.
[2025/4/27 - 18:16:52] Vehicle Slot ID 255 RTB fee cost $1250 to SAMS's budget fund.
[2025/4/27 - 18:16:52] Vehicle Slot ID 304 RTB fee cost $1250 to SAMS's budget fund.
[2025/4/27 - 18:16:52] Vehicle Slot ID 344 RTB fee cost $1250 to SAMS's budget fund.
[2025/4/27 - 18:16:52] Vehicle Slot ID 345 RTB fee cost $1000 to SAMS's budget fund.
[2025/4/27 - 18:16:52] Vehicle Slot ID 363 RTB fee cost $0 to SAMS's budget fund.
[2025/4/27 - 18:16:52] Vehicle Slot ID 364 RTB fee cost $0 to SAMS's budget fund.
[2025/4/27 - 18:16:52] Vehicle Slot ID 388 RTB fee cost $1250 to SAMS's budget fund.
[2025/4/27 - 18:43:40] Vehicle Slot ID 31 RTB fee cost $1250 to SAMS's budget fund.
[2025/4/27 - 18:43:40] Vehicle Slot ID 37 RTB fee cost $1500 to SAMS's budget fund.
[2025/4/27 - 18:43:40] Vehicle Slot ID 103 RTB fee cost $1250 to SAMS's budget fund.
[2025/4/27 - 18:43:40] Vehicle Slot ID 108 RTB fee cost $1250 to SAMS's budget fund.
[2025/4/27 - 18:43:40] Vehicle Slot ID 111 RTB fee cost $1250 to SAMS's budget fund.
[2025/4/27 - 18:43:40] Vehicle Slot ID 132 RTB fee cost $1500 to SAMS's budget fund.
[2025/4/27 - 18:43:40] Vehicle Slot ID 160 RTB fee cost $1250 to SAMS's budget fund.
[2025/4/27 - 18:43:40] Vehicle Slot ID 173 RTB fee cost $0 to SAMS's budget fund.
[2025/4/27 - 18:43:40] Vehicle Slot ID 174 RTB fee cost $0 to SAMS's budget fund.
[2025/4/27 - 18:43:40] Vehicle Slot ID 205 RTB fee cost $0 to SAMS's budget fund.
[2025/4/27 - 18:43:40] Vehicle Slot ID 207 RTB fee cost $1750 to SAMS's budget fund.
[2025/4/27 - 18:43:40] Vehicle Slot ID 219 RTB fee cost $1500 to SAMS's budget fund.
[2025/4/27 - 18:43:40] Vehicle Slot ID 224 RTB fee cost $1500 to SAMS's budget fund.
[2025/4/27 - 18:43:40] Vehicle Slot ID 227 RTB fee cost $1500 to SAMS's budget fund.
[2025/4/27 - 18:43:40] Vehicle Slot ID 247 RTB fee cost $1750 to SAMS's budget fund.
[2025/4/27 - 18:43:40] Vehicle Slot ID 250 RTB fee cost $1750 to SAMS's budget fund.
[2025/4/27 - 18:43:40] Vehicle Slot ID 255 RTB fee cost $1250 to SAMS's budget fund.
[2025/4/27 - 18:43:40] Vehicle Slot ID 304 RTB fee cost $1250 to SAMS's budget fund.
[2025/4/27 - 18:43:40] Vehicle Slot ID 344 RTB fee cost $1250 to SAMS's budget fund.
[2025/4/27 - 18:43:40] Vehicle Slot ID 345 RTB fee cost $1000 to SAMS's budget fund.
[2025/4/27 - 18:43:40] Vehicle Slot ID 363 RTB fee cost $0 to SAMS's budget fund.
[2025/4/27 - 18:43:40] Vehicle Slot ID 364 RTB fee cost $0 to SAMS's budget fund.
[2025/4/27 - 18:43:40] Vehicle Slot ID 388 RTB fee cost $1250 to SAMS's budget fund.
[2025/4/27 - 20:00:07] The faction vault is at $131,494,449.
[2025/4/27 - 20:00:07] SA Gov Paid $215,000 to SAMS budget fund.
[2025/4/27 - 20:00:07] Vehicle ID 286 (Slot ID 31) Maintainence fee cost $2,500 to SAMS's budget fund.
[2025/4/27 - 20:00:07] Vehicle ID 289 (Slot ID 37) Maintainence fee cost $3,000 to SAMS's budget fund.
[2025/4/27 - 20:00:07] Vehicle ID 345 (Slot ID 103) Maintainence fee cost $2,500 to SAMS's budget fund.
[2025/4/27 - 20:00:07] Vehicle ID 350 (Slot ID 108) Maintainence fee cost $2,500 to SAMS's budget fund.
[2025/4/27 - 20:00:07] Vehicle ID 353 (Slot ID 111) Maintainence fee cost $2,500 to SAMS's budget fund.
[2025/4/27 - 20:00:07] Vehicle ID 371 (Slot ID 132) Maintainence fee cost $3,000 to SAMS's budget fund.
[2025/4/27 - 20:00:07] Vehicle ID 0 (Slot ID 150) Maintainence fee cost $3,000 to SAMS's budget fund.
[2025/4/27 - 20:00:07] Vehicle ID 394 (Slot ID 160) Maintainence fee cost $2,500 to SAMS's budget fund.
[2025/4/27 - 20:00:07] Vehicle ID 404 (Slot ID 173) Maintainence fee cost $0 to SAMS's budget fund.
[2025/4/27 - 20:00:07] Vehicle ID 405 (Slot ID 174) Maintainence fee cost $0 to SAMS's budget fund.
[2025/4/27 - 20:00:07] Vehicle ID 432 (Slot ID 205) Maintainence fee cost $0 to SAMS's budget fund.
[2025/4/27 - 20:00:07] Vehicle ID 434 (Slot ID 207) Maintainence fee cost $3,500 to SAMS's budget fund.
[2025/4/27 - 20:00:07] Vehicle ID 442 (Slot ID 219) Maintainence fee cost $3,000 to SAMS's budget fund.
[2025/4/27 - 20:00:07] Vehicle ID 447 (Slot ID 224) Maintainence fee cost $3,000 to SAMS's budget fund.
[2025/4/27 - 20:00:07] Vehicle ID 449 (Slot ID 227) Maintainence fee cost $3,000 to SAMS's budget fund.
[2025/4/27 - 20:00:07] Vehicle ID 0 (Slot ID 240) Maintainence fee cost $3,500 to SAMS's budget fund.
[2025/4/27 - 20:00:07] Vehicle ID 467 (Slot ID 247) Maintainence fee cost $3,500 to SAMS's budget fund.
[2025/4/27 - 20:00:07] Vehicle ID 470 (Slot ID 250) Maintainence fee cost $3,500 to SAMS's budget fund.
[2025/4/27 - 20:00:07] Vehicle ID 474 (Slot ID 255) Maintainence fee cost $2,500 to SAMS's budget fund.
[2025/4/27 - 20:00:07] Vehicle ID 518 (Slot ID 304) Maintainence fee cost $2,500 to SAMS's budget fund.
[2025/4/27 - 20:00:07] Vehicle ID 553 (Slot ID 344) Maintainence fee cost $2,500 to SAMS's budget fund.
[2025/4/27 - 20:00:07] Vehicle ID 554 (Slot ID 345) Maintainence fee cost $2,000 to SAMS's budget fund.
[2025/4/27 - 20:00:07] Vehicle ID 565 (Slot ID 363) Maintainence fee cost $0 to SAMS's budget fund.
[2025/4/27 - 20:00:07] Vehicle ID 566 (Slot ID 364) Maintainence fee cost $0 to SAMS's budget fund.
[2025/4/27 - 20:00:07] Vehicle ID 0 (Slot ID 384) Maintainence fee cost $2,500 to SAMS's budget fund.
[2025/4/27 - 20:00:07] Vehicle ID 0 (Slot ID 386) Maintainence fee cost $2,500 to SAMS's budget fund.
[2025/4/27 - 20:00:07] Vehicle ID 578 (Slot ID 388) Maintainence fee cost $2,500 to SAMS's budget fund.
[2025/4/27 - 20:00:07] Vehicle ID 0 (Slot ID 398) Maintainence fee cost $2,500 to SAMS's budget fund.
[2025/4/27 - 20:00:07] Vehicle ID 0 (Slot ID 443) Maintainence fee cost $2,500 to SAMS's budget fund.
[2025/4/27 - 20:00:07] Vehicle ID 0 (Slot ID 455) Maintainence fee cost $0 to SAMS's budget fund.
[2025/4/27 - 21:00:44] The faction vault is at $131,642,949.
[2025/4/27 - 21:00:44] SA Gov Paid $215,000 to SAMS budget fund.
[2025/4/27 - 21:00:44] Vehicle ID 286 (Slot ID 31) Maintainence fee cost $2,500 to SAMS's budget fund.
[2025/4/27 - 21:00:44] Vehicle ID 289 (Slot ID 37) Maintainence fee cost $3,000 to SAMS's budget fund.
[2025/4/27 - 21:00:44] Vehicle ID 345 (Slot ID 103) Maintainence fee cost $2,500 to SAMS's budget fund.
[2025/4/27 - 21:00:44] Vehicle ID 350 (Slot ID 108) Maintainence fee cost $2,500 to SAMS's budget fund.
[2025/4/27 - 21:00:44] Vehicle ID 353 (Slot ID 111) Maintainence fee cost $2,500 to SAMS's budget fund.
[2025/4/27 - 21:00:44] Vehicle ID 371 (Slot ID 132) Maintainence fee cost $3,000 to SAMS's budget fund.
[2025/4/27 - 21:00:44] Vehicle ID 0 (Slot ID 150) Maintainence fee cost $3,000 to SAMS's budget fund.
[2025/4/27 - 21:00:44] Vehicle ID 394 (Slot ID 160) Maintainence fee cost $2,500 to SAMS's budget fund.
[2025/4/27 - 21:00:44] Vehicle ID 404 (Slot ID 173) Maintainence fee cost $0 to SAMS's budget fund.
[2025/4/27 - 21:00:44] Vehicle ID 405 (Slot ID 174) Maintainence fee cost $0 to SAMS's budget fund.
[2025/4/27 - 21:00:44] Vehicle ID 432 (Slot ID 205) Maintainence fee cost $0 to SAMS's budget fund.
[2025/4/27 - 21:00:44] Vehicle ID 434 (Slot ID 207) Maintainence fee cost $3,500 to SAMS's budget fund.
[2025/4/27 - 21:00:44] Vehicle ID 442 (Slot ID 219) Maintainence fee cost $3,000 to SAMS's budget fund.
[2025/4/27 - 21:00:44] Vehicle ID 447 (Slot ID 224) Maintainence fee cost $3,000 to SAMS's budget fund.
[2025/4/27 - 21:00:44] Vehicle ID 449 (Slot ID 227) Maintainence fee cost $3,000 to SAMS's budget fund.
[2025/4/27 - 21:00:44] Vehicle ID 0 (Slot ID 240) Maintainence fee cost $3,500 to SAMS's budget fund.
[2025/4/27 - 21:00:44] Vehicle ID 467 (Slot ID 247) Maintainence fee cost $3,500 to SAMS's budget fund.
[2025/4/27 - 21:00:44] Vehicle ID 470 (Slot ID 250) Maintainence fee cost $3,500 to SAMS's budget fund.
[2025/4/27 - 21:00:44] Vehicle ID 474 (Slot ID 255) Maintainence fee cost $2,500 to SAMS's budget fund.
[2025/4/27 - 21:00:44] Vehicle ID 518 (Slot ID 304) Maintainence fee cost $2,500 to SAMS's budget fund.
[2025/4/27 - 21:00:44] Vehicle ID 553 (Slot ID 344) Maintainence fee cost $2,500 to SAMS's budget fund.
[2025/4/27 - 21:00:44] Vehicle ID 554 (Slot ID 345) Maintainence fee cost $2,000 to SAMS's budget fund.
[2025/4/27 - 21:00:44] Vehicle ID 565 (Slot ID 363) Maintainence fee cost $0 to SAMS's budget fund.
[2025/4/27 - 21:00:44] Vehicle ID 566 (Slot ID 364) Maintainence fee cost $0 to SAMS's budget fund.
[2025/4/27 - 21:00:44] Vehicle ID 0 (Slot ID 384) Maintainence fee cost $2,500 to SAMS's budget fund.
[2025/4/27 - 21:00:44] Vehicle ID 0 (Slot ID 386) Maintainence fee cost $2,500 to SAMS's budget fund.
[2025/4/27 - 21:00:44] Vehicle ID 578 (Slot ID 388) Maintainence fee cost $2,500 to SAMS's budget fund.
[2025/4/27 - 21:00:44] Vehicle ID 0 (Slot ID 398) Maintainence fee cost $2,500 to SAMS's budget fund.
[2025/4/27 - 21:00:44] Vehicle ID 0 (Slot ID 443) Maintainence fee cost $2,500 to SAMS's budget fund.
[2025/4/27 - 21:00:44] Vehicle ID 0 (Slot ID 455) Maintainence fee cost $0 to SAMS's budget fund.
[2025/4/27 - 22:00:52] The faction vault is at $131,791,449.
[2025/4/27 - 22:00:52] SA Gov Paid $215,000 to SAMS budget fund.
[2025/4/27 - 22:00:52] Vehicle ID 286 (Slot ID 31) Maintainence fee cost $2,500 to SAMS's budget fund.
[2025/4/27 - 22:00:52] Vehicle ID 289 (Slot ID 37) Maintainence fee cost $3,000 to SAMS's budget fund.
[2025/4/27 - 22:00:52] Vehicle ID 345 (Slot ID 103) Maintainence fee cost $2,500 to SAMS's budget fund.
[2025/4/27 - 22:00:52] Vehicle ID 350 (Slot ID 108) Maintainence fee cost $2,500 to SAMS's budget fund.
[2025/4/27 - 22:00:52] Vehicle ID 353 (Slot ID 111) Maintainence fee cost $2,500 to SAMS's budget fund.
[2025/4/27 - 22:00:52] Vehicle ID 371 (Slot ID 132) Maintainence fee cost $3,000 to SAMS's budget fund.
[2025/4/27 - 22:00:52] Vehicle ID 0 (Slot ID 150) Maintainence fee cost $3,000 to SAMS's budget fund.
[2025/4/27 - 22:00:52] Vehicle ID 394 (Slot ID 160) Maintainence fee cost $2,500 to SAMS's budget fund.
[2025/4/27 - 22:00:52] Vehicle ID 404 (Slot ID 173) Maintainence fee cost $0 to SAMS's budget fund.
[2025/4/27 - 22:00:52] Vehicle ID 405 (Slot ID 174) Maintainence fee cost $0 to SAMS's budget fund.
[2025/4/27 - 22:00:52] Vehicle ID 432 (Slot ID 205) Maintainence fee cost $0 to SAMS's budget fund.
[2025/4/27 - 22:00:52] Vehicle ID 434 (Slot ID 207) Maintainence fee cost $3,500 to SAMS's budget fund.
[2025/4/27 - 22:00:52] Vehicle ID 442 (Slot ID 219) Maintainence fee cost $3,000 to SAMS's budget fund.
[2025/4/27 - 22:00:52] Vehicle ID 447 (Slot ID 224) Maintainence fee cost $3,000 to SAMS's budget fund.
[2025/4/27 - 22:00:52] Vehicle ID 449 (Slot ID 227) Maintainence fee cost $3,000 to SAMS's budget fund.
[2025/4/27 - 22:00:52] Vehicle ID 0 (Slot ID 240) Maintainence fee cost $3,500 to SAMS's budget fund.
[2025/4/27 - 22:00:52] Vehicle ID 467 (Slot ID 247) Maintainence fee cost $3,500 to SAMS's budget fund.
[2025/4/27 - 22:00:52] Vehicle ID 470 (Slot ID 250) Maintainence fee cost $3,500 to SAMS's budget fund.
[2025/4/27 - 22:00:52] Vehicle ID 474 (Slot ID 255) Maintainence fee cost $2,500 to SAMS's budget fund.
[2025/4/27 - 22:00:52] Vehicle ID 518 (Slot ID 304) Maintainence fee cost $2,500 to SAMS's budget fund.
[2025/4/27 - 22:00:52] Vehicle ID 553 (Slot ID 344) Maintainence fee cost $2,500 to SAMS's budget fund.
[2025/4/27 - 22:00:52] Vehicle ID 554 (Slot ID 345) Maintainence fee cost $2,000 to SAMS's budget fund.
[2025/4/27 - 22:00:52] Vehicle ID 565 (Slot ID 363) Maintainence fee cost $0 to SAMS's budget fund.
[2025/4/27 - 22:00:52] Vehicle ID 566 (Slot ID 364) Maintainence fee cost $0 to SAMS's budget fund.
[2025/4/27 - 22:00:52] Vehicle ID 0 (Slot ID 384) Maintainence fee cost $2,500 to SAMS's budget fund.
[2025/4/27 - 22:00:52] Vehicle ID 0 (Slot ID 386) Maintainence fee cost $2,500 to SAMS's budget fund.
[2025/4/27 - 22:00:52] Vehicle ID 578 (Slot ID 388) Maintainence fee cost $2,500 to SAMS's budget fund.
[2025/4/27 - 22:00:52] Vehicle ID 0 (Slot ID 398) Maintainence fee cost $2,500 to SAMS's budget fund.
[2025/4/27 - 22:00:52] Vehicle ID 0 (Slot ID 443) Maintainence fee cost $2,500 to SAMS's budget fund.
[2025/4/27 - 22:00:52] Vehicle ID 0 (Slot ID 455) Maintainence fee cost $0 to SAMS's budget fund.
[2025/4/27 - 23:00:00] The faction vault is at $131,939,949.
[2025/4/27 - 23:00:00] SA Gov Paid $215,000 to SAMS budget fund.
[2025/4/27 - 23:00:00] Vehicle ID 286 (Slot ID 31) Maintainence fee cost $2,500 to SAMS's budget fund.
[2025/4/27 - 23:00:00] Vehicle ID 289 (Slot ID 37) Maintainence fee cost $3,000 to SAMS's budget fund.
[2025/4/27 - 23:00:00] Vehicle ID 345 (Slot ID 103) Maintainence fee cost $2,500 to SAMS's budget fund.
[2025/4/27 - 23:00:00] Vehicle ID 350 (Slot ID 108) Maintainence fee cost $2,500 to SAMS's budget fund.
[2025/4/27 - 23:00:00] Vehicle ID 353 (Slot ID 111) Maintainence fee cost $2,500 to SAMS's budget fund.
[2025/4/27 - 23:00:00] Vehicle ID 371 (Slot ID 132) Maintainence fee cost $3,000 to SAMS's budget fund.
[2025/4/27 - 23:00:00] Vehicle ID 0 (Slot ID 150) Maintainence fee cost $3,000 to SAMS's budget fund.
[2025/4/27 - 23:00:00] Vehicle ID 394 (Slot ID 160) Maintainence fee cost $2,500 to SAMS's budget fund.
[2025/4/27 - 23:00:00] Vehicle ID 404 (Slot ID 173) Maintainence fee cost $0 to SAMS's budget fund.
[2025/4/27 - 23:00:00] Vehicle ID 405 (Slot ID 174) Maintainence fee cost $0 to SAMS's budget fund.
[2025/4/27 - 23:00:00] Vehicle ID 432 (Slot ID 205) Maintainence fee cost $0 to SAMS's budget fund.
[2025/4/27 - 23:00:00] Vehicle ID 434 (Slot ID 207) Maintainence fee cost $3,500 to SAMS's budget fund.
[2025/4/27 - 23:00:00] Vehicle ID 442 (Slot ID 219) Maintainence fee cost $3,000 to SAMS's budget fund.
[2025/4/27 - 23:00:00] Vehicle ID 447 (Slot ID 224) Maintainence fee cost $3,000 to SAMS's budget fund.
[2025/4/27 - 23:00:00] Vehicle ID 449 (Slot ID 227) Maintainence fee cost $3,000 to SAMS's budget fund.
[2025/4/27 - 23:00:00] Vehicle ID 0 (Slot ID 240) Maintainence fee cost $3,500 to SAMS's budget fund.
[2025/4/27 - 23:00:00] Vehicle ID 467 (Slot ID 247) Maintainence fee cost $3,500 to SAMS's budget fund.
[2025/4/27 - 23:00:00] Vehicle ID 470 (Slot ID 250) Maintainence fee cost $3,500 to SAMS's budget fund.
[2025/4/27 - 23:00:00] Vehicle ID 474 (Slot ID 255) Maintainence fee cost $2,500 to SAMS's budget fund.
[2025/4/27 - 23:00:00] Vehicle ID 518 (Slot ID 304) Maintainence fee cost $2,500 to SAMS's budget fund.
[2025/4/27 - 23:00:00] Vehicle ID 553 (Slot ID 344) Maintainence fee cost $2,500 to SAMS's budget fund.
[2025/4/27 - 23:00:00] Vehicle ID 554 (Slot ID 345) Maintainence fee cost $2,000 to SAMS's budget fund.
[2025/4/27 - 23:00:00] Vehicle ID 565 (Slot ID 363) Maintainence fee cost $0 to SAMS's budget fund.
[2025/4/27 - 23:00:00] Vehicle ID 566 (Slot ID 364) Maintainence fee cost $0 to SAMS's budget fund.
[2025/4/27 - 23:00:00] Vehicle ID 0 (Slot ID 384) Maintainence fee cost $2,500 to SAMS's budget fund.
[2025/4/27 - 23:00:00] Vehicle ID 0 (Slot ID 386) Maintainence fee cost $2,500 to SAMS's budget fund.
[2025/4/27 - 23:00:00] Vehicle ID 578 (Slot ID 388) Maintainence fee cost $2,500 to SAMS's budget fund.
[2025/4/27 - 23:00:00] Vehicle ID 0 (Slot ID 398) Maintainence fee cost $2,500 to SAMS's budget fund.
[2025/4/27 - 23:00:00] Vehicle ID 0 (Slot ID 443) Maintainence fee cost $2,500 to SAMS's budget fund.
[2025/4/27 - 23:00:00] Vehicle ID 0 (Slot ID 455) Maintainence fee cost $0 to SAMS's budget fund.
