[2025/4/28 - 15:20:42] Vehicle Slot ID 404 RTB fee cost $0 to FBI's budget fund.
[2025/4/28 - 15:24:47] Vehicle Slot ID 404 RTB fee cost $0 to FBI's budget fund.
[2025/4/28 - 15:27:14] Vehicle Slot ID 404 RTB fee cost $0 to FBI's budget fund.
[2025/4/28 - 15:49:23] Vehicle Slot ID 404 RTB fee cost $0 to FBI's budget fund.
[2025/4/28 - 15:53:15] Vehicle Slot ID 404 RTB fee cost $0 to FBI's budget fund.
[2025/4/28 - 15:56:03] Vehicle Slot ID 404 RTB fee cost $0 to FBI's budget fund.
[2025/4/28 - 15:58:05] Vehicle Slot ID 404 RTB fee cost $0 to FBI's budget fund.
[2025/4/28 - 16:17:15] Vehicle Slot ID 404 RTB fee cost $0 to FBI's budget fund.
[2025/4/28 - 16:17:44] Vehicle Slot ID 404 RTB fee cost $0 to FBI's budget fund.
[2025/4/28 - 16:57:49] Vehicle Slot ID 404 RTB fee cost $0 to FBI's budget fund.
[2025/4/28 - 17:00:42] The faction vault is at $364,390,650.
[2025/4/28 - 17:00:42] SA Gov Paid $80,000 to FBI budget fund.
[2025/4/28 - 17:00:42] Vehicle ID 237 (Slot ID 4) Maintainence fee cost $3,000 to FBI's budget fund.
[2025/4/28 - 17:00:42] Vehicle ID 249 (Slot ID 16) Maintainence fee cost $3,000 to FBI's budget fund.
[2025/4/28 - 17:00:42] Vehicle ID 273 (Slot ID 53) Maintainence fee cost $3,500 to FBI's budget fund.
[2025/4/28 - 17:00:42] Vehicle ID 327 (Slot ID 112) Maintainence fee cost $2,500 to FBI's budget fund.
[2025/4/28 - 17:00:42] Vehicle ID 333 (Slot ID 118) Maintainence fee cost $3,000 to FBI's budget fund.
[2025/4/28 - 17:00:42] Vehicle ID 339 (Slot ID 127) Maintainence fee cost $3,500 to FBI's budget fund.
[2025/4/28 - 17:00:42] Vehicle ID 0 (Slot ID 217) Maintainence fee cost $2,500 to FBI's budget fund.
[2025/4/28 - 17:00:42] Vehicle ID 439 (Slot ID 246) Maintainence fee cost $4,500 to FBI's budget fund.
[2025/4/28 - 17:00:42] Vehicle ID 463 (Slot ID 271) Maintainence fee cost $3,500 to FBI's budget fund.
[2025/4/28 - 17:00:42] Vehicle ID 465 (Slot ID 273) Maintainence fee cost $4,500 to FBI's budget fund.
[2025/4/28 - 17:00:42] Vehicle ID 468 (Slot ID 277) Maintainence fee cost $2,500 to FBI's budget fund.
[2025/4/28 - 17:00:42] Vehicle ID 484 (Slot ID 297) Maintainence fee cost $3,000 to FBI's budget fund.
[2025/4/28 - 17:00:42] Vehicle ID 485 (Slot ID 298) Maintainence fee cost $2,500 to FBI's budget fund.
[2025/4/28 - 17:00:42] Vehicle ID 500 (Slot ID 316) Maintainence fee cost $2,500 to FBI's budget fund.
[2025/4/28 - 17:00:42] Vehicle ID 554 (Slot ID 404) Maintainence fee cost $0 to FBI's budget fund.
[2025/4/28 - 17:00:42] Vehicle ID 0 (Slot ID 407) Maintainence fee cost $500 to FBI's budget fund.
[2025/4/28 - 17:00:42] Vehicle ID 562 (Slot ID 424) Maintainence fee cost $3,500 to FBI's budget fund.
[2025/4/28 - 17:00:42] Vehicle ID 574 (Slot ID 487) Maintainence fee cost $3,500 to FBI's budget fund.
[2025/4/28 - 17:00:42] Vehicle ID 0 (Slot ID 488) Maintainence fee cost $3,500 to FBI's budget fund.
[2025/4/28 - 17:00:42] Vehicle ID 0 (Slot ID 491) Maintainence fee cost $5,000 to FBI's budget fund.
[2025/4/28 - 17:00:42] Vehicle ID 0 (Slot ID 494) Maintainence fee cost $2,000 to FBI's budget fund.
[2025/4/28 - 17:00:42] Vehicle ID 578 (Slot ID 504) Maintainence fee cost $2,500 to FBI's budget fund.
[2025/4/28 - 17:00:42] Vehicle ID 0 (Slot ID 510) Maintainence fee cost $2,500 to FBI's budget fund.
[2025/4/28 - 17:00:42] Vehicle ID 582 (Slot ID 515) Maintainence fee cost $3,000 to FBI's budget fund.
[2025/4/28 - 17:00:42] Vehicle ID 0 (Slot ID 521) Maintainence fee cost $2,500 to FBI's budget fund.
[2025/4/28 - 17:00:42] Vehicle ID 0 (Slot ID 573) Maintainence fee cost $3,500 to FBI's budget fund.
[2025/4/28 - 17:00:42] Vehicle ID 592 (Slot ID 583) Maintainence fee cost $250 to FBI's budget fund.
[2025/4/28 - 17:00:42] Vehicle ID 593 (Slot ID 594) Maintainence fee cost $3,500 to FBI's budget fund.
[2025/4/28 - 17:00:42] Vehicle ID 0 (Slot ID 601) Maintainence fee cost $3,000 to FBI's budget fund.
[2025/4/28 - 17:00:42] Vehicle ID 65535 (Slot ID 620) Maintainence fee cost $5,000 to FBI's budget fund.
[2025/4/28 - 17:00:42] Vehicle ID 0 (Slot ID 656) Maintainence fee cost $3,000 to FBI's budget fund.
[2025/4/28 - 17:00:42] Vehicle ID 0 (Slot ID 664) Maintainence fee cost $2,500 to FBI's budget fund.
[2025/4/28 - 17:00:42] Vehicle ID 0 (Slot ID 672) Maintainence fee cost $2,500 to FBI's budget fund.
[2025/4/28 - 17:00:42] Vehicle ID 0 (Slot ID 680) Maintainence fee cost $2,500 to FBI's budget fund.
[2025/4/28 - 17:24:33] Vehicle Slot ID 404 RTB fee cost $0 to FBI's budget fund.
[2025/4/28 - 17:30:29] Vehicle Slot ID 404 RTB fee cost $0 to FBI's budget fund.
[2025/4/28 - 17:33:26] Vehicle Slot ID 404 RTB fee cost $0 to FBI's budget fund.
[2025/4/28 - 17:39:50] Vehicle Slot ID 404 RTB fee cost $0 to FBI's budget fund.
[2025/4/28 - 17:44:51] Vehicle Slot ID 404 RTB fee cost $0 to FBI's budget fund.
[2025/4/28 - 17:52:01] Vehicle Slot ID 404 RTB fee cost $0 to FBI's budget fund.
[2025/4/28 - 17:53:23] Vehicle Slot ID 4 RTB fee cost $1500 to FBI's budget fund.
[2025/4/28 - 17:53:23] Vehicle Slot ID 16 RTB fee cost $1500 to FBI's budget fund.
[2025/4/28 - 17:53:23] Vehicle Slot ID 53 RTB fee cost $1750 to FBI's budget fund.
[2025/4/28 - 17:53:23] Vehicle Slot ID 112 RTB fee cost $1250 to FBI's budget fund.
[2025/4/28 - 17:53:23] Vehicle Slot ID 118 RTB fee cost $1500 to FBI's budget fund.
[2025/4/28 - 17:53:23] Vehicle Slot ID 127 RTB fee cost $1750 to FBI's budget fund.
[2025/4/28 - 17:53:23] Vehicle Slot ID 246 RTB fee cost $2250 to FBI's budget fund.
[2025/4/28 - 17:53:23] Vehicle Slot ID 271 RTB fee cost $1750 to FBI's budget fund.
[2025/4/28 - 17:53:23] Vehicle Slot ID 273 RTB fee cost $2250 to FBI's budget fund.
[2025/4/28 - 17:53:23] Vehicle Slot ID 277 RTB fee cost $1250 to FBI's budget fund.
[2025/4/28 - 17:53:23] Vehicle Slot ID 297 RTB fee cost $1500 to FBI's budget fund.
[2025/4/28 - 17:53:23] Vehicle Slot ID 298 RTB fee cost $1250 to FBI's budget fund.
[2025/4/28 - 17:53:23] Vehicle Slot ID 316 RTB fee cost $1250 to FBI's budget fund.
[2025/4/28 - 17:53:23] Vehicle Slot ID 404 RTB fee cost $0 to FBI's budget fund.
[2025/4/28 - 17:53:23] Vehicle Slot ID 424 RTB fee cost $1750 to FBI's budget fund.
[2025/4/28 - 17:53:23] Vehicle Slot ID 487 RTB fee cost $1750 to FBI's budget fund.
[2025/4/28 - 17:53:23] Vehicle Slot ID 504 RTB fee cost $1250 to FBI's budget fund.
[2025/4/28 - 17:53:23] Vehicle Slot ID 515 RTB fee cost $1500 to FBI's budget fund.
[2025/4/28 - 17:53:23] Vehicle Slot ID 583 RTB fee cost $125 to FBI's budget fund.
[2025/4/28 - 17:53:23] Vehicle Slot ID 594 RTB fee cost $1750 to FBI's budget fund.
[2025/4/28 - 17:53:23] Vehicle Slot ID 620 RTB fee cost $2500 to FBI's budget fund.
[2025/4/28 - 17:54:30] Vehicle Slot ID 404 RTB fee cost $0 to FBI's budget fund.
[2025/4/28 - 17:58:45] Vehicle Slot ID 404 RTB fee cost $0 to FBI's budget fund.
[2025/4/28 - 18:00:36] Vehicle Slot ID 404 RTB fee cost $0 to FBI's budget fund.
[2025/4/28 - 18:04:50] Vehicle Slot ID 404 RTB fee cost $0 to FBI's budget fund.
[2025/4/28 - 18:06:52] Vehicle Slot ID 4 RTB fee cost $1500 to FBI's budget fund.
[2025/4/28 - 18:06:52] Vehicle Slot ID 16 RTB fee cost $1500 to FBI's budget fund.
[2025/4/28 - 18:06:52] Vehicle Slot ID 53 RTB fee cost $1750 to FBI's budget fund.
[2025/4/28 - 18:06:52] Vehicle Slot ID 112 RTB fee cost $1250 to FBI's budget fund.
[2025/4/28 - 18:06:52] Vehicle Slot ID 118 RTB fee cost $1500 to FBI's budget fund.
[2025/4/28 - 18:06:52] Vehicle Slot ID 127 RTB fee cost $1750 to FBI's budget fund.
[2025/4/28 - 18:06:52] Vehicle Slot ID 246 RTB fee cost $2250 to FBI's budget fund.
[2025/4/28 - 18:06:52] Vehicle Slot ID 271 RTB fee cost $1750 to FBI's budget fund.
[2025/4/28 - 18:06:52] Vehicle Slot ID 273 RTB fee cost $2250 to FBI's budget fund.
[2025/4/28 - 18:06:52] Vehicle Slot ID 277 RTB fee cost $1250 to FBI's budget fund.
[2025/4/28 - 18:06:52] Vehicle Slot ID 297 RTB fee cost $1500 to FBI's budget fund.
[2025/4/28 - 18:06:52] Vehicle Slot ID 298 RTB fee cost $1250 to FBI's budget fund.
[2025/4/28 - 18:06:52] Vehicle Slot ID 316 RTB fee cost $1250 to FBI's budget fund.
[2025/4/28 - 18:06:52] Vehicle Slot ID 404 RTB fee cost $0 to FBI's budget fund.
[2025/4/28 - 18:06:52] Vehicle Slot ID 424 RTB fee cost $1750 to FBI's budget fund.
[2025/4/28 - 18:06:52] Vehicle Slot ID 487 RTB fee cost $1750 to FBI's budget fund.
[2025/4/28 - 18:06:52] Vehicle Slot ID 504 RTB fee cost $1250 to FBI's budget fund.
[2025/4/28 - 18:06:52] Vehicle Slot ID 515 RTB fee cost $1500 to FBI's budget fund.
[2025/4/28 - 18:06:52] Vehicle Slot ID 583 RTB fee cost $125 to FBI's budget fund.
[2025/4/28 - 18:06:52] Vehicle Slot ID 594 RTB fee cost $1750 to FBI's budget fund.
[2025/4/28 - 18:06:52] Vehicle Slot ID 620 RTB fee cost $2500 to FBI's budget fund.
[2025/4/28 - 18:09:30] Vehicle Slot ID 4 RTB fee cost $1500 to FBI's budget fund.
[2025/4/28 - 18:09:30] Vehicle Slot ID 16 RTB fee cost $1500 to FBI's budget fund.
[2025/4/28 - 18:09:31] Vehicle Slot ID 53 RTB fee cost $1750 to FBI's budget fund.
[2025/4/28 - 18:09:31] Vehicle Slot ID 112 RTB fee cost $1250 to FBI's budget fund.
[2025/4/28 - 18:09:31] Vehicle Slot ID 118 RTB fee cost $1500 to FBI's budget fund.
[2025/4/28 - 18:09:31] Vehicle Slot ID 127 RTB fee cost $1750 to FBI's budget fund.
[2025/4/28 - 18:09:31] Vehicle Slot ID 217 RTB fee cost $1250 to FBI's budget fund.
[2025/4/28 - 18:09:31] Vehicle Slot ID 246 RTB fee cost $2250 to FBI's budget fund.
[2025/4/28 - 18:09:31] Vehicle Slot ID 271 RTB fee cost $1750 to FBI's budget fund.
[2025/4/28 - 18:09:31] Vehicle Slot ID 273 RTB fee cost $2250 to FBI's budget fund.
[2025/4/28 - 18:09:31] Vehicle Slot ID 277 RTB fee cost $1250 to FBI's budget fund.
[2025/4/28 - 18:09:31] Vehicle Slot ID 297 RTB fee cost $1500 to FBI's budget fund.
[2025/4/28 - 18:09:31] Vehicle Slot ID 298 RTB fee cost $1250 to FBI's budget fund.
[2025/4/28 - 18:09:31] Vehicle Slot ID 316 RTB fee cost $1250 to FBI's budget fund.
[2025/4/28 - 18:09:31] Vehicle Slot ID 404 RTB fee cost $0 to FBI's budget fund.
[2025/4/28 - 18:09:31] Vehicle Slot ID 407 RTB fee cost $250 to FBI's budget fund.
[2025/4/28 - 18:09:31] Vehicle Slot ID 424 RTB fee cost $1750 to FBI's budget fund.
[2025/4/28 - 18:09:31] Vehicle Slot ID 487 RTB fee cost $1750 to FBI's budget fund.
[2025/4/28 - 18:09:31] Vehicle Slot ID 488 RTB fee cost $1750 to FBI's budget fund.
[2025/4/28 - 18:09:31] Vehicle Slot ID 491 RTB fee cost $2500 to FBI's budget fund.
[2025/4/28 - 18:09:31] Vehicle Slot ID 494 RTB fee cost $1000 to FBI's budget fund.
[2025/4/28 - 18:09:31] Vehicle Slot ID 504 RTB fee cost $1250 to FBI's budget fund.
[2025/4/28 - 18:09:31] Vehicle Slot ID 510 RTB fee cost $1250 to FBI's budget fund.
[2025/4/28 - 18:09:31] Vehicle Slot ID 515 RTB fee cost $1500 to FBI's budget fund.
[2025/4/28 - 18:09:31] Vehicle Slot ID 521 RTB fee cost $1250 to FBI's budget fund.
[2025/4/28 - 18:09:31] Vehicle Slot ID 573 RTB fee cost $1750 to FBI's budget fund.
[2025/4/28 - 18:09:31] Vehicle Slot ID 583 RTB fee cost $125 to FBI's budget fund.
[2025/4/28 - 18:09:31] Vehicle Slot ID 594 RTB fee cost $1750 to FBI's budget fund.
[2025/4/28 - 18:09:31] Vehicle Slot ID 601 RTB fee cost $1500 to FBI's budget fund.
[2025/4/28 - 18:09:31] Vehicle Slot ID 620 RTB fee cost $2500 to FBI's budget fund.
[2025/4/28 - 18:09:31] Vehicle Slot ID 656 RTB fee cost $1500 to FBI's budget fund.
[2025/4/28 - 18:09:31] Vehicle Slot ID 664 RTB fee cost $1250 to FBI's budget fund.
[2025/4/28 - 18:09:31] Vehicle Slot ID 672 RTB fee cost $1250 to FBI's budget fund.
[2025/4/28 - 18:09:31] Vehicle Slot ID 680 RTB fee cost $1250 to FBI's budget fund.
[2025/4/28 - 18:13:19] Vehicle Slot ID 404 RTB fee cost $0 to FBI's budget fund.
[2025/4/28 - 18:22:47] Vehicle Slot ID 404 RTB fee cost $0 to FBI's budget fund.
[2025/4/28 - 18:30:23] Vehicle Slot ID 404 RTB fee cost $0 to FBI's budget fund.
[2025/4/28 - 18:43:36] Vehicle Slot ID 404 RTB fee cost $0 to FBI's budget fund.
[2025/4/28 - 19:00:13] The faction vault is at $364,372,400.
[2025/4/28 - 19:00:13] SA Gov Paid $80,000 to FBI budget fund.
[2025/4/28 - 19:00:13] Vehicle ID 237 (Slot ID 4) Maintainence fee cost $3,000 to FBI's budget fund.
[2025/4/28 - 19:00:13] Vehicle ID 249 (Slot ID 16) Maintainence fee cost $3,000 to FBI's budget fund.
[2025/4/28 - 19:00:13] Vehicle ID 273 (Slot ID 53) Maintainence fee cost $3,500 to FBI's budget fund.
[2025/4/28 - 19:00:13] Vehicle ID 327 (Slot ID 112) Maintainence fee cost $2,500 to FBI's budget fund.
[2025/4/28 - 19:00:13] Vehicle ID 333 (Slot ID 118) Maintainence fee cost $3,000 to FBI's budget fund.
[2025/4/28 - 19:00:13] Vehicle ID 339 (Slot ID 127) Maintainence fee cost $3,500 to FBI's budget fund.
[2025/4/28 - 19:00:13] Vehicle ID 0 (Slot ID 217) Maintainence fee cost $2,500 to FBI's budget fund.
[2025/4/28 - 19:00:13] Vehicle ID 439 (Slot ID 246) Maintainence fee cost $4,500 to FBI's budget fund.
[2025/4/28 - 19:00:13] Vehicle ID 463 (Slot ID 271) Maintainence fee cost $3,500 to FBI's budget fund.
[2025/4/28 - 19:00:13] Vehicle ID 465 (Slot ID 273) Maintainence fee cost $4,500 to FBI's budget fund.
[2025/4/28 - 19:00:13] Vehicle ID 468 (Slot ID 277) Maintainence fee cost $2,500 to FBI's budget fund.
[2025/4/28 - 19:00:13] Vehicle ID 484 (Slot ID 297) Maintainence fee cost $3,000 to FBI's budget fund.
[2025/4/28 - 19:00:13] Vehicle ID 485 (Slot ID 298) Maintainence fee cost $2,500 to FBI's budget fund.
[2025/4/28 - 19:00:13] Vehicle ID 500 (Slot ID 316) Maintainence fee cost $2,500 to FBI's budget fund.
[2025/4/28 - 19:00:13] Vehicle ID 554 (Slot ID 404) Maintainence fee cost $0 to FBI's budget fund.
[2025/4/28 - 19:00:13] Vehicle ID 0 (Slot ID 407) Maintainence fee cost $500 to FBI's budget fund.
[2025/4/28 - 19:00:13] Vehicle ID 562 (Slot ID 424) Maintainence fee cost $3,500 to FBI's budget fund.
[2025/4/28 - 19:00:13] Vehicle ID 574 (Slot ID 487) Maintainence fee cost $3,500 to FBI's budget fund.
[2025/4/28 - 19:00:13] Vehicle ID 0 (Slot ID 488) Maintainence fee cost $3,500 to FBI's budget fund.
[2025/4/28 - 19:00:13] Vehicle ID 0 (Slot ID 491) Maintainence fee cost $5,000 to FBI's budget fund.
[2025/4/28 - 19:00:13] Vehicle ID 0 (Slot ID 494) Maintainence fee cost $2,000 to FBI's budget fund.
[2025/4/28 - 19:00:13] Vehicle ID 578 (Slot ID 504) Maintainence fee cost $2,500 to FBI's budget fund.
[2025/4/28 - 19:00:13] Vehicle ID 0 (Slot ID 510) Maintainence fee cost $2,500 to FBI's budget fund.
[2025/4/28 - 19:00:13] Vehicle ID 582 (Slot ID 515) Maintainence fee cost $3,000 to FBI's budget fund.
[2025/4/28 - 19:00:13] Vehicle ID 0 (Slot ID 521) Maintainence fee cost $2,500 to FBI's budget fund.
[2025/4/28 - 19:00:13] Vehicle ID 0 (Slot ID 573) Maintainence fee cost $3,500 to FBI's budget fund.
[2025/4/28 - 19:00:13] Vehicle ID 592 (Slot ID 583) Maintainence fee cost $250 to FBI's budget fund.
[2025/4/28 - 19:00:13] Vehicle ID 593 (Slot ID 594) Maintainence fee cost $3,500 to FBI's budget fund.
[2025/4/28 - 19:00:13] Vehicle ID 0 (Slot ID 601) Maintainence fee cost $3,000 to FBI's budget fund.
[2025/4/28 - 19:00:13] Vehicle ID 65535 (Slot ID 620) Maintainence fee cost $5,000 to FBI's budget fund.
[2025/4/28 - 19:00:13] Vehicle ID 0 (Slot ID 656) Maintainence fee cost $3,000 to FBI's budget fund.
[2025/4/28 - 19:00:13] Vehicle ID 0 (Slot ID 664) Maintainence fee cost $2,500 to FBI's budget fund.
[2025/4/28 - 19:00:13] Vehicle ID 0 (Slot ID 672) Maintainence fee cost $2,500 to FBI's budget fund.
[2025/4/28 - 19:00:13] Vehicle ID 0 (Slot ID 680) Maintainence fee cost $2,500 to FBI's budget fund.
