[2025/4/27 - 0:00:08] The faction vault is at $382,580,525.
[2025/4/27 - 0:00:08] SA Gov Paid $80,000 to FBI budget fund.
[2025/4/27 - 0:00:08] Vehicle ID 264 (Slot ID 4) Maintainence fee cost $3,000 to FBI's budget fund.
[2025/4/27 - 0:00:08] Vehicle ID 276 (Slot ID 16) Maintainence fee cost $3,000 to FBI's budget fund.
[2025/4/27 - 0:00:08] Vehicle ID 300 (Slot ID 53) Maintainence fee cost $3,500 to FBI's budget fund.
[2025/4/27 - 0:00:08] Vehicle ID 354 (Slot ID 112) Maintainence fee cost $2,500 to FBI's budget fund.
[2025/4/27 - 0:00:08] Vehicle ID 360 (Slot ID 118) Maintainence fee cost $3,000 to FBI's budget fund.
[2025/4/27 - 0:00:08] Vehicle ID 366 (Slot ID 127) Maintainence fee cost $3,500 to FBI's budget fund.
[2025/4/27 - 0:00:08] Vehicle ID 0 (Slot ID 217) Maintainence fee cost $2,500 to FBI's budget fund.
[2025/4/27 - 0:00:08] Vehicle ID 466 (Slot ID 246) Maintainence fee cost $4,500 to FBI's budget fund.
[2025/4/27 - 0:00:08] Vehicle ID 490 (Slot ID 271) Maintainence fee cost $3,500 to FBI's budget fund.
[2025/4/27 - 0:00:08] Vehicle ID 492 (Slot ID 273) Maintainence fee cost $4,500 to FBI's budget fund.
[2025/4/27 - 0:00:08] Vehicle ID 495 (Slot ID 277) Maintainence fee cost $2,500 to FBI's budget fund.
[2025/4/27 - 0:00:08] Vehicle ID 511 (Slot ID 297) Maintainence fee cost $3,000 to FBI's budget fund.
[2025/4/27 - 0:00:08] Vehicle ID 512 (Slot ID 298) Maintainence fee cost $2,500 to FBI's budget fund.
[2025/4/27 - 0:00:08] Vehicle ID 527 (Slot ID 316) Maintainence fee cost $2,500 to FBI's budget fund.
[2025/4/27 - 0:00:08] Vehicle ID 581 (Slot ID 404) Maintainence fee cost $0 to FBI's budget fund.
[2025/4/27 - 0:00:08] Vehicle ID 0 (Slot ID 407) Maintainence fee cost $500 to FBI's budget fund.
[2025/4/27 - 0:00:08] Vehicle ID 589 (Slot ID 424) Maintainence fee cost $3,500 to FBI's budget fund.
[2025/4/27 - 0:00:08] Vehicle ID 601 (Slot ID 487) Maintainence fee cost $3,500 to FBI's budget fund.
[2025/4/27 - 0:00:08] Vehicle ID 0 (Slot ID 488) Maintainence fee cost $3,500 to FBI's budget fund.
[2025/4/27 - 0:00:08] Vehicle ID 0 (Slot ID 491) Maintainence fee cost $5,000 to FBI's budget fund.
[2025/4/27 - 0:00:08] Vehicle ID 0 (Slot ID 494) Maintainence fee cost $2,000 to FBI's budget fund.
[2025/4/27 - 0:00:08] Vehicle ID 605 (Slot ID 504) Maintainence fee cost $2,500 to FBI's budget fund.
[2025/4/27 - 0:00:08] Vehicle ID 0 (Slot ID 510) Maintainence fee cost $2,500 to FBI's budget fund.
[2025/4/27 - 0:00:08] Vehicle ID 609 (Slot ID 515) Maintainence fee cost $3,000 to FBI's budget fund.
[2025/4/27 - 0:00:08] Vehicle ID 0 (Slot ID 521) Maintainence fee cost $2,500 to FBI's budget fund.
[2025/4/27 - 0:00:08] Vehicle ID 0 (Slot ID 573) Maintainence fee cost $3,500 to FBI's budget fund.
[2025/4/27 - 0:00:08] Vehicle ID 619 (Slot ID 583) Maintainence fee cost $250 to FBI's budget fund.
[2025/4/27 - 0:00:08] Vehicle ID 620 (Slot ID 594) Maintainence fee cost $3,500 to FBI's budget fund.
[2025/4/27 - 0:00:08] Vehicle ID 0 (Slot ID 601) Maintainence fee cost $3,000 to FBI's budget fund.
[2025/4/27 - 0:00:08] Vehicle ID 65535 (Slot ID 620) Maintainence fee cost $5,000 to FBI's budget fund.
[2025/4/27 - 0:00:08] Vehicle ID 0 (Slot ID 656) Maintainence fee cost $3,000 to FBI's budget fund.
[2025/4/27 - 0:00:08] Vehicle ID 0 (Slot ID 664) Maintainence fee cost $2,500 to FBI's budget fund.
[2025/4/27 - 0:00:08] Vehicle ID 0 (Slot ID 672) Maintainence fee cost $2,500 to FBI's budget fund.
[2025/4/27 - 0:00:08] Vehicle ID 0 (Slot ID 680) Maintainence fee cost $2,500 to FBI's budget fund.
[2025/4/27 - 1:00:21] The faction vault is at $382,562,275.
[2025/4/27 - 1:00:21] SA Gov Paid $80,000 to FBI budget fund.
[2025/4/27 - 1:00:21] Vehicle ID 264 (Slot ID 4) Maintainence fee cost $3,000 to FBI's budget fund.
[2025/4/27 - 1:00:21] Vehicle ID 276 (Slot ID 16) Maintainence fee cost $3,000 to FBI's budget fund.
[2025/4/27 - 1:00:21] Vehicle ID 300 (Slot ID 53) Maintainence fee cost $3,500 to FBI's budget fund.
[2025/4/27 - 1:00:21] Vehicle ID 354 (Slot ID 112) Maintainence fee cost $2,500 to FBI's budget fund.
[2025/4/27 - 1:00:21] Vehicle ID 360 (Slot ID 118) Maintainence fee cost $3,000 to FBI's budget fund.
[2025/4/27 - 1:00:21] Vehicle ID 366 (Slot ID 127) Maintainence fee cost $3,500 to FBI's budget fund.
[2025/4/27 - 1:00:21] Vehicle ID 0 (Slot ID 217) Maintainence fee cost $2,500 to FBI's budget fund.
[2025/4/27 - 1:00:21] Vehicle ID 466 (Slot ID 246) Maintainence fee cost $4,500 to FBI's budget fund.
[2025/4/27 - 1:00:21] Vehicle ID 490 (Slot ID 271) Maintainence fee cost $3,500 to FBI's budget fund.
[2025/4/27 - 1:00:21] Vehicle ID 492 (Slot ID 273) Maintainence fee cost $4,500 to FBI's budget fund.
[2025/4/27 - 1:00:21] Vehicle ID 495 (Slot ID 277) Maintainence fee cost $2,500 to FBI's budget fund.
[2025/4/27 - 1:00:21] Vehicle ID 511 (Slot ID 297) Maintainence fee cost $3,000 to FBI's budget fund.
[2025/4/27 - 1:00:21] Vehicle ID 512 (Slot ID 298) Maintainence fee cost $2,500 to FBI's budget fund.
[2025/4/27 - 1:00:21] Vehicle ID 527 (Slot ID 316) Maintainence fee cost $2,500 to FBI's budget fund.
[2025/4/27 - 1:00:21] Vehicle ID 581 (Slot ID 404) Maintainence fee cost $0 to FBI's budget fund.
[2025/4/27 - 1:00:21] Vehicle ID 0 (Slot ID 407) Maintainence fee cost $500 to FBI's budget fund.
[2025/4/27 - 1:00:21] Vehicle ID 589 (Slot ID 424) Maintainence fee cost $3,500 to FBI's budget fund.
[2025/4/27 - 1:00:21] Vehicle ID 601 (Slot ID 487) Maintainence fee cost $3,500 to FBI's budget fund.
[2025/4/27 - 1:00:21] Vehicle ID 0 (Slot ID 488) Maintainence fee cost $3,500 to FBI's budget fund.
[2025/4/27 - 1:00:21] Vehicle ID 0 (Slot ID 491) Maintainence fee cost $5,000 to FBI's budget fund.
[2025/4/27 - 1:00:21] Vehicle ID 0 (Slot ID 494) Maintainence fee cost $2,000 to FBI's budget fund.
[2025/4/27 - 1:00:21] Vehicle ID 605 (Slot ID 504) Maintainence fee cost $2,500 to FBI's budget fund.
[2025/4/27 - 1:00:21] Vehicle ID 0 (Slot ID 510) Maintainence fee cost $2,500 to FBI's budget fund.
[2025/4/27 - 1:00:21] Vehicle ID 609 (Slot ID 515) Maintainence fee cost $3,000 to FBI's budget fund.
[2025/4/27 - 1:00:21] Vehicle ID 0 (Slot ID 521) Maintainence fee cost $2,500 to FBI's budget fund.
[2025/4/27 - 1:00:21] Vehicle ID 0 (Slot ID 573) Maintainence fee cost $3,500 to FBI's budget fund.
[2025/4/27 - 1:00:21] Vehicle ID 619 (Slot ID 583) Maintainence fee cost $250 to FBI's budget fund.
[2025/4/27 - 1:00:21] Vehicle ID 620 (Slot ID 594) Maintainence fee cost $3,500 to FBI's budget fund.
[2025/4/27 - 1:00:21] Vehicle ID 0 (Slot ID 601) Maintainence fee cost $3,000 to FBI's budget fund.
[2025/4/27 - 1:00:21] Vehicle ID 65535 (Slot ID 620) Maintainence fee cost $5,000 to FBI's budget fund.
[2025/4/27 - 1:00:21] Vehicle ID 0 (Slot ID 656) Maintainence fee cost $3,000 to FBI's budget fund.
[2025/4/27 - 1:00:21] Vehicle ID 0 (Slot ID 664) Maintainence fee cost $2,500 to FBI's budget fund.
[2025/4/27 - 1:00:21] Vehicle ID 0 (Slot ID 672) Maintainence fee cost $2,500 to FBI's budget fund.
[2025/4/27 - 1:00:21] Vehicle ID 0 (Slot ID 680) Maintainence fee cost $2,500 to FBI's budget fund.
[2025/4/27 - 15:50:14] Vehicle Slot ID 404 RTB fee cost $0 to FBI's budget fund.
[2025/4/27 - 15:53:57] Vehicle Slot ID 404 RTB fee cost $0 to FBI's budget fund.
[2025/4/27 - 16:02:22] Vehicle Slot ID 404 RTB fee cost $0 to FBI's budget fund.
[2025/4/27 - 16:04:53] Vehicle Slot ID 404 RTB fee cost $0 to FBI's budget fund.
[2025/4/27 - 16:15:48] Vehicle Slot ID 404 RTB fee cost $0 to FBI's budget fund.
[2025/4/27 - 16:33:08] Vehicle Slot ID 404 RTB fee cost $0 to FBI's budget fund.
[2025/4/27 - 16:38:46] Vehicle Slot ID 404 RTB fee cost $0 to FBI's budget fund.
[2025/4/27 - 17:00:36] The faction vault is at $364,500,150.
[2025/4/27 - 17:00:36] SA Gov Paid $80,000 to FBI budget fund.
[2025/4/27 - 17:00:36] Vehicle ID 264 (Slot ID 4) Maintainence fee cost $3,000 to FBI's budget fund.
[2025/4/27 - 17:00:36] Vehicle ID 276 (Slot ID 16) Maintainence fee cost $3,000 to FBI's budget fund.
[2025/4/27 - 17:00:36] Vehicle ID 300 (Slot ID 53) Maintainence fee cost $3,500 to FBI's budget fund.
[2025/4/27 - 17:00:36] Vehicle ID 354 (Slot ID 112) Maintainence fee cost $2,500 to FBI's budget fund.
[2025/4/27 - 17:00:36] Vehicle ID 360 (Slot ID 118) Maintainence fee cost $3,000 to FBI's budget fund.
[2025/4/27 - 17:00:36] Vehicle ID 366 (Slot ID 127) Maintainence fee cost $3,500 to FBI's budget fund.
[2025/4/27 - 17:00:36] Vehicle ID 0 (Slot ID 217) Maintainence fee cost $2,500 to FBI's budget fund.
[2025/4/27 - 17:00:36] Vehicle ID 466 (Slot ID 246) Maintainence fee cost $4,500 to FBI's budget fund.
[2025/4/27 - 17:00:36] Vehicle ID 490 (Slot ID 271) Maintainence fee cost $3,500 to FBI's budget fund.
[2025/4/27 - 17:00:36] Vehicle ID 492 (Slot ID 273) Maintainence fee cost $4,500 to FBI's budget fund.
[2025/4/27 - 17:00:36] Vehicle ID 495 (Slot ID 277) Maintainence fee cost $2,500 to FBI's budget fund.
[2025/4/27 - 17:00:36] Vehicle ID 511 (Slot ID 297) Maintainence fee cost $3,000 to FBI's budget fund.
[2025/4/27 - 17:00:36] Vehicle ID 512 (Slot ID 298) Maintainence fee cost $2,500 to FBI's budget fund.
[2025/4/27 - 17:00:36] Vehicle ID 527 (Slot ID 316) Maintainence fee cost $2,500 to FBI's budget fund.
[2025/4/27 - 17:00:36] Vehicle ID 581 (Slot ID 404) Maintainence fee cost $0 to FBI's budget fund.
[2025/4/27 - 17:00:36] Vehicle ID 0 (Slot ID 407) Maintainence fee cost $500 to FBI's budget fund.
[2025/4/27 - 17:00:36] Vehicle ID 589 (Slot ID 424) Maintainence fee cost $3,500 to FBI's budget fund.
[2025/4/27 - 17:00:36] Vehicle ID 601 (Slot ID 487) Maintainence fee cost $3,500 to FBI's budget fund.
[2025/4/27 - 17:00:36] Vehicle ID 0 (Slot ID 488) Maintainence fee cost $3,500 to FBI's budget fund.
[2025/4/27 - 17:00:36] Vehicle ID 0 (Slot ID 491) Maintainence fee cost $5,000 to FBI's budget fund.
[2025/4/27 - 17:00:36] Vehicle ID 0 (Slot ID 494) Maintainence fee cost $2,000 to FBI's budget fund.
[2025/4/27 - 17:00:36] Vehicle ID 605 (Slot ID 504) Maintainence fee cost $2,500 to FBI's budget fund.
[2025/4/27 - 17:00:36] Vehicle ID 0 (Slot ID 510) Maintainence fee cost $2,500 to FBI's budget fund.
[2025/4/27 - 17:00:36] Vehicle ID 609 (Slot ID 515) Maintainence fee cost $3,000 to FBI's budget fund.
[2025/4/27 - 17:00:36] Vehicle ID 0 (Slot ID 521) Maintainence fee cost $2,500 to FBI's budget fund.
[2025/4/27 - 17:00:36] Vehicle ID 0 (Slot ID 573) Maintainence fee cost $3,500 to FBI's budget fund.
[2025/4/27 - 17:00:36] Vehicle ID 619 (Slot ID 583) Maintainence fee cost $250 to FBI's budget fund.
[2025/4/27 - 17:00:36] Vehicle ID 620 (Slot ID 594) Maintainence fee cost $3,500 to FBI's budget fund.
[2025/4/27 - 17:00:36] Vehicle ID 0 (Slot ID 601) Maintainence fee cost $3,000 to FBI's budget fund.
[2025/4/27 - 17:00:36] Vehicle ID 65535 (Slot ID 620) Maintainence fee cost $5,000 to FBI's budget fund.
[2025/4/27 - 17:00:36] Vehicle ID 0 (Slot ID 656) Maintainence fee cost $3,000 to FBI's budget fund.
[2025/4/27 - 17:00:36] Vehicle ID 0 (Slot ID 664) Maintainence fee cost $2,500 to FBI's budget fund.
[2025/4/27 - 17:00:36] Vehicle ID 0 (Slot ID 672) Maintainence fee cost $2,500 to FBI's budget fund.
[2025/4/27 - 17:00:36] Vehicle ID 0 (Slot ID 680) Maintainence fee cost $2,500 to FBI's budget fund.
[2025/4/27 - 17:20:28] Vehicle Slot ID 404 RTB fee cost $0 to FBI's budget fund.
[2025/4/27 - 17:28:57] Vehicle Slot ID 404 RTB fee cost $0 to FBI's budget fund.
[2025/4/27 - 17:45:44] Vehicle Slot ID 404 RTB fee cost $0 to FBI's budget fund.
[2025/4/27 - 17:46:47] Vehicle Slot ID 404 RTB fee cost $0 to FBI's budget fund.
[2025/4/27 - 17:59:42] Vehicle Slot ID 404 RTB fee cost $0 to FBI's budget fund.
[2025/4/27 - 18:01:31] The faction vault is at $364,481,900.
[2025/4/27 - 18:01:31] SA Gov Paid $80,000 to FBI budget fund.
[2025/4/27 - 18:01:31] Vehicle ID 264 (Slot ID 4) Maintainence fee cost $3,000 to FBI's budget fund.
[2025/4/27 - 18:01:31] Vehicle ID 276 (Slot ID 16) Maintainence fee cost $3,000 to FBI's budget fund.
[2025/4/27 - 18:01:31] Vehicle ID 300 (Slot ID 53) Maintainence fee cost $3,500 to FBI's budget fund.
[2025/4/27 - 18:01:31] Vehicle ID 354 (Slot ID 112) Maintainence fee cost $2,500 to FBI's budget fund.
[2025/4/27 - 18:01:31] Vehicle ID 360 (Slot ID 118) Maintainence fee cost $3,000 to FBI's budget fund.
[2025/4/27 - 18:01:31] Vehicle ID 366 (Slot ID 127) Maintainence fee cost $3,500 to FBI's budget fund.
[2025/4/27 - 18:01:31] Vehicle ID 0 (Slot ID 217) Maintainence fee cost $2,500 to FBI's budget fund.
[2025/4/27 - 18:01:31] Vehicle ID 466 (Slot ID 246) Maintainence fee cost $4,500 to FBI's budget fund.
[2025/4/27 - 18:01:31] Vehicle ID 490 (Slot ID 271) Maintainence fee cost $3,500 to FBI's budget fund.
[2025/4/27 - 18:01:31] Vehicle ID 492 (Slot ID 273) Maintainence fee cost $4,500 to FBI's budget fund.
[2025/4/27 - 18:01:31] Vehicle ID 495 (Slot ID 277) Maintainence fee cost $2,500 to FBI's budget fund.
[2025/4/27 - 18:01:31] Vehicle ID 511 (Slot ID 297) Maintainence fee cost $3,000 to FBI's budget fund.
[2025/4/27 - 18:01:31] Vehicle ID 512 (Slot ID 298) Maintainence fee cost $2,500 to FBI's budget fund.
[2025/4/27 - 18:01:31] Vehicle ID 527 (Slot ID 316) Maintainence fee cost $2,500 to FBI's budget fund.
[2025/4/27 - 18:01:31] Vehicle ID 581 (Slot ID 404) Maintainence fee cost $0 to FBI's budget fund.
[2025/4/27 - 18:01:31] Vehicle ID 0 (Slot ID 407) Maintainence fee cost $500 to FBI's budget fund.
[2025/4/27 - 18:01:31] Vehicle ID 589 (Slot ID 424) Maintainence fee cost $3,500 to FBI's budget fund.
[2025/4/27 - 18:01:31] Vehicle ID 601 (Slot ID 487) Maintainence fee cost $3,500 to FBI's budget fund.
[2025/4/27 - 18:01:31] Vehicle ID 0 (Slot ID 488) Maintainence fee cost $3,500 to FBI's budget fund.
[2025/4/27 - 18:01:31] Vehicle ID 0 (Slot ID 491) Maintainence fee cost $5,000 to FBI's budget fund.
[2025/4/27 - 18:01:31] Vehicle ID 0 (Slot ID 494) Maintainence fee cost $2,000 to FBI's budget fund.
[2025/4/27 - 18:01:31] Vehicle ID 605 (Slot ID 504) Maintainence fee cost $2,500 to FBI's budget fund.
[2025/4/27 - 18:01:31] Vehicle ID 0 (Slot ID 510) Maintainence fee cost $2,500 to FBI's budget fund.
[2025/4/27 - 18:01:31] Vehicle ID 609 (Slot ID 515) Maintainence fee cost $3,000 to FBI's budget fund.
[2025/4/27 - 18:01:31] Vehicle ID 0 (Slot ID 521) Maintainence fee cost $2,500 to FBI's budget fund.
[2025/4/27 - 18:01:31] Vehicle ID 0 (Slot ID 573) Maintainence fee cost $3,500 to FBI's budget fund.
[2025/4/27 - 18:01:31] Vehicle ID 619 (Slot ID 583) Maintainence fee cost $250 to FBI's budget fund.
[2025/4/27 - 18:01:31] Vehicle ID 620 (Slot ID 594) Maintainence fee cost $3,500 to FBI's budget fund.
[2025/4/27 - 18:01:31] Vehicle ID 0 (Slot ID 601) Maintainence fee cost $3,000 to FBI's budget fund.
[2025/4/27 - 18:01:31] Vehicle ID 65535 (Slot ID 620) Maintainence fee cost $5,000 to FBI's budget fund.
[2025/4/27 - 18:01:31] Vehicle ID 0 (Slot ID 656) Maintainence fee cost $3,000 to FBI's budget fund.
[2025/4/27 - 18:01:31] Vehicle ID 0 (Slot ID 664) Maintainence fee cost $2,500 to FBI's budget fund.
[2025/4/27 - 18:01:31] Vehicle ID 0 (Slot ID 672) Maintainence fee cost $2,500 to FBI's budget fund.
[2025/4/27 - 18:01:31] Vehicle ID 0 (Slot ID 680) Maintainence fee cost $2,500 to FBI's budget fund.
[2025/4/27 - 18:15:33] Vehicle Slot ID 404 RTB fee cost $0 to FBI's budget fund.
[2025/4/27 - 18:16:52] Vehicle Slot ID 4 RTB fee cost $1500 to FBI's budget fund.
[2025/4/27 - 18:16:52] Vehicle Slot ID 16 RTB fee cost $1500 to FBI's budget fund.
[2025/4/27 - 18:16:52] Vehicle Slot ID 53 RTB fee cost $1750 to FBI's budget fund.
[2025/4/27 - 18:16:52] Vehicle Slot ID 112 RTB fee cost $1250 to FBI's budget fund.
[2025/4/27 - 18:16:52] Vehicle Slot ID 118 RTB fee cost $1500 to FBI's budget fund.
[2025/4/27 - 18:16:52] Vehicle Slot ID 127 RTB fee cost $1750 to FBI's budget fund.
[2025/4/27 - 18:16:52] Vehicle Slot ID 246 RTB fee cost $2250 to FBI's budget fund.
[2025/4/27 - 18:16:52] Vehicle Slot ID 271 RTB fee cost $1750 to FBI's budget fund.
[2025/4/27 - 18:16:52] Vehicle Slot ID 273 RTB fee cost $2250 to FBI's budget fund.
[2025/4/27 - 18:16:52] Vehicle Slot ID 277 RTB fee cost $1250 to FBI's budget fund.
[2025/4/27 - 18:16:52] Vehicle Slot ID 297 RTB fee cost $1500 to FBI's budget fund.
[2025/4/27 - 18:16:52] Vehicle Slot ID 298 RTB fee cost $1250 to FBI's budget fund.
[2025/4/27 - 18:16:52] Vehicle Slot ID 316 RTB fee cost $1250 to FBI's budget fund.
[2025/4/27 - 18:16:52] Vehicle Slot ID 404 RTB fee cost $0 to FBI's budget fund.
[2025/4/27 - 18:16:52] Vehicle Slot ID 424 RTB fee cost $1750 to FBI's budget fund.
[2025/4/27 - 18:16:52] Vehicle Slot ID 487 RTB fee cost $1750 to FBI's budget fund.
[2025/4/27 - 18:16:52] Vehicle Slot ID 504 RTB fee cost $1250 to FBI's budget fund.
[2025/4/27 - 18:16:52] Vehicle Slot ID 515 RTB fee cost $1500 to FBI's budget fund.
[2025/4/27 - 18:16:52] Vehicle Slot ID 583 RTB fee cost $125 to FBI's budget fund.
[2025/4/27 - 18:16:52] Vehicle Slot ID 594 RTB fee cost $1750 to FBI's budget fund.
[2025/4/27 - 18:19:39] Vehicle Slot ID 404 RTB fee cost $0 to FBI's budget fund.
[2025/4/27 - 18:23:58] Vehicle Slot ID 404 RTB fee cost $0 to FBI's budget fund.
[2025/4/27 - 18:30:31] Vehicle Slot ID 404 RTB fee cost $0 to FBI's budget fund.
[2025/4/27 - 18:43:40] Vehicle Slot ID 4 RTB fee cost $1500 to FBI's budget fund.
[2025/4/27 - 18:43:40] Vehicle Slot ID 16 RTB fee cost $1500 to FBI's budget fund.
[2025/4/27 - 18:43:40] Vehicle Slot ID 53 RTB fee cost $1750 to FBI's budget fund.
[2025/4/27 - 18:43:40] Vehicle Slot ID 112 RTB fee cost $1250 to FBI's budget fund.
[2025/4/27 - 18:43:40] Vehicle Slot ID 118 RTB fee cost $1500 to FBI's budget fund.
[2025/4/27 - 18:43:40] Vehicle Slot ID 127 RTB fee cost $1750 to FBI's budget fund.
[2025/4/27 - 18:43:40] Vehicle Slot ID 246 RTB fee cost $2250 to FBI's budget fund.
[2025/4/27 - 18:43:40] Vehicle Slot ID 271 RTB fee cost $1750 to FBI's budget fund.
[2025/4/27 - 18:43:40] Vehicle Slot ID 273 RTB fee cost $2250 to FBI's budget fund.
[2025/4/27 - 18:43:40] Vehicle Slot ID 277 RTB fee cost $1250 to FBI's budget fund.
[2025/4/27 - 18:43:40] Vehicle Slot ID 297 RTB fee cost $1500 to FBI's budget fund.
[2025/4/27 - 18:43:40] Vehicle Slot ID 298 RTB fee cost $1250 to FBI's budget fund.
[2025/4/27 - 18:43:40] Vehicle Slot ID 316 RTB fee cost $1250 to FBI's budget fund.
[2025/4/27 - 18:43:40] Vehicle Slot ID 404 RTB fee cost $0 to FBI's budget fund.
[2025/4/27 - 18:43:40] Vehicle Slot ID 424 RTB fee cost $1750 to FBI's budget fund.
[2025/4/27 - 18:43:40] Vehicle Slot ID 487 RTB fee cost $1750 to FBI's budget fund.
[2025/4/27 - 18:43:40] Vehicle Slot ID 504 RTB fee cost $1250 to FBI's budget fund.
[2025/4/27 - 18:43:40] Vehicle Slot ID 515 RTB fee cost $1500 to FBI's budget fund.
[2025/4/27 - 18:43:40] Vehicle Slot ID 583 RTB fee cost $125 to FBI's budget fund.
[2025/4/27 - 18:43:40] Vehicle Slot ID 594 RTB fee cost $1750 to FBI's budget fund.
[2025/4/27 - 18:52:42] Vehicle Slot ID 404 RTB fee cost $0 to FBI's budget fund.
[2025/4/27 - 19:02:01] Vehicle Slot ID 404 RTB fee cost $0 to FBI's budget fund.
[2025/4/27 - 19:31:40] Vehicle Slot ID 404 RTB fee cost $0 to FBI's budget fund.
[2025/4/27 - 19:42:25] Vehicle Slot ID 404 RTB fee cost $0 to FBI's budget fund.
[2025/4/27 - 20:00:07] The faction vault is at $364,463,650.
[2025/4/27 - 20:00:07] SA Gov Paid $80,000 to FBI budget fund.
[2025/4/27 - 20:00:07] Vehicle ID 264 (Slot ID 4) Maintainence fee cost $3,000 to FBI's budget fund.
[2025/4/27 - 20:00:07] Vehicle ID 276 (Slot ID 16) Maintainence fee cost $3,000 to FBI's budget fund.
[2025/4/27 - 20:00:07] Vehicle ID 300 (Slot ID 53) Maintainence fee cost $3,500 to FBI's budget fund.
[2025/4/27 - 20:00:07] Vehicle ID 354 (Slot ID 112) Maintainence fee cost $2,500 to FBI's budget fund.
[2025/4/27 - 20:00:07] Vehicle ID 360 (Slot ID 118) Maintainence fee cost $3,000 to FBI's budget fund.
[2025/4/27 - 20:00:07] Vehicle ID 366 (Slot ID 127) Maintainence fee cost $3,500 to FBI's budget fund.
[2025/4/27 - 20:00:07] Vehicle ID 0 (Slot ID 217) Maintainence fee cost $2,500 to FBI's budget fund.
[2025/4/27 - 20:00:07] Vehicle ID 466 (Slot ID 246) Maintainence fee cost $4,500 to FBI's budget fund.
[2025/4/27 - 20:00:07] Vehicle ID 490 (Slot ID 271) Maintainence fee cost $3,500 to FBI's budget fund.
[2025/4/27 - 20:00:07] Vehicle ID 492 (Slot ID 273) Maintainence fee cost $4,500 to FBI's budget fund.
[2025/4/27 - 20:00:07] Vehicle ID 495 (Slot ID 277) Maintainence fee cost $2,500 to FBI's budget fund.
[2025/4/27 - 20:00:07] Vehicle ID 511 (Slot ID 297) Maintainence fee cost $3,000 to FBI's budget fund.
[2025/4/27 - 20:00:07] Vehicle ID 512 (Slot ID 298) Maintainence fee cost $2,500 to FBI's budget fund.
[2025/4/27 - 20:00:07] Vehicle ID 527 (Slot ID 316) Maintainence fee cost $2,500 to FBI's budget fund.
[2025/4/27 - 20:00:07] Vehicle ID 581 (Slot ID 404) Maintainence fee cost $0 to FBI's budget fund.
[2025/4/27 - 20:00:07] Vehicle ID 0 (Slot ID 407) Maintainence fee cost $500 to FBI's budget fund.
[2025/4/27 - 20:00:07] Vehicle ID 589 (Slot ID 424) Maintainence fee cost $3,500 to FBI's budget fund.
[2025/4/27 - 20:00:07] Vehicle ID 601 (Slot ID 487) Maintainence fee cost $3,500 to FBI's budget fund.
[2025/4/27 - 20:00:07] Vehicle ID 0 (Slot ID 488) Maintainence fee cost $3,500 to FBI's budget fund.
[2025/4/27 - 20:00:07] Vehicle ID 0 (Slot ID 491) Maintainence fee cost $5,000 to FBI's budget fund.
[2025/4/27 - 20:00:07] Vehicle ID 0 (Slot ID 494) Maintainence fee cost $2,000 to FBI's budget fund.
[2025/4/27 - 20:00:07] Vehicle ID 605 (Slot ID 504) Maintainence fee cost $2,500 to FBI's budget fund.
[2025/4/27 - 20:00:07] Vehicle ID 0 (Slot ID 510) Maintainence fee cost $2,500 to FBI's budget fund.
[2025/4/27 - 20:00:07] Vehicle ID 609 (Slot ID 515) Maintainence fee cost $3,000 to FBI's budget fund.
[2025/4/27 - 20:00:07] Vehicle ID 0 (Slot ID 521) Maintainence fee cost $2,500 to FBI's budget fund.
[2025/4/27 - 20:00:07] Vehicle ID 0 (Slot ID 573) Maintainence fee cost $3,500 to FBI's budget fund.
[2025/4/27 - 20:00:07] Vehicle ID 619 (Slot ID 583) Maintainence fee cost $250 to FBI's budget fund.
[2025/4/27 - 20:00:07] Vehicle ID 620 (Slot ID 594) Maintainence fee cost $3,500 to FBI's budget fund.
[2025/4/27 - 20:00:07] Vehicle ID 0 (Slot ID 601) Maintainence fee cost $3,000 to FBI's budget fund.
[2025/4/27 - 20:00:07] Vehicle ID 65535 (Slot ID 620) Maintainence fee cost $5,000 to FBI's budget fund.
[2025/4/27 - 20:00:07] Vehicle ID 0 (Slot ID 656) Maintainence fee cost $3,000 to FBI's budget fund.
[2025/4/27 - 20:00:07] Vehicle ID 0 (Slot ID 664) Maintainence fee cost $2,500 to FBI's budget fund.
[2025/4/27 - 20:00:07] Vehicle ID 0 (Slot ID 672) Maintainence fee cost $2,500 to FBI's budget fund.
[2025/4/27 - 20:00:07] Vehicle ID 0 (Slot ID 680) Maintainence fee cost $2,500 to FBI's budget fund.
[2025/4/27 - 20:56:08] Vehicle Slot ID 404 RTB fee cost $0 to FBI's budget fund.
[2025/4/27 - 20:58:47] Vehicle Slot ID 404 RTB fee cost $0 to FBI's budget fund.
[2025/4/27 - 21:00:44] The faction vault is at $364,445,400.
[2025/4/27 - 21:00:44] SA Gov Paid $80,000 to FBI budget fund.
[2025/4/27 - 21:00:44] Vehicle ID 264 (Slot ID 4) Maintainence fee cost $3,000 to FBI's budget fund.
[2025/4/27 - 21:00:44] Vehicle ID 276 (Slot ID 16) Maintainence fee cost $3,000 to FBI's budget fund.
[2025/4/27 - 21:00:44] Vehicle ID 300 (Slot ID 53) Maintainence fee cost $3,500 to FBI's budget fund.
[2025/4/27 - 21:00:44] Vehicle ID 354 (Slot ID 112) Maintainence fee cost $2,500 to FBI's budget fund.
[2025/4/27 - 21:00:44] Vehicle ID 360 (Slot ID 118) Maintainence fee cost $3,000 to FBI's budget fund.
[2025/4/27 - 21:00:44] Vehicle ID 366 (Slot ID 127) Maintainence fee cost $3,500 to FBI's budget fund.
[2025/4/27 - 21:00:44] Vehicle ID 0 (Slot ID 217) Maintainence fee cost $2,500 to FBI's budget fund.
[2025/4/27 - 21:00:44] Vehicle ID 466 (Slot ID 246) Maintainence fee cost $4,500 to FBI's budget fund.
[2025/4/27 - 21:00:44] Vehicle ID 490 (Slot ID 271) Maintainence fee cost $3,500 to FBI's budget fund.
[2025/4/27 - 21:00:44] Vehicle ID 492 (Slot ID 273) Maintainence fee cost $4,500 to FBI's budget fund.
[2025/4/27 - 21:00:44] Vehicle ID 495 (Slot ID 277) Maintainence fee cost $2,500 to FBI's budget fund.
[2025/4/27 - 21:00:44] Vehicle ID 511 (Slot ID 297) Maintainence fee cost $3,000 to FBI's budget fund.
[2025/4/27 - 21:00:44] Vehicle ID 512 (Slot ID 298) Maintainence fee cost $2,500 to FBI's budget fund.
[2025/4/27 - 21:00:44] Vehicle ID 527 (Slot ID 316) Maintainence fee cost $2,500 to FBI's budget fund.
[2025/4/27 - 21:00:44] Vehicle ID 581 (Slot ID 404) Maintainence fee cost $0 to FBI's budget fund.
[2025/4/27 - 21:00:44] Vehicle ID 0 (Slot ID 407) Maintainence fee cost $500 to FBI's budget fund.
[2025/4/27 - 21:00:44] Vehicle ID 589 (Slot ID 424) Maintainence fee cost $3,500 to FBI's budget fund.
[2025/4/27 - 21:00:44] Vehicle ID 601 (Slot ID 487) Maintainence fee cost $3,500 to FBI's budget fund.
[2025/4/27 - 21:00:44] Vehicle ID 0 (Slot ID 488) Maintainence fee cost $3,500 to FBI's budget fund.
[2025/4/27 - 21:00:44] Vehicle ID 0 (Slot ID 491) Maintainence fee cost $5,000 to FBI's budget fund.
[2025/4/27 - 21:00:44] Vehicle ID 0 (Slot ID 494) Maintainence fee cost $2,000 to FBI's budget fund.
[2025/4/27 - 21:00:44] Vehicle ID 605 (Slot ID 504) Maintainence fee cost $2,500 to FBI's budget fund.
[2025/4/27 - 21:00:44] Vehicle ID 0 (Slot ID 510) Maintainence fee cost $2,500 to FBI's budget fund.
[2025/4/27 - 21:00:44] Vehicle ID 609 (Slot ID 515) Maintainence fee cost $3,000 to FBI's budget fund.
[2025/4/27 - 21:00:44] Vehicle ID 0 (Slot ID 521) Maintainence fee cost $2,500 to FBI's budget fund.
[2025/4/27 - 21:00:44] Vehicle ID 0 (Slot ID 573) Maintainence fee cost $3,500 to FBI's budget fund.
[2025/4/27 - 21:00:44] Vehicle ID 619 (Slot ID 583) Maintainence fee cost $250 to FBI's budget fund.
[2025/4/27 - 21:00:44] Vehicle ID 620 (Slot ID 594) Maintainence fee cost $3,500 to FBI's budget fund.
[2025/4/27 - 21:00:44] Vehicle ID 0 (Slot ID 601) Maintainence fee cost $3,000 to FBI's budget fund.
[2025/4/27 - 21:00:44] Vehicle ID 65535 (Slot ID 620) Maintainence fee cost $5,000 to FBI's budget fund.
[2025/4/27 - 21:00:44] Vehicle ID 0 (Slot ID 656) Maintainence fee cost $3,000 to FBI's budget fund.
[2025/4/27 - 21:00:44] Vehicle ID 0 (Slot ID 664) Maintainence fee cost $2,500 to FBI's budget fund.
[2025/4/27 - 21:00:44] Vehicle ID 0 (Slot ID 672) Maintainence fee cost $2,500 to FBI's budget fund.
[2025/4/27 - 21:00:44] Vehicle ID 0 (Slot ID 680) Maintainence fee cost $2,500 to FBI's budget fund.
[2025/4/27 - 21:25:46] Vehicle Slot ID 404 RTB fee cost $0 to FBI's budget fund.
[2025/4/27 - 21:27:30] Vehicle Slot ID 404 RTB fee cost $0 to FBI's budget fund.
[2025/4/27 - 21:42:59] Vehicle Slot ID 404 RTB fee cost $0 to FBI's budget fund.
[2025/4/27 - 21:48:30] Vehicle Slot ID 404 RTB fee cost $0 to FBI's budget fund.
[2025/4/27 - 22:00:52] The faction vault is at $364,427,150.
[2025/4/27 - 22:00:52] SA Gov Paid $80,000 to FBI budget fund.
[2025/4/27 - 22:00:52] Vehicle ID 264 (Slot ID 4) Maintainence fee cost $3,000 to FBI's budget fund.
[2025/4/27 - 22:00:52] Vehicle ID 276 (Slot ID 16) Maintainence fee cost $3,000 to FBI's budget fund.
[2025/4/27 - 22:00:52] Vehicle ID 300 (Slot ID 53) Maintainence fee cost $3,500 to FBI's budget fund.
[2025/4/27 - 22:00:52] Vehicle ID 354 (Slot ID 112) Maintainence fee cost $2,500 to FBI's budget fund.
[2025/4/27 - 22:00:52] Vehicle ID 360 (Slot ID 118) Maintainence fee cost $3,000 to FBI's budget fund.
[2025/4/27 - 22:00:52] Vehicle ID 366 (Slot ID 127) Maintainence fee cost $3,500 to FBI's budget fund.
[2025/4/27 - 22:00:52] Vehicle ID 0 (Slot ID 217) Maintainence fee cost $2,500 to FBI's budget fund.
[2025/4/27 - 22:00:52] Vehicle ID 466 (Slot ID 246) Maintainence fee cost $4,500 to FBI's budget fund.
[2025/4/27 - 22:00:52] Vehicle ID 490 (Slot ID 271) Maintainence fee cost $3,500 to FBI's budget fund.
[2025/4/27 - 22:00:52] Vehicle ID 492 (Slot ID 273) Maintainence fee cost $4,500 to FBI's budget fund.
[2025/4/27 - 22:00:52] Vehicle ID 495 (Slot ID 277) Maintainence fee cost $2,500 to FBI's budget fund.
[2025/4/27 - 22:00:52] Vehicle ID 511 (Slot ID 297) Maintainence fee cost $3,000 to FBI's budget fund.
[2025/4/27 - 22:00:52] Vehicle ID 512 (Slot ID 298) Maintainence fee cost $2,500 to FBI's budget fund.
[2025/4/27 - 22:00:52] Vehicle ID 527 (Slot ID 316) Maintainence fee cost $2,500 to FBI's budget fund.
[2025/4/27 - 22:00:52] Vehicle ID 581 (Slot ID 404) Maintainence fee cost $0 to FBI's budget fund.
[2025/4/27 - 22:00:52] Vehicle ID 0 (Slot ID 407) Maintainence fee cost $500 to FBI's budget fund.
[2025/4/27 - 22:00:52] Vehicle ID 589 (Slot ID 424) Maintainence fee cost $3,500 to FBI's budget fund.
[2025/4/27 - 22:00:52] Vehicle ID 601 (Slot ID 487) Maintainence fee cost $3,500 to FBI's budget fund.
[2025/4/27 - 22:00:52] Vehicle ID 0 (Slot ID 488) Maintainence fee cost $3,500 to FBI's budget fund.
[2025/4/27 - 22:00:52] Vehicle ID 0 (Slot ID 491) Maintainence fee cost $5,000 to FBI's budget fund.
[2025/4/27 - 22:00:52] Vehicle ID 0 (Slot ID 494) Maintainence fee cost $2,000 to FBI's budget fund.
[2025/4/27 - 22:00:52] Vehicle ID 605 (Slot ID 504) Maintainence fee cost $2,500 to FBI's budget fund.
[2025/4/27 - 22:00:52] Vehicle ID 0 (Slot ID 510) Maintainence fee cost $2,500 to FBI's budget fund.
[2025/4/27 - 22:00:52] Vehicle ID 609 (Slot ID 515) Maintainence fee cost $3,000 to FBI's budget fund.
[2025/4/27 - 22:00:52] Vehicle ID 0 (Slot ID 521) Maintainence fee cost $2,500 to FBI's budget fund.
[2025/4/27 - 22:00:52] Vehicle ID 0 (Slot ID 573) Maintainence fee cost $3,500 to FBI's budget fund.
[2025/4/27 - 22:00:52] Vehicle ID 619 (Slot ID 583) Maintainence fee cost $250 to FBI's budget fund.
[2025/4/27 - 22:00:52] Vehicle ID 620 (Slot ID 594) Maintainence fee cost $3,500 to FBI's budget fund.
[2025/4/27 - 22:00:52] Vehicle ID 0 (Slot ID 601) Maintainence fee cost $3,000 to FBI's budget fund.
[2025/4/27 - 22:00:52] Vehicle ID 65535 (Slot ID 620) Maintainence fee cost $5,000 to FBI's budget fund.
[2025/4/27 - 22:00:52] Vehicle ID 0 (Slot ID 656) Maintainence fee cost $3,000 to FBI's budget fund.
[2025/4/27 - 22:00:52] Vehicle ID 0 (Slot ID 664) Maintainence fee cost $2,500 to FBI's budget fund.
[2025/4/27 - 22:00:52] Vehicle ID 0 (Slot ID 672) Maintainence fee cost $2,500 to FBI's budget fund.
[2025/4/27 - 22:00:52] Vehicle ID 0 (Slot ID 680) Maintainence fee cost $2,500 to FBI's budget fund.
[2025/4/27 - 23:00:00] The faction vault is at $364,408,900.
[2025/4/27 - 23:00:00] SA Gov Paid $80,000 to FBI budget fund.
[2025/4/27 - 23:00:00] Vehicle ID 264 (Slot ID 4) Maintainence fee cost $3,000 to FBI's budget fund.
[2025/4/27 - 23:00:00] Vehicle ID 276 (Slot ID 16) Maintainence fee cost $3,000 to FBI's budget fund.
[2025/4/27 - 23:00:00] Vehicle ID 300 (Slot ID 53) Maintainence fee cost $3,500 to FBI's budget fund.
[2025/4/27 - 23:00:00] Vehicle ID 354 (Slot ID 112) Maintainence fee cost $2,500 to FBI's budget fund.
[2025/4/27 - 23:00:00] Vehicle ID 360 (Slot ID 118) Maintainence fee cost $3,000 to FBI's budget fund.
[2025/4/27 - 23:00:00] Vehicle ID 366 (Slot ID 127) Maintainence fee cost $3,500 to FBI's budget fund.
[2025/4/27 - 23:00:00] Vehicle ID 0 (Slot ID 217) Maintainence fee cost $2,500 to FBI's budget fund.
[2025/4/27 - 23:00:00] Vehicle ID 466 (Slot ID 246) Maintainence fee cost $4,500 to FBI's budget fund.
[2025/4/27 - 23:00:00] Vehicle ID 490 (Slot ID 271) Maintainence fee cost $3,500 to FBI's budget fund.
[2025/4/27 - 23:00:00] Vehicle ID 492 (Slot ID 273) Maintainence fee cost $4,500 to FBI's budget fund.
[2025/4/27 - 23:00:00] Vehicle ID 495 (Slot ID 277) Maintainence fee cost $2,500 to FBI's budget fund.
[2025/4/27 - 23:00:00] Vehicle ID 511 (Slot ID 297) Maintainence fee cost $3,000 to FBI's budget fund.
[2025/4/27 - 23:00:00] Vehicle ID 512 (Slot ID 298) Maintainence fee cost $2,500 to FBI's budget fund.
[2025/4/27 - 23:00:00] Vehicle ID 527 (Slot ID 316) Maintainence fee cost $2,500 to FBI's budget fund.
[2025/4/27 - 23:00:00] Vehicle ID 581 (Slot ID 404) Maintainence fee cost $0 to FBI's budget fund.
[2025/4/27 - 23:00:00] Vehicle ID 0 (Slot ID 407) Maintainence fee cost $500 to FBI's budget fund.
[2025/4/27 - 23:00:00] Vehicle ID 589 (Slot ID 424) Maintainence fee cost $3,500 to FBI's budget fund.
[2025/4/27 - 23:00:00] Vehicle ID 601 (Slot ID 487) Maintainence fee cost $3,500 to FBI's budget fund.
[2025/4/27 - 23:00:00] Vehicle ID 0 (Slot ID 488) Maintainence fee cost $3,500 to FBI's budget fund.
[2025/4/27 - 23:00:00] Vehicle ID 0 (Slot ID 491) Maintainence fee cost $5,000 to FBI's budget fund.
[2025/4/27 - 23:00:00] Vehicle ID 0 (Slot ID 494) Maintainence fee cost $2,000 to FBI's budget fund.
[2025/4/27 - 23:00:00] Vehicle ID 605 (Slot ID 504) Maintainence fee cost $2,500 to FBI's budget fund.
[2025/4/27 - 23:00:00] Vehicle ID 0 (Slot ID 510) Maintainence fee cost $2,500 to FBI's budget fund.
[2025/4/27 - 23:00:00] Vehicle ID 609 (Slot ID 515) Maintainence fee cost $3,000 to FBI's budget fund.
[2025/4/27 - 23:00:00] Vehicle ID 0 (Slot ID 521) Maintainence fee cost $2,500 to FBI's budget fund.
[2025/4/27 - 23:00:00] Vehicle ID 0 (Slot ID 573) Maintainence fee cost $3,500 to FBI's budget fund.
[2025/4/27 - 23:00:00] Vehicle ID 619 (Slot ID 583) Maintainence fee cost $250 to FBI's budget fund.
[2025/4/27 - 23:00:00] Vehicle ID 620 (Slot ID 594) Maintainence fee cost $3,500 to FBI's budget fund.
[2025/4/27 - 23:00:00] Vehicle ID 0 (Slot ID 601) Maintainence fee cost $3,000 to FBI's budget fund.
[2025/4/27 - 23:00:00] Vehicle ID 65535 (Slot ID 620) Maintainence fee cost $5,000 to FBI's budget fund.
[2025/4/27 - 23:00:00] Vehicle ID 0 (Slot ID 656) Maintainence fee cost $3,000 to FBI's budget fund.
[2025/4/27 - 23:00:00] Vehicle ID 0 (Slot ID 664) Maintainence fee cost $2,500 to FBI's budget fund.
[2025/4/27 - 23:00:00] Vehicle ID 0 (Slot ID 672) Maintainence fee cost $2,500 to FBI's budget fund.
[2025/4/27 - 23:00:00] Vehicle ID 0 (Slot ID 680) Maintainence fee cost $2,500 to FBI's budget fund.
[2025/4/27 - 23:10:34] Vehicle Slot ID 404 RTB fee cost $0 to FBI's budget fund.
[2025/4/27 - 23:24:48] Vehicle Slot ID 404 RTB fee cost $0 to FBI's budget fund.
[2025/4/27 - 23:29:50] Vehicle Slot ID 404 RTB fee cost $0 to FBI's budget fund.
