[2025/4/17 - 7:13:53] Vehicle Slot ID 404 RTB fee cost $0 to FBI's budget fund.
[2025/4/17 - 8:00:05] The faction vault is at $382,909,025.
[2025/4/17 - 8:00:05] SA Gov Paid $80,000 to FBI budget fund.
[2025/4/17 - 8:00:05] Vehicle ID 264 (Slot ID 4) Maintainence fee cost $3,000 to FBI's budget fund.
[2025/4/17 - 8:00:05] Vehicle ID 276 (Slot ID 16) Maintainence fee cost $3,000 to FBI's budget fund.
[2025/4/17 - 8:00:05] Vehicle ID 300 (Slot ID 53) Maintainence fee cost $3,500 to FBI's budget fund.
[2025/4/17 - 8:00:05] Vehicle ID 354 (Slot ID 112) Maintainence fee cost $2,500 to FBI's budget fund.
[2025/4/17 - 8:00:05] Vehicle ID 360 (Slot ID 118) Maintainence fee cost $3,000 to FBI's budget fund.
[2025/4/17 - 8:00:05] Vehicle ID 366 (Slot ID 127) Maintainence fee cost $3,500 to FBI's budget fund.
[2025/4/17 - 8:00:05] Vehicle ID 0 (Slot ID 217) Maintainence fee cost $2,500 to FBI's budget fund.
[2025/4/17 - 8:00:05] Vehicle ID 466 (Slot ID 246) Maintainence fee cost $4,500 to FBI's budget fund.
[2025/4/17 - 8:00:05] Vehicle ID 490 (Slot ID 271) Maintainence fee cost $3,500 to FBI's budget fund.
[2025/4/17 - 8:00:05] Vehicle ID 492 (Slot ID 273) Maintainence fee cost $4,500 to FBI's budget fund.
[2025/4/17 - 8:00:05] Vehicle ID 495 (Slot ID 277) Maintainence fee cost $2,500 to FBI's budget fund.
[2025/4/17 - 8:00:05] Vehicle ID 511 (Slot ID 297) Maintainence fee cost $3,000 to FBI's budget fund.
[2025/4/17 - 8:00:05] Vehicle ID 512 (Slot ID 298) Maintainence fee cost $2,500 to FBI's budget fund.
[2025/4/17 - 8:00:05] Vehicle ID 527 (Slot ID 316) Maintainence fee cost $2,500 to FBI's budget fund.
[2025/4/17 - 8:00:05] Vehicle ID 581 (Slot ID 404) Maintainence fee cost $0 to FBI's budget fund.
[2025/4/17 - 8:00:05] Vehicle ID 0 (Slot ID 407) Maintainence fee cost $500 to FBI's budget fund.
[2025/4/17 - 8:00:05] Vehicle ID 589 (Slot ID 424) Maintainence fee cost $3,500 to FBI's budget fund.
[2025/4/17 - 8:00:05] Vehicle ID 601 (Slot ID 487) Maintainence fee cost $3,500 to FBI's budget fund.
[2025/4/17 - 8:00:05] Vehicle ID 0 (Slot ID 488) Maintainence fee cost $3,500 to FBI's budget fund.
[2025/4/17 - 8:00:05] Vehicle ID 0 (Slot ID 491) Maintainence fee cost $5,000 to FBI's budget fund.
[2025/4/17 - 8:00:05] Vehicle ID 0 (Slot ID 494) Maintainence fee cost $2,000 to FBI's budget fund.
[2025/4/17 - 8:00:05] Vehicle ID 605 (Slot ID 504) Maintainence fee cost $2,500 to FBI's budget fund.
[2025/4/17 - 8:00:05] Vehicle ID 0 (Slot ID 510) Maintainence fee cost $2,500 to FBI's budget fund.
[2025/4/17 - 8:00:05] Vehicle ID 609 (Slot ID 515) Maintainence fee cost $3,000 to FBI's budget fund.
[2025/4/17 - 8:00:05] Vehicle ID 0 (Slot ID 521) Maintainence fee cost $2,500 to FBI's budget fund.
[2025/4/17 - 8:00:05] Vehicle ID 0 (Slot ID 573) Maintainence fee cost $3,500 to FBI's budget fund.
[2025/4/17 - 8:00:05] Vehicle ID 619 (Slot ID 583) Maintainence fee cost $250 to FBI's budget fund.
[2025/4/17 - 8:00:05] Vehicle ID 620 (Slot ID 594) Maintainence fee cost $3,500 to FBI's budget fund.
[2025/4/17 - 8:00:05] Vehicle ID 0 (Slot ID 601) Maintainence fee cost $3,000 to FBI's budget fund.
[2025/4/17 - 8:00:05] Vehicle ID 65535 (Slot ID 620) Maintainence fee cost $5,000 to FBI's budget fund.
[2025/4/17 - 8:00:05] Vehicle ID 0 (Slot ID 656) Maintainence fee cost $3,000 to FBI's budget fund.
[2025/4/17 - 8:00:05] Vehicle ID 0 (Slot ID 664) Maintainence fee cost $2,500 to FBI's budget fund.
[2025/4/17 - 8:00:05] Vehicle ID 0 (Slot ID 672) Maintainence fee cost $2,500 to FBI's budget fund.
[2025/4/17 - 8:00:05] Vehicle ID 0 (Slot ID 680) Maintainence fee cost $2,500 to FBI's budget fund.
[2025/4/17 - 9:00:26] The faction vault is at $382,890,775.
[2025/4/17 - 9:00:26] SA Gov Paid $80,000 to FBI budget fund.
[2025/4/17 - 9:00:26] Vehicle ID 264 (Slot ID 4) Maintainence fee cost $3,000 to FBI's budget fund.
[2025/4/17 - 9:00:26] Vehicle ID 276 (Slot ID 16) Maintainence fee cost $3,000 to FBI's budget fund.
[2025/4/17 - 9:00:26] Vehicle ID 300 (Slot ID 53) Maintainence fee cost $3,500 to FBI's budget fund.
[2025/4/17 - 9:00:26] Vehicle ID 354 (Slot ID 112) Maintainence fee cost $2,500 to FBI's budget fund.
[2025/4/17 - 9:00:26] Vehicle ID 360 (Slot ID 118) Maintainence fee cost $3,000 to FBI's budget fund.
[2025/4/17 - 9:00:26] Vehicle ID 366 (Slot ID 127) Maintainence fee cost $3,500 to FBI's budget fund.
[2025/4/17 - 9:00:26] Vehicle ID 0 (Slot ID 217) Maintainence fee cost $2,500 to FBI's budget fund.
[2025/4/17 - 9:00:26] Vehicle ID 466 (Slot ID 246) Maintainence fee cost $4,500 to FBI's budget fund.
[2025/4/17 - 9:00:26] Vehicle ID 490 (Slot ID 271) Maintainence fee cost $3,500 to FBI's budget fund.
[2025/4/17 - 9:00:26] Vehicle ID 492 (Slot ID 273) Maintainence fee cost $4,500 to FBI's budget fund.
[2025/4/17 - 9:00:26] Vehicle ID 495 (Slot ID 277) Maintainence fee cost $2,500 to FBI's budget fund.
[2025/4/17 - 9:00:26] Vehicle ID 511 (Slot ID 297) Maintainence fee cost $3,000 to FBI's budget fund.
[2025/4/17 - 9:00:26] Vehicle ID 512 (Slot ID 298) Maintainence fee cost $2,500 to FBI's budget fund.
[2025/4/17 - 9:00:26] Vehicle ID 527 (Slot ID 316) Maintainence fee cost $2,500 to FBI's budget fund.
[2025/4/17 - 9:00:26] Vehicle ID 581 (Slot ID 404) Maintainence fee cost $0 to FBI's budget fund.
[2025/4/17 - 9:00:26] Vehicle ID 0 (Slot ID 407) Maintainence fee cost $500 to FBI's budget fund.
[2025/4/17 - 9:00:26] Vehicle ID 589 (Slot ID 424) Maintainence fee cost $3,500 to FBI's budget fund.
[2025/4/17 - 9:00:26] Vehicle ID 601 (Slot ID 487) Maintainence fee cost $3,500 to FBI's budget fund.
[2025/4/17 - 9:00:26] Vehicle ID 0 (Slot ID 488) Maintainence fee cost $3,500 to FBI's budget fund.
[2025/4/17 - 9:00:26] Vehicle ID 0 (Slot ID 491) Maintainence fee cost $5,000 to FBI's budget fund.
[2025/4/17 - 9:00:26] Vehicle ID 0 (Slot ID 494) Maintainence fee cost $2,000 to FBI's budget fund.
[2025/4/17 - 9:00:26] Vehicle ID 605 (Slot ID 504) Maintainence fee cost $2,500 to FBI's budget fund.
[2025/4/17 - 9:00:26] Vehicle ID 0 (Slot ID 510) Maintainence fee cost $2,500 to FBI's budget fund.
[2025/4/17 - 9:00:26] Vehicle ID 609 (Slot ID 515) Maintainence fee cost $3,000 to FBI's budget fund.
[2025/4/17 - 9:00:26] Vehicle ID 0 (Slot ID 521) Maintainence fee cost $2,500 to FBI's budget fund.
[2025/4/17 - 9:00:26] Vehicle ID 0 (Slot ID 573) Maintainence fee cost $3,500 to FBI's budget fund.
[2025/4/17 - 9:00:26] Vehicle ID 619 (Slot ID 583) Maintainence fee cost $250 to FBI's budget fund.
[2025/4/17 - 9:00:26] Vehicle ID 620 (Slot ID 594) Maintainence fee cost $3,500 to FBI's budget fund.
[2025/4/17 - 9:00:26] Vehicle ID 0 (Slot ID 601) Maintainence fee cost $3,000 to FBI's budget fund.
[2025/4/17 - 9:00:26] Vehicle ID 65535 (Slot ID 620) Maintainence fee cost $5,000 to FBI's budget fund.
[2025/4/17 - 9:00:26] Vehicle ID 0 (Slot ID 656) Maintainence fee cost $3,000 to FBI's budget fund.
[2025/4/17 - 9:00:26] Vehicle ID 0 (Slot ID 664) Maintainence fee cost $2,500 to FBI's budget fund.
[2025/4/17 - 9:00:26] Vehicle ID 0 (Slot ID 672) Maintainence fee cost $2,500 to FBI's budget fund.
[2025/4/17 - 9:00:26] Vehicle ID 0 (Slot ID 680) Maintainence fee cost $2,500 to FBI's budget fund.
[2025/4/17 - 10:00:44] The faction vault is at $382,872,525.
[2025/4/17 - 10:00:44] SA Gov Paid $80,000 to FBI budget fund.
[2025/4/17 - 10:00:44] Vehicle ID 264 (Slot ID 4) Maintainence fee cost $3,000 to FBI's budget fund.
[2025/4/17 - 10:00:44] Vehicle ID 276 (Slot ID 16) Maintainence fee cost $3,000 to FBI's budget fund.
[2025/4/17 - 10:00:44] Vehicle ID 300 (Slot ID 53) Maintainence fee cost $3,500 to FBI's budget fund.
[2025/4/17 - 10:00:44] Vehicle ID 354 (Slot ID 112) Maintainence fee cost $2,500 to FBI's budget fund.
[2025/4/17 - 10:00:44] Vehicle ID 360 (Slot ID 118) Maintainence fee cost $3,000 to FBI's budget fund.
[2025/4/17 - 10:00:44] Vehicle ID 366 (Slot ID 127) Maintainence fee cost $3,500 to FBI's budget fund.
[2025/4/17 - 10:00:44] Vehicle ID 0 (Slot ID 217) Maintainence fee cost $2,500 to FBI's budget fund.
[2025/4/17 - 10:00:44] Vehicle ID 466 (Slot ID 246) Maintainence fee cost $4,500 to FBI's budget fund.
[2025/4/17 - 10:00:44] Vehicle ID 490 (Slot ID 271) Maintainence fee cost $3,500 to FBI's budget fund.
[2025/4/17 - 10:00:44] Vehicle ID 492 (Slot ID 273) Maintainence fee cost $4,500 to FBI's budget fund.
[2025/4/17 - 10:00:44] Vehicle ID 495 (Slot ID 277) Maintainence fee cost $2,500 to FBI's budget fund.
[2025/4/17 - 10:00:44] Vehicle ID 511 (Slot ID 297) Maintainence fee cost $3,000 to FBI's budget fund.
[2025/4/17 - 10:00:44] Vehicle ID 512 (Slot ID 298) Maintainence fee cost $2,500 to FBI's budget fund.
[2025/4/17 - 10:00:44] Vehicle ID 527 (Slot ID 316) Maintainence fee cost $2,500 to FBI's budget fund.
[2025/4/17 - 10:00:44] Vehicle ID 581 (Slot ID 404) Maintainence fee cost $0 to FBI's budget fund.
[2025/4/17 - 10:00:44] Vehicle ID 0 (Slot ID 407) Maintainence fee cost $500 to FBI's budget fund.
[2025/4/17 - 10:00:44] Vehicle ID 589 (Slot ID 424) Maintainence fee cost $3,500 to FBI's budget fund.
[2025/4/17 - 10:00:44] Vehicle ID 601 (Slot ID 487) Maintainence fee cost $3,500 to FBI's budget fund.
[2025/4/17 - 10:00:44] Vehicle ID 0 (Slot ID 488) Maintainence fee cost $3,500 to FBI's budget fund.
[2025/4/17 - 10:00:44] Vehicle ID 0 (Slot ID 491) Maintainence fee cost $5,000 to FBI's budget fund.
[2025/4/17 - 10:00:44] Vehicle ID 0 (Slot ID 494) Maintainence fee cost $2,000 to FBI's budget fund.
[2025/4/17 - 10:00:44] Vehicle ID 605 (Slot ID 504) Maintainence fee cost $2,500 to FBI's budget fund.
[2025/4/17 - 10:00:44] Vehicle ID 0 (Slot ID 510) Maintainence fee cost $2,500 to FBI's budget fund.
[2025/4/17 - 10:00:44] Vehicle ID 609 (Slot ID 515) Maintainence fee cost $3,000 to FBI's budget fund.
[2025/4/17 - 10:00:44] Vehicle ID 0 (Slot ID 521) Maintainence fee cost $2,500 to FBI's budget fund.
[2025/4/17 - 10:00:44] Vehicle ID 0 (Slot ID 573) Maintainence fee cost $3,500 to FBI's budget fund.
[2025/4/17 - 10:00:44] Vehicle ID 619 (Slot ID 583) Maintainence fee cost $250 to FBI's budget fund.
[2025/4/17 - 10:00:44] Vehicle ID 620 (Slot ID 594) Maintainence fee cost $3,500 to FBI's budget fund.
[2025/4/17 - 10:00:44] Vehicle ID 0 (Slot ID 601) Maintainence fee cost $3,000 to FBI's budget fund.
[2025/4/17 - 10:00:44] Vehicle ID 65535 (Slot ID 620) Maintainence fee cost $5,000 to FBI's budget fund.
[2025/4/17 - 10:00:44] Vehicle ID 0 (Slot ID 656) Maintainence fee cost $3,000 to FBI's budget fund.
[2025/4/17 - 10:00:44] Vehicle ID 0 (Slot ID 664) Maintainence fee cost $2,500 to FBI's budget fund.
[2025/4/17 - 10:00:44] Vehicle ID 0 (Slot ID 672) Maintainence fee cost $2,500 to FBI's budget fund.
[2025/4/17 - 10:00:44] Vehicle ID 0 (Slot ID 680) Maintainence fee cost $2,500 to FBI's budget fund.
[2025/4/17 - 11:00:56] The faction vault is at $382,854,275.
[2025/4/17 - 11:00:56] SA Gov Paid $80,000 to FBI budget fund.
[2025/4/17 - 11:00:56] Vehicle ID 264 (Slot ID 4) Maintainence fee cost $3,000 to FBI's budget fund.
[2025/4/17 - 11:00:56] Vehicle ID 276 (Slot ID 16) Maintainence fee cost $3,000 to FBI's budget fund.
[2025/4/17 - 11:00:56] Vehicle ID 300 (Slot ID 53) Maintainence fee cost $3,500 to FBI's budget fund.
[2025/4/17 - 11:00:56] Vehicle ID 354 (Slot ID 112) Maintainence fee cost $2,500 to FBI's budget fund.
[2025/4/17 - 11:00:56] Vehicle ID 360 (Slot ID 118) Maintainence fee cost $3,000 to FBI's budget fund.
[2025/4/17 - 11:00:56] Vehicle ID 366 (Slot ID 127) Maintainence fee cost $3,500 to FBI's budget fund.
[2025/4/17 - 11:00:56] Vehicle ID 0 (Slot ID 217) Maintainence fee cost $2,500 to FBI's budget fund.
[2025/4/17 - 11:00:56] Vehicle ID 466 (Slot ID 246) Maintainence fee cost $4,500 to FBI's budget fund.
[2025/4/17 - 11:00:56] Vehicle ID 490 (Slot ID 271) Maintainence fee cost $3,500 to FBI's budget fund.
[2025/4/17 - 11:00:56] Vehicle ID 492 (Slot ID 273) Maintainence fee cost $4,500 to FBI's budget fund.
[2025/4/17 - 11:00:56] Vehicle ID 495 (Slot ID 277) Maintainence fee cost $2,500 to FBI's budget fund.
[2025/4/17 - 11:00:56] Vehicle ID 511 (Slot ID 297) Maintainence fee cost $3,000 to FBI's budget fund.
[2025/4/17 - 11:00:56] Vehicle ID 512 (Slot ID 298) Maintainence fee cost $2,500 to FBI's budget fund.
[2025/4/17 - 11:00:56] Vehicle ID 527 (Slot ID 316) Maintainence fee cost $2,500 to FBI's budget fund.
[2025/4/17 - 11:00:56] Vehicle ID 581 (Slot ID 404) Maintainence fee cost $0 to FBI's budget fund.
[2025/4/17 - 11:00:56] Vehicle ID 0 (Slot ID 407) Maintainence fee cost $500 to FBI's budget fund.
[2025/4/17 - 11:00:56] Vehicle ID 589 (Slot ID 424) Maintainence fee cost $3,500 to FBI's budget fund.
[2025/4/17 - 11:00:56] Vehicle ID 601 (Slot ID 487) Maintainence fee cost $3,500 to FBI's budget fund.
[2025/4/17 - 11:00:56] Vehicle ID 0 (Slot ID 488) Maintainence fee cost $3,500 to FBI's budget fund.
[2025/4/17 - 11:00:56] Vehicle ID 0 (Slot ID 491) Maintainence fee cost $5,000 to FBI's budget fund.
[2025/4/17 - 11:00:56] Vehicle ID 0 (Slot ID 494) Maintainence fee cost $2,000 to FBI's budget fund.
[2025/4/17 - 11:00:56] Vehicle ID 605 (Slot ID 504) Maintainence fee cost $2,500 to FBI's budget fund.
[2025/4/17 - 11:00:56] Vehicle ID 0 (Slot ID 510) Maintainence fee cost $2,500 to FBI's budget fund.
[2025/4/17 - 11:00:56] Vehicle ID 609 (Slot ID 515) Maintainence fee cost $3,000 to FBI's budget fund.
[2025/4/17 - 11:00:56] Vehicle ID 0 (Slot ID 521) Maintainence fee cost $2,500 to FBI's budget fund.
[2025/4/17 - 11:00:56] Vehicle ID 0 (Slot ID 573) Maintainence fee cost $3,500 to FBI's budget fund.
[2025/4/17 - 11:00:56] Vehicle ID 619 (Slot ID 583) Maintainence fee cost $250 to FBI's budget fund.
[2025/4/17 - 11:00:56] Vehicle ID 620 (Slot ID 594) Maintainence fee cost $3,500 to FBI's budget fund.
[2025/4/17 - 11:00:56] Vehicle ID 0 (Slot ID 601) Maintainence fee cost $3,000 to FBI's budget fund.
[2025/4/17 - 11:00:56] Vehicle ID 65535 (Slot ID 620) Maintainence fee cost $5,000 to FBI's budget fund.
[2025/4/17 - 11:00:56] Vehicle ID 0 (Slot ID 656) Maintainence fee cost $3,000 to FBI's budget fund.
[2025/4/17 - 11:00:56] Vehicle ID 0 (Slot ID 664) Maintainence fee cost $2,500 to FBI's budget fund.
[2025/4/17 - 11:00:56] Vehicle ID 0 (Slot ID 672) Maintainence fee cost $2,500 to FBI's budget fund.
[2025/4/17 - 11:00:56] Vehicle ID 0 (Slot ID 680) Maintainence fee cost $2,500 to FBI's budget fund.
[2025/4/17 - 12:00:28] The faction vault is at $382,836,025.
[2025/4/17 - 12:00:28] SA Gov Paid $80,000 to FBI budget fund.
[2025/4/17 - 12:00:28] Vehicle ID 264 (Slot ID 4) Maintainence fee cost $3,000 to FBI's budget fund.
[2025/4/17 - 12:00:28] Vehicle ID 276 (Slot ID 16) Maintainence fee cost $3,000 to FBI's budget fund.
[2025/4/17 - 12:00:28] Vehicle ID 300 (Slot ID 53) Maintainence fee cost $3,500 to FBI's budget fund.
[2025/4/17 - 12:00:28] Vehicle ID 354 (Slot ID 112) Maintainence fee cost $2,500 to FBI's budget fund.
[2025/4/17 - 12:00:28] Vehicle ID 360 (Slot ID 118) Maintainence fee cost $3,000 to FBI's budget fund.
[2025/4/17 - 12:00:28] Vehicle ID 366 (Slot ID 127) Maintainence fee cost $3,500 to FBI's budget fund.
[2025/4/17 - 12:00:28] Vehicle ID 0 (Slot ID 217) Maintainence fee cost $2,500 to FBI's budget fund.
[2025/4/17 - 12:00:28] Vehicle ID 466 (Slot ID 246) Maintainence fee cost $4,500 to FBI's budget fund.
[2025/4/17 - 12:00:28] Vehicle ID 490 (Slot ID 271) Maintainence fee cost $3,500 to FBI's budget fund.
[2025/4/17 - 12:00:28] Vehicle ID 492 (Slot ID 273) Maintainence fee cost $4,500 to FBI's budget fund.
[2025/4/17 - 12:00:28] Vehicle ID 495 (Slot ID 277) Maintainence fee cost $2,500 to FBI's budget fund.
[2025/4/17 - 12:00:28] Vehicle ID 511 (Slot ID 297) Maintainence fee cost $3,000 to FBI's budget fund.
[2025/4/17 - 12:00:28] Vehicle ID 512 (Slot ID 298) Maintainence fee cost $2,500 to FBI's budget fund.
[2025/4/17 - 12:00:28] Vehicle ID 527 (Slot ID 316) Maintainence fee cost $2,500 to FBI's budget fund.
[2025/4/17 - 12:00:28] Vehicle ID 581 (Slot ID 404) Maintainence fee cost $0 to FBI's budget fund.
[2025/4/17 - 12:00:28] Vehicle ID 0 (Slot ID 407) Maintainence fee cost $500 to FBI's budget fund.
[2025/4/17 - 12:00:28] Vehicle ID 589 (Slot ID 424) Maintainence fee cost $3,500 to FBI's budget fund.
[2025/4/17 - 12:00:28] Vehicle ID 601 (Slot ID 487) Maintainence fee cost $3,500 to FBI's budget fund.
[2025/4/17 - 12:00:28] Vehicle ID 0 (Slot ID 488) Maintainence fee cost $3,500 to FBI's budget fund.
[2025/4/17 - 12:00:28] Vehicle ID 0 (Slot ID 491) Maintainence fee cost $5,000 to FBI's budget fund.
[2025/4/17 - 12:00:28] Vehicle ID 0 (Slot ID 494) Maintainence fee cost $2,000 to FBI's budget fund.
[2025/4/17 - 12:00:28] Vehicle ID 605 (Slot ID 504) Maintainence fee cost $2,500 to FBI's budget fund.
[2025/4/17 - 12:00:28] Vehicle ID 0 (Slot ID 510) Maintainence fee cost $2,500 to FBI's budget fund.
[2025/4/17 - 12:00:28] Vehicle ID 609 (Slot ID 515) Maintainence fee cost $3,000 to FBI's budget fund.
[2025/4/17 - 12:00:28] Vehicle ID 0 (Slot ID 521) Maintainence fee cost $2,500 to FBI's budget fund.
[2025/4/17 - 12:00:28] Vehicle ID 0 (Slot ID 573) Maintainence fee cost $3,500 to FBI's budget fund.
[2025/4/17 - 12:00:28] Vehicle ID 619 (Slot ID 583) Maintainence fee cost $250 to FBI's budget fund.
[2025/4/17 - 12:00:28] Vehicle ID 620 (Slot ID 594) Maintainence fee cost $3,500 to FBI's budget fund.
[2025/4/17 - 12:00:28] Vehicle ID 0 (Slot ID 601) Maintainence fee cost $3,000 to FBI's budget fund.
[2025/4/17 - 12:00:28] Vehicle ID 65535 (Slot ID 620) Maintainence fee cost $5,000 to FBI's budget fund.
[2025/4/17 - 12:00:28] Vehicle ID 0 (Slot ID 656) Maintainence fee cost $3,000 to FBI's budget fund.
[2025/4/17 - 12:00:28] Vehicle ID 0 (Slot ID 664) Maintainence fee cost $2,500 to FBI's budget fund.
[2025/4/17 - 12:00:28] Vehicle ID 0 (Slot ID 672) Maintainence fee cost $2,500 to FBI's budget fund.
[2025/4/17 - 12:00:28] Vehicle ID 0 (Slot ID 680) Maintainence fee cost $2,500 to FBI's budget fund.
[2025/4/17 - 13:01:00] The faction vault is at $382,817,775.
[2025/4/17 - 13:01:00] SA Gov Paid $80,000 to FBI budget fund.
[2025/4/17 - 13:01:00] Vehicle ID 264 (Slot ID 4) Maintainence fee cost $3,000 to FBI's budget fund.
[2025/4/17 - 13:01:00] Vehicle ID 276 (Slot ID 16) Maintainence fee cost $3,000 to FBI's budget fund.
[2025/4/17 - 13:01:00] Vehicle ID 300 (Slot ID 53) Maintainence fee cost $3,500 to FBI's budget fund.
[2025/4/17 - 13:01:00] Vehicle ID 354 (Slot ID 112) Maintainence fee cost $2,500 to FBI's budget fund.
[2025/4/17 - 13:01:00] Vehicle ID 360 (Slot ID 118) Maintainence fee cost $3,000 to FBI's budget fund.
[2025/4/17 - 13:01:00] Vehicle ID 366 (Slot ID 127) Maintainence fee cost $3,500 to FBI's budget fund.
[2025/4/17 - 13:01:00] Vehicle ID 0 (Slot ID 217) Maintainence fee cost $2,500 to FBI's budget fund.
[2025/4/17 - 13:01:00] Vehicle ID 466 (Slot ID 246) Maintainence fee cost $4,500 to FBI's budget fund.
[2025/4/17 - 13:01:00] Vehicle ID 490 (Slot ID 271) Maintainence fee cost $3,500 to FBI's budget fund.
[2025/4/17 - 13:01:00] Vehicle ID 492 (Slot ID 273) Maintainence fee cost $4,500 to FBI's budget fund.
[2025/4/17 - 13:01:00] Vehicle ID 495 (Slot ID 277) Maintainence fee cost $2,500 to FBI's budget fund.
[2025/4/17 - 13:01:00] Vehicle ID 511 (Slot ID 297) Maintainence fee cost $3,000 to FBI's budget fund.
[2025/4/17 - 13:01:00] Vehicle ID 512 (Slot ID 298) Maintainence fee cost $2,500 to FBI's budget fund.
[2025/4/17 - 13:01:00] Vehicle ID 527 (Slot ID 316) Maintainence fee cost $2,500 to FBI's budget fund.
[2025/4/17 - 13:01:00] Vehicle ID 581 (Slot ID 404) Maintainence fee cost $0 to FBI's budget fund.
[2025/4/17 - 13:01:00] Vehicle ID 0 (Slot ID 407) Maintainence fee cost $500 to FBI's budget fund.
[2025/4/17 - 13:01:00] Vehicle ID 589 (Slot ID 424) Maintainence fee cost $3,500 to FBI's budget fund.
[2025/4/17 - 13:01:00] Vehicle ID 601 (Slot ID 487) Maintainence fee cost $3,500 to FBI's budget fund.
[2025/4/17 - 13:01:00] Vehicle ID 0 (Slot ID 488) Maintainence fee cost $3,500 to FBI's budget fund.
[2025/4/17 - 13:01:00] Vehicle ID 0 (Slot ID 491) Maintainence fee cost $5,000 to FBI's budget fund.
[2025/4/17 - 13:01:00] Vehicle ID 0 (Slot ID 494) Maintainence fee cost $2,000 to FBI's budget fund.
[2025/4/17 - 13:01:00] Vehicle ID 605 (Slot ID 504) Maintainence fee cost $2,500 to FBI's budget fund.
[2025/4/17 - 13:01:00] Vehicle ID 0 (Slot ID 510) Maintainence fee cost $2,500 to FBI's budget fund.
[2025/4/17 - 13:01:00] Vehicle ID 609 (Slot ID 515) Maintainence fee cost $3,000 to FBI's budget fund.
[2025/4/17 - 13:01:00] Vehicle ID 0 (Slot ID 521) Maintainence fee cost $2,500 to FBI's budget fund.
[2025/4/17 - 13:01:00] Vehicle ID 0 (Slot ID 573) Maintainence fee cost $3,500 to FBI's budget fund.
[2025/4/17 - 13:01:00] Vehicle ID 619 (Slot ID 583) Maintainence fee cost $250 to FBI's budget fund.
[2025/4/17 - 13:01:00] Vehicle ID 620 (Slot ID 594) Maintainence fee cost $3,500 to FBI's budget fund.
[2025/4/17 - 13:01:00] Vehicle ID 0 (Slot ID 601) Maintainence fee cost $3,000 to FBI's budget fund.
[2025/4/17 - 13:01:00] Vehicle ID 65535 (Slot ID 620) Maintainence fee cost $5,000 to FBI's budget fund.
[2025/4/17 - 13:01:00] Vehicle ID 0 (Slot ID 656) Maintainence fee cost $3,000 to FBI's budget fund.
[2025/4/17 - 13:01:00] Vehicle ID 0 (Slot ID 664) Maintainence fee cost $2,500 to FBI's budget fund.
[2025/4/17 - 13:01:00] Vehicle ID 0 (Slot ID 672) Maintainence fee cost $2,500 to FBI's budget fund.
[2025/4/17 - 13:01:00] Vehicle ID 0 (Slot ID 680) Maintainence fee cost $2,500 to FBI's budget fund.
[2025/4/17 - 14:00:34] The faction vault is at $382,799,525.
[2025/4/17 - 14:00:34] SA Gov Paid $80,000 to FBI budget fund.
[2025/4/17 - 14:00:34] Vehicle ID 264 (Slot ID 4) Maintainence fee cost $3,000 to FBI's budget fund.
[2025/4/17 - 14:00:34] Vehicle ID 276 (Slot ID 16) Maintainence fee cost $3,000 to FBI's budget fund.
[2025/4/17 - 14:00:34] Vehicle ID 300 (Slot ID 53) Maintainence fee cost $3,500 to FBI's budget fund.
[2025/4/17 - 14:00:34] Vehicle ID 354 (Slot ID 112) Maintainence fee cost $2,500 to FBI's budget fund.
[2025/4/17 - 14:00:34] Vehicle ID 360 (Slot ID 118) Maintainence fee cost $3,000 to FBI's budget fund.
[2025/4/17 - 14:00:34] Vehicle ID 366 (Slot ID 127) Maintainence fee cost $3,500 to FBI's budget fund.
[2025/4/17 - 14:00:34] Vehicle ID 0 (Slot ID 217) Maintainence fee cost $2,500 to FBI's budget fund.
[2025/4/17 - 14:00:34] Vehicle ID 466 (Slot ID 246) Maintainence fee cost $4,500 to FBI's budget fund.
[2025/4/17 - 14:00:34] Vehicle ID 490 (Slot ID 271) Maintainence fee cost $3,500 to FBI's budget fund.
[2025/4/17 - 14:00:34] Vehicle ID 492 (Slot ID 273) Maintainence fee cost $4,500 to FBI's budget fund.
[2025/4/17 - 14:00:34] Vehicle ID 495 (Slot ID 277) Maintainence fee cost $2,500 to FBI's budget fund.
[2025/4/17 - 14:00:34] Vehicle ID 511 (Slot ID 297) Maintainence fee cost $3,000 to FBI's budget fund.
[2025/4/17 - 14:00:34] Vehicle ID 512 (Slot ID 298) Maintainence fee cost $2,500 to FBI's budget fund.
[2025/4/17 - 14:00:34] Vehicle ID 527 (Slot ID 316) Maintainence fee cost $2,500 to FBI's budget fund.
[2025/4/17 - 14:00:34] Vehicle ID 581 (Slot ID 404) Maintainence fee cost $0 to FBI's budget fund.
[2025/4/17 - 14:00:34] Vehicle ID 0 (Slot ID 407) Maintainence fee cost $500 to FBI's budget fund.
[2025/4/17 - 14:00:34] Vehicle ID 589 (Slot ID 424) Maintainence fee cost $3,500 to FBI's budget fund.
[2025/4/17 - 14:00:34] Vehicle ID 601 (Slot ID 487) Maintainence fee cost $3,500 to FBI's budget fund.
[2025/4/17 - 14:00:34] Vehicle ID 0 (Slot ID 488) Maintainence fee cost $3,500 to FBI's budget fund.
[2025/4/17 - 14:00:34] Vehicle ID 0 (Slot ID 491) Maintainence fee cost $5,000 to FBI's budget fund.
[2025/4/17 - 14:00:34] Vehicle ID 0 (Slot ID 494) Maintainence fee cost $2,000 to FBI's budget fund.
[2025/4/17 - 14:00:34] Vehicle ID 605 (Slot ID 504) Maintainence fee cost $2,500 to FBI's budget fund.
[2025/4/17 - 14:00:34] Vehicle ID 0 (Slot ID 510) Maintainence fee cost $2,500 to FBI's budget fund.
[2025/4/17 - 14:00:34] Vehicle ID 609 (Slot ID 515) Maintainence fee cost $3,000 to FBI's budget fund.
[2025/4/17 - 14:00:34] Vehicle ID 0 (Slot ID 521) Maintainence fee cost $2,500 to FBI's budget fund.
[2025/4/17 - 14:00:34] Vehicle ID 0 (Slot ID 573) Maintainence fee cost $3,500 to FBI's budget fund.
[2025/4/17 - 14:00:34] Vehicle ID 619 (Slot ID 583) Maintainence fee cost $250 to FBI's budget fund.
[2025/4/17 - 14:00:34] Vehicle ID 620 (Slot ID 594) Maintainence fee cost $3,500 to FBI's budget fund.
[2025/4/17 - 14:00:34] Vehicle ID 0 (Slot ID 601) Maintainence fee cost $3,000 to FBI's budget fund.
[2025/4/17 - 14:00:34] Vehicle ID 65535 (Slot ID 620) Maintainence fee cost $5,000 to FBI's budget fund.
[2025/4/17 - 14:00:34] Vehicle ID 0 (Slot ID 656) Maintainence fee cost $3,000 to FBI's budget fund.
[2025/4/17 - 14:00:34] Vehicle ID 0 (Slot ID 664) Maintainence fee cost $2,500 to FBI's budget fund.
[2025/4/17 - 14:00:34] Vehicle ID 0 (Slot ID 672) Maintainence fee cost $2,500 to FBI's budget fund.
[2025/4/17 - 14:00:34] Vehicle ID 0 (Slot ID 680) Maintainence fee cost $2,500 to FBI's budget fund.
[2025/4/17 - 15:00:58] The faction vault is at $382,781,275.
[2025/4/17 - 15:00:58] SA Gov Paid $80,000 to FBI budget fund.
[2025/4/17 - 15:00:58] Vehicle ID 264 (Slot ID 4) Maintainence fee cost $3,000 to FBI's budget fund.
[2025/4/17 - 15:00:58] Vehicle ID 276 (Slot ID 16) Maintainence fee cost $3,000 to FBI's budget fund.
[2025/4/17 - 15:00:58] Vehicle ID 300 (Slot ID 53) Maintainence fee cost $3,500 to FBI's budget fund.
[2025/4/17 - 15:00:58] Vehicle ID 354 (Slot ID 112) Maintainence fee cost $2,500 to FBI's budget fund.
[2025/4/17 - 15:00:58] Vehicle ID 360 (Slot ID 118) Maintainence fee cost $3,000 to FBI's budget fund.
[2025/4/17 - 15:00:58] Vehicle ID 366 (Slot ID 127) Maintainence fee cost $3,500 to FBI's budget fund.
[2025/4/17 - 15:00:58] Vehicle ID 0 (Slot ID 217) Maintainence fee cost $2,500 to FBI's budget fund.
[2025/4/17 - 15:00:58] Vehicle ID 466 (Slot ID 246) Maintainence fee cost $4,500 to FBI's budget fund.
[2025/4/17 - 15:00:58] Vehicle ID 490 (Slot ID 271) Maintainence fee cost $3,500 to FBI's budget fund.
[2025/4/17 - 15:00:58] Vehicle ID 492 (Slot ID 273) Maintainence fee cost $4,500 to FBI's budget fund.
[2025/4/17 - 15:00:58] Vehicle ID 495 (Slot ID 277) Maintainence fee cost $2,500 to FBI's budget fund.
[2025/4/17 - 15:00:58] Vehicle ID 511 (Slot ID 297) Maintainence fee cost $3,000 to FBI's budget fund.
[2025/4/17 - 15:00:58] Vehicle ID 512 (Slot ID 298) Maintainence fee cost $2,500 to FBI's budget fund.
[2025/4/17 - 15:00:58] Vehicle ID 527 (Slot ID 316) Maintainence fee cost $2,500 to FBI's budget fund.
[2025/4/17 - 15:00:58] Vehicle ID 581 (Slot ID 404) Maintainence fee cost $0 to FBI's budget fund.
[2025/4/17 - 15:00:58] Vehicle ID 0 (Slot ID 407) Maintainence fee cost $500 to FBI's budget fund.
[2025/4/17 - 15:00:58] Vehicle ID 589 (Slot ID 424) Maintainence fee cost $3,500 to FBI's budget fund.
[2025/4/17 - 15:00:58] Vehicle ID 601 (Slot ID 487) Maintainence fee cost $3,500 to FBI's budget fund.
[2025/4/17 - 15:00:58] Vehicle ID 0 (Slot ID 488) Maintainence fee cost $3,500 to FBI's budget fund.
[2025/4/17 - 15:00:58] Vehicle ID 0 (Slot ID 491) Maintainence fee cost $5,000 to FBI's budget fund.
[2025/4/17 - 15:00:58] Vehicle ID 0 (Slot ID 494) Maintainence fee cost $2,000 to FBI's budget fund.
[2025/4/17 - 15:00:58] Vehicle ID 605 (Slot ID 504) Maintainence fee cost $2,500 to FBI's budget fund.
[2025/4/17 - 15:00:58] Vehicle ID 0 (Slot ID 510) Maintainence fee cost $2,500 to FBI's budget fund.
[2025/4/17 - 15:00:58] Vehicle ID 609 (Slot ID 515) Maintainence fee cost $3,000 to FBI's budget fund.
[2025/4/17 - 15:00:58] Vehicle ID 0 (Slot ID 521) Maintainence fee cost $2,500 to FBI's budget fund.
[2025/4/17 - 15:00:58] Vehicle ID 0 (Slot ID 573) Maintainence fee cost $3,500 to FBI's budget fund.
[2025/4/17 - 15:00:58] Vehicle ID 619 (Slot ID 583) Maintainence fee cost $250 to FBI's budget fund.
[2025/4/17 - 15:00:58] Vehicle ID 620 (Slot ID 594) Maintainence fee cost $3,500 to FBI's budget fund.
[2025/4/17 - 15:00:58] Vehicle ID 0 (Slot ID 601) Maintainence fee cost $3,000 to FBI's budget fund.
[2025/4/17 - 15:00:58] Vehicle ID 65535 (Slot ID 620) Maintainence fee cost $5,000 to FBI's budget fund.
[2025/4/17 - 15:00:58] Vehicle ID 0 (Slot ID 656) Maintainence fee cost $3,000 to FBI's budget fund.
[2025/4/17 - 15:00:58] Vehicle ID 0 (Slot ID 664) Maintainence fee cost $2,500 to FBI's budget fund.
[2025/4/17 - 15:00:58] Vehicle ID 0 (Slot ID 672) Maintainence fee cost $2,500 to FBI's budget fund.
[2025/4/17 - 15:00:58] Vehicle ID 0 (Slot ID 680) Maintainence fee cost $2,500 to FBI's budget fund.
[2025/4/17 - 15:56:47] Vehicle Slot ID 404 RTB fee cost $0 to FBI's budget fund.
[2025/4/17 - 16:00:41] The faction vault is at $382,763,025.
[2025/4/17 - 16:00:41] SA Gov Paid $80,000 to FBI budget fund.
[2025/4/17 - 16:00:41] Vehicle ID 264 (Slot ID 4) Maintainence fee cost $3,000 to FBI's budget fund.
[2025/4/17 - 16:00:41] Vehicle ID 276 (Slot ID 16) Maintainence fee cost $3,000 to FBI's budget fund.
[2025/4/17 - 16:00:41] Vehicle ID 300 (Slot ID 53) Maintainence fee cost $3,500 to FBI's budget fund.
[2025/4/17 - 16:00:41] Vehicle ID 354 (Slot ID 112) Maintainence fee cost $2,500 to FBI's budget fund.
[2025/4/17 - 16:00:41] Vehicle ID 360 (Slot ID 118) Maintainence fee cost $3,000 to FBI's budget fund.
[2025/4/17 - 16:00:41] Vehicle ID 366 (Slot ID 127) Maintainence fee cost $3,500 to FBI's budget fund.
[2025/4/17 - 16:00:41] Vehicle ID 0 (Slot ID 217) Maintainence fee cost $2,500 to FBI's budget fund.
[2025/4/17 - 16:00:41] Vehicle ID 466 (Slot ID 246) Maintainence fee cost $4,500 to FBI's budget fund.
[2025/4/17 - 16:00:41] Vehicle ID 490 (Slot ID 271) Maintainence fee cost $3,500 to FBI's budget fund.
[2025/4/17 - 16:00:41] Vehicle ID 492 (Slot ID 273) Maintainence fee cost $4,500 to FBI's budget fund.
[2025/4/17 - 16:00:41] Vehicle ID 495 (Slot ID 277) Maintainence fee cost $2,500 to FBI's budget fund.
[2025/4/17 - 16:00:41] Vehicle ID 511 (Slot ID 297) Maintainence fee cost $3,000 to FBI's budget fund.
[2025/4/17 - 16:00:41] Vehicle ID 512 (Slot ID 298) Maintainence fee cost $2,500 to FBI's budget fund.
[2025/4/17 - 16:00:41] Vehicle ID 527 (Slot ID 316) Maintainence fee cost $2,500 to FBI's budget fund.
[2025/4/17 - 16:00:41] Vehicle ID 581 (Slot ID 404) Maintainence fee cost $0 to FBI's budget fund.
[2025/4/17 - 16:00:41] Vehicle ID 0 (Slot ID 407) Maintainence fee cost $500 to FBI's budget fund.
[2025/4/17 - 16:00:41] Vehicle ID 589 (Slot ID 424) Maintainence fee cost $3,500 to FBI's budget fund.
[2025/4/17 - 16:00:41] Vehicle ID 601 (Slot ID 487) Maintainence fee cost $3,500 to FBI's budget fund.
[2025/4/17 - 16:00:41] Vehicle ID 0 (Slot ID 488) Maintainence fee cost $3,500 to FBI's budget fund.
[2025/4/17 - 16:00:41] Vehicle ID 0 (Slot ID 491) Maintainence fee cost $5,000 to FBI's budget fund.
[2025/4/17 - 16:00:41] Vehicle ID 0 (Slot ID 494) Maintainence fee cost $2,000 to FBI's budget fund.
[2025/4/17 - 16:00:41] Vehicle ID 605 (Slot ID 504) Maintainence fee cost $2,500 to FBI's budget fund.
[2025/4/17 - 16:00:41] Vehicle ID 0 (Slot ID 510) Maintainence fee cost $2,500 to FBI's budget fund.
[2025/4/17 - 16:00:41] Vehicle ID 609 (Slot ID 515) Maintainence fee cost $3,000 to FBI's budget fund.
[2025/4/17 - 16:00:41] Vehicle ID 0 (Slot ID 521) Maintainence fee cost $2,500 to FBI's budget fund.
[2025/4/17 - 16:00:41] Vehicle ID 0 (Slot ID 573) Maintainence fee cost $3,500 to FBI's budget fund.
[2025/4/17 - 16:00:41] Vehicle ID 619 (Slot ID 583) Maintainence fee cost $250 to FBI's budget fund.
[2025/4/17 - 16:00:41] Vehicle ID 620 (Slot ID 594) Maintainence fee cost $3,500 to FBI's budget fund.
[2025/4/17 - 16:00:41] Vehicle ID 0 (Slot ID 601) Maintainence fee cost $3,000 to FBI's budget fund.
[2025/4/17 - 16:00:41] Vehicle ID 65535 (Slot ID 620) Maintainence fee cost $5,000 to FBI's budget fund.
[2025/4/17 - 16:00:41] Vehicle ID 0 (Slot ID 656) Maintainence fee cost $3,000 to FBI's budget fund.
[2025/4/17 - 16:00:41] Vehicle ID 0 (Slot ID 664) Maintainence fee cost $2,500 to FBI's budget fund.
[2025/4/17 - 16:00:41] Vehicle ID 0 (Slot ID 672) Maintainence fee cost $2,500 to FBI's budget fund.
[2025/4/17 - 16:00:41] Vehicle ID 0 (Slot ID 680) Maintainence fee cost $2,500 to FBI's budget fund.
[2025/4/17 - 16:04:58] Vehicle Slot ID 404 RTB fee cost $0 to FBI's budget fund.
[2025/4/17 - 17:00:01] The faction vault is at $382,744,775.
[2025/4/17 - 17:00:01] SA Gov Paid $80,000 to FBI budget fund.
[2025/4/17 - 17:00:01] Vehicle ID 264 (Slot ID 4) Maintainence fee cost $3,000 to FBI's budget fund.
[2025/4/17 - 17:00:01] Vehicle ID 276 (Slot ID 16) Maintainence fee cost $3,000 to FBI's budget fund.
[2025/4/17 - 17:00:01] Vehicle ID 300 (Slot ID 53) Maintainence fee cost $3,500 to FBI's budget fund.
[2025/4/17 - 17:00:01] Vehicle ID 354 (Slot ID 112) Maintainence fee cost $2,500 to FBI's budget fund.
[2025/4/17 - 17:00:01] Vehicle ID 360 (Slot ID 118) Maintainence fee cost $3,000 to FBI's budget fund.
[2025/4/17 - 17:00:01] Vehicle ID 366 (Slot ID 127) Maintainence fee cost $3,500 to FBI's budget fund.
[2025/4/17 - 17:00:01] Vehicle ID 0 (Slot ID 217) Maintainence fee cost $2,500 to FBI's budget fund.
[2025/4/17 - 17:00:01] Vehicle ID 466 (Slot ID 246) Maintainence fee cost $4,500 to FBI's budget fund.
[2025/4/17 - 17:00:01] Vehicle ID 490 (Slot ID 271) Maintainence fee cost $3,500 to FBI's budget fund.
[2025/4/17 - 17:00:01] Vehicle ID 492 (Slot ID 273) Maintainence fee cost $4,500 to FBI's budget fund.
[2025/4/17 - 17:00:01] Vehicle ID 495 (Slot ID 277) Maintainence fee cost $2,500 to FBI's budget fund.
[2025/4/17 - 17:00:01] Vehicle ID 511 (Slot ID 297) Maintainence fee cost $3,000 to FBI's budget fund.
[2025/4/17 - 17:00:01] Vehicle ID 512 (Slot ID 298) Maintainence fee cost $2,500 to FBI's budget fund.
[2025/4/17 - 17:00:01] Vehicle ID 527 (Slot ID 316) Maintainence fee cost $2,500 to FBI's budget fund.
[2025/4/17 - 17:00:01] Vehicle ID 581 (Slot ID 404) Maintainence fee cost $0 to FBI's budget fund.
[2025/4/17 - 17:00:01] Vehicle ID 0 (Slot ID 407) Maintainence fee cost $500 to FBI's budget fund.
[2025/4/17 - 17:00:01] Vehicle ID 589 (Slot ID 424) Maintainence fee cost $3,500 to FBI's budget fund.
[2025/4/17 - 17:00:01] Vehicle ID 601 (Slot ID 487) Maintainence fee cost $3,500 to FBI's budget fund.
[2025/4/17 - 17:00:01] Vehicle ID 0 (Slot ID 488) Maintainence fee cost $3,500 to FBI's budget fund.
[2025/4/17 - 17:00:01] Vehicle ID 0 (Slot ID 491) Maintainence fee cost $5,000 to FBI's budget fund.
[2025/4/17 - 17:00:01] Vehicle ID 0 (Slot ID 494) Maintainence fee cost $2,000 to FBI's budget fund.
[2025/4/17 - 17:00:01] Vehicle ID 605 (Slot ID 504) Maintainence fee cost $2,500 to FBI's budget fund.
[2025/4/17 - 17:00:01] Vehicle ID 0 (Slot ID 510) Maintainence fee cost $2,500 to FBI's budget fund.
[2025/4/17 - 17:00:01] Vehicle ID 609 (Slot ID 515) Maintainence fee cost $3,000 to FBI's budget fund.
[2025/4/17 - 17:00:01] Vehicle ID 0 (Slot ID 521) Maintainence fee cost $2,500 to FBI's budget fund.
[2025/4/17 - 17:00:01] Vehicle ID 0 (Slot ID 573) Maintainence fee cost $3,500 to FBI's budget fund.
[2025/4/17 - 17:00:01] Vehicle ID 619 (Slot ID 583) Maintainence fee cost $250 to FBI's budget fund.
[2025/4/17 - 17:00:01] Vehicle ID 620 (Slot ID 594) Maintainence fee cost $3,500 to FBI's budget fund.
[2025/4/17 - 17:00:01] Vehicle ID 0 (Slot ID 601) Maintainence fee cost $3,000 to FBI's budget fund.
[2025/4/17 - 17:00:01] Vehicle ID 65535 (Slot ID 620) Maintainence fee cost $5,000 to FBI's budget fund.
[2025/4/17 - 17:00:01] Vehicle ID 0 (Slot ID 656) Maintainence fee cost $3,000 to FBI's budget fund.
[2025/4/17 - 17:00:01] Vehicle ID 0 (Slot ID 664) Maintainence fee cost $2,500 to FBI's budget fund.
[2025/4/17 - 17:00:01] Vehicle ID 0 (Slot ID 672) Maintainence fee cost $2,500 to FBI's budget fund.
[2025/4/17 - 17:00:01] Vehicle ID 0 (Slot ID 680) Maintainence fee cost $2,500 to FBI's budget fund.
[2025/4/17 - 18:00:36] The faction vault is at $382,726,525.
[2025/4/17 - 18:00:36] SA Gov Paid $80,000 to FBI budget fund.
[2025/4/17 - 18:00:36] Vehicle ID 264 (Slot ID 4) Maintainence fee cost $3,000 to FBI's budget fund.
[2025/4/17 - 18:00:36] Vehicle ID 276 (Slot ID 16) Maintainence fee cost $3,000 to FBI's budget fund.
[2025/4/17 - 18:00:36] Vehicle ID 300 (Slot ID 53) Maintainence fee cost $3,500 to FBI's budget fund.
[2025/4/17 - 18:00:36] Vehicle ID 354 (Slot ID 112) Maintainence fee cost $2,500 to FBI's budget fund.
[2025/4/17 - 18:00:36] Vehicle ID 360 (Slot ID 118) Maintainence fee cost $3,000 to FBI's budget fund.
[2025/4/17 - 18:00:36] Vehicle ID 366 (Slot ID 127) Maintainence fee cost $3,500 to FBI's budget fund.
[2025/4/17 - 18:00:36] Vehicle ID 0 (Slot ID 217) Maintainence fee cost $2,500 to FBI's budget fund.
[2025/4/17 - 18:00:36] Vehicle ID 466 (Slot ID 246) Maintainence fee cost $4,500 to FBI's budget fund.
[2025/4/17 - 18:00:36] Vehicle ID 490 (Slot ID 271) Maintainence fee cost $3,500 to FBI's budget fund.
[2025/4/17 - 18:00:36] Vehicle ID 492 (Slot ID 273) Maintainence fee cost $4,500 to FBI's budget fund.
[2025/4/17 - 18:00:36] Vehicle ID 495 (Slot ID 277) Maintainence fee cost $2,500 to FBI's budget fund.
[2025/4/17 - 18:00:36] Vehicle ID 511 (Slot ID 297) Maintainence fee cost $3,000 to FBI's budget fund.
[2025/4/17 - 18:00:36] Vehicle ID 512 (Slot ID 298) Maintainence fee cost $2,500 to FBI's budget fund.
[2025/4/17 - 18:00:36] Vehicle ID 527 (Slot ID 316) Maintainence fee cost $2,500 to FBI's budget fund.
[2025/4/17 - 18:00:36] Vehicle ID 581 (Slot ID 404) Maintainence fee cost $0 to FBI's budget fund.
[2025/4/17 - 18:00:36] Vehicle ID 0 (Slot ID 407) Maintainence fee cost $500 to FBI's budget fund.
[2025/4/17 - 18:00:36] Vehicle ID 589 (Slot ID 424) Maintainence fee cost $3,500 to FBI's budget fund.
[2025/4/17 - 18:00:36] Vehicle ID 601 (Slot ID 487) Maintainence fee cost $3,500 to FBI's budget fund.
[2025/4/17 - 18:00:36] Vehicle ID 0 (Slot ID 488) Maintainence fee cost $3,500 to FBI's budget fund.
[2025/4/17 - 18:00:36] Vehicle ID 0 (Slot ID 491) Maintainence fee cost $5,000 to FBI's budget fund.
[2025/4/17 - 18:00:36] Vehicle ID 0 (Slot ID 494) Maintainence fee cost $2,000 to FBI's budget fund.
[2025/4/17 - 18:00:36] Vehicle ID 605 (Slot ID 504) Maintainence fee cost $2,500 to FBI's budget fund.
[2025/4/17 - 18:00:36] Vehicle ID 0 (Slot ID 510) Maintainence fee cost $2,500 to FBI's budget fund.
[2025/4/17 - 18:00:36] Vehicle ID 609 (Slot ID 515) Maintainence fee cost $3,000 to FBI's budget fund.
[2025/4/17 - 18:00:36] Vehicle ID 0 (Slot ID 521) Maintainence fee cost $2,500 to FBI's budget fund.
[2025/4/17 - 18:00:36] Vehicle ID 0 (Slot ID 573) Maintainence fee cost $3,500 to FBI's budget fund.
[2025/4/17 - 18:00:36] Vehicle ID 619 (Slot ID 583) Maintainence fee cost $250 to FBI's budget fund.
[2025/4/17 - 18:00:36] Vehicle ID 620 (Slot ID 594) Maintainence fee cost $3,500 to FBI's budget fund.
[2025/4/17 - 18:00:36] Vehicle ID 0 (Slot ID 601) Maintainence fee cost $3,000 to FBI's budget fund.
[2025/4/17 - 18:00:36] Vehicle ID 65535 (Slot ID 620) Maintainence fee cost $5,000 to FBI's budget fund.
[2025/4/17 - 18:00:36] Vehicle ID 0 (Slot ID 656) Maintainence fee cost $3,000 to FBI's budget fund.
[2025/4/17 - 18:00:36] Vehicle ID 0 (Slot ID 664) Maintainence fee cost $2,500 to FBI's budget fund.
[2025/4/17 - 18:00:36] Vehicle ID 0 (Slot ID 672) Maintainence fee cost $2,500 to FBI's budget fund.
[2025/4/17 - 18:00:36] Vehicle ID 0 (Slot ID 680) Maintainence fee cost $2,500 to FBI's budget fund.
[2025/4/17 - 19:00:37] The faction vault is at $382,708,275.
[2025/4/17 - 19:00:37] SA Gov Paid $80,000 to FBI budget fund.
[2025/4/17 - 19:00:37] Vehicle ID 264 (Slot ID 4) Maintainence fee cost $3,000 to FBI's budget fund.
[2025/4/17 - 19:00:37] Vehicle ID 276 (Slot ID 16) Maintainence fee cost $3,000 to FBI's budget fund.
[2025/4/17 - 19:00:37] Vehicle ID 300 (Slot ID 53) Maintainence fee cost $3,500 to FBI's budget fund.
[2025/4/17 - 19:00:37] Vehicle ID 354 (Slot ID 112) Maintainence fee cost $2,500 to FBI's budget fund.
[2025/4/17 - 19:00:37] Vehicle ID 360 (Slot ID 118) Maintainence fee cost $3,000 to FBI's budget fund.
[2025/4/17 - 19:00:37] Vehicle ID 366 (Slot ID 127) Maintainence fee cost $3,500 to FBI's budget fund.
[2025/4/17 - 19:00:37] Vehicle ID 0 (Slot ID 217) Maintainence fee cost $2,500 to FBI's budget fund.
[2025/4/17 - 19:00:37] Vehicle ID 466 (Slot ID 246) Maintainence fee cost $4,500 to FBI's budget fund.
[2025/4/17 - 19:00:37] Vehicle ID 490 (Slot ID 271) Maintainence fee cost $3,500 to FBI's budget fund.
[2025/4/17 - 19:00:37] Vehicle ID 492 (Slot ID 273) Maintainence fee cost $4,500 to FBI's budget fund.
[2025/4/17 - 19:00:37] Vehicle ID 495 (Slot ID 277) Maintainence fee cost $2,500 to FBI's budget fund.
[2025/4/17 - 19:00:37] Vehicle ID 511 (Slot ID 297) Maintainence fee cost $3,000 to FBI's budget fund.
[2025/4/17 - 19:00:37] Vehicle ID 512 (Slot ID 298) Maintainence fee cost $2,500 to FBI's budget fund.
[2025/4/17 - 19:00:37] Vehicle ID 527 (Slot ID 316) Maintainence fee cost $2,500 to FBI's budget fund.
[2025/4/17 - 19:00:37] Vehicle ID 581 (Slot ID 404) Maintainence fee cost $0 to FBI's budget fund.
[2025/4/17 - 19:00:37] Vehicle ID 0 (Slot ID 407) Maintainence fee cost $500 to FBI's budget fund.
[2025/4/17 - 19:00:37] Vehicle ID 589 (Slot ID 424) Maintainence fee cost $3,500 to FBI's budget fund.
[2025/4/17 - 19:00:37] Vehicle ID 601 (Slot ID 487) Maintainence fee cost $3,500 to FBI's budget fund.
[2025/4/17 - 19:00:37] Vehicle ID 0 (Slot ID 488) Maintainence fee cost $3,500 to FBI's budget fund.
[2025/4/17 - 19:00:37] Vehicle ID 0 (Slot ID 491) Maintainence fee cost $5,000 to FBI's budget fund.
[2025/4/17 - 19:00:37] Vehicle ID 0 (Slot ID 494) Maintainence fee cost $2,000 to FBI's budget fund.
[2025/4/17 - 19:00:37] Vehicle ID 605 (Slot ID 504) Maintainence fee cost $2,500 to FBI's budget fund.
[2025/4/17 - 19:00:37] Vehicle ID 0 (Slot ID 510) Maintainence fee cost $2,500 to FBI's budget fund.
[2025/4/17 - 19:00:37] Vehicle ID 609 (Slot ID 515) Maintainence fee cost $3,000 to FBI's budget fund.
[2025/4/17 - 19:00:37] Vehicle ID 0 (Slot ID 521) Maintainence fee cost $2,500 to FBI's budget fund.
[2025/4/17 - 19:00:37] Vehicle ID 0 (Slot ID 573) Maintainence fee cost $3,500 to FBI's budget fund.
[2025/4/17 - 19:00:37] Vehicle ID 619 (Slot ID 583) Maintainence fee cost $250 to FBI's budget fund.
[2025/4/17 - 19:00:37] Vehicle ID 620 (Slot ID 594) Maintainence fee cost $3,500 to FBI's budget fund.
[2025/4/17 - 19:00:37] Vehicle ID 0 (Slot ID 601) Maintainence fee cost $3,000 to FBI's budget fund.
[2025/4/17 - 19:00:37] Vehicle ID 65535 (Slot ID 620) Maintainence fee cost $5,000 to FBI's budget fund.
[2025/4/17 - 19:00:37] Vehicle ID 0 (Slot ID 656) Maintainence fee cost $3,000 to FBI's budget fund.
[2025/4/17 - 19:00:37] Vehicle ID 0 (Slot ID 664) Maintainence fee cost $2,500 to FBI's budget fund.
[2025/4/17 - 19:00:37] Vehicle ID 0 (Slot ID 672) Maintainence fee cost $2,500 to FBI's budget fund.
[2025/4/17 - 19:00:37] Vehicle ID 0 (Slot ID 680) Maintainence fee cost $2,500 to FBI's budget fund.
[2025/4/17 - 23:05:06] Vehicle Slot ID 404 RTB fee cost $0 to FBI's budget fund.
