[2025/4/15 - 0:22:11] Vehicle Slot ID 404 RTB fee cost $0 to FBI's budget fund.
[2025/4/15 - 0:22:57] Vehicle Slot ID 404 RTB fee cost $0 to FBI's budget fund.
[2025/4/15 - 2:41:44] Vehicle Slot ID 404 RTB fee cost $0 to FBI's budget fund.
[2025/4/15 - 2:48:22] Vehicle Slot ID 404 RTB fee cost $0 to FBI's budget fund.
[2025/4/15 - 3:00:24] The faction vault is at $382,981,825.
[2025/4/15 - 3:00:24] SA Gov Paid $80,000 to FBI budget fund.
[2025/4/15 - 3:00:24] Vehicle ID 264 (Slot ID 4) Maintainence fee cost $3,000 to FBI's budget fund.
[2025/4/15 - 3:00:24] Vehicle ID 276 (Slot ID 16) Maintainence fee cost $3,000 to FBI's budget fund.
[2025/4/15 - 3:00:24] Vehicle ID 300 (Slot ID 53) Maintainence fee cost $3,500 to FBI's budget fund.
[2025/4/15 - 3:00:24] Vehicle ID 354 (Slot ID 112) Maintainence fee cost $2,500 to FBI's budget fund.
[2025/4/15 - 3:00:24] Vehicle ID 360 (Slot ID 118) Maintainence fee cost $3,000 to FBI's budget fund.
[2025/4/15 - 3:00:24] Vehicle ID 366 (Slot ID 127) Maintainence fee cost $3,500 to FBI's budget fund.
[2025/4/15 - 3:00:24] Vehicle ID 0 (Slot ID 217) Maintainence fee cost $2,500 to FBI's budget fund.
[2025/4/15 - 3:00:24] Vehicle ID 466 (Slot ID 246) Maintainence fee cost $4,500 to FBI's budget fund.
[2025/4/15 - 3:00:24] Vehicle ID 490 (Slot ID 271) Maintainence fee cost $3,500 to FBI's budget fund.
[2025/4/15 - 3:00:24] Vehicle ID 492 (Slot ID 273) Maintainence fee cost $4,500 to FBI's budget fund.
[2025/4/15 - 3:00:24] Vehicle ID 495 (Slot ID 277) Maintainence fee cost $2,500 to FBI's budget fund.
[2025/4/15 - 3:00:24] Vehicle ID 511 (Slot ID 297) Maintainence fee cost $3,000 to FBI's budget fund.
[2025/4/15 - 3:00:24] Vehicle ID 512 (Slot ID 298) Maintainence fee cost $2,500 to FBI's budget fund.
[2025/4/15 - 3:00:24] Vehicle ID 527 (Slot ID 316) Maintainence fee cost $2,500 to FBI's budget fund.
[2025/4/15 - 3:00:24] Vehicle ID 581 (Slot ID 404) Maintainence fee cost $0 to FBI's budget fund.
[2025/4/15 - 3:00:24] Vehicle ID 0 (Slot ID 407) Maintainence fee cost $500 to FBI's budget fund.
[2025/4/15 - 3:00:24] Vehicle ID 589 (Slot ID 424) Maintainence fee cost $3,500 to FBI's budget fund.
[2025/4/15 - 3:00:24] Vehicle ID 601 (Slot ID 487) Maintainence fee cost $3,500 to FBI's budget fund.
[2025/4/15 - 3:00:24] Vehicle ID 0 (Slot ID 488) Maintainence fee cost $3,500 to FBI's budget fund.
[2025/4/15 - 3:00:24] Vehicle ID 0 (Slot ID 491) Maintainence fee cost $5,000 to FBI's budget fund.
[2025/4/15 - 3:00:24] Vehicle ID 0 (Slot ID 494) Maintainence fee cost $2,000 to FBI's budget fund.
[2025/4/15 - 3:00:24] Vehicle ID 605 (Slot ID 504) Maintainence fee cost $2,500 to FBI's budget fund.
[2025/4/15 - 3:00:24] Vehicle ID 0 (Slot ID 510) Maintainence fee cost $2,500 to FBI's budget fund.
[2025/4/15 - 3:00:24] Vehicle ID 609 (Slot ID 515) Maintainence fee cost $3,000 to FBI's budget fund.
[2025/4/15 - 3:00:24] Vehicle ID 0 (Slot ID 521) Maintainence fee cost $2,500 to FBI's budget fund.
[2025/4/15 - 3:00:24] Vehicle ID 0 (Slot ID 573) Maintainence fee cost $3,500 to FBI's budget fund.
[2025/4/15 - 3:00:24] Vehicle ID 619 (Slot ID 583) Maintainence fee cost $250 to FBI's budget fund.
[2025/4/15 - 3:00:24] Vehicle ID 620 (Slot ID 594) Maintainence fee cost $3,500 to FBI's budget fund.
[2025/4/15 - 3:00:24] Vehicle ID 0 (Slot ID 601) Maintainence fee cost $3,000 to FBI's budget fund.
[2025/4/15 - 3:00:24] Vehicle ID 65535 (Slot ID 620) Maintainence fee cost $5,000 to FBI's budget fund.
[2025/4/15 - 3:00:24] Vehicle ID 0 (Slot ID 656) Maintainence fee cost $3,000 to FBI's budget fund.
[2025/4/15 - 3:00:24] Vehicle ID 0 (Slot ID 664) Maintainence fee cost $2,500 to FBI's budget fund.
[2025/4/15 - 3:00:24] Vehicle ID 0 (Slot ID 672) Maintainence fee cost $2,500 to FBI's budget fund.
[2025/4/15 - 3:00:24] Vehicle ID 0 (Slot ID 680) Maintainence fee cost $2,500 to FBI's budget fund.
[2025/4/15 - 3:00:40] The faction vault is at $382,981,825.
[2025/4/15 - 3:00:40] SA Gov Paid $80,000 to FBI budget fund.
[2025/4/15 - 3:00:40] Vehicle ID 264 (Slot ID 4) Maintainence fee cost $3,000 to FBI's budget fund.
[2025/4/15 - 3:00:40] Vehicle ID 276 (Slot ID 16) Maintainence fee cost $3,000 to FBI's budget fund.
[2025/4/15 - 3:00:40] Vehicle ID 300 (Slot ID 53) Maintainence fee cost $3,500 to FBI's budget fund.
[2025/4/15 - 3:00:40] Vehicle ID 354 (Slot ID 112) Maintainence fee cost $2,500 to FBI's budget fund.
[2025/4/15 - 3:00:40] Vehicle ID 360 (Slot ID 118) Maintainence fee cost $3,000 to FBI's budget fund.
[2025/4/15 - 3:00:40] Vehicle ID 366 (Slot ID 127) Maintainence fee cost $3,500 to FBI's budget fund.
[2025/4/15 - 3:00:40] Vehicle ID 0 (Slot ID 217) Maintainence fee cost $2,500 to FBI's budget fund.
[2025/4/15 - 3:00:40] Vehicle ID 466 (Slot ID 246) Maintainence fee cost $4,500 to FBI's budget fund.
[2025/4/15 - 3:00:40] Vehicle ID 490 (Slot ID 271) Maintainence fee cost $3,500 to FBI's budget fund.
[2025/4/15 - 3:00:40] Vehicle ID 492 (Slot ID 273) Maintainence fee cost $4,500 to FBI's budget fund.
[2025/4/15 - 3:00:40] Vehicle ID 495 (Slot ID 277) Maintainence fee cost $2,500 to FBI's budget fund.
[2025/4/15 - 3:00:40] Vehicle ID 511 (Slot ID 297) Maintainence fee cost $3,000 to FBI's budget fund.
[2025/4/15 - 3:00:40] Vehicle ID 512 (Slot ID 298) Maintainence fee cost $2,500 to FBI's budget fund.
[2025/4/15 - 3:00:40] Vehicle ID 527 (Slot ID 316) Maintainence fee cost $2,500 to FBI's budget fund.
[2025/4/15 - 3:00:40] Vehicle ID 581 (Slot ID 404) Maintainence fee cost $0 to FBI's budget fund.
[2025/4/15 - 3:00:40] Vehicle ID 0 (Slot ID 407) Maintainence fee cost $500 to FBI's budget fund.
[2025/4/15 - 3:00:40] Vehicle ID 589 (Slot ID 424) Maintainence fee cost $3,500 to FBI's budget fund.
[2025/4/15 - 3:00:40] Vehicle ID 601 (Slot ID 487) Maintainence fee cost $3,500 to FBI's budget fund.
[2025/4/15 - 3:00:40] Vehicle ID 0 (Slot ID 488) Maintainence fee cost $3,500 to FBI's budget fund.
[2025/4/15 - 3:00:40] Vehicle ID 0 (Slot ID 491) Maintainence fee cost $5,000 to FBI's budget fund.
[2025/4/15 - 3:00:40] Vehicle ID 0 (Slot ID 494) Maintainence fee cost $2,000 to FBI's budget fund.
[2025/4/15 - 3:00:40] Vehicle ID 605 (Slot ID 504) Maintainence fee cost $2,500 to FBI's budget fund.
[2025/4/15 - 3:00:40] Vehicle ID 0 (Slot ID 510) Maintainence fee cost $2,500 to FBI's budget fund.
[2025/4/15 - 3:00:40] Vehicle ID 609 (Slot ID 515) Maintainence fee cost $3,000 to FBI's budget fund.
[2025/4/15 - 3:00:40] Vehicle ID 0 (Slot ID 521) Maintainence fee cost $2,500 to FBI's budget fund.
[2025/4/15 - 3:00:40] Vehicle ID 0 (Slot ID 573) Maintainence fee cost $3,500 to FBI's budget fund.
[2025/4/15 - 3:00:40] Vehicle ID 619 (Slot ID 583) Maintainence fee cost $250 to FBI's budget fund.
[2025/4/15 - 3:00:40] Vehicle ID 620 (Slot ID 594) Maintainence fee cost $3,500 to FBI's budget fund.
[2025/4/15 - 3:00:40] Vehicle ID 0 (Slot ID 601) Maintainence fee cost $3,000 to FBI's budget fund.
[2025/4/15 - 3:00:40] Vehicle ID 65535 (Slot ID 620) Maintainence fee cost $5,000 to FBI's budget fund.
[2025/4/15 - 3:00:40] Vehicle ID 0 (Slot ID 656) Maintainence fee cost $3,000 to FBI's budget fund.
[2025/4/15 - 3:00:40] Vehicle ID 0 (Slot ID 664) Maintainence fee cost $2,500 to FBI's budget fund.
[2025/4/15 - 3:00:40] Vehicle ID 0 (Slot ID 672) Maintainence fee cost $2,500 to FBI's budget fund.
[2025/4/15 - 3:00:40] Vehicle ID 0 (Slot ID 680) Maintainence fee cost $2,500 to FBI's budget fund.
[2025/4/15 - 3:15:05] Vehicle Slot ID 404 RTB fee cost $0 to FBI's budget fund.
[2025/4/15 - 3:19:02] Vehicle Slot ID 404 RTB fee cost $0 to FBI's budget fund.
[2025/4/15 - 3:22:54] Vehicle Slot ID 404 RTB fee cost $0 to FBI's budget fund.
[2025/4/15 - 4:00:23] The faction vault is at $382,963,575.
[2025/4/15 - 4:00:23] SA Gov Paid $80,000 to FBI budget fund.
[2025/4/15 - 4:00:23] Vehicle ID 264 (Slot ID 4) Maintainence fee cost $3,000 to FBI's budget fund.
[2025/4/15 - 4:00:23] Vehicle ID 276 (Slot ID 16) Maintainence fee cost $3,000 to FBI's budget fund.
[2025/4/15 - 4:00:23] Vehicle ID 300 (Slot ID 53) Maintainence fee cost $3,500 to FBI's budget fund.
[2025/4/15 - 4:00:23] Vehicle ID 354 (Slot ID 112) Maintainence fee cost $2,500 to FBI's budget fund.
[2025/4/15 - 4:00:23] Vehicle ID 360 (Slot ID 118) Maintainence fee cost $3,000 to FBI's budget fund.
[2025/4/15 - 4:00:23] Vehicle ID 366 (Slot ID 127) Maintainence fee cost $3,500 to FBI's budget fund.
[2025/4/15 - 4:00:23] Vehicle ID 0 (Slot ID 217) Maintainence fee cost $2,500 to FBI's budget fund.
[2025/4/15 - 4:00:23] Vehicle ID 466 (Slot ID 246) Maintainence fee cost $4,500 to FBI's budget fund.
[2025/4/15 - 4:00:23] Vehicle ID 490 (Slot ID 271) Maintainence fee cost $3,500 to FBI's budget fund.
[2025/4/15 - 4:00:23] Vehicle ID 492 (Slot ID 273) Maintainence fee cost $4,500 to FBI's budget fund.
[2025/4/15 - 4:00:23] Vehicle ID 495 (Slot ID 277) Maintainence fee cost $2,500 to FBI's budget fund.
[2025/4/15 - 4:00:23] Vehicle ID 511 (Slot ID 297) Maintainence fee cost $3,000 to FBI's budget fund.
[2025/4/15 - 4:00:23] Vehicle ID 512 (Slot ID 298) Maintainence fee cost $2,500 to FBI's budget fund.
[2025/4/15 - 4:00:23] Vehicle ID 527 (Slot ID 316) Maintainence fee cost $2,500 to FBI's budget fund.
[2025/4/15 - 4:00:23] Vehicle ID 581 (Slot ID 404) Maintainence fee cost $0 to FBI's budget fund.
[2025/4/15 - 4:00:23] Vehicle ID 0 (Slot ID 407) Maintainence fee cost $500 to FBI's budget fund.
[2025/4/15 - 4:00:23] Vehicle ID 589 (Slot ID 424) Maintainence fee cost $3,500 to FBI's budget fund.
[2025/4/15 - 4:00:23] Vehicle ID 601 (Slot ID 487) Maintainence fee cost $3,500 to FBI's budget fund.
[2025/4/15 - 4:00:23] Vehicle ID 0 (Slot ID 488) Maintainence fee cost $3,500 to FBI's budget fund.
[2025/4/15 - 4:00:23] Vehicle ID 0 (Slot ID 491) Maintainence fee cost $5,000 to FBI's budget fund.
[2025/4/15 - 4:00:23] Vehicle ID 0 (Slot ID 494) Maintainence fee cost $2,000 to FBI's budget fund.
[2025/4/15 - 4:00:23] Vehicle ID 605 (Slot ID 504) Maintainence fee cost $2,500 to FBI's budget fund.
[2025/4/15 - 4:00:23] Vehicle ID 0 (Slot ID 510) Maintainence fee cost $2,500 to FBI's budget fund.
[2025/4/15 - 4:00:23] Vehicle ID 609 (Slot ID 515) Maintainence fee cost $3,000 to FBI's budget fund.
[2025/4/15 - 4:00:23] Vehicle ID 0 (Slot ID 521) Maintainence fee cost $2,500 to FBI's budget fund.
[2025/4/15 - 4:00:23] Vehicle ID 0 (Slot ID 573) Maintainence fee cost $3,500 to FBI's budget fund.
[2025/4/15 - 4:00:23] Vehicle ID 619 (Slot ID 583) Maintainence fee cost $250 to FBI's budget fund.
[2025/4/15 - 4:00:23] Vehicle ID 620 (Slot ID 594) Maintainence fee cost $3,500 to FBI's budget fund.
[2025/4/15 - 4:00:23] Vehicle ID 0 (Slot ID 601) Maintainence fee cost $3,000 to FBI's budget fund.
[2025/4/15 - 4:00:23] Vehicle ID 65535 (Slot ID 620) Maintainence fee cost $5,000 to FBI's budget fund.
[2025/4/15 - 4:00:23] Vehicle ID 0 (Slot ID 656) Maintainence fee cost $3,000 to FBI's budget fund.
[2025/4/15 - 4:00:23] Vehicle ID 0 (Slot ID 664) Maintainence fee cost $2,500 to FBI's budget fund.
[2025/4/15 - 4:00:23] Vehicle ID 0 (Slot ID 672) Maintainence fee cost $2,500 to FBI's budget fund.
[2025/4/15 - 4:00:23] Vehicle ID 0 (Slot ID 680) Maintainence fee cost $2,500 to FBI's budget fund.
[2025/4/15 - 5:00:07] The faction vault is at $382,945,325.
[2025/4/15 - 5:00:07] SA Gov Paid $80,000 to FBI budget fund.
[2025/4/15 - 5:00:07] Vehicle ID 264 (Slot ID 4) Maintainence fee cost $3,000 to FBI's budget fund.
[2025/4/15 - 5:00:07] Vehicle ID 276 (Slot ID 16) Maintainence fee cost $3,000 to FBI's budget fund.
[2025/4/15 - 5:00:07] Vehicle ID 300 (Slot ID 53) Maintainence fee cost $3,500 to FBI's budget fund.
[2025/4/15 - 5:00:07] Vehicle ID 354 (Slot ID 112) Maintainence fee cost $2,500 to FBI's budget fund.
[2025/4/15 - 5:00:07] Vehicle ID 360 (Slot ID 118) Maintainence fee cost $3,000 to FBI's budget fund.
[2025/4/15 - 5:00:07] Vehicle ID 366 (Slot ID 127) Maintainence fee cost $3,500 to FBI's budget fund.
[2025/4/15 - 5:00:07] Vehicle ID 0 (Slot ID 217) Maintainence fee cost $2,500 to FBI's budget fund.
[2025/4/15 - 5:00:07] Vehicle ID 466 (Slot ID 246) Maintainence fee cost $4,500 to FBI's budget fund.
[2025/4/15 - 5:00:07] Vehicle ID 490 (Slot ID 271) Maintainence fee cost $3,500 to FBI's budget fund.
[2025/4/15 - 5:00:07] Vehicle ID 492 (Slot ID 273) Maintainence fee cost $4,500 to FBI's budget fund.
[2025/4/15 - 5:00:07] Vehicle ID 495 (Slot ID 277) Maintainence fee cost $2,500 to FBI's budget fund.
[2025/4/15 - 5:00:07] Vehicle ID 511 (Slot ID 297) Maintainence fee cost $3,000 to FBI's budget fund.
[2025/4/15 - 5:00:07] Vehicle ID 512 (Slot ID 298) Maintainence fee cost $2,500 to FBI's budget fund.
[2025/4/15 - 5:00:07] Vehicle ID 527 (Slot ID 316) Maintainence fee cost $2,500 to FBI's budget fund.
[2025/4/15 - 5:00:07] Vehicle ID 581 (Slot ID 404) Maintainence fee cost $0 to FBI's budget fund.
[2025/4/15 - 5:00:07] Vehicle ID 0 (Slot ID 407) Maintainence fee cost $500 to FBI's budget fund.
[2025/4/15 - 5:00:07] Vehicle ID 589 (Slot ID 424) Maintainence fee cost $3,500 to FBI's budget fund.
[2025/4/15 - 5:00:07] Vehicle ID 601 (Slot ID 487) Maintainence fee cost $3,500 to FBI's budget fund.
[2025/4/15 - 5:00:07] Vehicle ID 0 (Slot ID 488) Maintainence fee cost $3,500 to FBI's budget fund.
[2025/4/15 - 5:00:07] Vehicle ID 0 (Slot ID 491) Maintainence fee cost $5,000 to FBI's budget fund.
[2025/4/15 - 5:00:07] Vehicle ID 0 (Slot ID 494) Maintainence fee cost $2,000 to FBI's budget fund.
[2025/4/15 - 5:00:07] Vehicle ID 605 (Slot ID 504) Maintainence fee cost $2,500 to FBI's budget fund.
[2025/4/15 - 5:00:07] Vehicle ID 0 (Slot ID 510) Maintainence fee cost $2,500 to FBI's budget fund.
[2025/4/15 - 5:00:07] Vehicle ID 609 (Slot ID 515) Maintainence fee cost $3,000 to FBI's budget fund.
[2025/4/15 - 5:00:07] Vehicle ID 0 (Slot ID 521) Maintainence fee cost $2,500 to FBI's budget fund.
[2025/4/15 - 5:00:07] Vehicle ID 0 (Slot ID 573) Maintainence fee cost $3,500 to FBI's budget fund.
[2025/4/15 - 5:00:07] Vehicle ID 619 (Slot ID 583) Maintainence fee cost $250 to FBI's budget fund.
[2025/4/15 - 5:00:07] Vehicle ID 620 (Slot ID 594) Maintainence fee cost $3,500 to FBI's budget fund.
[2025/4/15 - 5:00:07] Vehicle ID 0 (Slot ID 601) Maintainence fee cost $3,000 to FBI's budget fund.
[2025/4/15 - 5:00:07] Vehicle ID 65535 (Slot ID 620) Maintainence fee cost $5,000 to FBI's budget fund.
[2025/4/15 - 5:00:07] Vehicle ID 0 (Slot ID 656) Maintainence fee cost $3,000 to FBI's budget fund.
[2025/4/15 - 5:00:07] Vehicle ID 0 (Slot ID 664) Maintainence fee cost $2,500 to FBI's budget fund.
[2025/4/15 - 5:00:07] Vehicle ID 0 (Slot ID 672) Maintainence fee cost $2,500 to FBI's budget fund.
[2025/4/15 - 5:00:07] Vehicle ID 0 (Slot ID 680) Maintainence fee cost $2,500 to FBI's budget fund.
