[2025/4/17 - 7:13:53] Vehicle Slot ID 41 RTB fee cost $2750 to RAF's budget fund.
[2025/4/17 - 7:13:53] Vehicle Slot ID 63 RTB fee cost $2750 to RAF's budget fund.
[2025/4/17 - 7:13:53] Vehicle Slot ID 180 RTB fee cost $2250 to RAF's budget fund.
[2025/4/17 - 7:13:53] Vehicle Slot ID 229 RTB fee cost $3250 to RAF's budget fund.
[2025/4/17 - 7:13:53] Vehicle Slot ID 252 RTB fee cost $2750 to RAF's budget fund.
[2025/4/17 - 7:13:53] Vehicle Slot ID 415 RTB fee cost $2750 to RAF's budget fund.
[2025/4/17 - 7:13:53] Vehicle Slot ID 419 RTB fee cost $2250 to RAF's budget fund.
[2025/4/17 - 7:13:53] Vehicle Slot ID 452 RTB fee cost $3250 to RAF's budget fund.
[2025/4/17 - 7:13:53] Vehicle Slot ID 595 RTB fee cost $3250 to RAF's budget fund.
[2025/4/17 - 8:00:05] The faction vault is at $97,574,284.
[2025/4/17 - 8:00:05] Vehicle ID 292 (Slot ID 41) Maintainence fee cost $5,500 to RAF's budget fund.
[2025/4/17 - 8:00:05] Vehicle ID 301 (Slot ID 54) Maintainence fee cost $3,000 to RAF's budget fund.
[2025/4/17 - 8:00:05] Vehicle ID 65535 (Slot ID 57) Maintainence fee cost $5,000 to RAF's budget fund.
[2025/4/17 - 8:00:05] Vehicle ID 307 (Slot ID 62) Maintainence fee cost $500 to RAF's budget fund.
[2025/4/17 - 8:00:05] Vehicle ID 308 (Slot ID 63) Maintainence fee cost $5,500 to RAF's budget fund.
[2025/4/17 - 8:00:05] Vehicle ID 326 (Slot ID 82) Maintainence fee cost $3,000 to RAF's budget fund.
[2025/4/17 - 8:00:05] Vehicle ID 331 (Slot ID 87) Maintainence fee cost $3,000 to RAF's budget fund.
[2025/4/17 - 8:00:05] Vehicle ID 334 (Slot ID 91) Maintainence fee cost $2,500 to RAF's budget fund.
[2025/4/17 - 8:00:05] Vehicle ID 335 (Slot ID 92) Maintainence fee cost $2,500 to RAF's budget fund.
[2025/4/17 - 8:00:05] Vehicle ID 401 (Slot ID 169) Maintainence fee cost $2,500 to RAF's budget fund.
[2025/4/17 - 8:00:05] Vehicle ID 410 (Slot ID 180) Maintainence fee cost $4,500 to RAF's budget fund.
[2025/4/17 - 8:00:05] Vehicle ID 451 (Slot ID 229) Maintainence fee cost $6,500 to RAF's budget fund.
[2025/4/17 - 8:00:05] Vehicle ID 472 (Slot ID 252) Maintainence fee cost $5,500 to RAF's budget fund.
[2025/4/17 - 8:00:05] Vehicle ID 478 (Slot ID 259) Maintainence fee cost $2,500 to RAF's budget fund.
[2025/4/17 - 8:00:05] Vehicle ID 501 (Slot ID 285) Maintainence fee cost $2,500 to RAF's budget fund.
[2025/4/17 - 8:00:05] Vehicle ID 502 (Slot ID 286) Maintainence fee cost $2,500 to RAF's budget fund.
[2025/4/17 - 8:00:05] Vehicle ID 568 (Slot ID 367) Maintainence fee cost $3,500 to RAF's budget fund.
[2025/4/17 - 8:00:05] Vehicle ID 582 (Slot ID 411) Maintainence fee cost $3,500 to RAF's budget fund.
[2025/4/17 - 8:00:05] Vehicle ID 584 (Slot ID 415) Maintainence fee cost $5,500 to RAF's budget fund.
[2025/4/17 - 8:00:05] Vehicle ID 586 (Slot ID 419) Maintainence fee cost $4,500 to RAF's budget fund.
[2025/4/17 - 8:00:05] Vehicle ID 595 (Slot ID 452) Maintainence fee cost $6,500 to RAF's budget fund.
[2025/4/17 - 8:00:05] Vehicle ID 603 (Slot ID 498) Maintainence fee cost $3,500 to RAF's budget fund.
[2025/4/17 - 8:00:05] Vehicle ID 0 (Slot ID 502) Maintainence fee cost $2,500 to RAF's budget fund.
[2025/4/17 - 8:00:05] Vehicle ID 606 (Slot ID 505) Maintainence fee cost $3,500 to RAF's budget fund.
[2025/4/17 - 8:00:05] Vehicle ID 0 (Slot ID 548) Maintainence fee cost $3,500 to RAF's budget fund.
[2025/4/17 - 8:00:05] Vehicle ID 0 (Slot ID 570) Maintainence fee cost $3,500 to RAF's budget fund.
[2025/4/17 - 8:00:05] Vehicle ID 0 (Slot ID 582) Maintainence fee cost $3,500 to RAF's budget fund.
[2025/4/17 - 8:00:05] Vehicle ID 621 (Slot ID 595) Maintainence fee cost $6,500 to RAF's budget fund.
[2025/4/17 - 8:00:05] Vehicle ID 0 (Slot ID 597) Maintainence fee cost $3,000 to RAF's budget fund.
[2025/4/17 - 8:00:05] Vehicle ID 0 (Slot ID 600) Maintainence fee cost $2,000 to RAF's budget fund.
[2025/4/17 - 8:00:05] Vehicle ID 622 (Slot ID 610) Maintainence fee cost $0 to RAF's budget fund.
[2025/4/17 - 8:00:05] Vehicle ID 623 (Slot ID 613) Maintainence fee cost $0 to RAF's budget fund.
[2025/4/17 - 8:00:05] Vehicle ID 0 (Slot ID 616) Maintainence fee cost $0 to RAF's budget fund.
[2025/4/17 - 8:00:05] Vehicle ID 0 (Slot ID 639) Maintainence fee cost $0 to RAF's budget fund.
[2025/4/17 - 8:00:05] Vehicle ID 65535 (Slot ID 667) Maintainence fee cost $0 to RAF's budget fund.
[2025/4/17 - 8:00:05] Vehicle ID 65535 (Slot ID 679) Maintainence fee cost $6,500 to RAF's budget fund.
[2025/4/17 - 9:00:26] The faction vault is at $97,455,784.
[2025/4/17 - 9:00:26] Vehicle ID 292 (Slot ID 41) Maintainence fee cost $5,500 to RAF's budget fund.
[2025/4/17 - 9:00:26] Vehicle ID 301 (Slot ID 54) Maintainence fee cost $3,000 to RAF's budget fund.
[2025/4/17 - 9:00:26] Vehicle ID 65535 (Slot ID 57) Maintainence fee cost $5,000 to RAF's budget fund.
[2025/4/17 - 9:00:26] Vehicle ID 307 (Slot ID 62) Maintainence fee cost $500 to RAF's budget fund.
[2025/4/17 - 9:00:26] Vehicle ID 308 (Slot ID 63) Maintainence fee cost $5,500 to RAF's budget fund.
[2025/4/17 - 9:00:26] Vehicle ID 326 (Slot ID 82) Maintainence fee cost $3,000 to RAF's budget fund.
[2025/4/17 - 9:00:26] Vehicle ID 331 (Slot ID 87) Maintainence fee cost $3,000 to RAF's budget fund.
[2025/4/17 - 9:00:26] Vehicle ID 334 (Slot ID 91) Maintainence fee cost $2,500 to RAF's budget fund.
[2025/4/17 - 9:00:26] Vehicle ID 335 (Slot ID 92) Maintainence fee cost $2,500 to RAF's budget fund.
[2025/4/17 - 9:00:26] Vehicle ID 401 (Slot ID 169) Maintainence fee cost $2,500 to RAF's budget fund.
[2025/4/17 - 9:00:26] Vehicle ID 410 (Slot ID 180) Maintainence fee cost $4,500 to RAF's budget fund.
[2025/4/17 - 9:00:26] Vehicle ID 451 (Slot ID 229) Maintainence fee cost $6,500 to RAF's budget fund.
[2025/4/17 - 9:00:26] Vehicle ID 472 (Slot ID 252) Maintainence fee cost $5,500 to RAF's budget fund.
[2025/4/17 - 9:00:26] Vehicle ID 478 (Slot ID 259) Maintainence fee cost $2,500 to RAF's budget fund.
[2025/4/17 - 9:00:26] Vehicle ID 501 (Slot ID 285) Maintainence fee cost $2,500 to RAF's budget fund.
[2025/4/17 - 9:00:26] Vehicle ID 502 (Slot ID 286) Maintainence fee cost $2,500 to RAF's budget fund.
[2025/4/17 - 9:00:26] Vehicle ID 568 (Slot ID 367) Maintainence fee cost $3,500 to RAF's budget fund.
[2025/4/17 - 9:00:26] Vehicle ID 582 (Slot ID 411) Maintainence fee cost $3,500 to RAF's budget fund.
[2025/4/17 - 9:00:26] Vehicle ID 584 (Slot ID 415) Maintainence fee cost $5,500 to RAF's budget fund.
[2025/4/17 - 9:00:26] Vehicle ID 586 (Slot ID 419) Maintainence fee cost $4,500 to RAF's budget fund.
[2025/4/17 - 9:00:26] Vehicle ID 595 (Slot ID 452) Maintainence fee cost $6,500 to RAF's budget fund.
[2025/4/17 - 9:00:26] Vehicle ID 603 (Slot ID 498) Maintainence fee cost $3,500 to RAF's budget fund.
[2025/4/17 - 9:00:26] Vehicle ID 0 (Slot ID 502) Maintainence fee cost $2,500 to RAF's budget fund.
[2025/4/17 - 9:00:26] Vehicle ID 606 (Slot ID 505) Maintainence fee cost $3,500 to RAF's budget fund.
[2025/4/17 - 9:00:26] Vehicle ID 0 (Slot ID 548) Maintainence fee cost $3,500 to RAF's budget fund.
[2025/4/17 - 9:00:26] Vehicle ID 0 (Slot ID 570) Maintainence fee cost $3,500 to RAF's budget fund.
[2025/4/17 - 9:00:26] Vehicle ID 0 (Slot ID 582) Maintainence fee cost $3,500 to RAF's budget fund.
[2025/4/17 - 9:00:26] Vehicle ID 621 (Slot ID 595) Maintainence fee cost $6,500 to RAF's budget fund.
[2025/4/17 - 9:00:26] Vehicle ID 0 (Slot ID 597) Maintainence fee cost $3,000 to RAF's budget fund.
[2025/4/17 - 9:00:26] Vehicle ID 0 (Slot ID 600) Maintainence fee cost $2,000 to RAF's budget fund.
[2025/4/17 - 9:00:26] Vehicle ID 622 (Slot ID 610) Maintainence fee cost $0 to RAF's budget fund.
[2025/4/17 - 9:00:26] Vehicle ID 623 (Slot ID 613) Maintainence fee cost $0 to RAF's budget fund.
[2025/4/17 - 9:00:26] Vehicle ID 0 (Slot ID 616) Maintainence fee cost $0 to RAF's budget fund.
[2025/4/17 - 9:00:26] Vehicle ID 0 (Slot ID 639) Maintainence fee cost $0 to RAF's budget fund.
[2025/4/17 - 9:00:26] Vehicle ID 65535 (Slot ID 667) Maintainence fee cost $0 to RAF's budget fund.
[2025/4/17 - 9:00:26] Vehicle ID 65535 (Slot ID 679) Maintainence fee cost $6,500 to RAF's budget fund.
[2025/4/17 - 10:00:44] The faction vault is at $97,337,284.
[2025/4/17 - 10:00:44] Vehicle ID 292 (Slot ID 41) Maintainence fee cost $5,500 to RAF's budget fund.
[2025/4/17 - 10:00:44] Vehicle ID 301 (Slot ID 54) Maintainence fee cost $3,000 to RAF's budget fund.
[2025/4/17 - 10:00:44] Vehicle ID 65535 (Slot ID 57) Maintainence fee cost $5,000 to RAF's budget fund.
[2025/4/17 - 10:00:44] Vehicle ID 307 (Slot ID 62) Maintainence fee cost $500 to RAF's budget fund.
[2025/4/17 - 10:00:44] Vehicle ID 308 (Slot ID 63) Maintainence fee cost $5,500 to RAF's budget fund.
[2025/4/17 - 10:00:44] Vehicle ID 326 (Slot ID 82) Maintainence fee cost $3,000 to RAF's budget fund.
[2025/4/17 - 10:00:44] Vehicle ID 331 (Slot ID 87) Maintainence fee cost $3,000 to RAF's budget fund.
[2025/4/17 - 10:00:44] Vehicle ID 334 (Slot ID 91) Maintainence fee cost $2,500 to RAF's budget fund.
[2025/4/17 - 10:00:44] Vehicle ID 335 (Slot ID 92) Maintainence fee cost $2,500 to RAF's budget fund.
[2025/4/17 - 10:00:44] Vehicle ID 401 (Slot ID 169) Maintainence fee cost $2,500 to RAF's budget fund.
[2025/4/17 - 10:00:44] Vehicle ID 410 (Slot ID 180) Maintainence fee cost $4,500 to RAF's budget fund.
[2025/4/17 - 10:00:44] Vehicle ID 451 (Slot ID 229) Maintainence fee cost $6,500 to RAF's budget fund.
[2025/4/17 - 10:00:44] Vehicle ID 472 (Slot ID 252) Maintainence fee cost $5,500 to RAF's budget fund.
[2025/4/17 - 10:00:44] Vehicle ID 478 (Slot ID 259) Maintainence fee cost $2,500 to RAF's budget fund.
[2025/4/17 - 10:00:44] Vehicle ID 501 (Slot ID 285) Maintainence fee cost $2,500 to RAF's budget fund.
[2025/4/17 - 10:00:44] Vehicle ID 502 (Slot ID 286) Maintainence fee cost $2,500 to RAF's budget fund.
[2025/4/17 - 10:00:44] Vehicle ID 568 (Slot ID 367) Maintainence fee cost $3,500 to RAF's budget fund.
[2025/4/17 - 10:00:44] Vehicle ID 582 (Slot ID 411) Maintainence fee cost $3,500 to RAF's budget fund.
[2025/4/17 - 10:00:44] Vehicle ID 584 (Slot ID 415) Maintainence fee cost $5,500 to RAF's budget fund.
[2025/4/17 - 10:00:44] Vehicle ID 586 (Slot ID 419) Maintainence fee cost $4,500 to RAF's budget fund.
[2025/4/17 - 10:00:44] Vehicle ID 595 (Slot ID 452) Maintainence fee cost $6,500 to RAF's budget fund.
[2025/4/17 - 10:00:44] Vehicle ID 603 (Slot ID 498) Maintainence fee cost $3,500 to RAF's budget fund.
[2025/4/17 - 10:00:44] Vehicle ID 0 (Slot ID 502) Maintainence fee cost $2,500 to RAF's budget fund.
[2025/4/17 - 10:00:44] Vehicle ID 606 (Slot ID 505) Maintainence fee cost $3,500 to RAF's budget fund.
[2025/4/17 - 10:00:44] Vehicle ID 0 (Slot ID 548) Maintainence fee cost $3,500 to RAF's budget fund.
[2025/4/17 - 10:00:44] Vehicle ID 0 (Slot ID 570) Maintainence fee cost $3,500 to RAF's budget fund.
[2025/4/17 - 10:00:44] Vehicle ID 0 (Slot ID 582) Maintainence fee cost $3,500 to RAF's budget fund.
[2025/4/17 - 10:00:44] Vehicle ID 621 (Slot ID 595) Maintainence fee cost $6,500 to RAF's budget fund.
[2025/4/17 - 10:00:44] Vehicle ID 0 (Slot ID 597) Maintainence fee cost $3,000 to RAF's budget fund.
[2025/4/17 - 10:00:44] Vehicle ID 0 (Slot ID 600) Maintainence fee cost $2,000 to RAF's budget fund.
[2025/4/17 - 10:00:44] Vehicle ID 622 (Slot ID 610) Maintainence fee cost $0 to RAF's budget fund.
[2025/4/17 - 10:00:44] Vehicle ID 623 (Slot ID 613) Maintainence fee cost $0 to RAF's budget fund.
[2025/4/17 - 10:00:44] Vehicle ID 0 (Slot ID 616) Maintainence fee cost $0 to RAF's budget fund.
[2025/4/17 - 10:00:44] Vehicle ID 0 (Slot ID 639) Maintainence fee cost $0 to RAF's budget fund.
[2025/4/17 - 10:00:44] Vehicle ID 65535 (Slot ID 667) Maintainence fee cost $0 to RAF's budget fund.
[2025/4/17 - 10:00:44] Vehicle ID 65535 (Slot ID 679) Maintainence fee cost $6,500 to RAF's budget fund.
[2025/4/17 - 11:00:56] The faction vault is at $97,218,784.
[2025/4/17 - 11:00:56] Vehicle ID 292 (Slot ID 41) Maintainence fee cost $5,500 to RAF's budget fund.
[2025/4/17 - 11:00:56] Vehicle ID 301 (Slot ID 54) Maintainence fee cost $3,000 to RAF's budget fund.
[2025/4/17 - 11:00:56] Vehicle ID 65535 (Slot ID 57) Maintainence fee cost $5,000 to RAF's budget fund.
[2025/4/17 - 11:00:56] Vehicle ID 307 (Slot ID 62) Maintainence fee cost $500 to RAF's budget fund.
[2025/4/17 - 11:00:56] Vehicle ID 308 (Slot ID 63) Maintainence fee cost $5,500 to RAF's budget fund.
[2025/4/17 - 11:00:56] Vehicle ID 326 (Slot ID 82) Maintainence fee cost $3,000 to RAF's budget fund.
[2025/4/17 - 11:00:56] Vehicle ID 331 (Slot ID 87) Maintainence fee cost $3,000 to RAF's budget fund.
[2025/4/17 - 11:00:56] Vehicle ID 334 (Slot ID 91) Maintainence fee cost $2,500 to RAF's budget fund.
[2025/4/17 - 11:00:56] Vehicle ID 335 (Slot ID 92) Maintainence fee cost $2,500 to RAF's budget fund.
[2025/4/17 - 11:00:56] Vehicle ID 401 (Slot ID 169) Maintainence fee cost $2,500 to RAF's budget fund.
[2025/4/17 - 11:00:56] Vehicle ID 410 (Slot ID 180) Maintainence fee cost $4,500 to RAF's budget fund.
[2025/4/17 - 11:00:56] Vehicle ID 451 (Slot ID 229) Maintainence fee cost $6,500 to RAF's budget fund.
[2025/4/17 - 11:00:56] Vehicle ID 472 (Slot ID 252) Maintainence fee cost $5,500 to RAF's budget fund.
[2025/4/17 - 11:00:56] Vehicle ID 478 (Slot ID 259) Maintainence fee cost $2,500 to RAF's budget fund.
[2025/4/17 - 11:00:56] Vehicle ID 501 (Slot ID 285) Maintainence fee cost $2,500 to RAF's budget fund.
[2025/4/17 - 11:00:56] Vehicle ID 502 (Slot ID 286) Maintainence fee cost $2,500 to RAF's budget fund.
[2025/4/17 - 11:00:56] Vehicle ID 568 (Slot ID 367) Maintainence fee cost $3,500 to RAF's budget fund.
[2025/4/17 - 11:00:56] Vehicle ID 582 (Slot ID 411) Maintainence fee cost $3,500 to RAF's budget fund.
[2025/4/17 - 11:00:56] Vehicle ID 584 (Slot ID 415) Maintainence fee cost $5,500 to RAF's budget fund.
[2025/4/17 - 11:00:56] Vehicle ID 586 (Slot ID 419) Maintainence fee cost $4,500 to RAF's budget fund.
[2025/4/17 - 11:00:56] Vehicle ID 595 (Slot ID 452) Maintainence fee cost $6,500 to RAF's budget fund.
[2025/4/17 - 11:00:56] Vehicle ID 603 (Slot ID 498) Maintainence fee cost $3,500 to RAF's budget fund.
[2025/4/17 - 11:00:56] Vehicle ID 0 (Slot ID 502) Maintainence fee cost $2,500 to RAF's budget fund.
[2025/4/17 - 11:00:56] Vehicle ID 606 (Slot ID 505) Maintainence fee cost $3,500 to RAF's budget fund.
[2025/4/17 - 11:00:56] Vehicle ID 0 (Slot ID 548) Maintainence fee cost $3,500 to RAF's budget fund.
[2025/4/17 - 11:00:56] Vehicle ID 0 (Slot ID 570) Maintainence fee cost $3,500 to RAF's budget fund.
[2025/4/17 - 11:00:56] Vehicle ID 0 (Slot ID 582) Maintainence fee cost $3,500 to RAF's budget fund.
[2025/4/17 - 11:00:56] Vehicle ID 621 (Slot ID 595) Maintainence fee cost $6,500 to RAF's budget fund.
[2025/4/17 - 11:00:56] Vehicle ID 0 (Slot ID 597) Maintainence fee cost $3,000 to RAF's budget fund.
[2025/4/17 - 11:00:56] Vehicle ID 0 (Slot ID 600) Maintainence fee cost $2,000 to RAF's budget fund.
[2025/4/17 - 11:00:56] Vehicle ID 622 (Slot ID 610) Maintainence fee cost $0 to RAF's budget fund.
[2025/4/17 - 11:00:56] Vehicle ID 623 (Slot ID 613) Maintainence fee cost $0 to RAF's budget fund.
[2025/4/17 - 11:00:56] Vehicle ID 0 (Slot ID 616) Maintainence fee cost $0 to RAF's budget fund.
[2025/4/17 - 11:00:56] Vehicle ID 0 (Slot ID 639) Maintainence fee cost $0 to RAF's budget fund.
[2025/4/17 - 11:00:56] Vehicle ID 65535 (Slot ID 667) Maintainence fee cost $0 to RAF's budget fund.
[2025/4/17 - 11:00:56] Vehicle ID 65535 (Slot ID 679) Maintainence fee cost $6,500 to RAF's budget fund.
[2025/4/17 - 12:00:28] The faction vault is at $97,100,284.
[2025/4/17 - 12:00:28] Vehicle ID 292 (Slot ID 41) Maintainence fee cost $5,500 to RAF's budget fund.
[2025/4/17 - 12:00:28] Vehicle ID 301 (Slot ID 54) Maintainence fee cost $3,000 to RAF's budget fund.
[2025/4/17 - 12:00:28] Vehicle ID 65535 (Slot ID 57) Maintainence fee cost $5,000 to RAF's budget fund.
[2025/4/17 - 12:00:28] Vehicle ID 307 (Slot ID 62) Maintainence fee cost $500 to RAF's budget fund.
[2025/4/17 - 12:00:28] Vehicle ID 308 (Slot ID 63) Maintainence fee cost $5,500 to RAF's budget fund.
[2025/4/17 - 12:00:28] Vehicle ID 326 (Slot ID 82) Maintainence fee cost $3,000 to RAF's budget fund.
[2025/4/17 - 12:00:28] Vehicle ID 331 (Slot ID 87) Maintainence fee cost $3,000 to RAF's budget fund.
[2025/4/17 - 12:00:28] Vehicle ID 334 (Slot ID 91) Maintainence fee cost $2,500 to RAF's budget fund.
[2025/4/17 - 12:00:28] Vehicle ID 335 (Slot ID 92) Maintainence fee cost $2,500 to RAF's budget fund.
[2025/4/17 - 12:00:28] Vehicle ID 401 (Slot ID 169) Maintainence fee cost $2,500 to RAF's budget fund.
[2025/4/17 - 12:00:28] Vehicle ID 410 (Slot ID 180) Maintainence fee cost $4,500 to RAF's budget fund.
[2025/4/17 - 12:00:28] Vehicle ID 451 (Slot ID 229) Maintainence fee cost $6,500 to RAF's budget fund.
[2025/4/17 - 12:00:28] Vehicle ID 472 (Slot ID 252) Maintainence fee cost $5,500 to RAF's budget fund.
[2025/4/17 - 12:00:28] Vehicle ID 478 (Slot ID 259) Maintainence fee cost $2,500 to RAF's budget fund.
[2025/4/17 - 12:00:28] Vehicle ID 501 (Slot ID 285) Maintainence fee cost $2,500 to RAF's budget fund.
[2025/4/17 - 12:00:28] Vehicle ID 502 (Slot ID 286) Maintainence fee cost $2,500 to RAF's budget fund.
[2025/4/17 - 12:00:28] Vehicle ID 568 (Slot ID 367) Maintainence fee cost $3,500 to RAF's budget fund.
[2025/4/17 - 12:00:28] Vehicle ID 582 (Slot ID 411) Maintainence fee cost $3,500 to RAF's budget fund.
[2025/4/17 - 12:00:28] Vehicle ID 584 (Slot ID 415) Maintainence fee cost $5,500 to RAF's budget fund.
[2025/4/17 - 12:00:28] Vehicle ID 586 (Slot ID 419) Maintainence fee cost $4,500 to RAF's budget fund.
[2025/4/17 - 12:00:28] Vehicle ID 595 (Slot ID 452) Maintainence fee cost $6,500 to RAF's budget fund.
[2025/4/17 - 12:00:28] Vehicle ID 603 (Slot ID 498) Maintainence fee cost $3,500 to RAF's budget fund.
[2025/4/17 - 12:00:28] Vehicle ID 0 (Slot ID 502) Maintainence fee cost $2,500 to RAF's budget fund.
[2025/4/17 - 12:00:28] Vehicle ID 606 (Slot ID 505) Maintainence fee cost $3,500 to RAF's budget fund.
[2025/4/17 - 12:00:28] Vehicle ID 0 (Slot ID 548) Maintainence fee cost $3,500 to RAF's budget fund.
[2025/4/17 - 12:00:28] Vehicle ID 0 (Slot ID 570) Maintainence fee cost $3,500 to RAF's budget fund.
[2025/4/17 - 12:00:28] Vehicle ID 0 (Slot ID 582) Maintainence fee cost $3,500 to RAF's budget fund.
[2025/4/17 - 12:00:28] Vehicle ID 621 (Slot ID 595) Maintainence fee cost $6,500 to RAF's budget fund.
[2025/4/17 - 12:00:28] Vehicle ID 0 (Slot ID 597) Maintainence fee cost $3,000 to RAF's budget fund.
[2025/4/17 - 12:00:28] Vehicle ID 0 (Slot ID 600) Maintainence fee cost $2,000 to RAF's budget fund.
[2025/4/17 - 12:00:28] Vehicle ID 622 (Slot ID 610) Maintainence fee cost $0 to RAF's budget fund.
[2025/4/17 - 12:00:28] Vehicle ID 623 (Slot ID 613) Maintainence fee cost $0 to RAF's budget fund.
[2025/4/17 - 12:00:28] Vehicle ID 0 (Slot ID 616) Maintainence fee cost $0 to RAF's budget fund.
[2025/4/17 - 12:00:28] Vehicle ID 0 (Slot ID 639) Maintainence fee cost $0 to RAF's budget fund.
[2025/4/17 - 12:00:28] Vehicle ID 65535 (Slot ID 667) Maintainence fee cost $0 to RAF's budget fund.
[2025/4/17 - 12:00:28] Vehicle ID 65535 (Slot ID 679) Maintainence fee cost $6,500 to RAF's budget fund.
[2025/4/17 - 13:01:00] The faction vault is at $96,981,784.
[2025/4/17 - 13:01:00] Vehicle ID 292 (Slot ID 41) Maintainence fee cost $5,500 to RAF's budget fund.
[2025/4/17 - 13:01:00] Vehicle ID 301 (Slot ID 54) Maintainence fee cost $3,000 to RAF's budget fund.
[2025/4/17 - 13:01:00] Vehicle ID 65535 (Slot ID 57) Maintainence fee cost $5,000 to RAF's budget fund.
[2025/4/17 - 13:01:00] Vehicle ID 307 (Slot ID 62) Maintainence fee cost $500 to RAF's budget fund.
[2025/4/17 - 13:01:00] Vehicle ID 308 (Slot ID 63) Maintainence fee cost $5,500 to RAF's budget fund.
[2025/4/17 - 13:01:00] Vehicle ID 326 (Slot ID 82) Maintainence fee cost $3,000 to RAF's budget fund.
[2025/4/17 - 13:01:00] Vehicle ID 331 (Slot ID 87) Maintainence fee cost $3,000 to RAF's budget fund.
[2025/4/17 - 13:01:00] Vehicle ID 334 (Slot ID 91) Maintainence fee cost $2,500 to RAF's budget fund.
[2025/4/17 - 13:01:00] Vehicle ID 335 (Slot ID 92) Maintainence fee cost $2,500 to RAF's budget fund.
[2025/4/17 - 13:01:00] Vehicle ID 401 (Slot ID 169) Maintainence fee cost $2,500 to RAF's budget fund.
[2025/4/17 - 13:01:00] Vehicle ID 410 (Slot ID 180) Maintainence fee cost $4,500 to RAF's budget fund.
[2025/4/17 - 13:01:00] Vehicle ID 451 (Slot ID 229) Maintainence fee cost $6,500 to RAF's budget fund.
[2025/4/17 - 13:01:00] Vehicle ID 472 (Slot ID 252) Maintainence fee cost $5,500 to RAF's budget fund.
[2025/4/17 - 13:01:00] Vehicle ID 478 (Slot ID 259) Maintainence fee cost $2,500 to RAF's budget fund.
[2025/4/17 - 13:01:00] Vehicle ID 501 (Slot ID 285) Maintainence fee cost $2,500 to RAF's budget fund.
[2025/4/17 - 13:01:00] Vehicle ID 502 (Slot ID 286) Maintainence fee cost $2,500 to RAF's budget fund.
[2025/4/17 - 13:01:00] Vehicle ID 568 (Slot ID 367) Maintainence fee cost $3,500 to RAF's budget fund.
[2025/4/17 - 13:01:00] Vehicle ID 582 (Slot ID 411) Maintainence fee cost $3,500 to RAF's budget fund.
[2025/4/17 - 13:01:00] Vehicle ID 584 (Slot ID 415) Maintainence fee cost $5,500 to RAF's budget fund.
[2025/4/17 - 13:01:00] Vehicle ID 586 (Slot ID 419) Maintainence fee cost $4,500 to RAF's budget fund.
[2025/4/17 - 13:01:00] Vehicle ID 595 (Slot ID 452) Maintainence fee cost $6,500 to RAF's budget fund.
[2025/4/17 - 13:01:00] Vehicle ID 603 (Slot ID 498) Maintainence fee cost $3,500 to RAF's budget fund.
[2025/4/17 - 13:01:00] Vehicle ID 0 (Slot ID 502) Maintainence fee cost $2,500 to RAF's budget fund.
[2025/4/17 - 13:01:00] Vehicle ID 606 (Slot ID 505) Maintainence fee cost $3,500 to RAF's budget fund.
[2025/4/17 - 13:01:00] Vehicle ID 0 (Slot ID 548) Maintainence fee cost $3,500 to RAF's budget fund.
[2025/4/17 - 13:01:00] Vehicle ID 0 (Slot ID 570) Maintainence fee cost $3,500 to RAF's budget fund.
[2025/4/17 - 13:01:00] Vehicle ID 0 (Slot ID 582) Maintainence fee cost $3,500 to RAF's budget fund.
[2025/4/17 - 13:01:00] Vehicle ID 621 (Slot ID 595) Maintainence fee cost $6,500 to RAF's budget fund.
[2025/4/17 - 13:01:00] Vehicle ID 0 (Slot ID 597) Maintainence fee cost $3,000 to RAF's budget fund.
[2025/4/17 - 13:01:00] Vehicle ID 0 (Slot ID 600) Maintainence fee cost $2,000 to RAF's budget fund.
[2025/4/17 - 13:01:00] Vehicle ID 622 (Slot ID 610) Maintainence fee cost $0 to RAF's budget fund.
[2025/4/17 - 13:01:00] Vehicle ID 623 (Slot ID 613) Maintainence fee cost $0 to RAF's budget fund.
[2025/4/17 - 13:01:00] Vehicle ID 0 (Slot ID 616) Maintainence fee cost $0 to RAF's budget fund.
[2025/4/17 - 13:01:00] Vehicle ID 0 (Slot ID 639) Maintainence fee cost $0 to RAF's budget fund.
[2025/4/17 - 13:01:00] Vehicle ID 65535 (Slot ID 667) Maintainence fee cost $0 to RAF's budget fund.
[2025/4/17 - 13:01:00] Vehicle ID 65535 (Slot ID 679) Maintainence fee cost $6,500 to RAF's budget fund.
[2025/4/17 - 14:00:34] The faction vault is at $96,863,284.
[2025/4/17 - 14:00:34] Vehicle ID 292 (Slot ID 41) Maintainence fee cost $5,500 to RAF's budget fund.
[2025/4/17 - 14:00:34] Vehicle ID 301 (Slot ID 54) Maintainence fee cost $3,000 to RAF's budget fund.
[2025/4/17 - 14:00:34] Vehicle ID 65535 (Slot ID 57) Maintainence fee cost $5,000 to RAF's budget fund.
[2025/4/17 - 14:00:34] Vehicle ID 307 (Slot ID 62) Maintainence fee cost $500 to RAF's budget fund.
[2025/4/17 - 14:00:34] Vehicle ID 308 (Slot ID 63) Maintainence fee cost $5,500 to RAF's budget fund.
[2025/4/17 - 14:00:34] Vehicle ID 326 (Slot ID 82) Maintainence fee cost $3,000 to RAF's budget fund.
[2025/4/17 - 14:00:34] Vehicle ID 331 (Slot ID 87) Maintainence fee cost $3,000 to RAF's budget fund.
[2025/4/17 - 14:00:34] Vehicle ID 334 (Slot ID 91) Maintainence fee cost $2,500 to RAF's budget fund.
[2025/4/17 - 14:00:34] Vehicle ID 335 (Slot ID 92) Maintainence fee cost $2,500 to RAF's budget fund.
[2025/4/17 - 14:00:34] Vehicle ID 401 (Slot ID 169) Maintainence fee cost $2,500 to RAF's budget fund.
[2025/4/17 - 14:00:34] Vehicle ID 410 (Slot ID 180) Maintainence fee cost $4,500 to RAF's budget fund.
[2025/4/17 - 14:00:34] Vehicle ID 451 (Slot ID 229) Maintainence fee cost $6,500 to RAF's budget fund.
[2025/4/17 - 14:00:34] Vehicle ID 472 (Slot ID 252) Maintainence fee cost $5,500 to RAF's budget fund.
[2025/4/17 - 14:00:34] Vehicle ID 478 (Slot ID 259) Maintainence fee cost $2,500 to RAF's budget fund.
[2025/4/17 - 14:00:34] Vehicle ID 501 (Slot ID 285) Maintainence fee cost $2,500 to RAF's budget fund.
[2025/4/17 - 14:00:34] Vehicle ID 502 (Slot ID 286) Maintainence fee cost $2,500 to RAF's budget fund.
[2025/4/17 - 14:00:34] Vehicle ID 568 (Slot ID 367) Maintainence fee cost $3,500 to RAF's budget fund.
[2025/4/17 - 14:00:34] Vehicle ID 582 (Slot ID 411) Maintainence fee cost $3,500 to RAF's budget fund.
[2025/4/17 - 14:00:34] Vehicle ID 584 (Slot ID 415) Maintainence fee cost $5,500 to RAF's budget fund.
[2025/4/17 - 14:00:34] Vehicle ID 586 (Slot ID 419) Maintainence fee cost $4,500 to RAF's budget fund.
[2025/4/17 - 14:00:34] Vehicle ID 595 (Slot ID 452) Maintainence fee cost $6,500 to RAF's budget fund.
[2025/4/17 - 14:00:34] Vehicle ID 603 (Slot ID 498) Maintainence fee cost $3,500 to RAF's budget fund.
[2025/4/17 - 14:00:34] Vehicle ID 0 (Slot ID 502) Maintainence fee cost $2,500 to RAF's budget fund.
[2025/4/17 - 14:00:34] Vehicle ID 606 (Slot ID 505) Maintainence fee cost $3,500 to RAF's budget fund.
[2025/4/17 - 14:00:34] Vehicle ID 0 (Slot ID 548) Maintainence fee cost $3,500 to RAF's budget fund.
[2025/4/17 - 14:00:34] Vehicle ID 0 (Slot ID 570) Maintainence fee cost $3,500 to RAF's budget fund.
[2025/4/17 - 14:00:34] Vehicle ID 0 (Slot ID 582) Maintainence fee cost $3,500 to RAF's budget fund.
[2025/4/17 - 14:00:34] Vehicle ID 621 (Slot ID 595) Maintainence fee cost $6,500 to RAF's budget fund.
[2025/4/17 - 14:00:34] Vehicle ID 0 (Slot ID 597) Maintainence fee cost $3,000 to RAF's budget fund.
[2025/4/17 - 14:00:34] Vehicle ID 0 (Slot ID 600) Maintainence fee cost $2,000 to RAF's budget fund.
[2025/4/17 - 14:00:34] Vehicle ID 622 (Slot ID 610) Maintainence fee cost $0 to RAF's budget fund.
[2025/4/17 - 14:00:34] Vehicle ID 623 (Slot ID 613) Maintainence fee cost $0 to RAF's budget fund.
[2025/4/17 - 14:00:34] Vehicle ID 0 (Slot ID 616) Maintainence fee cost $0 to RAF's budget fund.
[2025/4/17 - 14:00:34] Vehicle ID 0 (Slot ID 639) Maintainence fee cost $0 to RAF's budget fund.
[2025/4/17 - 14:00:34] Vehicle ID 65535 (Slot ID 667) Maintainence fee cost $0 to RAF's budget fund.
[2025/4/17 - 14:00:34] Vehicle ID 65535 (Slot ID 679) Maintainence fee cost $6,500 to RAF's budget fund.
[2025/4/17 - 15:00:58] The faction vault is at $96,744,784.
[2025/4/17 - 15:00:58] Vehicle ID 292 (Slot ID 41) Maintainence fee cost $5,500 to RAF's budget fund.
[2025/4/17 - 15:00:58] Vehicle ID 301 (Slot ID 54) Maintainence fee cost $3,000 to RAF's budget fund.
[2025/4/17 - 15:00:58] Vehicle ID 65535 (Slot ID 57) Maintainence fee cost $5,000 to RAF's budget fund.
[2025/4/17 - 15:00:58] Vehicle ID 307 (Slot ID 62) Maintainence fee cost $500 to RAF's budget fund.
[2025/4/17 - 15:00:58] Vehicle ID 308 (Slot ID 63) Maintainence fee cost $5,500 to RAF's budget fund.
[2025/4/17 - 15:00:58] Vehicle ID 326 (Slot ID 82) Maintainence fee cost $3,000 to RAF's budget fund.
[2025/4/17 - 15:00:58] Vehicle ID 331 (Slot ID 87) Maintainence fee cost $3,000 to RAF's budget fund.
[2025/4/17 - 15:00:58] Vehicle ID 334 (Slot ID 91) Maintainence fee cost $2,500 to RAF's budget fund.
[2025/4/17 - 15:00:58] Vehicle ID 335 (Slot ID 92) Maintainence fee cost $2,500 to RAF's budget fund.
[2025/4/17 - 15:00:58] Vehicle ID 401 (Slot ID 169) Maintainence fee cost $2,500 to RAF's budget fund.
[2025/4/17 - 15:00:58] Vehicle ID 410 (Slot ID 180) Maintainence fee cost $4,500 to RAF's budget fund.
[2025/4/17 - 15:00:58] Vehicle ID 451 (Slot ID 229) Maintainence fee cost $6,500 to RAF's budget fund.
[2025/4/17 - 15:00:58] Vehicle ID 472 (Slot ID 252) Maintainence fee cost $5,500 to RAF's budget fund.
[2025/4/17 - 15:00:58] Vehicle ID 478 (Slot ID 259) Maintainence fee cost $2,500 to RAF's budget fund.
[2025/4/17 - 15:00:58] Vehicle ID 501 (Slot ID 285) Maintainence fee cost $2,500 to RAF's budget fund.
[2025/4/17 - 15:00:58] Vehicle ID 502 (Slot ID 286) Maintainence fee cost $2,500 to RAF's budget fund.
[2025/4/17 - 15:00:58] Vehicle ID 568 (Slot ID 367) Maintainence fee cost $3,500 to RAF's budget fund.
[2025/4/17 - 15:00:58] Vehicle ID 582 (Slot ID 411) Maintainence fee cost $3,500 to RAF's budget fund.
[2025/4/17 - 15:00:58] Vehicle ID 584 (Slot ID 415) Maintainence fee cost $5,500 to RAF's budget fund.
[2025/4/17 - 15:00:58] Vehicle ID 586 (Slot ID 419) Maintainence fee cost $4,500 to RAF's budget fund.
[2025/4/17 - 15:00:58] Vehicle ID 595 (Slot ID 452) Maintainence fee cost $6,500 to RAF's budget fund.
[2025/4/17 - 15:00:58] Vehicle ID 603 (Slot ID 498) Maintainence fee cost $3,500 to RAF's budget fund.
[2025/4/17 - 15:00:58] Vehicle ID 0 (Slot ID 502) Maintainence fee cost $2,500 to RAF's budget fund.
[2025/4/17 - 15:00:58] Vehicle ID 606 (Slot ID 505) Maintainence fee cost $3,500 to RAF's budget fund.
[2025/4/17 - 15:00:58] Vehicle ID 0 (Slot ID 548) Maintainence fee cost $3,500 to RAF's budget fund.
[2025/4/17 - 15:00:58] Vehicle ID 0 (Slot ID 570) Maintainence fee cost $3,500 to RAF's budget fund.
[2025/4/17 - 15:00:58] Vehicle ID 0 (Slot ID 582) Maintainence fee cost $3,500 to RAF's budget fund.
[2025/4/17 - 15:00:58] Vehicle ID 621 (Slot ID 595) Maintainence fee cost $6,500 to RAF's budget fund.
[2025/4/17 - 15:00:58] Vehicle ID 0 (Slot ID 597) Maintainence fee cost $3,000 to RAF's budget fund.
[2025/4/17 - 15:00:58] Vehicle ID 0 (Slot ID 600) Maintainence fee cost $2,000 to RAF's budget fund.
[2025/4/17 - 15:00:58] Vehicle ID 622 (Slot ID 610) Maintainence fee cost $0 to RAF's budget fund.
[2025/4/17 - 15:00:58] Vehicle ID 623 (Slot ID 613) Maintainence fee cost $0 to RAF's budget fund.
[2025/4/17 - 15:00:58] Vehicle ID 0 (Slot ID 616) Maintainence fee cost $0 to RAF's budget fund.
[2025/4/17 - 15:00:58] Vehicle ID 0 (Slot ID 639) Maintainence fee cost $0 to RAF's budget fund.
[2025/4/17 - 15:00:58] Vehicle ID 65535 (Slot ID 667) Maintainence fee cost $0 to RAF's budget fund.
[2025/4/17 - 15:00:58] Vehicle ID 65535 (Slot ID 679) Maintainence fee cost $6,500 to RAF's budget fund.
[2025/4/17 - 15:56:47] Vehicle Slot ID 41 RTB fee cost $2750 to RAF's budget fund.
[2025/4/17 - 15:56:47] Vehicle Slot ID 63 RTB fee cost $2750 to RAF's budget fund.
[2025/4/17 - 15:56:47] Vehicle Slot ID 180 RTB fee cost $2250 to RAF's budget fund.
[2025/4/17 - 15:56:47] Vehicle Slot ID 229 RTB fee cost $3250 to RAF's budget fund.
[2025/4/17 - 15:56:47] Vehicle Slot ID 252 RTB fee cost $2750 to RAF's budget fund.
[2025/4/17 - 15:56:47] Vehicle Slot ID 415 RTB fee cost $2750 to RAF's budget fund.
[2025/4/17 - 15:56:47] Vehicle Slot ID 419 RTB fee cost $2250 to RAF's budget fund.
[2025/4/17 - 15:56:47] Vehicle Slot ID 452 RTB fee cost $3250 to RAF's budget fund.
[2025/4/17 - 15:56:47] Vehicle Slot ID 595 RTB fee cost $3250 to RAF's budget fund.
[2025/4/17 - 16:00:41] The faction vault is at $96,601,034.
[2025/4/17 - 16:00:41] Vehicle ID 292 (Slot ID 41) Maintainence fee cost $5,500 to RAF's budget fund.
[2025/4/17 - 16:00:41] Vehicle ID 301 (Slot ID 54) Maintainence fee cost $3,000 to RAF's budget fund.
[2025/4/17 - 16:00:41] Vehicle ID 65535 (Slot ID 57) Maintainence fee cost $5,000 to RAF's budget fund.
[2025/4/17 - 16:00:41] Vehicle ID 307 (Slot ID 62) Maintainence fee cost $500 to RAF's budget fund.
[2025/4/17 - 16:00:41] Vehicle ID 308 (Slot ID 63) Maintainence fee cost $5,500 to RAF's budget fund.
[2025/4/17 - 16:00:41] Vehicle ID 326 (Slot ID 82) Maintainence fee cost $3,000 to RAF's budget fund.
[2025/4/17 - 16:00:41] Vehicle ID 331 (Slot ID 87) Maintainence fee cost $3,000 to RAF's budget fund.
[2025/4/17 - 16:00:41] Vehicle ID 334 (Slot ID 91) Maintainence fee cost $2,500 to RAF's budget fund.
[2025/4/17 - 16:00:41] Vehicle ID 335 (Slot ID 92) Maintainence fee cost $2,500 to RAF's budget fund.
[2025/4/17 - 16:00:41] Vehicle ID 401 (Slot ID 169) Maintainence fee cost $2,500 to RAF's budget fund.
[2025/4/17 - 16:00:41] Vehicle ID 410 (Slot ID 180) Maintainence fee cost $4,500 to RAF's budget fund.
[2025/4/17 - 16:00:41] Vehicle ID 451 (Slot ID 229) Maintainence fee cost $6,500 to RAF's budget fund.
[2025/4/17 - 16:00:41] Vehicle ID 472 (Slot ID 252) Maintainence fee cost $5,500 to RAF's budget fund.
[2025/4/17 - 16:00:41] Vehicle ID 478 (Slot ID 259) Maintainence fee cost $2,500 to RAF's budget fund.
[2025/4/17 - 16:00:41] Vehicle ID 501 (Slot ID 285) Maintainence fee cost $2,500 to RAF's budget fund.
[2025/4/17 - 16:00:41] Vehicle ID 502 (Slot ID 286) Maintainence fee cost $2,500 to RAF's budget fund.
[2025/4/17 - 16:00:41] Vehicle ID 568 (Slot ID 367) Maintainence fee cost $3,500 to RAF's budget fund.
[2025/4/17 - 16:00:41] Vehicle ID 582 (Slot ID 411) Maintainence fee cost $3,500 to RAF's budget fund.
[2025/4/17 - 16:00:41] Vehicle ID 584 (Slot ID 415) Maintainence fee cost $5,500 to RAF's budget fund.
[2025/4/17 - 16:00:41] Vehicle ID 586 (Slot ID 419) Maintainence fee cost $4,500 to RAF's budget fund.
[2025/4/17 - 16:00:41] Vehicle ID 595 (Slot ID 452) Maintainence fee cost $6,500 to RAF's budget fund.
[2025/4/17 - 16:00:41] Vehicle ID 603 (Slot ID 498) Maintainence fee cost $3,500 to RAF's budget fund.
[2025/4/17 - 16:00:41] Vehicle ID 0 (Slot ID 502) Maintainence fee cost $2,500 to RAF's budget fund.
[2025/4/17 - 16:00:41] Vehicle ID 606 (Slot ID 505) Maintainence fee cost $3,500 to RAF's budget fund.
[2025/4/17 - 16:00:41] Vehicle ID 0 (Slot ID 548) Maintainence fee cost $3,500 to RAF's budget fund.
[2025/4/17 - 16:00:41] Vehicle ID 0 (Slot ID 570) Maintainence fee cost $3,500 to RAF's budget fund.
[2025/4/17 - 16:00:41] Vehicle ID 0 (Slot ID 582) Maintainence fee cost $3,500 to RAF's budget fund.
[2025/4/17 - 16:00:41] Vehicle ID 621 (Slot ID 595) Maintainence fee cost $6,500 to RAF's budget fund.
[2025/4/17 - 16:00:41] Vehicle ID 0 (Slot ID 597) Maintainence fee cost $3,000 to RAF's budget fund.
[2025/4/17 - 16:00:41] Vehicle ID 0 (Slot ID 600) Maintainence fee cost $2,000 to RAF's budget fund.
[2025/4/17 - 16:00:41] Vehicle ID 622 (Slot ID 610) Maintainence fee cost $0 to RAF's budget fund.
[2025/4/17 - 16:00:41] Vehicle ID 623 (Slot ID 613) Maintainence fee cost $0 to RAF's budget fund.
[2025/4/17 - 16:00:41] Vehicle ID 0 (Slot ID 616) Maintainence fee cost $0 to RAF's budget fund.
[2025/4/17 - 16:00:41] Vehicle ID 0 (Slot ID 639) Maintainence fee cost $0 to RAF's budget fund.
[2025/4/17 - 16:00:41] Vehicle ID 65535 (Slot ID 667) Maintainence fee cost $0 to RAF's budget fund.
[2025/4/17 - 16:00:41] Vehicle ID 65535 (Slot ID 679) Maintainence fee cost $6,500 to RAF's budget fund.
[2025/4/17 - 16:04:57] Vehicle Slot ID 41 RTB fee cost $2750 to RAF's budget fund.
[2025/4/17 - 16:04:57] Vehicle Slot ID 63 RTB fee cost $2750 to RAF's budget fund.
[2025/4/17 - 16:04:58] Vehicle Slot ID 180 RTB fee cost $2250 to RAF's budget fund.
[2025/4/17 - 16:04:58] Vehicle Slot ID 229 RTB fee cost $3250 to RAF's budget fund.
[2025/4/17 - 16:04:58] Vehicle Slot ID 252 RTB fee cost $2750 to RAF's budget fund.
[2025/4/17 - 16:04:58] Vehicle Slot ID 415 RTB fee cost $2750 to RAF's budget fund.
[2025/4/17 - 16:04:58] Vehicle Slot ID 419 RTB fee cost $2250 to RAF's budget fund.
[2025/4/17 - 16:04:58] Vehicle Slot ID 452 RTB fee cost $3250 to RAF's budget fund.
[2025/4/17 - 16:04:58] Vehicle Slot ID 595 RTB fee cost $3250 to RAF's budget fund.
[2025/4/17 - 17:00:01] The faction vault is at $96,457,284.
[2025/4/17 - 17:00:01] Vehicle ID 292 (Slot ID 41) Maintainence fee cost $5,500 to RAF's budget fund.
[2025/4/17 - 17:00:01] Vehicle ID 301 (Slot ID 54) Maintainence fee cost $3,000 to RAF's budget fund.
[2025/4/17 - 17:00:01] Vehicle ID 65535 (Slot ID 57) Maintainence fee cost $5,000 to RAF's budget fund.
[2025/4/17 - 17:00:01] Vehicle ID 307 (Slot ID 62) Maintainence fee cost $500 to RAF's budget fund.
[2025/4/17 - 17:00:01] Vehicle ID 308 (Slot ID 63) Maintainence fee cost $5,500 to RAF's budget fund.
[2025/4/17 - 17:00:01] Vehicle ID 326 (Slot ID 82) Maintainence fee cost $3,000 to RAF's budget fund.
[2025/4/17 - 17:00:01] Vehicle ID 331 (Slot ID 87) Maintainence fee cost $3,000 to RAF's budget fund.
[2025/4/17 - 17:00:01] Vehicle ID 334 (Slot ID 91) Maintainence fee cost $2,500 to RAF's budget fund.
[2025/4/17 - 17:00:01] Vehicle ID 335 (Slot ID 92) Maintainence fee cost $2,500 to RAF's budget fund.
[2025/4/17 - 17:00:01] Vehicle ID 401 (Slot ID 169) Maintainence fee cost $2,500 to RAF's budget fund.
[2025/4/17 - 17:00:01] Vehicle ID 410 (Slot ID 180) Maintainence fee cost $4,500 to RAF's budget fund.
[2025/4/17 - 17:00:01] Vehicle ID 451 (Slot ID 229) Maintainence fee cost $6,500 to RAF's budget fund.
[2025/4/17 - 17:00:01] Vehicle ID 472 (Slot ID 252) Maintainence fee cost $5,500 to RAF's budget fund.
[2025/4/17 - 17:00:01] Vehicle ID 478 (Slot ID 259) Maintainence fee cost $2,500 to RAF's budget fund.
[2025/4/17 - 17:00:01] Vehicle ID 501 (Slot ID 285) Maintainence fee cost $2,500 to RAF's budget fund.
[2025/4/17 - 17:00:01] Vehicle ID 502 (Slot ID 286) Maintainence fee cost $2,500 to RAF's budget fund.
[2025/4/17 - 17:00:01] Vehicle ID 568 (Slot ID 367) Maintainence fee cost $3,500 to RAF's budget fund.
[2025/4/17 - 17:00:01] Vehicle ID 582 (Slot ID 411) Maintainence fee cost $3,500 to RAF's budget fund.
[2025/4/17 - 17:00:01] Vehicle ID 584 (Slot ID 415) Maintainence fee cost $5,500 to RAF's budget fund.
[2025/4/17 - 17:00:01] Vehicle ID 586 (Slot ID 419) Maintainence fee cost $4,500 to RAF's budget fund.
[2025/4/17 - 17:00:01] Vehicle ID 595 (Slot ID 452) Maintainence fee cost $6,500 to RAF's budget fund.
[2025/4/17 - 17:00:01] Vehicle ID 603 (Slot ID 498) Maintainence fee cost $3,500 to RAF's budget fund.
[2025/4/17 - 17:00:01] Vehicle ID 0 (Slot ID 502) Maintainence fee cost $2,500 to RAF's budget fund.
[2025/4/17 - 17:00:01] Vehicle ID 606 (Slot ID 505) Maintainence fee cost $3,500 to RAF's budget fund.
[2025/4/17 - 17:00:01] Vehicle ID 0 (Slot ID 548) Maintainence fee cost $3,500 to RAF's budget fund.
[2025/4/17 - 17:00:01] Vehicle ID 0 (Slot ID 570) Maintainence fee cost $3,500 to RAF's budget fund.
[2025/4/17 - 17:00:01] Vehicle ID 0 (Slot ID 582) Maintainence fee cost $3,500 to RAF's budget fund.
[2025/4/17 - 17:00:01] Vehicle ID 621 (Slot ID 595) Maintainence fee cost $6,500 to RAF's budget fund.
[2025/4/17 - 17:00:01] Vehicle ID 0 (Slot ID 597) Maintainence fee cost $3,000 to RAF's budget fund.
[2025/4/17 - 17:00:01] Vehicle ID 0 (Slot ID 600) Maintainence fee cost $2,000 to RAF's budget fund.
[2025/4/17 - 17:00:01] Vehicle ID 622 (Slot ID 610) Maintainence fee cost $0 to RAF's budget fund.
[2025/4/17 - 17:00:01] Vehicle ID 623 (Slot ID 613) Maintainence fee cost $0 to RAF's budget fund.
[2025/4/17 - 17:00:01] Vehicle ID 0 (Slot ID 616) Maintainence fee cost $0 to RAF's budget fund.
[2025/4/17 - 17:00:01] Vehicle ID 0 (Slot ID 639) Maintainence fee cost $0 to RAF's budget fund.
[2025/4/17 - 17:00:01] Vehicle ID 65535 (Slot ID 667) Maintainence fee cost $0 to RAF's budget fund.
[2025/4/17 - 17:00:01] Vehicle ID 65535 (Slot ID 679) Maintainence fee cost $6,500 to RAF's budget fund.
[2025/4/17 - 18:00:36] The faction vault is at $96,338,784.
[2025/4/17 - 18:00:36] Vehicle ID 292 (Slot ID 41) Maintainence fee cost $5,500 to RAF's budget fund.
[2025/4/17 - 18:00:36] Vehicle ID 301 (Slot ID 54) Maintainence fee cost $3,000 to RAF's budget fund.
[2025/4/17 - 18:00:36] Vehicle ID 65535 (Slot ID 57) Maintainence fee cost $5,000 to RAF's budget fund.
[2025/4/17 - 18:00:36] Vehicle ID 307 (Slot ID 62) Maintainence fee cost $500 to RAF's budget fund.
[2025/4/17 - 18:00:36] Vehicle ID 308 (Slot ID 63) Maintainence fee cost $5,500 to RAF's budget fund.
[2025/4/17 - 18:00:36] Vehicle ID 326 (Slot ID 82) Maintainence fee cost $3,000 to RAF's budget fund.
[2025/4/17 - 18:00:36] Vehicle ID 331 (Slot ID 87) Maintainence fee cost $3,000 to RAF's budget fund.
[2025/4/17 - 18:00:36] Vehicle ID 334 (Slot ID 91) Maintainence fee cost $2,500 to RAF's budget fund.
[2025/4/17 - 18:00:36] Vehicle ID 335 (Slot ID 92) Maintainence fee cost $2,500 to RAF's budget fund.
[2025/4/17 - 18:00:36] Vehicle ID 401 (Slot ID 169) Maintainence fee cost $2,500 to RAF's budget fund.
[2025/4/17 - 18:00:36] Vehicle ID 410 (Slot ID 180) Maintainence fee cost $4,500 to RAF's budget fund.
[2025/4/17 - 18:00:36] Vehicle ID 451 (Slot ID 229) Maintainence fee cost $6,500 to RAF's budget fund.
[2025/4/17 - 18:00:36] Vehicle ID 472 (Slot ID 252) Maintainence fee cost $5,500 to RAF's budget fund.
[2025/4/17 - 18:00:36] Vehicle ID 478 (Slot ID 259) Maintainence fee cost $2,500 to RAF's budget fund.
[2025/4/17 - 18:00:36] Vehicle ID 501 (Slot ID 285) Maintainence fee cost $2,500 to RAF's budget fund.
[2025/4/17 - 18:00:36] Vehicle ID 502 (Slot ID 286) Maintainence fee cost $2,500 to RAF's budget fund.
[2025/4/17 - 18:00:36] Vehicle ID 568 (Slot ID 367) Maintainence fee cost $3,500 to RAF's budget fund.
[2025/4/17 - 18:00:36] Vehicle ID 582 (Slot ID 411) Maintainence fee cost $3,500 to RAF's budget fund.
[2025/4/17 - 18:00:36] Vehicle ID 584 (Slot ID 415) Maintainence fee cost $5,500 to RAF's budget fund.
[2025/4/17 - 18:00:36] Vehicle ID 586 (Slot ID 419) Maintainence fee cost $4,500 to RAF's budget fund.
[2025/4/17 - 18:00:36] Vehicle ID 595 (Slot ID 452) Maintainence fee cost $6,500 to RAF's budget fund.
[2025/4/17 - 18:00:36] Vehicle ID 603 (Slot ID 498) Maintainence fee cost $3,500 to RAF's budget fund.
[2025/4/17 - 18:00:36] Vehicle ID 0 (Slot ID 502) Maintainence fee cost $2,500 to RAF's budget fund.
[2025/4/17 - 18:00:36] Vehicle ID 606 (Slot ID 505) Maintainence fee cost $3,500 to RAF's budget fund.
[2025/4/17 - 18:00:36] Vehicle ID 0 (Slot ID 548) Maintainence fee cost $3,500 to RAF's budget fund.
[2025/4/17 - 18:00:36] Vehicle ID 0 (Slot ID 570) Maintainence fee cost $3,500 to RAF's budget fund.
[2025/4/17 - 18:00:36] Vehicle ID 0 (Slot ID 582) Maintainence fee cost $3,500 to RAF's budget fund.
[2025/4/17 - 18:00:36] Vehicle ID 621 (Slot ID 595) Maintainence fee cost $6,500 to RAF's budget fund.
[2025/4/17 - 18:00:36] Vehicle ID 0 (Slot ID 597) Maintainence fee cost $3,000 to RAF's budget fund.
[2025/4/17 - 18:00:36] Vehicle ID 0 (Slot ID 600) Maintainence fee cost $2,000 to RAF's budget fund.
[2025/4/17 - 18:00:36] Vehicle ID 622 (Slot ID 610) Maintainence fee cost $0 to RAF's budget fund.
[2025/4/17 - 18:00:36] Vehicle ID 623 (Slot ID 613) Maintainence fee cost $0 to RAF's budget fund.
[2025/4/17 - 18:00:36] Vehicle ID 0 (Slot ID 616) Maintainence fee cost $0 to RAF's budget fund.
[2025/4/17 - 18:00:36] Vehicle ID 0 (Slot ID 639) Maintainence fee cost $0 to RAF's budget fund.
[2025/4/17 - 18:00:36] Vehicle ID 65535 (Slot ID 667) Maintainence fee cost $0 to RAF's budget fund.
[2025/4/17 - 18:00:36] Vehicle ID 65535 (Slot ID 679) Maintainence fee cost $6,500 to RAF's budget fund.
[2025/4/17 - 19:00:37] The faction vault is at $96,220,284.
[2025/4/17 - 19:00:37] Vehicle ID 292 (Slot ID 41) Maintainence fee cost $5,500 to RAF's budget fund.
[2025/4/17 - 19:00:37] Vehicle ID 301 (Slot ID 54) Maintainence fee cost $3,000 to RAF's budget fund.
[2025/4/17 - 19:00:37] Vehicle ID 65535 (Slot ID 57) Maintainence fee cost $5,000 to RAF's budget fund.
[2025/4/17 - 19:00:37] Vehicle ID 307 (Slot ID 62) Maintainence fee cost $500 to RAF's budget fund.
[2025/4/17 - 19:00:37] Vehicle ID 308 (Slot ID 63) Maintainence fee cost $5,500 to RAF's budget fund.
[2025/4/17 - 19:00:37] Vehicle ID 326 (Slot ID 82) Maintainence fee cost $3,000 to RAF's budget fund.
[2025/4/17 - 19:00:37] Vehicle ID 331 (Slot ID 87) Maintainence fee cost $3,000 to RAF's budget fund.
[2025/4/17 - 19:00:37] Vehicle ID 334 (Slot ID 91) Maintainence fee cost $2,500 to RAF's budget fund.
[2025/4/17 - 19:00:37] Vehicle ID 335 (Slot ID 92) Maintainence fee cost $2,500 to RAF's budget fund.
[2025/4/17 - 19:00:37] Vehicle ID 401 (Slot ID 169) Maintainence fee cost $2,500 to RAF's budget fund.
[2025/4/17 - 19:00:37] Vehicle ID 410 (Slot ID 180) Maintainence fee cost $4,500 to RAF's budget fund.
[2025/4/17 - 19:00:37] Vehicle ID 451 (Slot ID 229) Maintainence fee cost $6,500 to RAF's budget fund.
[2025/4/17 - 19:00:37] Vehicle ID 472 (Slot ID 252) Maintainence fee cost $5,500 to RAF's budget fund.
[2025/4/17 - 19:00:37] Vehicle ID 478 (Slot ID 259) Maintainence fee cost $2,500 to RAF's budget fund.
[2025/4/17 - 19:00:37] Vehicle ID 501 (Slot ID 285) Maintainence fee cost $2,500 to RAF's budget fund.
[2025/4/17 - 19:00:37] Vehicle ID 502 (Slot ID 286) Maintainence fee cost $2,500 to RAF's budget fund.
[2025/4/17 - 19:00:37] Vehicle ID 568 (Slot ID 367) Maintainence fee cost $3,500 to RAF's budget fund.
[2025/4/17 - 19:00:37] Vehicle ID 582 (Slot ID 411) Maintainence fee cost $3,500 to RAF's budget fund.
[2025/4/17 - 19:00:37] Vehicle ID 584 (Slot ID 415) Maintainence fee cost $5,500 to RAF's budget fund.
[2025/4/17 - 19:00:37] Vehicle ID 586 (Slot ID 419) Maintainence fee cost $4,500 to RAF's budget fund.
[2025/4/17 - 19:00:37] Vehicle ID 595 (Slot ID 452) Maintainence fee cost $6,500 to RAF's budget fund.
[2025/4/17 - 19:00:37] Vehicle ID 603 (Slot ID 498) Maintainence fee cost $3,500 to RAF's budget fund.
[2025/4/17 - 19:00:37] Vehicle ID 0 (Slot ID 502) Maintainence fee cost $2,500 to RAF's budget fund.
[2025/4/17 - 19:00:37] Vehicle ID 606 (Slot ID 505) Maintainence fee cost $3,500 to RAF's budget fund.
[2025/4/17 - 19:00:37] Vehicle ID 0 (Slot ID 548) Maintainence fee cost $3,500 to RAF's budget fund.
[2025/4/17 - 19:00:37] Vehicle ID 0 (Slot ID 570) Maintainence fee cost $3,500 to RAF's budget fund.
[2025/4/17 - 19:00:37] Vehicle ID 0 (Slot ID 582) Maintainence fee cost $3,500 to RAF's budget fund.
[2025/4/17 - 19:00:37] Vehicle ID 621 (Slot ID 595) Maintainence fee cost $6,500 to RAF's budget fund.
[2025/4/17 - 19:00:37] Vehicle ID 0 (Slot ID 597) Maintainence fee cost $3,000 to RAF's budget fund.
[2025/4/17 - 19:00:37] Vehicle ID 0 (Slot ID 600) Maintainence fee cost $2,000 to RAF's budget fund.
[2025/4/17 - 19:00:37] Vehicle ID 622 (Slot ID 610) Maintainence fee cost $0 to RAF's budget fund.
[2025/4/17 - 19:00:37] Vehicle ID 623 (Slot ID 613) Maintainence fee cost $0 to RAF's budget fund.
[2025/4/17 - 19:00:37] Vehicle ID 0 (Slot ID 616) Maintainence fee cost $0 to RAF's budget fund.
[2025/4/17 - 19:00:37] Vehicle ID 0 (Slot ID 639) Maintainence fee cost $0 to RAF's budget fund.
[2025/4/17 - 19:00:37] Vehicle ID 65535 (Slot ID 667) Maintainence fee cost $0 to RAF's budget fund.
[2025/4/17 - 19:00:37] Vehicle ID 65535 (Slot ID 679) Maintainence fee cost $6,500 to RAF's budget fund.
[2025/4/17 - 23:05:06] Vehicle Slot ID 41 RTB fee cost $2750 to RAF's budget fund.
[2025/4/17 - 23:05:06] Vehicle Slot ID 63 RTB fee cost $2750 to RAF's budget fund.
[2025/4/17 - 23:05:06] Vehicle Slot ID 180 RTB fee cost $2250 to RAF's budget fund.
[2025/4/17 - 23:05:06] Vehicle Slot ID 229 RTB fee cost $3250 to RAF's budget fund.
[2025/4/17 - 23:05:06] Vehicle Slot ID 252 RTB fee cost $2750 to RAF's budget fund.
[2025/4/17 - 23:05:06] Vehicle Slot ID 415 RTB fee cost $2750 to RAF's budget fund.
[2025/4/17 - 23:05:06] Vehicle Slot ID 419 RTB fee cost $2250 to RAF's budget fund.
[2025/4/17 - 23:05:06] Vehicle Slot ID 452 RTB fee cost $3250 to RAF's budget fund.
[2025/4/17 - 23:05:06] Vehicle Slot ID 595 RTB fee cost $3250 to RAF's budget fund.
