[2025/4/27 - 0:00:08] The faction vault is at $95,264,534.
[2025/4/27 - 0:00:08] Vehicle ID 292 (Slot ID 41) Maintainence fee cost $5,500 to RAF's budget fund.
[2025/4/27 - 0:00:08] Vehicle ID 301 (Slot ID 54) Maintainence fee cost $3,000 to RAF's budget fund.
[2025/4/27 - 0:00:08] Vehicle ID 65535 (Slot ID 57) Maintainence fee cost $5,000 to RAF's budget fund.
[2025/4/27 - 0:00:08] Vehicle ID 307 (Slot ID 62) Maintainence fee cost $500 to RAF's budget fund.
[2025/4/27 - 0:00:08] Vehicle ID 308 (Slot ID 63) Maintainence fee cost $5,500 to RAF's budget fund.
[2025/4/27 - 0:00:08] Vehicle ID 326 (Slot ID 82) Maintainence fee cost $3,000 to RAF's budget fund.
[2025/4/27 - 0:00:08] Vehicle ID 331 (Slot ID 87) Maintainence fee cost $3,000 to RAF's budget fund.
[2025/4/27 - 0:00:08] Vehicle ID 334 (Slot ID 91) Maintainence fee cost $2,500 to RAF's budget fund.
[2025/4/27 - 0:00:08] Vehicle ID 335 (Slot ID 92) Maintainence fee cost $2,500 to RAF's budget fund.
[2025/4/27 - 0:00:08] Vehicle ID 401 (Slot ID 169) Maintainence fee cost $2,500 to RAF's budget fund.
[2025/4/27 - 0:00:08] Vehicle ID 410 (Slot ID 180) Maintainence fee cost $4,500 to RAF's budget fund.
[2025/4/27 - 0:00:08] Vehicle ID 451 (Slot ID 229) Maintainence fee cost $6,500 to RAF's budget fund.
[2025/4/27 - 0:00:08] Vehicle ID 472 (Slot ID 252) Maintainence fee cost $5,500 to RAF's budget fund.
[2025/4/27 - 0:00:08] Vehicle ID 478 (Slot ID 259) Maintainence fee cost $2,500 to RAF's budget fund.
[2025/4/27 - 0:00:08] Vehicle ID 501 (Slot ID 285) Maintainence fee cost $2,500 to RAF's budget fund.
[2025/4/27 - 0:00:08] Vehicle ID 502 (Slot ID 286) Maintainence fee cost $2,500 to RAF's budget fund.
[2025/4/27 - 0:00:08] Vehicle ID 568 (Slot ID 367) Maintainence fee cost $3,500 to RAF's budget fund.
[2025/4/27 - 0:00:08] Vehicle ID 582 (Slot ID 411) Maintainence fee cost $3,500 to RAF's budget fund.
[2025/4/27 - 0:00:08] Vehicle ID 584 (Slot ID 415) Maintainence fee cost $5,500 to RAF's budget fund.
[2025/4/27 - 0:00:08] Vehicle ID 586 (Slot ID 419) Maintainence fee cost $4,500 to RAF's budget fund.
[2025/4/27 - 0:00:08] Vehicle ID 595 (Slot ID 452) Maintainence fee cost $6,500 to RAF's budget fund.
[2025/4/27 - 0:00:08] Vehicle ID 603 (Slot ID 498) Maintainence fee cost $3,500 to RAF's budget fund.
[2025/4/27 - 0:00:08] Vehicle ID 0 (Slot ID 502) Maintainence fee cost $2,500 to RAF's budget fund.
[2025/4/27 - 0:00:08] Vehicle ID 606 (Slot ID 505) Maintainence fee cost $3,500 to RAF's budget fund.
[2025/4/27 - 0:00:08] Vehicle ID 0 (Slot ID 548) Maintainence fee cost $3,500 to RAF's budget fund.
[2025/4/27 - 0:00:08] Vehicle ID 0 (Slot ID 570) Maintainence fee cost $3,500 to RAF's budget fund.
[2025/4/27 - 0:00:08] Vehicle ID 0 (Slot ID 582) Maintainence fee cost $3,500 to RAF's budget fund.
[2025/4/27 - 0:00:08] Vehicle ID 621 (Slot ID 595) Maintainence fee cost $6,500 to RAF's budget fund.
[2025/4/27 - 0:00:08] Vehicle ID 0 (Slot ID 597) Maintainence fee cost $3,000 to RAF's budget fund.
[2025/4/27 - 0:00:08] Vehicle ID 0 (Slot ID 600) Maintainence fee cost $2,000 to RAF's budget fund.
[2025/4/27 - 0:00:08] Vehicle ID 622 (Slot ID 610) Maintainence fee cost $0 to RAF's budget fund.
[2025/4/27 - 0:00:08] Vehicle ID 623 (Slot ID 613) Maintainence fee cost $0 to RAF's budget fund.
[2025/4/27 - 0:00:08] Vehicle ID 0 (Slot ID 616) Maintainence fee cost $0 to RAF's budget fund.
[2025/4/27 - 0:00:08] Vehicle ID 0 (Slot ID 639) Maintainence fee cost $0 to RAF's budget fund.
[2025/4/27 - 0:00:08] Vehicle ID 65535 (Slot ID 667) Maintainence fee cost $0 to RAF's budget fund.
[2025/4/27 - 0:00:08] Vehicle ID 65535 (Slot ID 679) Maintainence fee cost $6,500 to RAF's budget fund.
[2025/4/27 - 1:00:21] The faction vault is at $95,146,034.
[2025/4/27 - 1:00:21] Vehicle ID 292 (Slot ID 41) Maintainence fee cost $5,500 to RAF's budget fund.
[2025/4/27 - 1:00:21] Vehicle ID 301 (Slot ID 54) Maintainence fee cost $3,000 to RAF's budget fund.
[2025/4/27 - 1:00:21] Vehicle ID 65535 (Slot ID 57) Maintainence fee cost $5,000 to RAF's budget fund.
[2025/4/27 - 1:00:21] Vehicle ID 307 (Slot ID 62) Maintainence fee cost $500 to RAF's budget fund.
[2025/4/27 - 1:00:21] Vehicle ID 308 (Slot ID 63) Maintainence fee cost $5,500 to RAF's budget fund.
[2025/4/27 - 1:00:21] Vehicle ID 326 (Slot ID 82) Maintainence fee cost $3,000 to RAF's budget fund.
[2025/4/27 - 1:00:21] Vehicle ID 331 (Slot ID 87) Maintainence fee cost $3,000 to RAF's budget fund.
[2025/4/27 - 1:00:21] Vehicle ID 334 (Slot ID 91) Maintainence fee cost $2,500 to RAF's budget fund.
[2025/4/27 - 1:00:21] Vehicle ID 335 (Slot ID 92) Maintainence fee cost $2,500 to RAF's budget fund.
[2025/4/27 - 1:00:21] Vehicle ID 401 (Slot ID 169) Maintainence fee cost $2,500 to RAF's budget fund.
[2025/4/27 - 1:00:21] Vehicle ID 410 (Slot ID 180) Maintainence fee cost $4,500 to RAF's budget fund.
[2025/4/27 - 1:00:21] Vehicle ID 451 (Slot ID 229) Maintainence fee cost $6,500 to RAF's budget fund.
[2025/4/27 - 1:00:21] Vehicle ID 472 (Slot ID 252) Maintainence fee cost $5,500 to RAF's budget fund.
[2025/4/27 - 1:00:21] Vehicle ID 478 (Slot ID 259) Maintainence fee cost $2,500 to RAF's budget fund.
[2025/4/27 - 1:00:21] Vehicle ID 501 (Slot ID 285) Maintainence fee cost $2,500 to RAF's budget fund.
[2025/4/27 - 1:00:21] Vehicle ID 502 (Slot ID 286) Maintainence fee cost $2,500 to RAF's budget fund.
[2025/4/27 - 1:00:21] Vehicle ID 568 (Slot ID 367) Maintainence fee cost $3,500 to RAF's budget fund.
[2025/4/27 - 1:00:21] Vehicle ID 582 (Slot ID 411) Maintainence fee cost $3,500 to RAF's budget fund.
[2025/4/27 - 1:00:21] Vehicle ID 584 (Slot ID 415) Maintainence fee cost $5,500 to RAF's budget fund.
[2025/4/27 - 1:00:21] Vehicle ID 586 (Slot ID 419) Maintainence fee cost $4,500 to RAF's budget fund.
[2025/4/27 - 1:00:21] Vehicle ID 595 (Slot ID 452) Maintainence fee cost $6,500 to RAF's budget fund.
[2025/4/27 - 1:00:21] Vehicle ID 603 (Slot ID 498) Maintainence fee cost $3,500 to RAF's budget fund.
[2025/4/27 - 1:00:21] Vehicle ID 0 (Slot ID 502) Maintainence fee cost $2,500 to RAF's budget fund.
[2025/4/27 - 1:00:21] Vehicle ID 606 (Slot ID 505) Maintainence fee cost $3,500 to RAF's budget fund.
[2025/4/27 - 1:00:21] Vehicle ID 0 (Slot ID 548) Maintainence fee cost $3,500 to RAF's budget fund.
[2025/4/27 - 1:00:21] Vehicle ID 0 (Slot ID 570) Maintainence fee cost $3,500 to RAF's budget fund.
[2025/4/27 - 1:00:21] Vehicle ID 0 (Slot ID 582) Maintainence fee cost $3,500 to RAF's budget fund.
[2025/4/27 - 1:00:21] Vehicle ID 621 (Slot ID 595) Maintainence fee cost $6,500 to RAF's budget fund.
[2025/4/27 - 1:00:21] Vehicle ID 0 (Slot ID 597) Maintainence fee cost $3,000 to RAF's budget fund.
[2025/4/27 - 1:00:21] Vehicle ID 0 (Slot ID 600) Maintainence fee cost $2,000 to RAF's budget fund.
[2025/4/27 - 1:00:21] Vehicle ID 622 (Slot ID 610) Maintainence fee cost $0 to RAF's budget fund.
[2025/4/27 - 1:00:21] Vehicle ID 623 (Slot ID 613) Maintainence fee cost $0 to RAF's budget fund.
[2025/4/27 - 1:00:21] Vehicle ID 0 (Slot ID 616) Maintainence fee cost $0 to RAF's budget fund.
[2025/4/27 - 1:00:21] Vehicle ID 0 (Slot ID 639) Maintainence fee cost $0 to RAF's budget fund.
[2025/4/27 - 1:00:21] Vehicle ID 65535 (Slot ID 667) Maintainence fee cost $0 to RAF's budget fund.
[2025/4/27 - 1:00:21] Vehicle ID 65535 (Slot ID 679) Maintainence fee cost $6,500 to RAF's budget fund.
[2025/4/27 - 15:50:14] Vehicle Slot ID 41 RTB fee cost $2750 to RAF's budget fund.
[2025/4/27 - 15:50:14] Vehicle Slot ID 63 RTB fee cost $2750 to RAF's budget fund.
[2025/4/27 - 15:50:14] Vehicle Slot ID 180 RTB fee cost $2250 to RAF's budget fund.
[2025/4/27 - 15:50:14] Vehicle Slot ID 229 RTB fee cost $3250 to RAF's budget fund.
[2025/4/27 - 15:50:14] Vehicle Slot ID 252 RTB fee cost $2750 to RAF's budget fund.
[2025/4/27 - 15:50:14] Vehicle Slot ID 415 RTB fee cost $2750 to RAF's budget fund.
[2025/4/27 - 15:50:14] Vehicle Slot ID 419 RTB fee cost $2250 to RAF's budget fund.
[2025/4/27 - 15:50:14] Vehicle Slot ID 452 RTB fee cost $3250 to RAF's budget fund.
[2025/4/27 - 15:50:14] Vehicle Slot ID 595 RTB fee cost $3250 to RAF's budget fund.
[2025/4/27 - 15:53:57] Vehicle Slot ID 41 RTB fee cost $2750 to RAF's budget fund.
[2025/4/27 - 15:53:57] Vehicle Slot ID 63 RTB fee cost $2750 to RAF's budget fund.
[2025/4/27 - 15:53:57] Vehicle Slot ID 180 RTB fee cost $2250 to RAF's budget fund.
[2025/4/27 - 15:53:57] Vehicle Slot ID 229 RTB fee cost $3250 to RAF's budget fund.
[2025/4/27 - 15:53:57] Vehicle Slot ID 252 RTB fee cost $2750 to RAF's budget fund.
[2025/4/27 - 15:53:57] Vehicle Slot ID 415 RTB fee cost $2750 to RAF's budget fund.
[2025/4/27 - 15:53:57] Vehicle Slot ID 419 RTB fee cost $2250 to RAF's budget fund.
[2025/4/27 - 15:53:57] Vehicle Slot ID 452 RTB fee cost $3250 to RAF's budget fund.
[2025/4/27 - 15:53:57] Vehicle Slot ID 595 RTB fee cost $3250 to RAF's budget fund.
[2025/4/27 - 16:02:22] Vehicle Slot ID 41 RTB fee cost $2750 to RAF's budget fund.
[2025/4/27 - 16:02:22] Vehicle Slot ID 63 RTB fee cost $2750 to RAF's budget fund.
[2025/4/27 - 16:02:22] Vehicle Slot ID 180 RTB fee cost $2250 to RAF's budget fund.
[2025/4/27 - 16:02:22] Vehicle Slot ID 229 RTB fee cost $3250 to RAF's budget fund.
[2025/4/27 - 16:02:22] Vehicle Slot ID 252 RTB fee cost $2750 to RAF's budget fund.
[2025/4/27 - 16:02:22] Vehicle Slot ID 415 RTB fee cost $2750 to RAF's budget fund.
[2025/4/27 - 16:02:22] Vehicle Slot ID 419 RTB fee cost $2250 to RAF's budget fund.
[2025/4/27 - 16:02:22] Vehicle Slot ID 452 RTB fee cost $3250 to RAF's budget fund.
[2025/4/27 - 16:02:22] Vehicle Slot ID 595 RTB fee cost $3250 to RAF's budget fund.
[2025/4/27 - 16:04:53] Vehicle Slot ID 41 RTB fee cost $2750 to RAF's budget fund.
[2025/4/27 - 16:04:53] Vehicle Slot ID 63 RTB fee cost $2750 to RAF's budget fund.
[2025/4/27 - 16:04:53] Vehicle Slot ID 180 RTB fee cost $2250 to RAF's budget fund.
[2025/4/27 - 16:04:53] Vehicle Slot ID 229 RTB fee cost $3250 to RAF's budget fund.
[2025/4/27 - 16:04:53] Vehicle Slot ID 252 RTB fee cost $2750 to RAF's budget fund.
[2025/4/27 - 16:04:53] Vehicle Slot ID 415 RTB fee cost $2750 to RAF's budget fund.
[2025/4/27 - 16:04:53] Vehicle Slot ID 419 RTB fee cost $2250 to RAF's budget fund.
[2025/4/27 - 16:04:53] Vehicle Slot ID 452 RTB fee cost $3250 to RAF's budget fund.
[2025/4/27 - 16:04:53] Vehicle Slot ID 595 RTB fee cost $3250 to RAF's budget fund.
[2025/4/27 - 16:15:48] Vehicle Slot ID 41 RTB fee cost $2750 to RAF's budget fund.
[2025/4/27 - 16:15:48] Vehicle Slot ID 63 RTB fee cost $2750 to RAF's budget fund.
[2025/4/27 - 16:15:48] Vehicle Slot ID 180 RTB fee cost $2250 to RAF's budget fund.
[2025/4/27 - 16:15:48] Vehicle Slot ID 229 RTB fee cost $3250 to RAF's budget fund.
[2025/4/27 - 16:15:48] Vehicle Slot ID 252 RTB fee cost $2750 to RAF's budget fund.
[2025/4/27 - 16:15:48] Vehicle Slot ID 415 RTB fee cost $2750 to RAF's budget fund.
[2025/4/27 - 16:15:48] Vehicle Slot ID 419 RTB fee cost $2250 to RAF's budget fund.
[2025/4/27 - 16:15:48] Vehicle Slot ID 452 RTB fee cost $3250 to RAF's budget fund.
[2025/4/27 - 16:15:49] Vehicle Slot ID 595 RTB fee cost $3250 to RAF's budget fund.
[2025/4/27 - 16:33:08] Vehicle Slot ID 41 RTB fee cost $2750 to RAF's budget fund.
[2025/4/27 - 16:33:08] Vehicle Slot ID 63 RTB fee cost $2750 to RAF's budget fund.
[2025/4/27 - 16:33:08] Vehicle Slot ID 180 RTB fee cost $2250 to RAF's budget fund.
[2025/4/27 - 16:33:08] Vehicle Slot ID 229 RTB fee cost $3250 to RAF's budget fund.
[2025/4/27 - 16:33:08] Vehicle Slot ID 252 RTB fee cost $2750 to RAF's budget fund.
[2025/4/27 - 16:33:08] Vehicle Slot ID 415 RTB fee cost $2750 to RAF's budget fund.
[2025/4/27 - 16:33:08] Vehicle Slot ID 419 RTB fee cost $2250 to RAF's budget fund.
[2025/4/27 - 16:33:08] Vehicle Slot ID 452 RTB fee cost $3250 to RAF's budget fund.
[2025/4/27 - 16:33:08] Vehicle Slot ID 595 RTB fee cost $3250 to RAF's budget fund.
[2025/4/27 - 16:38:46] Vehicle Slot ID 41 RTB fee cost $2750 to RAF's budget fund.
[2025/4/27 - 16:38:46] Vehicle Slot ID 63 RTB fee cost $2750 to RAF's budget fund.
[2025/4/27 - 16:38:46] Vehicle Slot ID 180 RTB fee cost $2250 to RAF's budget fund.
[2025/4/27 - 16:38:46] Vehicle Slot ID 229 RTB fee cost $3250 to RAF's budget fund.
[2025/4/27 - 16:38:46] Vehicle Slot ID 252 RTB fee cost $2750 to RAF's budget fund.
[2025/4/27 - 16:38:46] Vehicle Slot ID 415 RTB fee cost $2750 to RAF's budget fund.
[2025/4/27 - 16:38:46] Vehicle Slot ID 419 RTB fee cost $2250 to RAF's budget fund.
[2025/4/27 - 16:38:46] Vehicle Slot ID 452 RTB fee cost $3250 to RAF's budget fund.
[2025/4/27 - 16:38:46] Vehicle Slot ID 595 RTB fee cost $3250 to RAF's budget fund.
[2025/4/27 - 17:00:36] The faction vault is at $73,633,034.
[2025/4/27 - 17:00:36] Vehicle ID 292 (Slot ID 41) Maintainence fee cost $5,500 to RAF's budget fund.
[2025/4/27 - 17:00:36] Vehicle ID 301 (Slot ID 54) Maintainence fee cost $3,000 to RAF's budget fund.
[2025/4/27 - 17:00:36] Vehicle ID 65535 (Slot ID 57) Maintainence fee cost $5,000 to RAF's budget fund.
[2025/4/27 - 17:00:36] Vehicle ID 307 (Slot ID 62) Maintainence fee cost $500 to RAF's budget fund.
[2025/4/27 - 17:00:36] Vehicle ID 308 (Slot ID 63) Maintainence fee cost $5,500 to RAF's budget fund.
[2025/4/27 - 17:00:36] Vehicle ID 326 (Slot ID 82) Maintainence fee cost $3,000 to RAF's budget fund.
[2025/4/27 - 17:00:36] Vehicle ID 331 (Slot ID 87) Maintainence fee cost $3,000 to RAF's budget fund.
[2025/4/27 - 17:00:36] Vehicle ID 334 (Slot ID 91) Maintainence fee cost $2,500 to RAF's budget fund.
[2025/4/27 - 17:00:36] Vehicle ID 335 (Slot ID 92) Maintainence fee cost $2,500 to RAF's budget fund.
[2025/4/27 - 17:00:36] Vehicle ID 401 (Slot ID 169) Maintainence fee cost $2,500 to RAF's budget fund.
[2025/4/27 - 17:00:36] Vehicle ID 410 (Slot ID 180) Maintainence fee cost $4,500 to RAF's budget fund.
[2025/4/27 - 17:00:36] Vehicle ID 451 (Slot ID 229) Maintainence fee cost $6,500 to RAF's budget fund.
[2025/4/27 - 17:00:36] Vehicle ID 472 (Slot ID 252) Maintainence fee cost $5,500 to RAF's budget fund.
[2025/4/27 - 17:00:36] Vehicle ID 478 (Slot ID 259) Maintainence fee cost $2,500 to RAF's budget fund.
[2025/4/27 - 17:00:36] Vehicle ID 501 (Slot ID 285) Maintainence fee cost $2,500 to RAF's budget fund.
[2025/4/27 - 17:00:36] Vehicle ID 502 (Slot ID 286) Maintainence fee cost $2,500 to RAF's budget fund.
[2025/4/27 - 17:00:36] Vehicle ID 568 (Slot ID 367) Maintainence fee cost $3,500 to RAF's budget fund.
[2025/4/27 - 17:00:36] Vehicle ID 582 (Slot ID 411) Maintainence fee cost $3,500 to RAF's budget fund.
[2025/4/27 - 17:00:36] Vehicle ID 584 (Slot ID 415) Maintainence fee cost $5,500 to RAF's budget fund.
[2025/4/27 - 17:00:36] Vehicle ID 586 (Slot ID 419) Maintainence fee cost $4,500 to RAF's budget fund.
[2025/4/27 - 17:00:36] Vehicle ID 595 (Slot ID 452) Maintainence fee cost $6,500 to RAF's budget fund.
[2025/4/27 - 17:00:36] Vehicle ID 603 (Slot ID 498) Maintainence fee cost $3,500 to RAF's budget fund.
[2025/4/27 - 17:00:36] Vehicle ID 0 (Slot ID 502) Maintainence fee cost $2,500 to RAF's budget fund.
[2025/4/27 - 17:00:36] Vehicle ID 606 (Slot ID 505) Maintainence fee cost $3,500 to RAF's budget fund.
[2025/4/27 - 17:00:36] Vehicle ID 0 (Slot ID 548) Maintainence fee cost $3,500 to RAF's budget fund.
[2025/4/27 - 17:00:36] Vehicle ID 0 (Slot ID 570) Maintainence fee cost $3,500 to RAF's budget fund.
[2025/4/27 - 17:00:36] Vehicle ID 0 (Slot ID 582) Maintainence fee cost $3,500 to RAF's budget fund.
[2025/4/27 - 17:00:36] Vehicle ID 621 (Slot ID 595) Maintainence fee cost $6,500 to RAF's budget fund.
[2025/4/27 - 17:00:36] Vehicle ID 0 (Slot ID 597) Maintainence fee cost $3,000 to RAF's budget fund.
[2025/4/27 - 17:00:36] Vehicle ID 0 (Slot ID 600) Maintainence fee cost $2,000 to RAF's budget fund.
[2025/4/27 - 17:00:36] Vehicle ID 622 (Slot ID 610) Maintainence fee cost $0 to RAF's budget fund.
[2025/4/27 - 17:00:36] Vehicle ID 623 (Slot ID 613) Maintainence fee cost $0 to RAF's budget fund.
[2025/4/27 - 17:00:36] Vehicle ID 0 (Slot ID 616) Maintainence fee cost $0 to RAF's budget fund.
[2025/4/27 - 17:00:36] Vehicle ID 0 (Slot ID 639) Maintainence fee cost $0 to RAF's budget fund.
[2025/4/27 - 17:00:36] Vehicle ID 65535 (Slot ID 667) Maintainence fee cost $0 to RAF's budget fund.
[2025/4/27 - 17:00:36] Vehicle ID 65535 (Slot ID 679) Maintainence fee cost $6,500 to RAF's budget fund.
[2025/4/27 - 17:20:27] Vehicle Slot ID 41 RTB fee cost $2750 to RAF's budget fund.
[2025/4/27 - 17:20:27] Vehicle Slot ID 63 RTB fee cost $2750 to RAF's budget fund.
[2025/4/27 - 17:20:28] Vehicle Slot ID 180 RTB fee cost $2250 to RAF's budget fund.
[2025/4/27 - 17:20:28] Vehicle Slot ID 229 RTB fee cost $3250 to RAF's budget fund.
[2025/4/27 - 17:20:28] Vehicle Slot ID 252 RTB fee cost $2750 to RAF's budget fund.
[2025/4/27 - 17:20:28] Vehicle Slot ID 415 RTB fee cost $2750 to RAF's budget fund.
[2025/4/27 - 17:20:28] Vehicle Slot ID 419 RTB fee cost $2250 to RAF's budget fund.
[2025/4/27 - 17:20:28] Vehicle Slot ID 452 RTB fee cost $3250 to RAF's budget fund.
[2025/4/27 - 17:20:28] Vehicle Slot ID 595 RTB fee cost $3250 to RAF's budget fund.
[2025/4/27 - 17:28:57] Vehicle Slot ID 41 RTB fee cost $2750 to RAF's budget fund.
[2025/4/27 - 17:28:57] Vehicle Slot ID 63 RTB fee cost $2750 to RAF's budget fund.
[2025/4/27 - 17:28:57] Vehicle Slot ID 180 RTB fee cost $2250 to RAF's budget fund.
[2025/4/27 - 17:28:57] Vehicle Slot ID 229 RTB fee cost $3250 to RAF's budget fund.
[2025/4/27 - 17:28:57] Vehicle Slot ID 252 RTB fee cost $2750 to RAF's budget fund.
[2025/4/27 - 17:28:57] Vehicle Slot ID 415 RTB fee cost $2750 to RAF's budget fund.
[2025/4/27 - 17:28:57] Vehicle Slot ID 419 RTB fee cost $2250 to RAF's budget fund.
[2025/4/27 - 17:28:57] Vehicle Slot ID 452 RTB fee cost $3250 to RAF's budget fund.
[2025/4/27 - 17:28:58] Vehicle Slot ID 595 RTB fee cost $3250 to RAF's budget fund.
[2025/4/27 - 17:45:43] Vehicle Slot ID 41 RTB fee cost $2750 to RAF's budget fund.
[2025/4/27 - 17:45:43] Vehicle Slot ID 63 RTB fee cost $2750 to RAF's budget fund.
[2025/4/27 - 17:45:43] Vehicle Slot ID 180 RTB fee cost $2250 to RAF's budget fund.
[2025/4/27 - 17:45:43] Vehicle Slot ID 229 RTB fee cost $3250 to RAF's budget fund.
[2025/4/27 - 17:45:43] Vehicle Slot ID 252 RTB fee cost $2750 to RAF's budget fund.
[2025/4/27 - 17:45:44] Vehicle Slot ID 415 RTB fee cost $2750 to RAF's budget fund.
[2025/4/27 - 17:45:44] Vehicle Slot ID 419 RTB fee cost $2250 to RAF's budget fund.
[2025/4/27 - 17:45:44] Vehicle Slot ID 452 RTB fee cost $3250 to RAF's budget fund.
[2025/4/27 - 17:45:44] Vehicle Slot ID 595 RTB fee cost $3250 to RAF's budget fund.
[2025/4/27 - 17:46:47] Vehicle Slot ID 41 RTB fee cost $2750 to RAF's budget fund.
[2025/4/27 - 17:46:47] Vehicle Slot ID 63 RTB fee cost $2750 to RAF's budget fund.
[2025/4/27 - 17:46:47] Vehicle Slot ID 180 RTB fee cost $2250 to RAF's budget fund.
[2025/4/27 - 17:46:47] Vehicle Slot ID 229 RTB fee cost $3250 to RAF's budget fund.
[2025/4/27 - 17:46:47] Vehicle Slot ID 252 RTB fee cost $2750 to RAF's budget fund.
[2025/4/27 - 17:46:47] Vehicle Slot ID 415 RTB fee cost $2750 to RAF's budget fund.
[2025/4/27 - 17:46:47] Vehicle Slot ID 419 RTB fee cost $2250 to RAF's budget fund.
[2025/4/27 - 17:46:47] Vehicle Slot ID 452 RTB fee cost $3250 to RAF's budget fund.
[2025/4/27 - 17:46:47] Vehicle Slot ID 595 RTB fee cost $3250 to RAF's budget fund.
[2025/4/27 - 17:59:41] Vehicle Slot ID 41 RTB fee cost $2750 to RAF's budget fund.
[2025/4/27 - 17:59:41] Vehicle Slot ID 63 RTB fee cost $2750 to RAF's budget fund.
[2025/4/27 - 17:59:41] Vehicle Slot ID 180 RTB fee cost $2250 to RAF's budget fund.
[2025/4/27 - 17:59:41] Vehicle Slot ID 229 RTB fee cost $3250 to RAF's budget fund.
[2025/4/27 - 17:59:41] Vehicle Slot ID 252 RTB fee cost $2750 to RAF's budget fund.
[2025/4/27 - 17:59:42] Vehicle Slot ID 415 RTB fee cost $2750 to RAF's budget fund.
[2025/4/27 - 17:59:42] Vehicle Slot ID 419 RTB fee cost $2250 to RAF's budget fund.
[2025/4/27 - 17:59:42] Vehicle Slot ID 452 RTB fee cost $3250 to RAF's budget fund.
[2025/4/27 - 17:59:42] Vehicle Slot ID 595 RTB fee cost $3250 to RAF's budget fund.
[2025/4/27 - 18:01:31] The faction vault is at $73,489,284.
[2025/4/27 - 18:01:31] Vehicle ID 292 (Slot ID 41) Maintainence fee cost $5,500 to RAF's budget fund.
[2025/4/27 - 18:01:31] Vehicle ID 301 (Slot ID 54) Maintainence fee cost $3,000 to RAF's budget fund.
[2025/4/27 - 18:01:31] Vehicle ID 65535 (Slot ID 57) Maintainence fee cost $5,000 to RAF's budget fund.
[2025/4/27 - 18:01:31] Vehicle ID 307 (Slot ID 62) Maintainence fee cost $500 to RAF's budget fund.
[2025/4/27 - 18:01:31] Vehicle ID 308 (Slot ID 63) Maintainence fee cost $5,500 to RAF's budget fund.
[2025/4/27 - 18:01:31] Vehicle ID 326 (Slot ID 82) Maintainence fee cost $3,000 to RAF's budget fund.
[2025/4/27 - 18:01:31] Vehicle ID 331 (Slot ID 87) Maintainence fee cost $3,000 to RAF's budget fund.
[2025/4/27 - 18:01:31] Vehicle ID 334 (Slot ID 91) Maintainence fee cost $2,500 to RAF's budget fund.
[2025/4/27 - 18:01:31] Vehicle ID 335 (Slot ID 92) Maintainence fee cost $2,500 to RAF's budget fund.
[2025/4/27 - 18:01:31] Vehicle ID 401 (Slot ID 169) Maintainence fee cost $2,500 to RAF's budget fund.
[2025/4/27 - 18:01:31] Vehicle ID 410 (Slot ID 180) Maintainence fee cost $4,500 to RAF's budget fund.
[2025/4/27 - 18:01:31] Vehicle ID 451 (Slot ID 229) Maintainence fee cost $6,500 to RAF's budget fund.
[2025/4/27 - 18:01:31] Vehicle ID 472 (Slot ID 252) Maintainence fee cost $5,500 to RAF's budget fund.
[2025/4/27 - 18:01:31] Vehicle ID 478 (Slot ID 259) Maintainence fee cost $2,500 to RAF's budget fund.
[2025/4/27 - 18:01:31] Vehicle ID 501 (Slot ID 285) Maintainence fee cost $2,500 to RAF's budget fund.
[2025/4/27 - 18:01:31] Vehicle ID 502 (Slot ID 286) Maintainence fee cost $2,500 to RAF's budget fund.
[2025/4/27 - 18:01:31] Vehicle ID 568 (Slot ID 367) Maintainence fee cost $3,500 to RAF's budget fund.
[2025/4/27 - 18:01:31] Vehicle ID 582 (Slot ID 411) Maintainence fee cost $3,500 to RAF's budget fund.
[2025/4/27 - 18:01:31] Vehicle ID 584 (Slot ID 415) Maintainence fee cost $5,500 to RAF's budget fund.
[2025/4/27 - 18:01:31] Vehicle ID 586 (Slot ID 419) Maintainence fee cost $4,500 to RAF's budget fund.
[2025/4/27 - 18:01:31] Vehicle ID 595 (Slot ID 452) Maintainence fee cost $6,500 to RAF's budget fund.
[2025/4/27 - 18:01:31] Vehicle ID 603 (Slot ID 498) Maintainence fee cost $3,500 to RAF's budget fund.
[2025/4/27 - 18:01:31] Vehicle ID 0 (Slot ID 502) Maintainence fee cost $2,500 to RAF's budget fund.
[2025/4/27 - 18:01:31] Vehicle ID 606 (Slot ID 505) Maintainence fee cost $3,500 to RAF's budget fund.
[2025/4/27 - 18:01:31] Vehicle ID 0 (Slot ID 548) Maintainence fee cost $3,500 to RAF's budget fund.
[2025/4/27 - 18:01:31] Vehicle ID 0 (Slot ID 570) Maintainence fee cost $3,500 to RAF's budget fund.
[2025/4/27 - 18:01:31] Vehicle ID 0 (Slot ID 582) Maintainence fee cost $3,500 to RAF's budget fund.
[2025/4/27 - 18:01:31] Vehicle ID 621 (Slot ID 595) Maintainence fee cost $6,500 to RAF's budget fund.
[2025/4/27 - 18:01:31] Vehicle ID 0 (Slot ID 597) Maintainence fee cost $3,000 to RAF's budget fund.
[2025/4/27 - 18:01:31] Vehicle ID 0 (Slot ID 600) Maintainence fee cost $2,000 to RAF's budget fund.
[2025/4/27 - 18:01:31] Vehicle ID 622 (Slot ID 610) Maintainence fee cost $0 to RAF's budget fund.
[2025/4/27 - 18:01:31] Vehicle ID 623 (Slot ID 613) Maintainence fee cost $0 to RAF's budget fund.
[2025/4/27 - 18:01:31] Vehicle ID 0 (Slot ID 616) Maintainence fee cost $0 to RAF's budget fund.
[2025/4/27 - 18:01:31] Vehicle ID 0 (Slot ID 639) Maintainence fee cost $0 to RAF's budget fund.
[2025/4/27 - 18:01:31] Vehicle ID 65535 (Slot ID 667) Maintainence fee cost $0 to RAF's budget fund.
[2025/4/27 - 18:01:31] Vehicle ID 65535 (Slot ID 679) Maintainence fee cost $6,500 to RAF's budget fund.
[2025/4/27 - 18:15:33] Vehicle Slot ID 41 RTB fee cost $2750 to RAF's budget fund.
[2025/4/27 - 18:15:33] Vehicle Slot ID 63 RTB fee cost $2750 to RAF's budget fund.
[2025/4/27 - 18:15:33] Vehicle Slot ID 180 RTB fee cost $2250 to RAF's budget fund.
[2025/4/27 - 18:15:33] Vehicle Slot ID 229 RTB fee cost $3250 to RAF's budget fund.
[2025/4/27 - 18:15:33] Vehicle Slot ID 252 RTB fee cost $2750 to RAF's budget fund.
[2025/4/27 - 18:15:33] Vehicle Slot ID 415 RTB fee cost $2750 to RAF's budget fund.
[2025/4/27 - 18:15:33] Vehicle Slot ID 419 RTB fee cost $2250 to RAF's budget fund.
[2025/4/27 - 18:15:33] Vehicle Slot ID 452 RTB fee cost $3250 to RAF's budget fund.
[2025/4/27 - 18:15:33] Vehicle Slot ID 595 RTB fee cost $3250 to RAF's budget fund.
[2025/4/27 - 18:16:52] Vehicle Slot ID 41 RTB fee cost $2750 to RAF's budget fund.
[2025/4/27 - 18:16:52] Vehicle Slot ID 54 RTB fee cost $1500 to RAF's budget fund.
[2025/4/27 - 18:16:52] Vehicle Slot ID 62 RTB fee cost $250 to RAF's budget fund.
[2025/4/27 - 18:16:52] Vehicle Slot ID 63 RTB fee cost $2750 to RAF's budget fund.
[2025/4/27 - 18:16:52] Vehicle Slot ID 82 RTB fee cost $1500 to RAF's budget fund.
[2025/4/27 - 18:16:52] Vehicle Slot ID 87 RTB fee cost $1500 to RAF's budget fund.
[2025/4/27 - 18:16:52] Vehicle Slot ID 91 RTB fee cost $1250 to RAF's budget fund.
[2025/4/27 - 18:16:52] Vehicle Slot ID 92 RTB fee cost $1250 to RAF's budget fund.
[2025/4/27 - 18:16:52] Vehicle Slot ID 169 RTB fee cost $1250 to RAF's budget fund.
[2025/4/27 - 18:16:52] Vehicle Slot ID 180 RTB fee cost $2250 to RAF's budget fund.
[2025/4/27 - 18:16:52] Vehicle Slot ID 229 RTB fee cost $3250 to RAF's budget fund.
[2025/4/27 - 18:16:52] Vehicle Slot ID 252 RTB fee cost $2750 to RAF's budget fund.
[2025/4/27 - 18:16:52] Vehicle Slot ID 259 RTB fee cost $1250 to RAF's budget fund.
[2025/4/27 - 18:16:52] Vehicle Slot ID 285 RTB fee cost $1250 to RAF's budget fund.
[2025/4/27 - 18:16:52] Vehicle Slot ID 286 RTB fee cost $1250 to RAF's budget fund.
[2025/4/27 - 18:16:52] Vehicle Slot ID 367 RTB fee cost $1750 to RAF's budget fund.
[2025/4/27 - 18:16:52] Vehicle Slot ID 411 RTB fee cost $1750 to RAF's budget fund.
[2025/4/27 - 18:16:52] Vehicle Slot ID 415 RTB fee cost $2750 to RAF's budget fund.
[2025/4/27 - 18:16:52] Vehicle Slot ID 419 RTB fee cost $2250 to RAF's budget fund.
[2025/4/27 - 18:16:52] Vehicle Slot ID 452 RTB fee cost $3250 to RAF's budget fund.
[2025/4/27 - 18:16:52] Vehicle Slot ID 498 RTB fee cost $1750 to RAF's budget fund.
[2025/4/27 - 18:16:52] Vehicle Slot ID 505 RTB fee cost $1750 to RAF's budget fund.
[2025/4/27 - 18:16:52] Vehicle Slot ID 595 RTB fee cost $3250 to RAF's budget fund.
[2025/4/27 - 18:16:52] Vehicle Slot ID 610 RTB fee cost $0 to RAF's budget fund.
[2025/4/27 - 18:16:52] Vehicle Slot ID 613 RTB fee cost $0 to RAF's budget fund.
[2025/4/27 - 18:19:39] Vehicle Slot ID 41 RTB fee cost $2750 to RAF's budget fund.
[2025/4/27 - 18:19:39] Vehicle Slot ID 63 RTB fee cost $2750 to RAF's budget fund.
[2025/4/27 - 18:19:39] Vehicle Slot ID 180 RTB fee cost $2250 to RAF's budget fund.
[2025/4/27 - 18:19:39] Vehicle Slot ID 229 RTB fee cost $3250 to RAF's budget fund.
[2025/4/27 - 18:19:39] Vehicle Slot ID 252 RTB fee cost $2750 to RAF's budget fund.
[2025/4/27 - 18:19:39] Vehicle Slot ID 415 RTB fee cost $2750 to RAF's budget fund.
[2025/4/27 - 18:19:39] Vehicle Slot ID 419 RTB fee cost $2250 to RAF's budget fund.
[2025/4/27 - 18:19:39] Vehicle Slot ID 452 RTB fee cost $3250 to RAF's budget fund.
[2025/4/27 - 18:19:39] Vehicle Slot ID 595 RTB fee cost $3250 to RAF's budget fund.
[2025/4/27 - 18:23:57] Vehicle Slot ID 41 RTB fee cost $2750 to RAF's budget fund.
[2025/4/27 - 18:23:57] Vehicle Slot ID 63 RTB fee cost $2750 to RAF's budget fund.
[2025/4/27 - 18:23:57] Vehicle Slot ID 180 RTB fee cost $2250 to RAF's budget fund.
[2025/4/27 - 18:23:57] Vehicle Slot ID 229 RTB fee cost $3250 to RAF's budget fund.
[2025/4/27 - 18:23:57] Vehicle Slot ID 252 RTB fee cost $2750 to RAF's budget fund.
[2025/4/27 - 18:23:58] Vehicle Slot ID 415 RTB fee cost $2750 to RAF's budget fund.
[2025/4/27 - 18:23:58] Vehicle Slot ID 419 RTB fee cost $2250 to RAF's budget fund.
[2025/4/27 - 18:23:58] Vehicle Slot ID 452 RTB fee cost $3250 to RAF's budget fund.
[2025/4/27 - 18:23:58] Vehicle Slot ID 595 RTB fee cost $3250 to RAF's budget fund.
[2025/4/27 - 18:30:31] Vehicle Slot ID 41 RTB fee cost $2750 to RAF's budget fund.
[2025/4/27 - 18:30:31] Vehicle Slot ID 63 RTB fee cost $2750 to RAF's budget fund.
[2025/4/27 - 18:30:31] Vehicle Slot ID 180 RTB fee cost $2250 to RAF's budget fund.
[2025/4/27 - 18:30:31] Vehicle Slot ID 229 RTB fee cost $3250 to RAF's budget fund.
[2025/4/27 - 18:30:31] Vehicle Slot ID 252 RTB fee cost $2750 to RAF's budget fund.
[2025/4/27 - 18:30:31] Vehicle Slot ID 415 RTB fee cost $2750 to RAF's budget fund.
[2025/4/27 - 18:30:31] Vehicle Slot ID 419 RTB fee cost $2250 to RAF's budget fund.
[2025/4/27 - 18:30:31] Vehicle Slot ID 452 RTB fee cost $3250 to RAF's budget fund.
[2025/4/27 - 18:30:31] Vehicle Slot ID 595 RTB fee cost $3250 to RAF's budget fund.
[2025/4/27 - 18:43:40] Vehicle Slot ID 41 RTB fee cost $2750 to RAF's budget fund.
[2025/4/27 - 18:43:40] Vehicle Slot ID 54 RTB fee cost $1500 to RAF's budget fund.
[2025/4/27 - 18:43:40] Vehicle Slot ID 62 RTB fee cost $250 to RAF's budget fund.
[2025/4/27 - 18:43:40] Vehicle Slot ID 63 RTB fee cost $2750 to RAF's budget fund.
[2025/4/27 - 18:43:40] Vehicle Slot ID 82 RTB fee cost $1500 to RAF's budget fund.
[2025/4/27 - 18:43:40] Vehicle Slot ID 87 RTB fee cost $1500 to RAF's budget fund.
[2025/4/27 - 18:43:40] Vehicle Slot ID 91 RTB fee cost $1250 to RAF's budget fund.
[2025/4/27 - 18:43:40] Vehicle Slot ID 92 RTB fee cost $1250 to RAF's budget fund.
[2025/4/27 - 18:43:40] Vehicle Slot ID 169 RTB fee cost $1250 to RAF's budget fund.
[2025/4/27 - 18:43:40] Vehicle Slot ID 180 RTB fee cost $2250 to RAF's budget fund.
[2025/4/27 - 18:43:40] Vehicle Slot ID 229 RTB fee cost $3250 to RAF's budget fund.
[2025/4/27 - 18:43:40] Vehicle Slot ID 252 RTB fee cost $2750 to RAF's budget fund.
[2025/4/27 - 18:43:40] Vehicle Slot ID 259 RTB fee cost $1250 to RAF's budget fund.
[2025/4/27 - 18:43:40] Vehicle Slot ID 285 RTB fee cost $1250 to RAF's budget fund.
[2025/4/27 - 18:43:40] Vehicle Slot ID 286 RTB fee cost $1250 to RAF's budget fund.
[2025/4/27 - 18:43:40] Vehicle Slot ID 367 RTB fee cost $1750 to RAF's budget fund.
[2025/4/27 - 18:43:40] Vehicle Slot ID 411 RTB fee cost $1750 to RAF's budget fund.
[2025/4/27 - 18:43:40] Vehicle Slot ID 415 RTB fee cost $2750 to RAF's budget fund.
[2025/4/27 - 18:43:40] Vehicle Slot ID 419 RTB fee cost $2250 to RAF's budget fund.
[2025/4/27 - 18:43:40] Vehicle Slot ID 452 RTB fee cost $3250 to RAF's budget fund.
[2025/4/27 - 18:43:40] Vehicle Slot ID 498 RTB fee cost $1750 to RAF's budget fund.
[2025/4/27 - 18:43:40] Vehicle Slot ID 505 RTB fee cost $1750 to RAF's budget fund.
[2025/4/27 - 18:43:40] Vehicle Slot ID 595 RTB fee cost $3250 to RAF's budget fund.
[2025/4/27 - 18:43:40] Vehicle Slot ID 610 RTB fee cost $0 to RAF's budget fund.
[2025/4/27 - 18:43:40] Vehicle Slot ID 613 RTB fee cost $0 to RAF's budget fund.
[2025/4/27 - 18:52:42] Vehicle Slot ID 41 RTB fee cost $2750 to RAF's budget fund.
[2025/4/27 - 18:52:42] Vehicle Slot ID 63 RTB fee cost $2750 to RAF's budget fund.
[2025/4/27 - 18:52:42] Vehicle Slot ID 180 RTB fee cost $2250 to RAF's budget fund.
[2025/4/27 - 18:52:42] Vehicle Slot ID 229 RTB fee cost $3250 to RAF's budget fund.
[2025/4/27 - 18:52:42] Vehicle Slot ID 252 RTB fee cost $2750 to RAF's budget fund.
[2025/4/27 - 18:52:42] Vehicle Slot ID 415 RTB fee cost $2750 to RAF's budget fund.
[2025/4/27 - 18:52:42] Vehicle Slot ID 419 RTB fee cost $2250 to RAF's budget fund.
[2025/4/27 - 18:52:42] Vehicle Slot ID 452 RTB fee cost $3250 to RAF's budget fund.
[2025/4/27 - 18:52:42] Vehicle Slot ID 595 RTB fee cost $3250 to RAF's budget fund.
[2025/4/27 - 19:02:01] Vehicle Slot ID 41 RTB fee cost $2750 to RAF's budget fund.
[2025/4/27 - 19:02:01] Vehicle Slot ID 63 RTB fee cost $2750 to RAF's budget fund.
[2025/4/27 - 19:02:01] Vehicle Slot ID 180 RTB fee cost $2250 to RAF's budget fund.
[2025/4/27 - 19:02:01] Vehicle Slot ID 229 RTB fee cost $3250 to RAF's budget fund.
[2025/4/27 - 19:02:01] Vehicle Slot ID 252 RTB fee cost $2750 to RAF's budget fund.
[2025/4/27 - 19:02:01] Vehicle Slot ID 415 RTB fee cost $2750 to RAF's budget fund.
[2025/4/27 - 19:02:01] Vehicle Slot ID 419 RTB fee cost $2250 to RAF's budget fund.
[2025/4/27 - 19:02:01] Vehicle Slot ID 452 RTB fee cost $3250 to RAF's budget fund.
[2025/4/27 - 19:02:01] Vehicle Slot ID 595 RTB fee cost $3250 to RAF's budget fund.
[2025/4/27 - 19:31:40] Vehicle Slot ID 41 RTB fee cost $2750 to RAF's budget fund.
[2025/4/27 - 19:31:40] Vehicle Slot ID 63 RTB fee cost $2750 to RAF's budget fund.
[2025/4/27 - 19:31:40] Vehicle Slot ID 180 RTB fee cost $2250 to RAF's budget fund.
[2025/4/27 - 19:31:40] Vehicle Slot ID 229 RTB fee cost $3250 to RAF's budget fund.
[2025/4/27 - 19:31:40] Vehicle Slot ID 252 RTB fee cost $2750 to RAF's budget fund.
[2025/4/27 - 19:31:40] Vehicle Slot ID 415 RTB fee cost $2750 to RAF's budget fund.
[2025/4/27 - 19:31:40] Vehicle Slot ID 419 RTB fee cost $2250 to RAF's budget fund.
[2025/4/27 - 19:31:40] Vehicle Slot ID 452 RTB fee cost $3250 to RAF's budget fund.
[2025/4/27 - 19:31:40] Vehicle Slot ID 595 RTB fee cost $3250 to RAF's budget fund.
[2025/4/27 - 19:42:24] Vehicle Slot ID 41 RTB fee cost $2750 to RAF's budget fund.
[2025/4/27 - 19:42:24] Vehicle Slot ID 63 RTB fee cost $2750 to RAF's budget fund.
[2025/4/27 - 19:42:24] Vehicle Slot ID 180 RTB fee cost $2250 to RAF's budget fund.
[2025/4/27 - 19:42:24] Vehicle Slot ID 229 RTB fee cost $3250 to RAF's budget fund.
[2025/4/27 - 19:42:24] Vehicle Slot ID 252 RTB fee cost $2750 to RAF's budget fund.
[2025/4/27 - 19:42:25] Vehicle Slot ID 415 RTB fee cost $2750 to RAF's budget fund.
[2025/4/27 - 19:42:25] Vehicle Slot ID 419 RTB fee cost $2250 to RAF's budget fund.
[2025/4/27 - 19:42:25] Vehicle Slot ID 452 RTB fee cost $3250 to RAF's budget fund.
[2025/4/27 - 19:42:25] Vehicle Slot ID 595 RTB fee cost $3250 to RAF's budget fund.
[2025/4/27 - 20:00:07] The faction vault is at $73,345,534.
[2025/4/27 - 20:00:07] Vehicle ID 292 (Slot ID 41) Maintainence fee cost $5,500 to RAF's budget fund.
[2025/4/27 - 20:00:07] Vehicle ID 301 (Slot ID 54) Maintainence fee cost $3,000 to RAF's budget fund.
[2025/4/27 - 20:00:07] Vehicle ID 65535 (Slot ID 57) Maintainence fee cost $5,000 to RAF's budget fund.
[2025/4/27 - 20:00:07] Vehicle ID 307 (Slot ID 62) Maintainence fee cost $500 to RAF's budget fund.
[2025/4/27 - 20:00:07] Vehicle ID 308 (Slot ID 63) Maintainence fee cost $5,500 to RAF's budget fund.
[2025/4/27 - 20:00:07] Vehicle ID 326 (Slot ID 82) Maintainence fee cost $3,000 to RAF's budget fund.
[2025/4/27 - 20:00:07] Vehicle ID 331 (Slot ID 87) Maintainence fee cost $3,000 to RAF's budget fund.
[2025/4/27 - 20:00:07] Vehicle ID 334 (Slot ID 91) Maintainence fee cost $2,500 to RAF's budget fund.
[2025/4/27 - 20:00:07] Vehicle ID 335 (Slot ID 92) Maintainence fee cost $2,500 to RAF's budget fund.
[2025/4/27 - 20:00:07] Vehicle ID 401 (Slot ID 169) Maintainence fee cost $2,500 to RAF's budget fund.
[2025/4/27 - 20:00:07] Vehicle ID 410 (Slot ID 180) Maintainence fee cost $4,500 to RAF's budget fund.
[2025/4/27 - 20:00:07] Vehicle ID 451 (Slot ID 229) Maintainence fee cost $6,500 to RAF's budget fund.
[2025/4/27 - 20:00:07] Vehicle ID 472 (Slot ID 252) Maintainence fee cost $5,500 to RAF's budget fund.
[2025/4/27 - 20:00:07] Vehicle ID 478 (Slot ID 259) Maintainence fee cost $2,500 to RAF's budget fund.
[2025/4/27 - 20:00:07] Vehicle ID 501 (Slot ID 285) Maintainence fee cost $2,500 to RAF's budget fund.
[2025/4/27 - 20:00:07] Vehicle ID 502 (Slot ID 286) Maintainence fee cost $2,500 to RAF's budget fund.
[2025/4/27 - 20:00:07] Vehicle ID 568 (Slot ID 367) Maintainence fee cost $3,500 to RAF's budget fund.
[2025/4/27 - 20:00:07] Vehicle ID 582 (Slot ID 411) Maintainence fee cost $3,500 to RAF's budget fund.
[2025/4/27 - 20:00:07] Vehicle ID 584 (Slot ID 415) Maintainence fee cost $5,500 to RAF's budget fund.
[2025/4/27 - 20:00:07] Vehicle ID 586 (Slot ID 419) Maintainence fee cost $4,500 to RAF's budget fund.
[2025/4/27 - 20:00:07] Vehicle ID 595 (Slot ID 452) Maintainence fee cost $6,500 to RAF's budget fund.
[2025/4/27 - 20:00:07] Vehicle ID 603 (Slot ID 498) Maintainence fee cost $3,500 to RAF's budget fund.
[2025/4/27 - 20:00:07] Vehicle ID 0 (Slot ID 502) Maintainence fee cost $2,500 to RAF's budget fund.
[2025/4/27 - 20:00:07] Vehicle ID 606 (Slot ID 505) Maintainence fee cost $3,500 to RAF's budget fund.
[2025/4/27 - 20:00:07] Vehicle ID 0 (Slot ID 548) Maintainence fee cost $3,500 to RAF's budget fund.
[2025/4/27 - 20:00:07] Vehicle ID 0 (Slot ID 570) Maintainence fee cost $3,500 to RAF's budget fund.
[2025/4/27 - 20:00:07] Vehicle ID 0 (Slot ID 582) Maintainence fee cost $3,500 to RAF's budget fund.
[2025/4/27 - 20:00:07] Vehicle ID 621 (Slot ID 595) Maintainence fee cost $6,500 to RAF's budget fund.
[2025/4/27 - 20:00:07] Vehicle ID 0 (Slot ID 597) Maintainence fee cost $3,000 to RAF's budget fund.
[2025/4/27 - 20:00:07] Vehicle ID 0 (Slot ID 600) Maintainence fee cost $2,000 to RAF's budget fund.
[2025/4/27 - 20:00:07] Vehicle ID 622 (Slot ID 610) Maintainence fee cost $0 to RAF's budget fund.
[2025/4/27 - 20:00:07] Vehicle ID 623 (Slot ID 613) Maintainence fee cost $0 to RAF's budget fund.
[2025/4/27 - 20:00:07] Vehicle ID 0 (Slot ID 616) Maintainence fee cost $0 to RAF's budget fund.
[2025/4/27 - 20:00:07] Vehicle ID 0 (Slot ID 639) Maintainence fee cost $0 to RAF's budget fund.
[2025/4/27 - 20:00:07] Vehicle ID 65535 (Slot ID 667) Maintainence fee cost $0 to RAF's budget fund.
[2025/4/27 - 20:00:07] Vehicle ID 65535 (Slot ID 679) Maintainence fee cost $6,500 to RAF's budget fund.
[2025/4/27 - 20:56:08] Vehicle Slot ID 41 RTB fee cost $2750 to RAF's budget fund.
[2025/4/27 - 20:56:08] Vehicle Slot ID 63 RTB fee cost $2750 to RAF's budget fund.
[2025/4/27 - 20:56:08] Vehicle Slot ID 180 RTB fee cost $2250 to RAF's budget fund.
[2025/4/27 - 20:56:08] Vehicle Slot ID 229 RTB fee cost $3250 to RAF's budget fund.
[2025/4/27 - 20:56:08] Vehicle Slot ID 252 RTB fee cost $2750 to RAF's budget fund.
[2025/4/27 - 20:56:08] Vehicle Slot ID 415 RTB fee cost $2750 to RAF's budget fund.
[2025/4/27 - 20:56:08] Vehicle Slot ID 419 RTB fee cost $2250 to RAF's budget fund.
[2025/4/27 - 20:56:08] Vehicle Slot ID 452 RTB fee cost $3250 to RAF's budget fund.
[2025/4/27 - 20:56:08] Vehicle Slot ID 595 RTB fee cost $3250 to RAF's budget fund.
[2025/4/27 - 20:58:47] Vehicle Slot ID 41 RTB fee cost $2750 to RAF's budget fund.
[2025/4/27 - 20:58:47] Vehicle Slot ID 63 RTB fee cost $2750 to RAF's budget fund.
[2025/4/27 - 20:58:47] Vehicle Slot ID 180 RTB fee cost $2250 to RAF's budget fund.
[2025/4/27 - 20:58:47] Vehicle Slot ID 229 RTB fee cost $3250 to RAF's budget fund.
[2025/4/27 - 20:58:47] Vehicle Slot ID 252 RTB fee cost $2750 to RAF's budget fund.
[2025/4/27 - 20:58:47] Vehicle Slot ID 415 RTB fee cost $2750 to RAF's budget fund.
[2025/4/27 - 20:58:47] Vehicle Slot ID 419 RTB fee cost $2250 to RAF's budget fund.
[2025/4/27 - 20:58:47] Vehicle Slot ID 452 RTB fee cost $3250 to RAF's budget fund.
[2025/4/27 - 20:58:47] Vehicle Slot ID 595 RTB fee cost $3250 to RAF's budget fund.
[2025/4/27 - 21:00:44] The faction vault is at $73,201,784.
[2025/4/27 - 21:00:44] Vehicle ID 292 (Slot ID 41) Maintainence fee cost $5,500 to RAF's budget fund.
[2025/4/27 - 21:00:44] Vehicle ID 301 (Slot ID 54) Maintainence fee cost $3,000 to RAF's budget fund.
[2025/4/27 - 21:00:44] Vehicle ID 65535 (Slot ID 57) Maintainence fee cost $5,000 to RAF's budget fund.
[2025/4/27 - 21:00:44] Vehicle ID 307 (Slot ID 62) Maintainence fee cost $500 to RAF's budget fund.
[2025/4/27 - 21:00:44] Vehicle ID 308 (Slot ID 63) Maintainence fee cost $5,500 to RAF's budget fund.
[2025/4/27 - 21:00:44] Vehicle ID 326 (Slot ID 82) Maintainence fee cost $3,000 to RAF's budget fund.
[2025/4/27 - 21:00:44] Vehicle ID 331 (Slot ID 87) Maintainence fee cost $3,000 to RAF's budget fund.
[2025/4/27 - 21:00:44] Vehicle ID 334 (Slot ID 91) Maintainence fee cost $2,500 to RAF's budget fund.
[2025/4/27 - 21:00:44] Vehicle ID 335 (Slot ID 92) Maintainence fee cost $2,500 to RAF's budget fund.
[2025/4/27 - 21:00:44] Vehicle ID 401 (Slot ID 169) Maintainence fee cost $2,500 to RAF's budget fund.
[2025/4/27 - 21:00:44] Vehicle ID 410 (Slot ID 180) Maintainence fee cost $4,500 to RAF's budget fund.
[2025/4/27 - 21:00:44] Vehicle ID 451 (Slot ID 229) Maintainence fee cost $6,500 to RAF's budget fund.
[2025/4/27 - 21:00:44] Vehicle ID 472 (Slot ID 252) Maintainence fee cost $5,500 to RAF's budget fund.
[2025/4/27 - 21:00:44] Vehicle ID 478 (Slot ID 259) Maintainence fee cost $2,500 to RAF's budget fund.
[2025/4/27 - 21:00:44] Vehicle ID 501 (Slot ID 285) Maintainence fee cost $2,500 to RAF's budget fund.
[2025/4/27 - 21:00:44] Vehicle ID 502 (Slot ID 286) Maintainence fee cost $2,500 to RAF's budget fund.
[2025/4/27 - 21:00:44] Vehicle ID 568 (Slot ID 367) Maintainence fee cost $3,500 to RAF's budget fund.
[2025/4/27 - 21:00:44] Vehicle ID 582 (Slot ID 411) Maintainence fee cost $3,500 to RAF's budget fund.
[2025/4/27 - 21:00:44] Vehicle ID 584 (Slot ID 415) Maintainence fee cost $5,500 to RAF's budget fund.
[2025/4/27 - 21:00:44] Vehicle ID 586 (Slot ID 419) Maintainence fee cost $4,500 to RAF's budget fund.
[2025/4/27 - 21:00:44] Vehicle ID 595 (Slot ID 452) Maintainence fee cost $6,500 to RAF's budget fund.
[2025/4/27 - 21:00:44] Vehicle ID 603 (Slot ID 498) Maintainence fee cost $3,500 to RAF's budget fund.
[2025/4/27 - 21:00:44] Vehicle ID 0 (Slot ID 502) Maintainence fee cost $2,500 to RAF's budget fund.
[2025/4/27 - 21:00:44] Vehicle ID 606 (Slot ID 505) Maintainence fee cost $3,500 to RAF's budget fund.
[2025/4/27 - 21:00:44] Vehicle ID 0 (Slot ID 548) Maintainence fee cost $3,500 to RAF's budget fund.
[2025/4/27 - 21:00:44] Vehicle ID 0 (Slot ID 570) Maintainence fee cost $3,500 to RAF's budget fund.
[2025/4/27 - 21:00:44] Vehicle ID 0 (Slot ID 582) Maintainence fee cost $3,500 to RAF's budget fund.
[2025/4/27 - 21:00:44] Vehicle ID 621 (Slot ID 595) Maintainence fee cost $6,500 to RAF's budget fund.
[2025/4/27 - 21:00:44] Vehicle ID 0 (Slot ID 597) Maintainence fee cost $3,000 to RAF's budget fund.
[2025/4/27 - 21:00:44] Vehicle ID 0 (Slot ID 600) Maintainence fee cost $2,000 to RAF's budget fund.
[2025/4/27 - 21:00:44] Vehicle ID 622 (Slot ID 610) Maintainence fee cost $0 to RAF's budget fund.
[2025/4/27 - 21:00:44] Vehicle ID 623 (Slot ID 613) Maintainence fee cost $0 to RAF's budget fund.
[2025/4/27 - 21:00:44] Vehicle ID 0 (Slot ID 616) Maintainence fee cost $0 to RAF's budget fund.
[2025/4/27 - 21:00:44] Vehicle ID 0 (Slot ID 639) Maintainence fee cost $0 to RAF's budget fund.
[2025/4/27 - 21:00:44] Vehicle ID 65535 (Slot ID 667) Maintainence fee cost $0 to RAF's budget fund.
[2025/4/27 - 21:00:44] Vehicle ID 65535 (Slot ID 679) Maintainence fee cost $6,500 to RAF's budget fund.
[2025/4/27 - 21:25:46] Vehicle Slot ID 41 RTB fee cost $2750 to RAF's budget fund.
[2025/4/27 - 21:25:46] Vehicle Slot ID 63 RTB fee cost $2750 to RAF's budget fund.
[2025/4/27 - 21:25:46] Vehicle Slot ID 180 RTB fee cost $2250 to RAF's budget fund.
[2025/4/27 - 21:25:46] Vehicle Slot ID 229 RTB fee cost $3250 to RAF's budget fund.
[2025/4/27 - 21:25:46] Vehicle Slot ID 252 RTB fee cost $2750 to RAF's budget fund.
[2025/4/27 - 21:25:46] Vehicle Slot ID 415 RTB fee cost $2750 to RAF's budget fund.
[2025/4/27 - 21:25:46] Vehicle Slot ID 419 RTB fee cost $2250 to RAF's budget fund.
[2025/4/27 - 21:25:46] Vehicle Slot ID 452 RTB fee cost $3250 to RAF's budget fund.
[2025/4/27 - 21:25:46] Vehicle Slot ID 595 RTB fee cost $3250 to RAF's budget fund.
[2025/4/27 - 21:27:30] Vehicle Slot ID 41 RTB fee cost $2750 to RAF's budget fund.
[2025/4/27 - 21:27:30] Vehicle Slot ID 63 RTB fee cost $2750 to RAF's budget fund.
[2025/4/27 - 21:27:30] Vehicle Slot ID 180 RTB fee cost $2250 to RAF's budget fund.
[2025/4/27 - 21:27:30] Vehicle Slot ID 229 RTB fee cost $3250 to RAF's budget fund.
[2025/4/27 - 21:27:30] Vehicle Slot ID 252 RTB fee cost $2750 to RAF's budget fund.
[2025/4/27 - 21:27:30] Vehicle Slot ID 415 RTB fee cost $2750 to RAF's budget fund.
[2025/4/27 - 21:27:30] Vehicle Slot ID 419 RTB fee cost $2250 to RAF's budget fund.
[2025/4/27 - 21:27:30] Vehicle Slot ID 452 RTB fee cost $3250 to RAF's budget fund.
[2025/4/27 - 21:27:30] Vehicle Slot ID 595 RTB fee cost $3250 to RAF's budget fund.
[2025/4/27 - 21:42:59] Vehicle Slot ID 41 RTB fee cost $2750 to RAF's budget fund.
[2025/4/27 - 21:42:59] Vehicle Slot ID 63 RTB fee cost $2750 to RAF's budget fund.
[2025/4/27 - 21:42:59] Vehicle Slot ID 180 RTB fee cost $2250 to RAF's budget fund.
[2025/4/27 - 21:42:59] Vehicle Slot ID 229 RTB fee cost $3250 to RAF's budget fund.
[2025/4/27 - 21:42:59] Vehicle Slot ID 252 RTB fee cost $2750 to RAF's budget fund.
[2025/4/27 - 21:42:59] Vehicle Slot ID 415 RTB fee cost $2750 to RAF's budget fund.
[2025/4/27 - 21:42:59] Vehicle Slot ID 419 RTB fee cost $2250 to RAF's budget fund.
[2025/4/27 - 21:42:59] Vehicle Slot ID 452 RTB fee cost $3250 to RAF's budget fund.
[2025/4/27 - 21:43:00] Vehicle Slot ID 595 RTB fee cost $3250 to RAF's budget fund.
[2025/4/27 - 21:48:30] Vehicle Slot ID 41 RTB fee cost $2750 to RAF's budget fund.
[2025/4/27 - 21:48:30] Vehicle Slot ID 63 RTB fee cost $2750 to RAF's budget fund.
[2025/4/27 - 21:48:30] Vehicle Slot ID 180 RTB fee cost $2250 to RAF's budget fund.
[2025/4/27 - 21:48:30] Vehicle Slot ID 229 RTB fee cost $3250 to RAF's budget fund.
[2025/4/27 - 21:48:30] Vehicle Slot ID 252 RTB fee cost $2750 to RAF's budget fund.
[2025/4/27 - 21:48:30] Vehicle Slot ID 415 RTB fee cost $2750 to RAF's budget fund.
[2025/4/27 - 21:48:30] Vehicle Slot ID 419 RTB fee cost $2250 to RAF's budget fund.
[2025/4/27 - 21:48:30] Vehicle Slot ID 452 RTB fee cost $3250 to RAF's budget fund.
[2025/4/27 - 21:48:30] Vehicle Slot ID 595 RTB fee cost $3250 to RAF's budget fund.
[2025/4/27 - 22:00:52] The faction vault is at $73,058,034.
[2025/4/27 - 22:00:52] Vehicle ID 292 (Slot ID 41) Maintainence fee cost $5,500 to RAF's budget fund.
[2025/4/27 - 22:00:52] Vehicle ID 301 (Slot ID 54) Maintainence fee cost $3,000 to RAF's budget fund.
[2025/4/27 - 22:00:52] Vehicle ID 65535 (Slot ID 57) Maintainence fee cost $5,000 to RAF's budget fund.
[2025/4/27 - 22:00:52] Vehicle ID 307 (Slot ID 62) Maintainence fee cost $500 to RAF's budget fund.
[2025/4/27 - 22:00:52] Vehicle ID 308 (Slot ID 63) Maintainence fee cost $5,500 to RAF's budget fund.
[2025/4/27 - 22:00:52] Vehicle ID 326 (Slot ID 82) Maintainence fee cost $3,000 to RAF's budget fund.
[2025/4/27 - 22:00:52] Vehicle ID 331 (Slot ID 87) Maintainence fee cost $3,000 to RAF's budget fund.
[2025/4/27 - 22:00:52] Vehicle ID 334 (Slot ID 91) Maintainence fee cost $2,500 to RAF's budget fund.
[2025/4/27 - 22:00:52] Vehicle ID 335 (Slot ID 92) Maintainence fee cost $2,500 to RAF's budget fund.
[2025/4/27 - 22:00:52] Vehicle ID 401 (Slot ID 169) Maintainence fee cost $2,500 to RAF's budget fund.
[2025/4/27 - 22:00:52] Vehicle ID 410 (Slot ID 180) Maintainence fee cost $4,500 to RAF's budget fund.
[2025/4/27 - 22:00:52] Vehicle ID 451 (Slot ID 229) Maintainence fee cost $6,500 to RAF's budget fund.
[2025/4/27 - 22:00:52] Vehicle ID 472 (Slot ID 252) Maintainence fee cost $5,500 to RAF's budget fund.
[2025/4/27 - 22:00:52] Vehicle ID 478 (Slot ID 259) Maintainence fee cost $2,500 to RAF's budget fund.
[2025/4/27 - 22:00:52] Vehicle ID 501 (Slot ID 285) Maintainence fee cost $2,500 to RAF's budget fund.
[2025/4/27 - 22:00:52] Vehicle ID 502 (Slot ID 286) Maintainence fee cost $2,500 to RAF's budget fund.
[2025/4/27 - 22:00:52] Vehicle ID 568 (Slot ID 367) Maintainence fee cost $3,500 to RAF's budget fund.
[2025/4/27 - 22:00:52] Vehicle ID 582 (Slot ID 411) Maintainence fee cost $3,500 to RAF's budget fund.
[2025/4/27 - 22:00:52] Vehicle ID 584 (Slot ID 415) Maintainence fee cost $5,500 to RAF's budget fund.
[2025/4/27 - 22:00:52] Vehicle ID 586 (Slot ID 419) Maintainence fee cost $4,500 to RAF's budget fund.
[2025/4/27 - 22:00:52] Vehicle ID 595 (Slot ID 452) Maintainence fee cost $6,500 to RAF's budget fund.
[2025/4/27 - 22:00:52] Vehicle ID 603 (Slot ID 498) Maintainence fee cost $3,500 to RAF's budget fund.
[2025/4/27 - 22:00:52] Vehicle ID 0 (Slot ID 502) Maintainence fee cost $2,500 to RAF's budget fund.
[2025/4/27 - 22:00:52] Vehicle ID 606 (Slot ID 505) Maintainence fee cost $3,500 to RAF's budget fund.
[2025/4/27 - 22:00:52] Vehicle ID 0 (Slot ID 548) Maintainence fee cost $3,500 to RAF's budget fund.
[2025/4/27 - 22:00:52] Vehicle ID 0 (Slot ID 570) Maintainence fee cost $3,500 to RAF's budget fund.
[2025/4/27 - 22:00:52] Vehicle ID 0 (Slot ID 582) Maintainence fee cost $3,500 to RAF's budget fund.
[2025/4/27 - 22:00:52] Vehicle ID 621 (Slot ID 595) Maintainence fee cost $6,500 to RAF's budget fund.
[2025/4/27 - 22:00:52] Vehicle ID 0 (Slot ID 597) Maintainence fee cost $3,000 to RAF's budget fund.
[2025/4/27 - 22:00:52] Vehicle ID 0 (Slot ID 600) Maintainence fee cost $2,000 to RAF's budget fund.
[2025/4/27 - 22:00:52] Vehicle ID 622 (Slot ID 610) Maintainence fee cost $0 to RAF's budget fund.
[2025/4/27 - 22:00:52] Vehicle ID 623 (Slot ID 613) Maintainence fee cost $0 to RAF's budget fund.
[2025/4/27 - 22:00:52] Vehicle ID 0 (Slot ID 616) Maintainence fee cost $0 to RAF's budget fund.
[2025/4/27 - 22:00:52] Vehicle ID 0 (Slot ID 639) Maintainence fee cost $0 to RAF's budget fund.
[2025/4/27 - 22:00:52] Vehicle ID 65535 (Slot ID 667) Maintainence fee cost $0 to RAF's budget fund.
[2025/4/27 - 22:00:52] Vehicle ID 65535 (Slot ID 679) Maintainence fee cost $6,500 to RAF's budget fund.
[2025/4/27 - 23:00:00] The faction vault is at $72,939,534.
[2025/4/27 - 23:00:00] Vehicle ID 292 (Slot ID 41) Maintainence fee cost $5,500 to RAF's budget fund.
[2025/4/27 - 23:00:00] Vehicle ID 301 (Slot ID 54) Maintainence fee cost $3,000 to RAF's budget fund.
[2025/4/27 - 23:00:00] Vehicle ID 65535 (Slot ID 57) Maintainence fee cost $5,000 to RAF's budget fund.
[2025/4/27 - 23:00:00] Vehicle ID 307 (Slot ID 62) Maintainence fee cost $500 to RAF's budget fund.
[2025/4/27 - 23:00:00] Vehicle ID 308 (Slot ID 63) Maintainence fee cost $5,500 to RAF's budget fund.
[2025/4/27 - 23:00:00] Vehicle ID 326 (Slot ID 82) Maintainence fee cost $3,000 to RAF's budget fund.
[2025/4/27 - 23:00:00] Vehicle ID 331 (Slot ID 87) Maintainence fee cost $3,000 to RAF's budget fund.
[2025/4/27 - 23:00:00] Vehicle ID 334 (Slot ID 91) Maintainence fee cost $2,500 to RAF's budget fund.
[2025/4/27 - 23:00:00] Vehicle ID 335 (Slot ID 92) Maintainence fee cost $2,500 to RAF's budget fund.
[2025/4/27 - 23:00:00] Vehicle ID 401 (Slot ID 169) Maintainence fee cost $2,500 to RAF's budget fund.
[2025/4/27 - 23:00:00] Vehicle ID 410 (Slot ID 180) Maintainence fee cost $4,500 to RAF's budget fund.
[2025/4/27 - 23:00:00] Vehicle ID 451 (Slot ID 229) Maintainence fee cost $6,500 to RAF's budget fund.
[2025/4/27 - 23:00:00] Vehicle ID 472 (Slot ID 252) Maintainence fee cost $5,500 to RAF's budget fund.
[2025/4/27 - 23:00:00] Vehicle ID 478 (Slot ID 259) Maintainence fee cost $2,500 to RAF's budget fund.
[2025/4/27 - 23:00:00] Vehicle ID 501 (Slot ID 285) Maintainence fee cost $2,500 to RAF's budget fund.
[2025/4/27 - 23:00:00] Vehicle ID 502 (Slot ID 286) Maintainence fee cost $2,500 to RAF's budget fund.
[2025/4/27 - 23:00:00] Vehicle ID 568 (Slot ID 367) Maintainence fee cost $3,500 to RAF's budget fund.
[2025/4/27 - 23:00:00] Vehicle ID 582 (Slot ID 411) Maintainence fee cost $3,500 to RAF's budget fund.
[2025/4/27 - 23:00:00] Vehicle ID 584 (Slot ID 415) Maintainence fee cost $5,500 to RAF's budget fund.
[2025/4/27 - 23:00:00] Vehicle ID 586 (Slot ID 419) Maintainence fee cost $4,500 to RAF's budget fund.
[2025/4/27 - 23:00:00] Vehicle ID 595 (Slot ID 452) Maintainence fee cost $6,500 to RAF's budget fund.
[2025/4/27 - 23:00:00] Vehicle ID 603 (Slot ID 498) Maintainence fee cost $3,500 to RAF's budget fund.
[2025/4/27 - 23:00:00] Vehicle ID 0 (Slot ID 502) Maintainence fee cost $2,500 to RAF's budget fund.
[2025/4/27 - 23:00:00] Vehicle ID 606 (Slot ID 505) Maintainence fee cost $3,500 to RAF's budget fund.
[2025/4/27 - 23:00:00] Vehicle ID 0 (Slot ID 548) Maintainence fee cost $3,500 to RAF's budget fund.
[2025/4/27 - 23:00:00] Vehicle ID 0 (Slot ID 570) Maintainence fee cost $3,500 to RAF's budget fund.
[2025/4/27 - 23:00:00] Vehicle ID 0 (Slot ID 582) Maintainence fee cost $3,500 to RAF's budget fund.
[2025/4/27 - 23:00:00] Vehicle ID 621 (Slot ID 595) Maintainence fee cost $6,500 to RAF's budget fund.
[2025/4/27 - 23:00:00] Vehicle ID 0 (Slot ID 597) Maintainence fee cost $3,000 to RAF's budget fund.
[2025/4/27 - 23:00:00] Vehicle ID 0 (Slot ID 600) Maintainence fee cost $2,000 to RAF's budget fund.
[2025/4/27 - 23:00:00] Vehicle ID 622 (Slot ID 610) Maintainence fee cost $0 to RAF's budget fund.
[2025/4/27 - 23:00:00] Vehicle ID 623 (Slot ID 613) Maintainence fee cost $0 to RAF's budget fund.
[2025/4/27 - 23:00:00] Vehicle ID 0 (Slot ID 616) Maintainence fee cost $0 to RAF's budget fund.
[2025/4/27 - 23:00:00] Vehicle ID 0 (Slot ID 639) Maintainence fee cost $0 to RAF's budget fund.
[2025/4/27 - 23:00:00] Vehicle ID 65535 (Slot ID 667) Maintainence fee cost $0 to RAF's budget fund.
[2025/4/27 - 23:00:00] Vehicle ID 65535 (Slot ID 679) Maintainence fee cost $6,500 to RAF's budget fund.
[2025/4/27 - 23:10:34] Vehicle Slot ID 41 RTB fee cost $2750 to RAF's budget fund.
[2025/4/27 - 23:10:34] Vehicle Slot ID 63 RTB fee cost $2750 to RAF's budget fund.
[2025/4/27 - 23:10:34] Vehicle Slot ID 180 RTB fee cost $2250 to RAF's budget fund.
[2025/4/27 - 23:10:34] Vehicle Slot ID 229 RTB fee cost $3250 to RAF's budget fund.
[2025/4/27 - 23:10:34] Vehicle Slot ID 252 RTB fee cost $2750 to RAF's budget fund.
[2025/4/27 - 23:10:34] Vehicle Slot ID 415 RTB fee cost $2750 to RAF's budget fund.
[2025/4/27 - 23:10:34] Vehicle Slot ID 419 RTB fee cost $2250 to RAF's budget fund.
[2025/4/27 - 23:10:34] Vehicle Slot ID 452 RTB fee cost $3250 to RAF's budget fund.
[2025/4/27 - 23:10:34] Vehicle Slot ID 595 RTB fee cost $3250 to RAF's budget fund.
[2025/4/27 - 23:24:48] Vehicle Slot ID 41 RTB fee cost $2750 to RAF's budget fund.
[2025/4/27 - 23:24:48] Vehicle Slot ID 63 RTB fee cost $2750 to RAF's budget fund.
[2025/4/27 - 23:24:48] Vehicle Slot ID 180 RTB fee cost $2250 to RAF's budget fund.
[2025/4/27 - 23:24:48] Vehicle Slot ID 229 RTB fee cost $3250 to RAF's budget fund.
[2025/4/27 - 23:24:48] Vehicle Slot ID 252 RTB fee cost $2750 to RAF's budget fund.
[2025/4/27 - 23:24:48] Vehicle Slot ID 415 RTB fee cost $2750 to RAF's budget fund.
[2025/4/27 - 23:24:48] Vehicle Slot ID 419 RTB fee cost $2250 to RAF's budget fund.
[2025/4/27 - 23:24:48] Vehicle Slot ID 452 RTB fee cost $3250 to RAF's budget fund.
[2025/4/27 - 23:24:48] Vehicle Slot ID 595 RTB fee cost $3250 to RAF's budget fund.
[2025/4/27 - 23:29:50] Vehicle Slot ID 41 RTB fee cost $2750 to RAF's budget fund.
[2025/4/27 - 23:29:50] Vehicle Slot ID 63 RTB fee cost $2750 to RAF's budget fund.
[2025/4/27 - 23:29:50] Vehicle Slot ID 180 RTB fee cost $2250 to RAF's budget fund.
[2025/4/27 - 23:29:50] Vehicle Slot ID 229 RTB fee cost $3250 to RAF's budget fund.
[2025/4/27 - 23:29:50] Vehicle Slot ID 252 RTB fee cost $2750 to RAF's budget fund.
[2025/4/27 - 23:29:50] Vehicle Slot ID 415 RTB fee cost $2750 to RAF's budget fund.
[2025/4/27 - 23:29:50] Vehicle Slot ID 419 RTB fee cost $2250 to RAF's budget fund.
[2025/4/27 - 23:29:50] Vehicle Slot ID 452 RTB fee cost $3250 to RAF's budget fund.
[2025/4/27 - 23:29:50] Vehicle Slot ID 595 RTB fee cost $3250 to RAF's budget fund.
