[2025/4/27 - 0:00:08] The faction vault is at $48,185,981.
[2025/4/27 - 0:00:08] SA Gov Paid $175,000 to SAAS budget fund.
[2025/4/27 - 0:00:08] Vehicle ID 272 (Slot ID 12) Maintainence fee cost $2,500 to SAAS's budget fund.
[2025/4/27 - 0:00:08] Vehicle ID 274 (Slot ID 14) Maintainence fee cost $2,500 to SAAS's budget fund.
[2025/4/27 - 0:00:08] Vehicle ID 291 (Slot ID 39) Maintainence fee cost $2,500 to SAAS's budget fund.
[2025/4/27 - 0:00:08] Vehicle ID 293 (Slot ID 42) Maintainence fee cost $2,500 to SAAS's budget fund.
[2025/4/27 - 0:00:08] Vehicle ID 295 (Slot ID 45) Maintainence fee cost $3,000 to SAAS's budget fund.
[2025/4/27 - 0:00:08] Vehicle ID 302 (Slot ID 55) Maintainence fee cost $4,500 to SAAS's budget fund.
[2025/4/27 - 0:00:08] Vehicle ID 312 (Slot ID 67) Maintainence fee cost $3,000 to SAAS's budget fund.
[2025/4/27 - 0:00:08] Vehicle ID 329 (Slot ID 85) Maintainence fee cost $2,500 to SAAS's budget fund.
[2025/4/27 - 0:00:08] Vehicle ID 346 (Slot ID 104) Maintainence fee cost $3,500 to SAAS's budget fund.
[2025/4/27 - 0:00:08] Vehicle ID 348 (Slot ID 106) Maintainence fee cost $4,000 to SAAS's budget fund.
[2025/4/27 - 0:00:08] Vehicle ID 349 (Slot ID 107) Maintainence fee cost $3,500 to SAAS's budget fund.
[2025/4/27 - 0:00:08] Vehicle ID 351 (Slot ID 109) Maintainence fee cost $2,000 to SAAS's budget fund.
[2025/4/27 - 0:00:08] Vehicle ID 352 (Slot ID 110) Maintainence fee cost $4,000 to SAAS's budget fund.
[2025/4/27 - 0:00:08] Vehicle ID 358 (Slot ID 116) Maintainence fee cost $3,500 to SAAS's budget fund.
[2025/4/27 - 0:00:08] Vehicle ID 367 (Slot ID 128) Maintainence fee cost $3,500 to SAAS's budget fund.
[2025/4/27 - 0:00:08] Vehicle ID 373 (Slot ID 136) Maintainence fee cost $3,500 to SAAS's budget fund.
[2025/4/27 - 0:00:08] Vehicle ID 375 (Slot ID 138) Maintainence fee cost $3,500 to SAAS's budget fund.
[2025/4/27 - 0:00:08] Vehicle ID 379 (Slot ID 142) Maintainence fee cost $3,500 to SAAS's budget fund.
[2025/4/27 - 0:00:08] Vehicle ID 0 (Slot ID 147) Maintainence fee cost $3,500 to SAAS's budget fund.
[2025/4/27 - 0:00:08] Vehicle ID 388 (Slot ID 154) Maintainence fee cost $5,000 to SAAS's budget fund.
[2025/4/27 - 0:00:08] Vehicle ID 406 (Slot ID 175) Maintainence fee cost $2,000 to SAAS's budget fund.
[2025/4/27 - 0:00:08] Vehicle ID 413 (Slot ID 183) Maintainence fee cost $3,500 to SAAS's budget fund.
[2025/4/27 - 0:00:08] Vehicle ID 426 (Slot ID 198) Maintainence fee cost $4,000 to SAAS's budget fund.
[2025/4/27 - 0:00:08] Vehicle ID 433 (Slot ID 206) Maintainence fee cost $5,500 to SAAS's budget fund.
[2025/4/27 - 0:00:08] Vehicle ID 448 (Slot ID 226) Maintainence fee cost $3,500 to SAAS's budget fund.
[2025/4/27 - 0:00:08] Vehicle ID 453 (Slot ID 231) Maintainence fee cost $3,000 to SAAS's budget fund.
[2025/4/27 - 0:00:08] Vehicle ID 455 (Slot ID 233) Maintainence fee cost $3,500 to SAAS's budget fund.
[2025/4/27 - 0:00:08] Vehicle ID 486 (Slot ID 267) Maintainence fee cost $3,500 to SAAS's budget fund.
[2025/4/27 - 0:00:08] Vehicle ID 500 (Slot ID 284) Maintainence fee cost $3,500 to SAAS's budget fund.
[2025/4/27 - 0:00:08] Vehicle ID 510 (Slot ID 296) Maintainence fee cost $6,500 to SAAS's budget fund.
[2025/4/27 - 0:00:08] Vehicle ID 517 (Slot ID 303) Maintainence fee cost $4,500 to SAAS's budget fund.
[2025/4/27 - 0:00:08] Vehicle ID 526 (Slot ID 315) Maintainence fee cost $3,500 to SAAS's budget fund.
[2025/4/27 - 0:00:08] Vehicle ID 557 (Slot ID 348) Maintainence fee cost $4,000 to SAAS's budget fund.
[2025/4/27 - 0:00:08] Vehicle ID 65535 (Slot ID 355) Maintainence fee cost $5,500 to SAAS's budget fund.
[2025/4/27 - 0:00:08] Vehicle ID 0 (Slot ID 453) Maintainence fee cost $3,500 to SAAS's budget fund.
[2025/4/27 - 0:00:08] Vehicle ID 0 (Slot ID 454) Maintainence fee cost $3,500 to SAAS's budget fund.
[2025/4/27 - 0:00:08] Vehicle ID 596 (Slot ID 463) Maintainence fee cost $6,500 to SAAS's budget fund.
[2025/4/27 - 0:00:08] Vehicle ID 0 (Slot ID 507) Maintainence fee cost $2,000 to SAAS's budget fund.
[2025/4/27 - 0:00:08] Vehicle ID 0 (Slot ID 545) Maintainence fee cost $3,000 to SAAS's budget fund.
[2025/4/27 - 0:00:08] Vehicle ID 65535 (Slot ID 569) Maintainence fee cost $6,500 to SAAS's budget fund.
[2025/4/27 - 1:00:21] The faction vault is at $48,213,981.
[2025/4/27 - 1:00:21] SA Gov Paid $175,000 to SAAS budget fund.
[2025/4/27 - 1:00:21] Vehicle ID 272 (Slot ID 12) Maintainence fee cost $2,500 to SAAS's budget fund.
[2025/4/27 - 1:00:21] Vehicle ID 274 (Slot ID 14) Maintainence fee cost $2,500 to SAAS's budget fund.
[2025/4/27 - 1:00:21] Vehicle ID 291 (Slot ID 39) Maintainence fee cost $2,500 to SAAS's budget fund.
[2025/4/27 - 1:00:21] Vehicle ID 293 (Slot ID 42) Maintainence fee cost $2,500 to SAAS's budget fund.
[2025/4/27 - 1:00:21] Vehicle ID 295 (Slot ID 45) Maintainence fee cost $3,000 to SAAS's budget fund.
[2025/4/27 - 1:00:21] Vehicle ID 302 (Slot ID 55) Maintainence fee cost $4,500 to SAAS's budget fund.
[2025/4/27 - 1:00:21] Vehicle ID 312 (Slot ID 67) Maintainence fee cost $3,000 to SAAS's budget fund.
[2025/4/27 - 1:00:21] Vehicle ID 329 (Slot ID 85) Maintainence fee cost $2,500 to SAAS's budget fund.
[2025/4/27 - 1:00:21] Vehicle ID 346 (Slot ID 104) Maintainence fee cost $3,500 to SAAS's budget fund.
[2025/4/27 - 1:00:21] Vehicle ID 348 (Slot ID 106) Maintainence fee cost $4,000 to SAAS's budget fund.
[2025/4/27 - 1:00:21] Vehicle ID 349 (Slot ID 107) Maintainence fee cost $3,500 to SAAS's budget fund.
[2025/4/27 - 1:00:21] Vehicle ID 351 (Slot ID 109) Maintainence fee cost $2,000 to SAAS's budget fund.
[2025/4/27 - 1:00:21] Vehicle ID 352 (Slot ID 110) Maintainence fee cost $4,000 to SAAS's budget fund.
[2025/4/27 - 1:00:21] Vehicle ID 358 (Slot ID 116) Maintainence fee cost $3,500 to SAAS's budget fund.
[2025/4/27 - 1:00:21] Vehicle ID 367 (Slot ID 128) Maintainence fee cost $3,500 to SAAS's budget fund.
[2025/4/27 - 1:00:21] Vehicle ID 373 (Slot ID 136) Maintainence fee cost $3,500 to SAAS's budget fund.
[2025/4/27 - 1:00:21] Vehicle ID 375 (Slot ID 138) Maintainence fee cost $3,500 to SAAS's budget fund.
[2025/4/27 - 1:00:21] Vehicle ID 379 (Slot ID 142) Maintainence fee cost $3,500 to SAAS's budget fund.
[2025/4/27 - 1:00:21] Vehicle ID 0 (Slot ID 147) Maintainence fee cost $3,500 to SAAS's budget fund.
[2025/4/27 - 1:00:21] Vehicle ID 388 (Slot ID 154) Maintainence fee cost $5,000 to SAAS's budget fund.
[2025/4/27 - 1:00:21] Vehicle ID 406 (Slot ID 175) Maintainence fee cost $2,000 to SAAS's budget fund.
[2025/4/27 - 1:00:21] Vehicle ID 413 (Slot ID 183) Maintainence fee cost $3,500 to SAAS's budget fund.
[2025/4/27 - 1:00:21] Vehicle ID 426 (Slot ID 198) Maintainence fee cost $4,000 to SAAS's budget fund.
[2025/4/27 - 1:00:21] Vehicle ID 433 (Slot ID 206) Maintainence fee cost $5,500 to SAAS's budget fund.
[2025/4/27 - 1:00:21] Vehicle ID 448 (Slot ID 226) Maintainence fee cost $3,500 to SAAS's budget fund.
[2025/4/27 - 1:00:21] Vehicle ID 453 (Slot ID 231) Maintainence fee cost $3,000 to SAAS's budget fund.
[2025/4/27 - 1:00:21] Vehicle ID 455 (Slot ID 233) Maintainence fee cost $3,500 to SAAS's budget fund.
[2025/4/27 - 1:00:21] Vehicle ID 486 (Slot ID 267) Maintainence fee cost $3,500 to SAAS's budget fund.
[2025/4/27 - 1:00:21] Vehicle ID 500 (Slot ID 284) Maintainence fee cost $3,500 to SAAS's budget fund.
[2025/4/27 - 1:00:21] Vehicle ID 510 (Slot ID 296) Maintainence fee cost $6,500 to SAAS's budget fund.
[2025/4/27 - 1:00:21] Vehicle ID 517 (Slot ID 303) Maintainence fee cost $4,500 to SAAS's budget fund.
[2025/4/27 - 1:00:21] Vehicle ID 526 (Slot ID 315) Maintainence fee cost $3,500 to SAAS's budget fund.
[2025/4/27 - 1:00:21] Vehicle ID 557 (Slot ID 348) Maintainence fee cost $4,000 to SAAS's budget fund.
[2025/4/27 - 1:00:21] Vehicle ID 65535 (Slot ID 355) Maintainence fee cost $5,500 to SAAS's budget fund.
[2025/4/27 - 1:00:21] Vehicle ID 0 (Slot ID 453) Maintainence fee cost $3,500 to SAAS's budget fund.
[2025/4/27 - 1:00:21] Vehicle ID 0 (Slot ID 454) Maintainence fee cost $3,500 to SAAS's budget fund.
[2025/4/27 - 1:00:21] Vehicle ID 596 (Slot ID 463) Maintainence fee cost $6,500 to SAAS's budget fund.
[2025/4/27 - 1:00:21] Vehicle ID 0 (Slot ID 507) Maintainence fee cost $2,000 to SAAS's budget fund.
[2025/4/27 - 1:00:21] Vehicle ID 0 (Slot ID 545) Maintainence fee cost $3,000 to SAAS's budget fund.
[2025/4/27 - 1:00:21] Vehicle ID 65535 (Slot ID 569) Maintainence fee cost $6,500 to SAAS's budget fund.
[2025/4/27 - 15:50:14] Vehicle Slot ID 55 RTB fee cost $2250 to SAAS's budget fund.
[2025/4/27 - 15:50:14] Vehicle Slot ID 154 RTB fee cost $2500 to SAAS's budget fund.
[2025/4/27 - 15:50:14] Vehicle Slot ID 206 RTB fee cost $2750 to SAAS's budget fund.
[2025/4/27 - 15:50:14] Vehicle Slot ID 296 RTB fee cost $3250 to SAAS's budget fund.
[2025/4/27 - 15:50:14] Vehicle Slot ID 303 RTB fee cost $2250 to SAAS's budget fund.
[2025/4/27 - 15:50:14] Vehicle Slot ID 463 RTB fee cost $3250 to SAAS's budget fund.
[2025/4/27 - 15:53:57] Vehicle Slot ID 55 RTB fee cost $2250 to SAAS's budget fund.
[2025/4/27 - 15:53:57] Vehicle Slot ID 154 RTB fee cost $2500 to SAAS's budget fund.
[2025/4/27 - 15:53:57] Vehicle Slot ID 206 RTB fee cost $2750 to SAAS's budget fund.
[2025/4/27 - 15:53:57] Vehicle Slot ID 296 RTB fee cost $3250 to SAAS's budget fund.
[2025/4/27 - 15:53:57] Vehicle Slot ID 303 RTB fee cost $2250 to SAAS's budget fund.
[2025/4/27 - 15:53:57] Vehicle Slot ID 463 RTB fee cost $3250 to SAAS's budget fund.
[2025/4/27 - 16:02:22] Vehicle Slot ID 55 RTB fee cost $2250 to SAAS's budget fund.
[2025/4/27 - 16:02:22] Vehicle Slot ID 154 RTB fee cost $2500 to SAAS's budget fund.
[2025/4/27 - 16:02:22] Vehicle Slot ID 206 RTB fee cost $2750 to SAAS's budget fund.
[2025/4/27 - 16:02:22] Vehicle Slot ID 296 RTB fee cost $3250 to SAAS's budget fund.
[2025/4/27 - 16:02:22] Vehicle Slot ID 303 RTB fee cost $2250 to SAAS's budget fund.
[2025/4/27 - 16:02:22] Vehicle Slot ID 463 RTB fee cost $3250 to SAAS's budget fund.
[2025/4/27 - 16:04:53] Vehicle Slot ID 55 RTB fee cost $2250 to SAAS's budget fund.
[2025/4/27 - 16:04:53] Vehicle Slot ID 154 RTB fee cost $2500 to SAAS's budget fund.
[2025/4/27 - 16:04:53] Vehicle Slot ID 206 RTB fee cost $2750 to SAAS's budget fund.
[2025/4/27 - 16:04:53] Vehicle Slot ID 296 RTB fee cost $3250 to SAAS's budget fund.
[2025/4/27 - 16:04:53] Vehicle Slot ID 303 RTB fee cost $2250 to SAAS's budget fund.
[2025/4/27 - 16:04:53] Vehicle Slot ID 463 RTB fee cost $3250 to SAAS's budget fund.
[2025/4/27 - 16:15:48] Vehicle Slot ID 55 RTB fee cost $2250 to SAAS's budget fund.
[2025/4/27 - 16:15:48] Vehicle Slot ID 154 RTB fee cost $2500 to SAAS's budget fund.
[2025/4/27 - 16:15:48] Vehicle Slot ID 206 RTB fee cost $2750 to SAAS's budget fund.
[2025/4/27 - 16:15:48] Vehicle Slot ID 296 RTB fee cost $3250 to SAAS's budget fund.
[2025/4/27 - 16:15:48] Vehicle Slot ID 303 RTB fee cost $2250 to SAAS's budget fund.
[2025/4/27 - 16:15:48] Vehicle Slot ID 463 RTB fee cost $3250 to SAAS's budget fund.
[2025/4/27 - 16:33:08] Vehicle Slot ID 55 RTB fee cost $2250 to SAAS's budget fund.
[2025/4/27 - 16:33:08] Vehicle Slot ID 154 RTB fee cost $2500 to SAAS's budget fund.
[2025/4/27 - 16:33:08] Vehicle Slot ID 206 RTB fee cost $2750 to SAAS's budget fund.
[2025/4/27 - 16:33:08] Vehicle Slot ID 296 RTB fee cost $3250 to SAAS's budget fund.
[2025/4/27 - 16:33:08] Vehicle Slot ID 303 RTB fee cost $2250 to SAAS's budget fund.
[2025/4/27 - 16:33:08] Vehicle Slot ID 463 RTB fee cost $3250 to SAAS's budget fund.
[2025/4/27 - 16:38:46] Vehicle Slot ID 55 RTB fee cost $2250 to SAAS's budget fund.
[2025/4/27 - 16:38:46] Vehicle Slot ID 154 RTB fee cost $2500 to SAAS's budget fund.
[2025/4/27 - 16:38:46] Vehicle Slot ID 206 RTB fee cost $2750 to SAAS's budget fund.
[2025/4/27 - 16:38:46] Vehicle Slot ID 296 RTB fee cost $3250 to SAAS's budget fund.
[2025/4/27 - 16:38:46] Vehicle Slot ID 303 RTB fee cost $2250 to SAAS's budget fund.
[2025/4/27 - 16:38:46] Vehicle Slot ID 463 RTB fee cost $3250 to SAAS's budget fund.
[2025/4/27 - 17:00:36] The faction vault is at $20,521,231.
[2025/4/27 - 17:00:36] SA Gov Paid $175,000 to SAAS budget fund.
[2025/4/27 - 17:00:36] Vehicle ID 272 (Slot ID 12) Maintainence fee cost $2,500 to SAAS's budget fund.
[2025/4/27 - 17:00:36] Vehicle ID 274 (Slot ID 14) Maintainence fee cost $2,500 to SAAS's budget fund.
[2025/4/27 - 17:00:36] Vehicle ID 291 (Slot ID 39) Maintainence fee cost $2,500 to SAAS's budget fund.
[2025/4/27 - 17:00:36] Vehicle ID 293 (Slot ID 42) Maintainence fee cost $2,500 to SAAS's budget fund.
[2025/4/27 - 17:00:36] Vehicle ID 295 (Slot ID 45) Maintainence fee cost $3,000 to SAAS's budget fund.
[2025/4/27 - 17:00:36] Vehicle ID 302 (Slot ID 55) Maintainence fee cost $4,500 to SAAS's budget fund.
[2025/4/27 - 17:00:36] Vehicle ID 312 (Slot ID 67) Maintainence fee cost $3,000 to SAAS's budget fund.
[2025/4/27 - 17:00:36] Vehicle ID 329 (Slot ID 85) Maintainence fee cost $2,500 to SAAS's budget fund.
[2025/4/27 - 17:00:36] Vehicle ID 346 (Slot ID 104) Maintainence fee cost $3,500 to SAAS's budget fund.
[2025/4/27 - 17:00:36] Vehicle ID 348 (Slot ID 106) Maintainence fee cost $4,000 to SAAS's budget fund.
[2025/4/27 - 17:00:36] Vehicle ID 349 (Slot ID 107) Maintainence fee cost $3,500 to SAAS's budget fund.
[2025/4/27 - 17:00:36] Vehicle ID 351 (Slot ID 109) Maintainence fee cost $2,000 to SAAS's budget fund.
[2025/4/27 - 17:00:36] Vehicle ID 352 (Slot ID 110) Maintainence fee cost $4,000 to SAAS's budget fund.
[2025/4/27 - 17:00:36] Vehicle ID 358 (Slot ID 116) Maintainence fee cost $3,500 to SAAS's budget fund.
[2025/4/27 - 17:00:36] Vehicle ID 367 (Slot ID 128) Maintainence fee cost $3,500 to SAAS's budget fund.
[2025/4/27 - 17:00:36] Vehicle ID 373 (Slot ID 136) Maintainence fee cost $3,500 to SAAS's budget fund.
[2025/4/27 - 17:00:36] Vehicle ID 375 (Slot ID 138) Maintainence fee cost $3,500 to SAAS's budget fund.
[2025/4/27 - 17:00:36] Vehicle ID 379 (Slot ID 142) Maintainence fee cost $3,500 to SAAS's budget fund.
[2025/4/27 - 17:00:36] Vehicle ID 0 (Slot ID 147) Maintainence fee cost $3,500 to SAAS's budget fund.
[2025/4/27 - 17:00:36] Vehicle ID 388 (Slot ID 154) Maintainence fee cost $5,000 to SAAS's budget fund.
[2025/4/27 - 17:00:36] Vehicle ID 406 (Slot ID 175) Maintainence fee cost $2,000 to SAAS's budget fund.
[2025/4/27 - 17:00:36] Vehicle ID 413 (Slot ID 183) Maintainence fee cost $3,500 to SAAS's budget fund.
[2025/4/27 - 17:00:36] Vehicle ID 426 (Slot ID 198) Maintainence fee cost $4,000 to SAAS's budget fund.
[2025/4/27 - 17:00:36] Vehicle ID 433 (Slot ID 206) Maintainence fee cost $5,500 to SAAS's budget fund.
[2025/4/27 - 17:00:36] Vehicle ID 448 (Slot ID 226) Maintainence fee cost $3,500 to SAAS's budget fund.
[2025/4/27 - 17:00:36] Vehicle ID 453 (Slot ID 231) Maintainence fee cost $3,000 to SAAS's budget fund.
[2025/4/27 - 17:00:36] Vehicle ID 455 (Slot ID 233) Maintainence fee cost $3,500 to SAAS's budget fund.
[2025/4/27 - 17:00:36] Vehicle ID 486 (Slot ID 267) Maintainence fee cost $3,500 to SAAS's budget fund.
[2025/4/27 - 17:00:36] Vehicle ID 500 (Slot ID 284) Maintainence fee cost $3,500 to SAAS's budget fund.
[2025/4/27 - 17:00:36] Vehicle ID 510 (Slot ID 296) Maintainence fee cost $6,500 to SAAS's budget fund.
[2025/4/27 - 17:00:36] Vehicle ID 517 (Slot ID 303) Maintainence fee cost $4,500 to SAAS's budget fund.
[2025/4/27 - 17:00:36] Vehicle ID 526 (Slot ID 315) Maintainence fee cost $3,500 to SAAS's budget fund.
[2025/4/27 - 17:00:36] Vehicle ID 557 (Slot ID 348) Maintainence fee cost $4,000 to SAAS's budget fund.
[2025/4/27 - 17:00:36] Vehicle ID 65535 (Slot ID 355) Maintainence fee cost $5,500 to SAAS's budget fund.
[2025/4/27 - 17:00:36] Vehicle ID 0 (Slot ID 453) Maintainence fee cost $3,500 to SAAS's budget fund.
[2025/4/27 - 17:00:36] Vehicle ID 0 (Slot ID 454) Maintainence fee cost $3,500 to SAAS's budget fund.
[2025/4/27 - 17:00:36] Vehicle ID 596 (Slot ID 463) Maintainence fee cost $6,500 to SAAS's budget fund.
[2025/4/27 - 17:00:36] Vehicle ID 0 (Slot ID 507) Maintainence fee cost $2,000 to SAAS's budget fund.
[2025/4/27 - 17:00:36] Vehicle ID 0 (Slot ID 545) Maintainence fee cost $3,000 to SAAS's budget fund.
[2025/4/27 - 17:00:36] Vehicle ID 65535 (Slot ID 569) Maintainence fee cost $6,500 to SAAS's budget fund.
[2025/4/27 - 17:20:27] Vehicle Slot ID 55 RTB fee cost $2250 to SAAS's budget fund.
[2025/4/27 - 17:20:28] Vehicle Slot ID 154 RTB fee cost $2500 to SAAS's budget fund.
[2025/4/27 - 17:20:28] Vehicle Slot ID 206 RTB fee cost $2750 to SAAS's budget fund.
[2025/4/27 - 17:20:28] Vehicle Slot ID 296 RTB fee cost $3250 to SAAS's budget fund.
[2025/4/27 - 17:20:28] Vehicle Slot ID 303 RTB fee cost $2250 to SAAS's budget fund.
[2025/4/27 - 17:20:28] Vehicle Slot ID 463 RTB fee cost $3250 to SAAS's budget fund.
[2025/4/27 - 17:28:57] Vehicle Slot ID 55 RTB fee cost $2250 to SAAS's budget fund.
[2025/4/27 - 17:28:57] Vehicle Slot ID 154 RTB fee cost $2500 to SAAS's budget fund.
[2025/4/27 - 17:28:57] Vehicle Slot ID 206 RTB fee cost $2750 to SAAS's budget fund.
[2025/4/27 - 17:28:57] Vehicle Slot ID 296 RTB fee cost $3250 to SAAS's budget fund.
[2025/4/27 - 17:28:57] Vehicle Slot ID 303 RTB fee cost $2250 to SAAS's budget fund.
[2025/4/27 - 17:28:57] Vehicle Slot ID 463 RTB fee cost $3250 to SAAS's budget fund.
[2025/4/27 - 17:45:43] Vehicle Slot ID 55 RTB fee cost $2250 to SAAS's budget fund.
[2025/4/27 - 17:45:43] Vehicle Slot ID 154 RTB fee cost $2500 to SAAS's budget fund.
[2025/4/27 - 17:45:43] Vehicle Slot ID 206 RTB fee cost $2750 to SAAS's budget fund.
[2025/4/27 - 17:45:43] Vehicle Slot ID 296 RTB fee cost $3250 to SAAS's budget fund.
[2025/4/27 - 17:45:43] Vehicle Slot ID 303 RTB fee cost $2250 to SAAS's budget fund.
[2025/4/27 - 17:45:44] Vehicle Slot ID 463 RTB fee cost $3250 to SAAS's budget fund.
[2025/4/27 - 17:46:47] Vehicle Slot ID 55 RTB fee cost $2250 to SAAS's budget fund.
[2025/4/27 - 17:46:47] Vehicle Slot ID 154 RTB fee cost $2500 to SAAS's budget fund.
[2025/4/27 - 17:46:47] Vehicle Slot ID 206 RTB fee cost $2750 to SAAS's budget fund.
[2025/4/27 - 17:46:47] Vehicle Slot ID 296 RTB fee cost $3250 to SAAS's budget fund.
[2025/4/27 - 17:46:47] Vehicle Slot ID 303 RTB fee cost $2250 to SAAS's budget fund.
[2025/4/27 - 17:46:47] Vehicle Slot ID 463 RTB fee cost $3250 to SAAS's budget fund.
[2025/4/27 - 17:59:41] Vehicle Slot ID 55 RTB fee cost $2250 to SAAS's budget fund.
[2025/4/27 - 17:59:41] Vehicle Slot ID 154 RTB fee cost $2500 to SAAS's budget fund.
[2025/4/27 - 17:59:41] Vehicle Slot ID 206 RTB fee cost $2750 to SAAS's budget fund.
[2025/4/27 - 17:59:41] Vehicle Slot ID 296 RTB fee cost $3250 to SAAS's budget fund.
[2025/4/27 - 17:59:41] Vehicle Slot ID 303 RTB fee cost $2250 to SAAS's budget fund.
[2025/4/27 - 17:59:42] Vehicle Slot ID 463 RTB fee cost $3250 to SAAS's budget fund.
[2025/4/27 - 18:01:31] The faction vault is at $20,532,981.
[2025/4/27 - 18:01:31] SA Gov Paid $175,000 to SAAS budget fund.
[2025/4/27 - 18:01:31] Vehicle ID 272 (Slot ID 12) Maintainence fee cost $2,500 to SAAS's budget fund.
[2025/4/27 - 18:01:31] Vehicle ID 274 (Slot ID 14) Maintainence fee cost $2,500 to SAAS's budget fund.
[2025/4/27 - 18:01:31] Vehicle ID 291 (Slot ID 39) Maintainence fee cost $2,500 to SAAS's budget fund.
[2025/4/27 - 18:01:31] Vehicle ID 293 (Slot ID 42) Maintainence fee cost $2,500 to SAAS's budget fund.
[2025/4/27 - 18:01:31] Vehicle ID 295 (Slot ID 45) Maintainence fee cost $3,000 to SAAS's budget fund.
[2025/4/27 - 18:01:31] Vehicle ID 302 (Slot ID 55) Maintainence fee cost $4,500 to SAAS's budget fund.
[2025/4/27 - 18:01:31] Vehicle ID 312 (Slot ID 67) Maintainence fee cost $3,000 to SAAS's budget fund.
[2025/4/27 - 18:01:31] Vehicle ID 329 (Slot ID 85) Maintainence fee cost $2,500 to SAAS's budget fund.
[2025/4/27 - 18:01:31] Vehicle ID 346 (Slot ID 104) Maintainence fee cost $3,500 to SAAS's budget fund.
[2025/4/27 - 18:01:31] Vehicle ID 348 (Slot ID 106) Maintainence fee cost $4,000 to SAAS's budget fund.
[2025/4/27 - 18:01:31] Vehicle ID 349 (Slot ID 107) Maintainence fee cost $3,500 to SAAS's budget fund.
[2025/4/27 - 18:01:31] Vehicle ID 351 (Slot ID 109) Maintainence fee cost $2,000 to SAAS's budget fund.
[2025/4/27 - 18:01:31] Vehicle ID 352 (Slot ID 110) Maintainence fee cost $4,000 to SAAS's budget fund.
[2025/4/27 - 18:01:31] Vehicle ID 358 (Slot ID 116) Maintainence fee cost $3,500 to SAAS's budget fund.
[2025/4/27 - 18:01:31] Vehicle ID 367 (Slot ID 128) Maintainence fee cost $3,500 to SAAS's budget fund.
[2025/4/27 - 18:01:31] Vehicle ID 373 (Slot ID 136) Maintainence fee cost $3,500 to SAAS's budget fund.
[2025/4/27 - 18:01:31] Vehicle ID 375 (Slot ID 138) Maintainence fee cost $3,500 to SAAS's budget fund.
[2025/4/27 - 18:01:31] Vehicle ID 379 (Slot ID 142) Maintainence fee cost $3,500 to SAAS's budget fund.
[2025/4/27 - 18:01:31] Vehicle ID 0 (Slot ID 147) Maintainence fee cost $3,500 to SAAS's budget fund.
[2025/4/27 - 18:01:31] Vehicle ID 388 (Slot ID 154) Maintainence fee cost $5,000 to SAAS's budget fund.
[2025/4/27 - 18:01:31] Vehicle ID 406 (Slot ID 175) Maintainence fee cost $2,000 to SAAS's budget fund.
[2025/4/27 - 18:01:31] Vehicle ID 413 (Slot ID 183) Maintainence fee cost $3,500 to SAAS's budget fund.
[2025/4/27 - 18:01:31] Vehicle ID 426 (Slot ID 198) Maintainence fee cost $4,000 to SAAS's budget fund.
[2025/4/27 - 18:01:31] Vehicle ID 433 (Slot ID 206) Maintainence fee cost $5,500 to SAAS's budget fund.
[2025/4/27 - 18:01:31] Vehicle ID 448 (Slot ID 226) Maintainence fee cost $3,500 to SAAS's budget fund.
[2025/4/27 - 18:01:31] Vehicle ID 453 (Slot ID 231) Maintainence fee cost $3,000 to SAAS's budget fund.
[2025/4/27 - 18:01:31] Vehicle ID 455 (Slot ID 233) Maintainence fee cost $3,500 to SAAS's budget fund.
[2025/4/27 - 18:01:31] Vehicle ID 486 (Slot ID 267) Maintainence fee cost $3,500 to SAAS's budget fund.
[2025/4/27 - 18:01:31] Vehicle ID 500 (Slot ID 284) Maintainence fee cost $3,500 to SAAS's budget fund.
[2025/4/27 - 18:01:31] Vehicle ID 510 (Slot ID 296) Maintainence fee cost $6,500 to SAAS's budget fund.
[2025/4/27 - 18:01:31] Vehicle ID 517 (Slot ID 303) Maintainence fee cost $4,500 to SAAS's budget fund.
[2025/4/27 - 18:01:31] Vehicle ID 526 (Slot ID 315) Maintainence fee cost $3,500 to SAAS's budget fund.
[2025/4/27 - 18:01:31] Vehicle ID 557 (Slot ID 348) Maintainence fee cost $4,000 to SAAS's budget fund.
[2025/4/27 - 18:01:31] Vehicle ID 65535 (Slot ID 355) Maintainence fee cost $5,500 to SAAS's budget fund.
[2025/4/27 - 18:01:31] Vehicle ID 0 (Slot ID 453) Maintainence fee cost $3,500 to SAAS's budget fund.
[2025/4/27 - 18:01:31] Vehicle ID 0 (Slot ID 454) Maintainence fee cost $3,500 to SAAS's budget fund.
[2025/4/27 - 18:01:31] Vehicle ID 596 (Slot ID 463) Maintainence fee cost $6,500 to SAAS's budget fund.
[2025/4/27 - 18:01:31] Vehicle ID 0 (Slot ID 507) Maintainence fee cost $2,000 to SAAS's budget fund.
[2025/4/27 - 18:01:31] Vehicle ID 0 (Slot ID 545) Maintainence fee cost $3,000 to SAAS's budget fund.
[2025/4/27 - 18:01:31] Vehicle ID 65535 (Slot ID 569) Maintainence fee cost $6,500 to SAAS's budget fund.
[2025/4/27 - 18:15:33] Vehicle Slot ID 55 RTB fee cost $2250 to SAAS's budget fund.
[2025/4/27 - 18:15:33] Vehicle Slot ID 154 RTB fee cost $2500 to SAAS's budget fund.
[2025/4/27 - 18:15:33] Vehicle Slot ID 206 RTB fee cost $2750 to SAAS's budget fund.
[2025/4/27 - 18:15:33] Vehicle Slot ID 296 RTB fee cost $3250 to SAAS's budget fund.
[2025/4/27 - 18:15:33] Vehicle Slot ID 303 RTB fee cost $2250 to SAAS's budget fund.
[2025/4/27 - 18:15:33] Vehicle Slot ID 463 RTB fee cost $3250 to SAAS's budget fund.
[2025/4/27 - 18:16:52] Vehicle Slot ID 12 RTB fee cost $1250 to SAAS's budget fund.
[2025/4/27 - 18:16:52] Vehicle Slot ID 14 RTB fee cost $1250 to SAAS's budget fund.
[2025/4/27 - 18:16:52] Vehicle Slot ID 39 RTB fee cost $1250 to SAAS's budget fund.
[2025/4/27 - 18:16:52] Vehicle Slot ID 42 RTB fee cost $1250 to SAAS's budget fund.
[2025/4/27 - 18:16:52] Vehicle Slot ID 45 RTB fee cost $1500 to SAAS's budget fund.
[2025/4/27 - 18:16:52] Vehicle Slot ID 55 RTB fee cost $2250 to SAAS's budget fund.
[2025/4/27 - 18:16:52] Vehicle Slot ID 67 RTB fee cost $1500 to SAAS's budget fund.
[2025/4/27 - 18:16:52] Vehicle Slot ID 85 RTB fee cost $1250 to SAAS's budget fund.
[2025/4/27 - 18:16:52] Vehicle Slot ID 104 RTB fee cost $1750 to SAAS's budget fund.
[2025/4/27 - 18:16:52] Vehicle Slot ID 106 RTB fee cost $2000 to SAAS's budget fund.
[2025/4/27 - 18:16:52] Vehicle Slot ID 107 RTB fee cost $1750 to SAAS's budget fund.
[2025/4/27 - 18:16:52] Vehicle Slot ID 109 RTB fee cost $1000 to SAAS's budget fund.
[2025/4/27 - 18:16:52] Vehicle Slot ID 110 RTB fee cost $2000 to SAAS's budget fund.
[2025/4/27 - 18:16:52] Vehicle Slot ID 116 RTB fee cost $1750 to SAAS's budget fund.
[2025/4/27 - 18:16:52] Vehicle Slot ID 128 RTB fee cost $1750 to SAAS's budget fund.
[2025/4/27 - 18:16:52] Vehicle Slot ID 136 RTB fee cost $1750 to SAAS's budget fund.
[2025/4/27 - 18:16:52] Vehicle Slot ID 138 RTB fee cost $1750 to SAAS's budget fund.
[2025/4/27 - 18:16:52] Vehicle Slot ID 142 RTB fee cost $1750 to SAAS's budget fund.
[2025/4/27 - 18:16:52] Vehicle Slot ID 154 RTB fee cost $2500 to SAAS's budget fund.
[2025/4/27 - 18:16:52] Vehicle Slot ID 175 RTB fee cost $1000 to SAAS's budget fund.
[2025/4/27 - 18:16:52] Vehicle Slot ID 183 RTB fee cost $1750 to SAAS's budget fund.
[2025/4/27 - 18:16:52] Vehicle Slot ID 198 RTB fee cost $2000 to SAAS's budget fund.
[2025/4/27 - 18:16:52] Vehicle Slot ID 206 RTB fee cost $2750 to SAAS's budget fund.
[2025/4/27 - 18:16:52] Vehicle Slot ID 226 RTB fee cost $1750 to SAAS's budget fund.
[2025/4/27 - 18:16:52] Vehicle Slot ID 231 RTB fee cost $1500 to SAAS's budget fund.
[2025/4/27 - 18:16:52] Vehicle Slot ID 233 RTB fee cost $1750 to SAAS's budget fund.
[2025/4/27 - 18:16:52] Vehicle Slot ID 267 RTB fee cost $1750 to SAAS's budget fund.
[2025/4/27 - 18:16:52] Vehicle Slot ID 284 RTB fee cost $1750 to SAAS's budget fund.
[2025/4/27 - 18:16:52] Vehicle Slot ID 296 RTB fee cost $3250 to SAAS's budget fund.
[2025/4/27 - 18:16:52] Vehicle Slot ID 303 RTB fee cost $2250 to SAAS's budget fund.
[2025/4/27 - 18:16:52] Vehicle Slot ID 315 RTB fee cost $1750 to SAAS's budget fund.
[2025/4/27 - 18:16:52] Vehicle Slot ID 348 RTB fee cost $2000 to SAAS's budget fund.
[2025/4/27 - 18:16:52] Vehicle Slot ID 463 RTB fee cost $3250 to SAAS's budget fund.
[2025/4/27 - 18:19:39] Vehicle Slot ID 55 RTB fee cost $2250 to SAAS's budget fund.
[2025/4/27 - 18:19:39] Vehicle Slot ID 154 RTB fee cost $2500 to SAAS's budget fund.
[2025/4/27 - 18:19:39] Vehicle Slot ID 206 RTB fee cost $2750 to SAAS's budget fund.
[2025/4/27 - 18:19:39] Vehicle Slot ID 296 RTB fee cost $3250 to SAAS's budget fund.
[2025/4/27 - 18:19:39] Vehicle Slot ID 303 RTB fee cost $2250 to SAAS's budget fund.
[2025/4/27 - 18:19:39] Vehicle Slot ID 463 RTB fee cost $3250 to SAAS's budget fund.
[2025/4/27 - 18:23:57] Vehicle Slot ID 55 RTB fee cost $2250 to SAAS's budget fund.
[2025/4/27 - 18:23:57] Vehicle Slot ID 154 RTB fee cost $2500 to SAAS's budget fund.
[2025/4/27 - 18:23:57] Vehicle Slot ID 206 RTB fee cost $2750 to SAAS's budget fund.
[2025/4/27 - 18:23:57] Vehicle Slot ID 296 RTB fee cost $3250 to SAAS's budget fund.
[2025/4/27 - 18:23:57] Vehicle Slot ID 303 RTB fee cost $2250 to SAAS's budget fund.
[2025/4/27 - 18:23:58] Vehicle Slot ID 463 RTB fee cost $3250 to SAAS's budget fund.
[2025/4/27 - 18:30:31] Vehicle Slot ID 55 RTB fee cost $2250 to SAAS's budget fund.
[2025/4/27 - 18:30:31] Vehicle Slot ID 154 RTB fee cost $2500 to SAAS's budget fund.
[2025/4/27 - 18:30:31] Vehicle Slot ID 206 RTB fee cost $2750 to SAAS's budget fund.
[2025/4/27 - 18:30:31] Vehicle Slot ID 296 RTB fee cost $3250 to SAAS's budget fund.
[2025/4/27 - 18:30:31] Vehicle Slot ID 303 RTB fee cost $2250 to SAAS's budget fund.
[2025/4/27 - 18:30:31] Vehicle Slot ID 463 RTB fee cost $3250 to SAAS's budget fund.
[2025/4/27 - 18:43:40] Vehicle Slot ID 12 RTB fee cost $1250 to SAAS's budget fund.
[2025/4/27 - 18:43:40] Vehicle Slot ID 14 RTB fee cost $1250 to SAAS's budget fund.
[2025/4/27 - 18:43:40] Vehicle Slot ID 39 RTB fee cost $1250 to SAAS's budget fund.
[2025/4/27 - 18:43:40] Vehicle Slot ID 42 RTB fee cost $1250 to SAAS's budget fund.
[2025/4/27 - 18:43:40] Vehicle Slot ID 45 RTB fee cost $1500 to SAAS's budget fund.
[2025/4/27 - 18:43:40] Vehicle Slot ID 55 RTB fee cost $2250 to SAAS's budget fund.
[2025/4/27 - 18:43:40] Vehicle Slot ID 67 RTB fee cost $1500 to SAAS's budget fund.
[2025/4/27 - 18:43:40] Vehicle Slot ID 85 RTB fee cost $1250 to SAAS's budget fund.
[2025/4/27 - 18:43:40] Vehicle Slot ID 104 RTB fee cost $1750 to SAAS's budget fund.
[2025/4/27 - 18:43:40] Vehicle Slot ID 106 RTB fee cost $2000 to SAAS's budget fund.
[2025/4/27 - 18:43:40] Vehicle Slot ID 107 RTB fee cost $1750 to SAAS's budget fund.
[2025/4/27 - 18:43:40] Vehicle Slot ID 109 RTB fee cost $1000 to SAAS's budget fund.
[2025/4/27 - 18:43:40] Vehicle Slot ID 110 RTB fee cost $2000 to SAAS's budget fund.
[2025/4/27 - 18:43:40] Vehicle Slot ID 116 RTB fee cost $1750 to SAAS's budget fund.
[2025/4/27 - 18:43:40] Vehicle Slot ID 128 RTB fee cost $1750 to SAAS's budget fund.
[2025/4/27 - 18:43:40] Vehicle Slot ID 136 RTB fee cost $1750 to SAAS's budget fund.
[2025/4/27 - 18:43:40] Vehicle Slot ID 138 RTB fee cost $1750 to SAAS's budget fund.
[2025/4/27 - 18:43:40] Vehicle Slot ID 142 RTB fee cost $1750 to SAAS's budget fund.
[2025/4/27 - 18:43:40] Vehicle Slot ID 154 RTB fee cost $2500 to SAAS's budget fund.
[2025/4/27 - 18:43:40] Vehicle Slot ID 175 RTB fee cost $1000 to SAAS's budget fund.
[2025/4/27 - 18:43:40] Vehicle Slot ID 183 RTB fee cost $1750 to SAAS's budget fund.
[2025/4/27 - 18:43:40] Vehicle Slot ID 198 RTB fee cost $2000 to SAAS's budget fund.
[2025/4/27 - 18:43:40] Vehicle Slot ID 206 RTB fee cost $2750 to SAAS's budget fund.
[2025/4/27 - 18:43:40] Vehicle Slot ID 226 RTB fee cost $1750 to SAAS's budget fund.
[2025/4/27 - 18:43:40] Vehicle Slot ID 231 RTB fee cost $1500 to SAAS's budget fund.
[2025/4/27 - 18:43:40] Vehicle Slot ID 233 RTB fee cost $1750 to SAAS's budget fund.
[2025/4/27 - 18:43:40] Vehicle Slot ID 267 RTB fee cost $1750 to SAAS's budget fund.
[2025/4/27 - 18:43:40] Vehicle Slot ID 284 RTB fee cost $1750 to SAAS's budget fund.
[2025/4/27 - 18:43:40] Vehicle Slot ID 296 RTB fee cost $3250 to SAAS's budget fund.
[2025/4/27 - 18:43:40] Vehicle Slot ID 303 RTB fee cost $2250 to SAAS's budget fund.
[2025/4/27 - 18:43:40] Vehicle Slot ID 315 RTB fee cost $1750 to SAAS's budget fund.
[2025/4/27 - 18:43:40] Vehicle Slot ID 348 RTB fee cost $2000 to SAAS's budget fund.
[2025/4/27 - 18:43:40] Vehicle Slot ID 463 RTB fee cost $3250 to SAAS's budget fund.
[2025/4/27 - 18:52:42] Vehicle Slot ID 55 RTB fee cost $2250 to SAAS's budget fund.
[2025/4/27 - 18:52:42] Vehicle Slot ID 154 RTB fee cost $2500 to SAAS's budget fund.
[2025/4/27 - 18:52:42] Vehicle Slot ID 206 RTB fee cost $2750 to SAAS's budget fund.
[2025/4/27 - 18:52:42] Vehicle Slot ID 296 RTB fee cost $3250 to SAAS's budget fund.
[2025/4/27 - 18:52:42] Vehicle Slot ID 303 RTB fee cost $2250 to SAAS's budget fund.
[2025/4/27 - 18:52:42] Vehicle Slot ID 463 RTB fee cost $3250 to SAAS's budget fund.
[2025/4/27 - 19:02:01] Vehicle Slot ID 55 RTB fee cost $2250 to SAAS's budget fund.
[2025/4/27 - 19:02:01] Vehicle Slot ID 154 RTB fee cost $2500 to SAAS's budget fund.
[2025/4/27 - 19:02:01] Vehicle Slot ID 206 RTB fee cost $2750 to SAAS's budget fund.
[2025/4/27 - 19:02:01] Vehicle Slot ID 296 RTB fee cost $3250 to SAAS's budget fund.
[2025/4/27 - 19:02:01] Vehicle Slot ID 303 RTB fee cost $2250 to SAAS's budget fund.
[2025/4/27 - 19:02:01] Vehicle Slot ID 463 RTB fee cost $3250 to SAAS's budget fund.
[2025/4/27 - 19:31:40] Vehicle Slot ID 55 RTB fee cost $2250 to SAAS's budget fund.
[2025/4/27 - 19:31:40] Vehicle Slot ID 154 RTB fee cost $2500 to SAAS's budget fund.
[2025/4/27 - 19:31:40] Vehicle Slot ID 206 RTB fee cost $2750 to SAAS's budget fund.
[2025/4/27 - 19:31:40] Vehicle Slot ID 296 RTB fee cost $3250 to SAAS's budget fund.
[2025/4/27 - 19:31:40] Vehicle Slot ID 303 RTB fee cost $2250 to SAAS's budget fund.
[2025/4/27 - 19:31:40] Vehicle Slot ID 463 RTB fee cost $3250 to SAAS's budget fund.
[2025/4/27 - 19:42:24] Vehicle Slot ID 55 RTB fee cost $2250 to SAAS's budget fund.
[2025/4/27 - 19:42:24] Vehicle Slot ID 154 RTB fee cost $2500 to SAAS's budget fund.
[2025/4/27 - 19:42:24] Vehicle Slot ID 206 RTB fee cost $2750 to SAAS's budget fund.
[2025/4/27 - 19:42:25] Vehicle Slot ID 296 RTB fee cost $3250 to SAAS's budget fund.
[2025/4/27 - 19:42:25] Vehicle Slot ID 303 RTB fee cost $2250 to SAAS's budget fund.
[2025/4/27 - 19:42:25] Vehicle Slot ID 463 RTB fee cost $3250 to SAAS's budget fund.
[2025/4/27 - 20:00:07] The faction vault is at $20,544,731.
[2025/4/27 - 20:00:07] SA Gov Paid $175,000 to SAAS budget fund.
[2025/4/27 - 20:00:07] Vehicle ID 272 (Slot ID 12) Maintainence fee cost $2,500 to SAAS's budget fund.
[2025/4/27 - 20:00:07] Vehicle ID 274 (Slot ID 14) Maintainence fee cost $2,500 to SAAS's budget fund.
[2025/4/27 - 20:00:07] Vehicle ID 291 (Slot ID 39) Maintainence fee cost $2,500 to SAAS's budget fund.
[2025/4/27 - 20:00:07] Vehicle ID 293 (Slot ID 42) Maintainence fee cost $2,500 to SAAS's budget fund.
[2025/4/27 - 20:00:07] Vehicle ID 295 (Slot ID 45) Maintainence fee cost $3,000 to SAAS's budget fund.
[2025/4/27 - 20:00:07] Vehicle ID 302 (Slot ID 55) Maintainence fee cost $4,500 to SAAS's budget fund.
[2025/4/27 - 20:00:07] Vehicle ID 312 (Slot ID 67) Maintainence fee cost $3,000 to SAAS's budget fund.
[2025/4/27 - 20:00:07] Vehicle ID 329 (Slot ID 85) Maintainence fee cost $2,500 to SAAS's budget fund.
[2025/4/27 - 20:00:07] Vehicle ID 346 (Slot ID 104) Maintainence fee cost $3,500 to SAAS's budget fund.
[2025/4/27 - 20:00:07] Vehicle ID 348 (Slot ID 106) Maintainence fee cost $4,000 to SAAS's budget fund.
[2025/4/27 - 20:00:07] Vehicle ID 349 (Slot ID 107) Maintainence fee cost $3,500 to SAAS's budget fund.
[2025/4/27 - 20:00:07] Vehicle ID 351 (Slot ID 109) Maintainence fee cost $2,000 to SAAS's budget fund.
[2025/4/27 - 20:00:07] Vehicle ID 352 (Slot ID 110) Maintainence fee cost $4,000 to SAAS's budget fund.
[2025/4/27 - 20:00:07] Vehicle ID 358 (Slot ID 116) Maintainence fee cost $3,500 to SAAS's budget fund.
[2025/4/27 - 20:00:07] Vehicle ID 367 (Slot ID 128) Maintainence fee cost $3,500 to SAAS's budget fund.
[2025/4/27 - 20:00:07] Vehicle ID 373 (Slot ID 136) Maintainence fee cost $3,500 to SAAS's budget fund.
[2025/4/27 - 20:00:07] Vehicle ID 375 (Slot ID 138) Maintainence fee cost $3,500 to SAAS's budget fund.
[2025/4/27 - 20:00:07] Vehicle ID 379 (Slot ID 142) Maintainence fee cost $3,500 to SAAS's budget fund.
[2025/4/27 - 20:00:07] Vehicle ID 0 (Slot ID 147) Maintainence fee cost $3,500 to SAAS's budget fund.
[2025/4/27 - 20:00:07] Vehicle ID 388 (Slot ID 154) Maintainence fee cost $5,000 to SAAS's budget fund.
[2025/4/27 - 20:00:07] Vehicle ID 406 (Slot ID 175) Maintainence fee cost $2,000 to SAAS's budget fund.
[2025/4/27 - 20:00:07] Vehicle ID 413 (Slot ID 183) Maintainence fee cost $3,500 to SAAS's budget fund.
[2025/4/27 - 20:00:07] Vehicle ID 426 (Slot ID 198) Maintainence fee cost $4,000 to SAAS's budget fund.
[2025/4/27 - 20:00:07] Vehicle ID 433 (Slot ID 206) Maintainence fee cost $5,500 to SAAS's budget fund.
[2025/4/27 - 20:00:07] Vehicle ID 448 (Slot ID 226) Maintainence fee cost $3,500 to SAAS's budget fund.
[2025/4/27 - 20:00:07] Vehicle ID 453 (Slot ID 231) Maintainence fee cost $3,000 to SAAS's budget fund.
[2025/4/27 - 20:00:07] Vehicle ID 455 (Slot ID 233) Maintainence fee cost $3,500 to SAAS's budget fund.
[2025/4/27 - 20:00:07] Vehicle ID 486 (Slot ID 267) Maintainence fee cost $3,500 to SAAS's budget fund.
[2025/4/27 - 20:00:07] Vehicle ID 500 (Slot ID 284) Maintainence fee cost $3,500 to SAAS's budget fund.
[2025/4/27 - 20:00:07] Vehicle ID 510 (Slot ID 296) Maintainence fee cost $6,500 to SAAS's budget fund.
[2025/4/27 - 20:00:07] Vehicle ID 517 (Slot ID 303) Maintainence fee cost $4,500 to SAAS's budget fund.
[2025/4/27 - 20:00:07] Vehicle ID 526 (Slot ID 315) Maintainence fee cost $3,500 to SAAS's budget fund.
[2025/4/27 - 20:00:07] Vehicle ID 557 (Slot ID 348) Maintainence fee cost $4,000 to SAAS's budget fund.
[2025/4/27 - 20:00:07] Vehicle ID 65535 (Slot ID 355) Maintainence fee cost $5,500 to SAAS's budget fund.
[2025/4/27 - 20:00:07] Vehicle ID 0 (Slot ID 453) Maintainence fee cost $3,500 to SAAS's budget fund.
[2025/4/27 - 20:00:07] Vehicle ID 0 (Slot ID 454) Maintainence fee cost $3,500 to SAAS's budget fund.
[2025/4/27 - 20:00:07] Vehicle ID 596 (Slot ID 463) Maintainence fee cost $6,500 to SAAS's budget fund.
[2025/4/27 - 20:00:07] Vehicle ID 0 (Slot ID 507) Maintainence fee cost $2,000 to SAAS's budget fund.
[2025/4/27 - 20:00:07] Vehicle ID 0 (Slot ID 545) Maintainence fee cost $3,000 to SAAS's budget fund.
[2025/4/27 - 20:00:07] Vehicle ID 65535 (Slot ID 569) Maintainence fee cost $6,500 to SAAS's budget fund.
[2025/4/27 - 20:56:08] Vehicle Slot ID 55 RTB fee cost $2250 to SAAS's budget fund.
[2025/4/27 - 20:56:08] Vehicle Slot ID 154 RTB fee cost $2500 to SAAS's budget fund.
[2025/4/27 - 20:56:08] Vehicle Slot ID 206 RTB fee cost $2750 to SAAS's budget fund.
[2025/4/27 - 20:56:08] Vehicle Slot ID 296 RTB fee cost $3250 to SAAS's budget fund.
[2025/4/27 - 20:56:08] Vehicle Slot ID 303 RTB fee cost $2250 to SAAS's budget fund.
[2025/4/27 - 20:56:08] Vehicle Slot ID 463 RTB fee cost $3250 to SAAS's budget fund.
[2025/4/27 - 20:58:47] Vehicle Slot ID 55 RTB fee cost $2250 to SAAS's budget fund.
[2025/4/27 - 20:58:47] Vehicle Slot ID 154 RTB fee cost $2500 to SAAS's budget fund.
[2025/4/27 - 20:58:47] Vehicle Slot ID 206 RTB fee cost $2750 to SAAS's budget fund.
[2025/4/27 - 20:58:47] Vehicle Slot ID 296 RTB fee cost $3250 to SAAS's budget fund.
[2025/4/27 - 20:58:47] Vehicle Slot ID 303 RTB fee cost $2250 to SAAS's budget fund.
[2025/4/27 - 20:58:47] Vehicle Slot ID 463 RTB fee cost $3250 to SAAS's budget fund.
[2025/4/27 - 21:00:44] The faction vault is at $20,556,481.
[2025/4/27 - 21:00:44] SA Gov Paid $175,000 to SAAS budget fund.
[2025/4/27 - 21:00:44] Vehicle ID 272 (Slot ID 12) Maintainence fee cost $2,500 to SAAS's budget fund.
[2025/4/27 - 21:00:44] Vehicle ID 274 (Slot ID 14) Maintainence fee cost $2,500 to SAAS's budget fund.
[2025/4/27 - 21:00:44] Vehicle ID 291 (Slot ID 39) Maintainence fee cost $2,500 to SAAS's budget fund.
[2025/4/27 - 21:00:44] Vehicle ID 293 (Slot ID 42) Maintainence fee cost $2,500 to SAAS's budget fund.
[2025/4/27 - 21:00:44] Vehicle ID 295 (Slot ID 45) Maintainence fee cost $3,000 to SAAS's budget fund.
[2025/4/27 - 21:00:44] Vehicle ID 302 (Slot ID 55) Maintainence fee cost $4,500 to SAAS's budget fund.
[2025/4/27 - 21:00:44] Vehicle ID 312 (Slot ID 67) Maintainence fee cost $3,000 to SAAS's budget fund.
[2025/4/27 - 21:00:44] Vehicle ID 329 (Slot ID 85) Maintainence fee cost $2,500 to SAAS's budget fund.
[2025/4/27 - 21:00:44] Vehicle ID 346 (Slot ID 104) Maintainence fee cost $3,500 to SAAS's budget fund.
[2025/4/27 - 21:00:44] Vehicle ID 348 (Slot ID 106) Maintainence fee cost $4,000 to SAAS's budget fund.
[2025/4/27 - 21:00:44] Vehicle ID 349 (Slot ID 107) Maintainence fee cost $3,500 to SAAS's budget fund.
[2025/4/27 - 21:00:44] Vehicle ID 351 (Slot ID 109) Maintainence fee cost $2,000 to SAAS's budget fund.
[2025/4/27 - 21:00:44] Vehicle ID 352 (Slot ID 110) Maintainence fee cost $4,000 to SAAS's budget fund.
[2025/4/27 - 21:00:44] Vehicle ID 358 (Slot ID 116) Maintainence fee cost $3,500 to SAAS's budget fund.
[2025/4/27 - 21:00:44] Vehicle ID 367 (Slot ID 128) Maintainence fee cost $3,500 to SAAS's budget fund.
[2025/4/27 - 21:00:44] Vehicle ID 373 (Slot ID 136) Maintainence fee cost $3,500 to SAAS's budget fund.
[2025/4/27 - 21:00:44] Vehicle ID 375 (Slot ID 138) Maintainence fee cost $3,500 to SAAS's budget fund.
[2025/4/27 - 21:00:44] Vehicle ID 379 (Slot ID 142) Maintainence fee cost $3,500 to SAAS's budget fund.
[2025/4/27 - 21:00:44] Vehicle ID 0 (Slot ID 147) Maintainence fee cost $3,500 to SAAS's budget fund.
[2025/4/27 - 21:00:44] Vehicle ID 388 (Slot ID 154) Maintainence fee cost $5,000 to SAAS's budget fund.
[2025/4/27 - 21:00:44] Vehicle ID 406 (Slot ID 175) Maintainence fee cost $2,000 to SAAS's budget fund.
[2025/4/27 - 21:00:44] Vehicle ID 413 (Slot ID 183) Maintainence fee cost $3,500 to SAAS's budget fund.
[2025/4/27 - 21:00:44] Vehicle ID 426 (Slot ID 198) Maintainence fee cost $4,000 to SAAS's budget fund.
[2025/4/27 - 21:00:44] Vehicle ID 433 (Slot ID 206) Maintainence fee cost $5,500 to SAAS's budget fund.
[2025/4/27 - 21:00:44] Vehicle ID 448 (Slot ID 226) Maintainence fee cost $3,500 to SAAS's budget fund.
[2025/4/27 - 21:00:44] Vehicle ID 453 (Slot ID 231) Maintainence fee cost $3,000 to SAAS's budget fund.
[2025/4/27 - 21:00:44] Vehicle ID 455 (Slot ID 233) Maintainence fee cost $3,500 to SAAS's budget fund.
[2025/4/27 - 21:00:44] Vehicle ID 486 (Slot ID 267) Maintainence fee cost $3,500 to SAAS's budget fund.
[2025/4/27 - 21:00:44] Vehicle ID 500 (Slot ID 284) Maintainence fee cost $3,500 to SAAS's budget fund.
[2025/4/27 - 21:00:44] Vehicle ID 510 (Slot ID 296) Maintainence fee cost $6,500 to SAAS's budget fund.
[2025/4/27 - 21:00:44] Vehicle ID 517 (Slot ID 303) Maintainence fee cost $4,500 to SAAS's budget fund.
[2025/4/27 - 21:00:44] Vehicle ID 526 (Slot ID 315) Maintainence fee cost $3,500 to SAAS's budget fund.
[2025/4/27 - 21:00:44] Vehicle ID 557 (Slot ID 348) Maintainence fee cost $4,000 to SAAS's budget fund.
[2025/4/27 - 21:00:44] Vehicle ID 65535 (Slot ID 355) Maintainence fee cost $5,500 to SAAS's budget fund.
[2025/4/27 - 21:00:44] Vehicle ID 0 (Slot ID 453) Maintainence fee cost $3,500 to SAAS's budget fund.
[2025/4/27 - 21:00:44] Vehicle ID 0 (Slot ID 454) Maintainence fee cost $3,500 to SAAS's budget fund.
[2025/4/27 - 21:00:44] Vehicle ID 596 (Slot ID 463) Maintainence fee cost $6,500 to SAAS's budget fund.
[2025/4/27 - 21:00:44] Vehicle ID 0 (Slot ID 507) Maintainence fee cost $2,000 to SAAS's budget fund.
[2025/4/27 - 21:00:44] Vehicle ID 0 (Slot ID 545) Maintainence fee cost $3,000 to SAAS's budget fund.
[2025/4/27 - 21:00:44] Vehicle ID 65535 (Slot ID 569) Maintainence fee cost $6,500 to SAAS's budget fund.
[2025/4/27 - 21:25:46] Vehicle Slot ID 55 RTB fee cost $2250 to SAAS's budget fund.
[2025/4/27 - 21:25:46] Vehicle Slot ID 154 RTB fee cost $2500 to SAAS's budget fund.
[2025/4/27 - 21:25:46] Vehicle Slot ID 206 RTB fee cost $2750 to SAAS's budget fund.
[2025/4/27 - 21:25:46] Vehicle Slot ID 296 RTB fee cost $3250 to SAAS's budget fund.
[2025/4/27 - 21:25:46] Vehicle Slot ID 303 RTB fee cost $2250 to SAAS's budget fund.
[2025/4/27 - 21:25:46] Vehicle Slot ID 463 RTB fee cost $3250 to SAAS's budget fund.
[2025/4/27 - 21:27:30] Vehicle Slot ID 55 RTB fee cost $2250 to SAAS's budget fund.
[2025/4/27 - 21:27:30] Vehicle Slot ID 154 RTB fee cost $2500 to SAAS's budget fund.
[2025/4/27 - 21:27:30] Vehicle Slot ID 206 RTB fee cost $2750 to SAAS's budget fund.
[2025/4/27 - 21:27:30] Vehicle Slot ID 296 RTB fee cost $3250 to SAAS's budget fund.
[2025/4/27 - 21:27:30] Vehicle Slot ID 303 RTB fee cost $2250 to SAAS's budget fund.
[2025/4/27 - 21:27:30] Vehicle Slot ID 463 RTB fee cost $3250 to SAAS's budget fund.
[2025/4/27 - 21:42:59] Vehicle Slot ID 55 RTB fee cost $2250 to SAAS's budget fund.
[2025/4/27 - 21:42:59] Vehicle Slot ID 154 RTB fee cost $2500 to SAAS's budget fund.
[2025/4/27 - 21:42:59] Vehicle Slot ID 206 RTB fee cost $2750 to SAAS's budget fund.
[2025/4/27 - 21:42:59] Vehicle Slot ID 296 RTB fee cost $3250 to SAAS's budget fund.
[2025/4/27 - 21:42:59] Vehicle Slot ID 303 RTB fee cost $2250 to SAAS's budget fund.
[2025/4/27 - 21:42:59] Vehicle Slot ID 463 RTB fee cost $3250 to SAAS's budget fund.
[2025/4/27 - 21:48:30] Vehicle Slot ID 55 RTB fee cost $2250 to SAAS's budget fund.
[2025/4/27 - 21:48:30] Vehicle Slot ID 154 RTB fee cost $2500 to SAAS's budget fund.
[2025/4/27 - 21:48:30] Vehicle Slot ID 206 RTB fee cost $2750 to SAAS's budget fund.
[2025/4/27 - 21:48:30] Vehicle Slot ID 296 RTB fee cost $3250 to SAAS's budget fund.
[2025/4/27 - 21:48:30] Vehicle Slot ID 303 RTB fee cost $2250 to SAAS's budget fund.
[2025/4/27 - 21:48:30] Vehicle Slot ID 463 RTB fee cost $3250 to SAAS's budget fund.
[2025/4/27 - 22:00:52] The faction vault is at $20,568,231.
[2025/4/27 - 22:00:52] SA Gov Paid $175,000 to SAAS budget fund.
[2025/4/27 - 22:00:52] Vehicle ID 272 (Slot ID 12) Maintainence fee cost $2,500 to SAAS's budget fund.
[2025/4/27 - 22:00:52] Vehicle ID 274 (Slot ID 14) Maintainence fee cost $2,500 to SAAS's budget fund.
[2025/4/27 - 22:00:52] Vehicle ID 291 (Slot ID 39) Maintainence fee cost $2,500 to SAAS's budget fund.
[2025/4/27 - 22:00:52] Vehicle ID 293 (Slot ID 42) Maintainence fee cost $2,500 to SAAS's budget fund.
[2025/4/27 - 22:00:52] Vehicle ID 295 (Slot ID 45) Maintainence fee cost $3,000 to SAAS's budget fund.
[2025/4/27 - 22:00:52] Vehicle ID 302 (Slot ID 55) Maintainence fee cost $4,500 to SAAS's budget fund.
[2025/4/27 - 22:00:52] Vehicle ID 312 (Slot ID 67) Maintainence fee cost $3,000 to SAAS's budget fund.
[2025/4/27 - 22:00:52] Vehicle ID 329 (Slot ID 85) Maintainence fee cost $2,500 to SAAS's budget fund.
[2025/4/27 - 22:00:52] Vehicle ID 346 (Slot ID 104) Maintainence fee cost $3,500 to SAAS's budget fund.
[2025/4/27 - 22:00:52] Vehicle ID 348 (Slot ID 106) Maintainence fee cost $4,000 to SAAS's budget fund.
[2025/4/27 - 22:00:52] Vehicle ID 349 (Slot ID 107) Maintainence fee cost $3,500 to SAAS's budget fund.
[2025/4/27 - 22:00:52] Vehicle ID 351 (Slot ID 109) Maintainence fee cost $2,000 to SAAS's budget fund.
[2025/4/27 - 22:00:52] Vehicle ID 352 (Slot ID 110) Maintainence fee cost $4,000 to SAAS's budget fund.
[2025/4/27 - 22:00:52] Vehicle ID 358 (Slot ID 116) Maintainence fee cost $3,500 to SAAS's budget fund.
[2025/4/27 - 22:00:52] Vehicle ID 367 (Slot ID 128) Maintainence fee cost $3,500 to SAAS's budget fund.
[2025/4/27 - 22:00:52] Vehicle ID 373 (Slot ID 136) Maintainence fee cost $3,500 to SAAS's budget fund.
[2025/4/27 - 22:00:52] Vehicle ID 375 (Slot ID 138) Maintainence fee cost $3,500 to SAAS's budget fund.
[2025/4/27 - 22:00:52] Vehicle ID 379 (Slot ID 142) Maintainence fee cost $3,500 to SAAS's budget fund.
[2025/4/27 - 22:00:52] Vehicle ID 0 (Slot ID 147) Maintainence fee cost $3,500 to SAAS's budget fund.
[2025/4/27 - 22:00:52] Vehicle ID 388 (Slot ID 154) Maintainence fee cost $5,000 to SAAS's budget fund.
[2025/4/27 - 22:00:52] Vehicle ID 406 (Slot ID 175) Maintainence fee cost $2,000 to SAAS's budget fund.
[2025/4/27 - 22:00:52] Vehicle ID 413 (Slot ID 183) Maintainence fee cost $3,500 to SAAS's budget fund.
[2025/4/27 - 22:00:52] Vehicle ID 426 (Slot ID 198) Maintainence fee cost $4,000 to SAAS's budget fund.
[2025/4/27 - 22:00:52] Vehicle ID 433 (Slot ID 206) Maintainence fee cost $5,500 to SAAS's budget fund.
[2025/4/27 - 22:00:52] Vehicle ID 448 (Slot ID 226) Maintainence fee cost $3,500 to SAAS's budget fund.
[2025/4/27 - 22:00:52] Vehicle ID 453 (Slot ID 231) Maintainence fee cost $3,000 to SAAS's budget fund.
[2025/4/27 - 22:00:52] Vehicle ID 455 (Slot ID 233) Maintainence fee cost $3,500 to SAAS's budget fund.
[2025/4/27 - 22:00:52] Vehicle ID 486 (Slot ID 267) Maintainence fee cost $3,500 to SAAS's budget fund.
[2025/4/27 - 22:00:52] Vehicle ID 500 (Slot ID 284) Maintainence fee cost $3,500 to SAAS's budget fund.
[2025/4/27 - 22:00:52] Vehicle ID 510 (Slot ID 296) Maintainence fee cost $6,500 to SAAS's budget fund.
[2025/4/27 - 22:00:52] Vehicle ID 517 (Slot ID 303) Maintainence fee cost $4,500 to SAAS's budget fund.
[2025/4/27 - 22:00:52] Vehicle ID 526 (Slot ID 315) Maintainence fee cost $3,500 to SAAS's budget fund.
[2025/4/27 - 22:00:52] Vehicle ID 557 (Slot ID 348) Maintainence fee cost $4,000 to SAAS's budget fund.
[2025/4/27 - 22:00:52] Vehicle ID 65535 (Slot ID 355) Maintainence fee cost $5,500 to SAAS's budget fund.
[2025/4/27 - 22:00:52] Vehicle ID 0 (Slot ID 453) Maintainence fee cost $3,500 to SAAS's budget fund.
[2025/4/27 - 22:00:52] Vehicle ID 0 (Slot ID 454) Maintainence fee cost $3,500 to SAAS's budget fund.
[2025/4/27 - 22:00:52] Vehicle ID 596 (Slot ID 463) Maintainence fee cost $6,500 to SAAS's budget fund.
[2025/4/27 - 22:00:52] Vehicle ID 0 (Slot ID 507) Maintainence fee cost $2,000 to SAAS's budget fund.
[2025/4/27 - 22:00:52] Vehicle ID 0 (Slot ID 545) Maintainence fee cost $3,000 to SAAS's budget fund.
[2025/4/27 - 22:00:52] Vehicle ID 65535 (Slot ID 569) Maintainence fee cost $6,500 to SAAS's budget fund.
[2025/4/27 - 23:00:00] The faction vault is at $20,596,231.
[2025/4/27 - 23:00:00] SA Gov Paid $175,000 to SAAS budget fund.
[2025/4/27 - 23:00:00] Vehicle ID 272 (Slot ID 12) Maintainence fee cost $2,500 to SAAS's budget fund.
[2025/4/27 - 23:00:00] Vehicle ID 274 (Slot ID 14) Maintainence fee cost $2,500 to SAAS's budget fund.
[2025/4/27 - 23:00:00] Vehicle ID 291 (Slot ID 39) Maintainence fee cost $2,500 to SAAS's budget fund.
[2025/4/27 - 23:00:00] Vehicle ID 293 (Slot ID 42) Maintainence fee cost $2,500 to SAAS's budget fund.
[2025/4/27 - 23:00:00] Vehicle ID 295 (Slot ID 45) Maintainence fee cost $3,000 to SAAS's budget fund.
[2025/4/27 - 23:00:00] Vehicle ID 302 (Slot ID 55) Maintainence fee cost $4,500 to SAAS's budget fund.
[2025/4/27 - 23:00:00] Vehicle ID 312 (Slot ID 67) Maintainence fee cost $3,000 to SAAS's budget fund.
[2025/4/27 - 23:00:00] Vehicle ID 329 (Slot ID 85) Maintainence fee cost $2,500 to SAAS's budget fund.
[2025/4/27 - 23:00:00] Vehicle ID 346 (Slot ID 104) Maintainence fee cost $3,500 to SAAS's budget fund.
[2025/4/27 - 23:00:00] Vehicle ID 348 (Slot ID 106) Maintainence fee cost $4,000 to SAAS's budget fund.
[2025/4/27 - 23:00:00] Vehicle ID 349 (Slot ID 107) Maintainence fee cost $3,500 to SAAS's budget fund.
[2025/4/27 - 23:00:00] Vehicle ID 351 (Slot ID 109) Maintainence fee cost $2,000 to SAAS's budget fund.
[2025/4/27 - 23:00:00] Vehicle ID 352 (Slot ID 110) Maintainence fee cost $4,000 to SAAS's budget fund.
[2025/4/27 - 23:00:00] Vehicle ID 358 (Slot ID 116) Maintainence fee cost $3,500 to SAAS's budget fund.
[2025/4/27 - 23:00:00] Vehicle ID 367 (Slot ID 128) Maintainence fee cost $3,500 to SAAS's budget fund.
[2025/4/27 - 23:00:00] Vehicle ID 373 (Slot ID 136) Maintainence fee cost $3,500 to SAAS's budget fund.
[2025/4/27 - 23:00:00] Vehicle ID 375 (Slot ID 138) Maintainence fee cost $3,500 to SAAS's budget fund.
[2025/4/27 - 23:00:00] Vehicle ID 379 (Slot ID 142) Maintainence fee cost $3,500 to SAAS's budget fund.
[2025/4/27 - 23:00:00] Vehicle ID 0 (Slot ID 147) Maintainence fee cost $3,500 to SAAS's budget fund.
[2025/4/27 - 23:00:00] Vehicle ID 388 (Slot ID 154) Maintainence fee cost $5,000 to SAAS's budget fund.
[2025/4/27 - 23:00:00] Vehicle ID 406 (Slot ID 175) Maintainence fee cost $2,000 to SAAS's budget fund.
[2025/4/27 - 23:00:00] Vehicle ID 413 (Slot ID 183) Maintainence fee cost $3,500 to SAAS's budget fund.
[2025/4/27 - 23:00:00] Vehicle ID 426 (Slot ID 198) Maintainence fee cost $4,000 to SAAS's budget fund.
[2025/4/27 - 23:00:00] Vehicle ID 433 (Slot ID 206) Maintainence fee cost $5,500 to SAAS's budget fund.
[2025/4/27 - 23:00:00] Vehicle ID 448 (Slot ID 226) Maintainence fee cost $3,500 to SAAS's budget fund.
[2025/4/27 - 23:00:00] Vehicle ID 453 (Slot ID 231) Maintainence fee cost $3,000 to SAAS's budget fund.
[2025/4/27 - 23:00:00] Vehicle ID 455 (Slot ID 233) Maintainence fee cost $3,500 to SAAS's budget fund.
[2025/4/27 - 23:00:00] Vehicle ID 486 (Slot ID 267) Maintainence fee cost $3,500 to SAAS's budget fund.
[2025/4/27 - 23:00:00] Vehicle ID 500 (Slot ID 284) Maintainence fee cost $3,500 to SAAS's budget fund.
[2025/4/27 - 23:00:00] Vehicle ID 510 (Slot ID 296) Maintainence fee cost $6,500 to SAAS's budget fund.
[2025/4/27 - 23:00:00] Vehicle ID 517 (Slot ID 303) Maintainence fee cost $4,500 to SAAS's budget fund.
[2025/4/27 - 23:00:00] Vehicle ID 526 (Slot ID 315) Maintainence fee cost $3,500 to SAAS's budget fund.
[2025/4/27 - 23:00:00] Vehicle ID 557 (Slot ID 348) Maintainence fee cost $4,000 to SAAS's budget fund.
[2025/4/27 - 23:00:00] Vehicle ID 65535 (Slot ID 355) Maintainence fee cost $5,500 to SAAS's budget fund.
[2025/4/27 - 23:00:00] Vehicle ID 0 (Slot ID 453) Maintainence fee cost $3,500 to SAAS's budget fund.
[2025/4/27 - 23:00:00] Vehicle ID 0 (Slot ID 454) Maintainence fee cost $3,500 to SAAS's budget fund.
[2025/4/27 - 23:00:00] Vehicle ID 596 (Slot ID 463) Maintainence fee cost $6,500 to SAAS's budget fund.
[2025/4/27 - 23:00:00] Vehicle ID 0 (Slot ID 507) Maintainence fee cost $2,000 to SAAS's budget fund.
[2025/4/27 - 23:00:00] Vehicle ID 0 (Slot ID 545) Maintainence fee cost $3,000 to SAAS's budget fund.
[2025/4/27 - 23:00:00] Vehicle ID 65535 (Slot ID 569) Maintainence fee cost $6,500 to SAAS's budget fund.
[2025/4/27 - 23:10:34] Vehicle Slot ID 55 RTB fee cost $2250 to SAAS's budget fund.
[2025/4/27 - 23:10:34] Vehicle Slot ID 154 RTB fee cost $2500 to SAAS's budget fund.
[2025/4/27 - 23:10:34] Vehicle Slot ID 206 RTB fee cost $2750 to SAAS's budget fund.
[2025/4/27 - 23:10:34] Vehicle Slot ID 296 RTB fee cost $3250 to SAAS's budget fund.
[2025/4/27 - 23:10:34] Vehicle Slot ID 303 RTB fee cost $2250 to SAAS's budget fund.
[2025/4/27 - 23:10:34] Vehicle Slot ID 463 RTB fee cost $3250 to SAAS's budget fund.
[2025/4/27 - 23:24:48] Vehicle Slot ID 55 RTB fee cost $2250 to SAAS's budget fund.
[2025/4/27 - 23:24:48] Vehicle Slot ID 154 RTB fee cost $2500 to SAAS's budget fund.
[2025/4/27 - 23:24:48] Vehicle Slot ID 206 RTB fee cost $2750 to SAAS's budget fund.
[2025/4/27 - 23:24:48] Vehicle Slot ID 296 RTB fee cost $3250 to SAAS's budget fund.
[2025/4/27 - 23:24:48] Vehicle Slot ID 303 RTB fee cost $2250 to SAAS's budget fund.
[2025/4/27 - 23:24:48] Vehicle Slot ID 463 RTB fee cost $3250 to SAAS's budget fund.
[2025/4/27 - 23:29:50] Vehicle Slot ID 55 RTB fee cost $2250 to SAAS's budget fund.
[2025/4/27 - 23:29:50] Vehicle Slot ID 154 RTB fee cost $2500 to SAAS's budget fund.
[2025/4/27 - 23:29:50] Vehicle Slot ID 206 RTB fee cost $2750 to SAAS's budget fund.
[2025/4/27 - 23:29:50] Vehicle Slot ID 296 RTB fee cost $3250 to SAAS's budget fund.
[2025/4/27 - 23:29:50] Vehicle Slot ID 303 RTB fee cost $2250 to SAAS's budget fund.
[2025/4/27 - 23:29:50] Vehicle Slot ID 463 RTB fee cost $3250 to SAAS's budget fund.
