[2025/4/27 - 0:00:08] The faction vault is at $412,081,412.
[2025/4/27 - 0:00:08] SA Gov Paid $220,000 to LSPD budget fund.
[2025/4/27 - 0:00:08] Vehicle ID 263 (Slot ID 3) Maintainence fee cost $2,500 to LSPD's budget fund.
[2025/4/27 - 0:00:08] Vehicle ID 267 (Slot ID 7) Maintainence fee cost $2,000 to LSPD's budget fund.
[2025/4/27 - 0:00:08] Vehicle ID 271 (Slot ID 11) Maintainence fee cost $2,500 to LSPD's budget fund.
[2025/4/27 - 0:00:08] Vehicle ID 283 (Slot ID 27) Maintainence fee cost $2,500 to LSPD's budget fund.
[2025/4/27 - 0:00:08] Vehicle ID 284 (Slot ID 28) Maintainence fee cost $5,000 to LSPD's budget fund.
[2025/4/27 - 0:00:08] Vehicle ID 285 (Slot ID 30) Maintainence fee cost $3,500 to LSPD's budget fund.
[2025/4/27 - 0:00:08] Vehicle ID 290 (Slot ID 38) Maintainence fee cost $2,000 to LSPD's budget fund.
[2025/4/27 - 0:00:08] Vehicle ID 296 (Slot ID 46) Maintainence fee cost $2,500 to LSPD's budget fund.
[2025/4/27 - 0:00:08] Vehicle ID 0 (Slot ID 51) Maintainence fee cost $3,500 to LSPD's budget fund.
[2025/4/27 - 0:00:08] Vehicle ID 303 (Slot ID 56) Maintainence fee cost $3,500 to LSPD's budget fund.
[2025/4/27 - 0:00:08] Vehicle ID 305 (Slot ID 60) Maintainence fee cost $2,000 to LSPD's budget fund.
[2025/4/27 - 0:00:08] Vehicle ID 306 (Slot ID 61) Maintainence fee cost $3,500 to LSPD's budget fund.
[2025/4/27 - 0:00:08] Vehicle ID 311 (Slot ID 66) Maintainence fee cost $2,500 to LSPD's budget fund.
[2025/4/27 - 0:00:08] Vehicle ID 316 (Slot ID 72) Maintainence fee cost $3,000 to LSPD's budget fund.
[2025/4/27 - 0:00:08] Vehicle ID 318 (Slot ID 74) Maintainence fee cost $2,500 to LSPD's budget fund.
[2025/4/27 - 0:00:08] Vehicle ID 323 (Slot ID 79) Maintainence fee cost $4,500 to LSPD's budget fund.
[2025/4/27 - 0:00:08] Vehicle ID 325 (Slot ID 81) Maintainence fee cost $3,500 to LSPD's budget fund.
[2025/4/27 - 0:00:08] Vehicle ID 327 (Slot ID 83) Maintainence fee cost $2,500 to LSPD's budget fund.
[2025/4/27 - 0:00:08] Vehicle ID 332 (Slot ID 89) Maintainence fee cost $3,000 to LSPD's budget fund.
[2025/4/27 - 0:00:08] Vehicle ID 337 (Slot ID 94) Maintainence fee cost $2,500 to LSPD's budget fund.
[2025/4/27 - 0:00:08] Vehicle ID 0 (Slot ID 119) Maintainence fee cost $2,500 to LSPD's budget fund.
[2025/4/27 - 0:00:08] Vehicle ID 362 (Slot ID 122) Maintainence fee cost $2,500 to LSPD's budget fund.
[2025/4/27 - 0:00:08] Vehicle ID 369 (Slot ID 130) Maintainence fee cost $2,500 to LSPD's budget fund.
[2025/4/27 - 0:00:08] Vehicle ID 370 (Slot ID 131) Maintainence fee cost $2,500 to LSPD's budget fund.
[2025/4/27 - 0:00:08] Vehicle ID 372 (Slot ID 133) Maintainence fee cost $2,500 to LSPD's budget fund.
[2025/4/27 - 0:00:08] Vehicle ID 378 (Slot ID 141) Maintainence fee cost $2,500 to LSPD's budget fund.
[2025/4/27 - 0:00:08] Vehicle ID 380 (Slot ID 143) Maintainence fee cost $2,500 to LSPD's budget fund.
[2025/4/27 - 0:00:08] Vehicle ID 382 (Slot ID 145) Maintainence fee cost $2,500 to LSPD's budget fund.
[2025/4/27 - 0:00:08] Vehicle ID 383 (Slot ID 148) Maintainence fee cost $2,500 to LSPD's budget fund.
[2025/4/27 - 0:00:08] Vehicle ID 390 (Slot ID 156) Maintainence fee cost $2,500 to LSPD's budget fund.
[2025/4/27 - 0:00:08] Vehicle ID 395 (Slot ID 161) Maintainence fee cost $2,500 to LSPD's budget fund.
[2025/4/27 - 0:00:08] Vehicle ID 398 (Slot ID 165) Maintainence fee cost $3,500 to LSPD's budget fund.
[2025/4/27 - 0:00:08] Vehicle ID 431 (Slot ID 204) Maintainence fee cost $2,500 to LSPD's budget fund.
[2025/4/27 - 0:00:08] Vehicle ID 435 (Slot ID 208) Maintainence fee cost $2,500 to LSPD's budget fund.
[2025/4/27 - 0:00:08] Vehicle ID 461 (Slot ID 239) Maintainence fee cost $3,500 to LSPD's budget fund.
[2025/4/27 - 0:00:08] Vehicle ID 476 (Slot ID 257) Maintainence fee cost $2,000 to LSPD's budget fund.
[2025/4/27 - 0:00:08] Vehicle ID 499 (Slot ID 281) Maintainence fee cost $3,000 to LSPD's budget fund.
[2025/4/27 - 0:00:08] Vehicle ID 508 (Slot ID 294) Maintainence fee cost $2,500 to LSPD's budget fund.
[2025/4/27 - 0:00:08] Vehicle ID 509 (Slot ID 295) Maintainence fee cost $3,500 to LSPD's budget fund.
[2025/4/27 - 0:00:08] Vehicle ID 525 (Slot ID 314) Maintainence fee cost $2,500 to LSPD's budget fund.
[2025/4/27 - 0:00:08] Vehicle ID 538 (Slot ID 328) Maintainence fee cost $2,500 to LSPD's budget fund.
[2025/4/27 - 0:00:08] Vehicle ID 570 (Slot ID 371) Maintainence fee cost $3,500 to LSPD's budget fund.
[2025/4/27 - 0:00:08] Vehicle ID 576 (Slot ID 382) Maintainence fee cost $4,500 to LSPD's budget fund.
[2025/4/27 - 0:00:08] Vehicle ID 0 (Slot ID 390) Maintainence fee cost $3,000 to LSPD's budget fund.
[2025/4/27 - 0:00:08] Vehicle ID 0 (Slot ID 402) Maintainence fee cost $2,500 to LSPD's budget fund.
[2025/4/27 - 0:00:08] Vehicle ID 587 (Slot ID 422) Maintainence fee cost $2,000 to LSPD's budget fund.
[2025/4/27 - 0:00:08] Vehicle ID 591 (Slot ID 433) Maintainence fee cost $3,000 to LSPD's budget fund.
[2025/4/27 - 0:00:08] Vehicle ID 615 (Slot ID 574) Maintainence fee cost $2,500 to LSPD's budget fund.
[2025/4/27 - 0:00:08] Vehicle ID 0 (Slot ID 648) Maintainence fee cost $3,500 to LSPD's budget fund.
[2025/4/27 - 1:00:21] The faction vault is at $412,162,412.
[2025/4/27 - 1:00:21] SA Gov Paid $220,000 to LSPD budget fund.
[2025/4/27 - 1:00:21] Vehicle ID 263 (Slot ID 3) Maintainence fee cost $2,500 to LSPD's budget fund.
[2025/4/27 - 1:00:21] Vehicle ID 267 (Slot ID 7) Maintainence fee cost $2,000 to LSPD's budget fund.
[2025/4/27 - 1:00:21] Vehicle ID 271 (Slot ID 11) Maintainence fee cost $2,500 to LSPD's budget fund.
[2025/4/27 - 1:00:21] Vehicle ID 283 (Slot ID 27) Maintainence fee cost $2,500 to LSPD's budget fund.
[2025/4/27 - 1:00:21] Vehicle ID 284 (Slot ID 28) Maintainence fee cost $5,000 to LSPD's budget fund.
[2025/4/27 - 1:00:21] Vehicle ID 285 (Slot ID 30) Maintainence fee cost $3,500 to LSPD's budget fund.
[2025/4/27 - 1:00:21] Vehicle ID 290 (Slot ID 38) Maintainence fee cost $2,000 to LSPD's budget fund.
[2025/4/27 - 1:00:21] Vehicle ID 296 (Slot ID 46) Maintainence fee cost $2,500 to LSPD's budget fund.
[2025/4/27 - 1:00:21] Vehicle ID 0 (Slot ID 51) Maintainence fee cost $3,500 to LSPD's budget fund.
[2025/4/27 - 1:00:21] Vehicle ID 303 (Slot ID 56) Maintainence fee cost $3,500 to LSPD's budget fund.
[2025/4/27 - 1:00:21] Vehicle ID 305 (Slot ID 60) Maintainence fee cost $2,000 to LSPD's budget fund.
[2025/4/27 - 1:00:21] Vehicle ID 306 (Slot ID 61) Maintainence fee cost $3,500 to LSPD's budget fund.
[2025/4/27 - 1:00:21] Vehicle ID 311 (Slot ID 66) Maintainence fee cost $2,500 to LSPD's budget fund.
[2025/4/27 - 1:00:21] Vehicle ID 316 (Slot ID 72) Maintainence fee cost $3,000 to LSPD's budget fund.
[2025/4/27 - 1:00:21] Vehicle ID 318 (Slot ID 74) Maintainence fee cost $2,500 to LSPD's budget fund.
[2025/4/27 - 1:00:21] Vehicle ID 323 (Slot ID 79) Maintainence fee cost $4,500 to LSPD's budget fund.
[2025/4/27 - 1:00:21] Vehicle ID 325 (Slot ID 81) Maintainence fee cost $3,500 to LSPD's budget fund.
[2025/4/27 - 1:00:21] Vehicle ID 327 (Slot ID 83) Maintainence fee cost $2,500 to LSPD's budget fund.
[2025/4/27 - 1:00:21] Vehicle ID 332 (Slot ID 89) Maintainence fee cost $3,000 to LSPD's budget fund.
[2025/4/27 - 1:00:21] Vehicle ID 337 (Slot ID 94) Maintainence fee cost $2,500 to LSPD's budget fund.
[2025/4/27 - 1:00:21] Vehicle ID 0 (Slot ID 119) Maintainence fee cost $2,500 to LSPD's budget fund.
[2025/4/27 - 1:00:21] Vehicle ID 362 (Slot ID 122) Maintainence fee cost $2,500 to LSPD's budget fund.
[2025/4/27 - 1:00:21] Vehicle ID 369 (Slot ID 130) Maintainence fee cost $2,500 to LSPD's budget fund.
[2025/4/27 - 1:00:21] Vehicle ID 370 (Slot ID 131) Maintainence fee cost $2,500 to LSPD's budget fund.
[2025/4/27 - 1:00:21] Vehicle ID 372 (Slot ID 133) Maintainence fee cost $2,500 to LSPD's budget fund.
[2025/4/27 - 1:00:21] Vehicle ID 378 (Slot ID 141) Maintainence fee cost $2,500 to LSPD's budget fund.
[2025/4/27 - 1:00:21] Vehicle ID 380 (Slot ID 143) Maintainence fee cost $2,500 to LSPD's budget fund.
[2025/4/27 - 1:00:21] Vehicle ID 382 (Slot ID 145) Maintainence fee cost $2,500 to LSPD's budget fund.
[2025/4/27 - 1:00:21] Vehicle ID 383 (Slot ID 148) Maintainence fee cost $2,500 to LSPD's budget fund.
[2025/4/27 - 1:00:21] Vehicle ID 390 (Slot ID 156) Maintainence fee cost $2,500 to LSPD's budget fund.
[2025/4/27 - 1:00:21] Vehicle ID 395 (Slot ID 161) Maintainence fee cost $2,500 to LSPD's budget fund.
[2025/4/27 - 1:00:21] Vehicle ID 398 (Slot ID 165) Maintainence fee cost $3,500 to LSPD's budget fund.
[2025/4/27 - 1:00:21] Vehicle ID 431 (Slot ID 204) Maintainence fee cost $2,500 to LSPD's budget fund.
[2025/4/27 - 1:00:21] Vehicle ID 435 (Slot ID 208) Maintainence fee cost $2,500 to LSPD's budget fund.
[2025/4/27 - 1:00:21] Vehicle ID 461 (Slot ID 239) Maintainence fee cost $3,500 to LSPD's budget fund.
[2025/4/27 - 1:00:21] Vehicle ID 476 (Slot ID 257) Maintainence fee cost $2,000 to LSPD's budget fund.
[2025/4/27 - 1:00:21] Vehicle ID 499 (Slot ID 281) Maintainence fee cost $3,000 to LSPD's budget fund.
[2025/4/27 - 1:00:21] Vehicle ID 508 (Slot ID 294) Maintainence fee cost $2,500 to LSPD's budget fund.
[2025/4/27 - 1:00:21] Vehicle ID 509 (Slot ID 295) Maintainence fee cost $3,500 to LSPD's budget fund.
[2025/4/27 - 1:00:21] Vehicle ID 525 (Slot ID 314) Maintainence fee cost $2,500 to LSPD's budget fund.
[2025/4/27 - 1:00:21] Vehicle ID 538 (Slot ID 328) Maintainence fee cost $2,500 to LSPD's budget fund.
[2025/4/27 - 1:00:21] Vehicle ID 570 (Slot ID 371) Maintainence fee cost $3,500 to LSPD's budget fund.
[2025/4/27 - 1:00:21] Vehicle ID 576 (Slot ID 382) Maintainence fee cost $4,500 to LSPD's budget fund.
[2025/4/27 - 1:00:21] Vehicle ID 0 (Slot ID 390) Maintainence fee cost $3,000 to LSPD's budget fund.
[2025/4/27 - 1:00:21] Vehicle ID 0 (Slot ID 402) Maintainence fee cost $2,500 to LSPD's budget fund.
[2025/4/27 - 1:00:21] Vehicle ID 587 (Slot ID 422) Maintainence fee cost $2,000 to LSPD's budget fund.
[2025/4/27 - 1:00:21] Vehicle ID 591 (Slot ID 433) Maintainence fee cost $3,000 to LSPD's budget fund.
[2025/4/27 - 1:00:21] Vehicle ID 615 (Slot ID 574) Maintainence fee cost $2,500 to LSPD's budget fund.
[2025/4/27 - 1:00:21] Vehicle ID 0 (Slot ID 648) Maintainence fee cost $3,500 to LSPD's budget fund.
[2025/4/27 - 15:50:55] Kevin Makaveli has been paid $1 from LSPD's budget.
[2025/4/27 - 17:00:36] The faction vault is at $385,825,904.
[2025/4/27 - 17:00:36] SA Gov Paid $220,000 to LSPD budget fund.
[2025/4/27 - 17:00:36] Vehicle ID 263 (Slot ID 3) Maintainence fee cost $2,500 to LSPD's budget fund.
[2025/4/27 - 17:00:36] Vehicle ID 267 (Slot ID 7) Maintainence fee cost $2,000 to LSPD's budget fund.
[2025/4/27 - 17:00:36] Vehicle ID 271 (Slot ID 11) Maintainence fee cost $2,500 to LSPD's budget fund.
[2025/4/27 - 17:00:36] Vehicle ID 283 (Slot ID 27) Maintainence fee cost $2,500 to LSPD's budget fund.
[2025/4/27 - 17:00:36] Vehicle ID 284 (Slot ID 28) Maintainence fee cost $5,000 to LSPD's budget fund.
[2025/4/27 - 17:00:36] Vehicle ID 285 (Slot ID 30) Maintainence fee cost $3,500 to LSPD's budget fund.
[2025/4/27 - 17:00:36] Vehicle ID 290 (Slot ID 38) Maintainence fee cost $2,000 to LSPD's budget fund.
[2025/4/27 - 17:00:36] Vehicle ID 296 (Slot ID 46) Maintainence fee cost $2,500 to LSPD's budget fund.
[2025/4/27 - 17:00:36] Vehicle ID 0 (Slot ID 51) Maintainence fee cost $3,500 to LSPD's budget fund.
[2025/4/27 - 17:00:36] Vehicle ID 303 (Slot ID 56) Maintainence fee cost $3,500 to LSPD's budget fund.
[2025/4/27 - 17:00:36] Vehicle ID 305 (Slot ID 60) Maintainence fee cost $2,000 to LSPD's budget fund.
[2025/4/27 - 17:00:36] Vehicle ID 306 (Slot ID 61) Maintainence fee cost $3,500 to LSPD's budget fund.
[2025/4/27 - 17:00:36] Vehicle ID 311 (Slot ID 66) Maintainence fee cost $2,500 to LSPD's budget fund.
[2025/4/27 - 17:00:36] Vehicle ID 316 (Slot ID 72) Maintainence fee cost $3,000 to LSPD's budget fund.
[2025/4/27 - 17:00:36] Vehicle ID 318 (Slot ID 74) Maintainence fee cost $2,500 to LSPD's budget fund.
[2025/4/27 - 17:00:36] Vehicle ID 323 (Slot ID 79) Maintainence fee cost $4,500 to LSPD's budget fund.
[2025/4/27 - 17:00:36] Vehicle ID 325 (Slot ID 81) Maintainence fee cost $3,500 to LSPD's budget fund.
[2025/4/27 - 17:00:36] Vehicle ID 327 (Slot ID 83) Maintainence fee cost $2,500 to LSPD's budget fund.
[2025/4/27 - 17:00:36] Vehicle ID 332 (Slot ID 89) Maintainence fee cost $3,000 to LSPD's budget fund.
[2025/4/27 - 17:00:36] Vehicle ID 337 (Slot ID 94) Maintainence fee cost $2,500 to LSPD's budget fund.
[2025/4/27 - 17:00:36] Vehicle ID 0 (Slot ID 119) Maintainence fee cost $2,500 to LSPD's budget fund.
[2025/4/27 - 17:00:36] Vehicle ID 362 (Slot ID 122) Maintainence fee cost $2,500 to LSPD's budget fund.
[2025/4/27 - 17:00:36] Vehicle ID 369 (Slot ID 130) Maintainence fee cost $2,500 to LSPD's budget fund.
[2025/4/27 - 17:00:36] Vehicle ID 370 (Slot ID 131) Maintainence fee cost $2,500 to LSPD's budget fund.
[2025/4/27 - 17:00:36] Vehicle ID 372 (Slot ID 133) Maintainence fee cost $2,500 to LSPD's budget fund.
[2025/4/27 - 17:00:36] Vehicle ID 378 (Slot ID 141) Maintainence fee cost $2,500 to LSPD's budget fund.
[2025/4/27 - 17:00:36] Vehicle ID 380 (Slot ID 143) Maintainence fee cost $2,500 to LSPD's budget fund.
[2025/4/27 - 17:00:36] Vehicle ID 382 (Slot ID 145) Maintainence fee cost $2,500 to LSPD's budget fund.
[2025/4/27 - 17:00:36] Vehicle ID 383 (Slot ID 148) Maintainence fee cost $2,500 to LSPD's budget fund.
[2025/4/27 - 17:00:36] Vehicle ID 390 (Slot ID 156) Maintainence fee cost $2,500 to LSPD's budget fund.
[2025/4/27 - 17:00:36] Vehicle ID 395 (Slot ID 161) Maintainence fee cost $2,500 to LSPD's budget fund.
[2025/4/27 - 17:00:36] Vehicle ID 398 (Slot ID 165) Maintainence fee cost $3,500 to LSPD's budget fund.
[2025/4/27 - 17:00:36] Vehicle ID 431 (Slot ID 204) Maintainence fee cost $2,500 to LSPD's budget fund.
[2025/4/27 - 17:00:36] Vehicle ID 435 (Slot ID 208) Maintainence fee cost $2,500 to LSPD's budget fund.
[2025/4/27 - 17:00:36] Vehicle ID 461 (Slot ID 239) Maintainence fee cost $3,500 to LSPD's budget fund.
[2025/4/27 - 17:00:36] Vehicle ID 476 (Slot ID 257) Maintainence fee cost $2,000 to LSPD's budget fund.
[2025/4/27 - 17:00:36] Vehicle ID 499 (Slot ID 281) Maintainence fee cost $3,000 to LSPD's budget fund.
[2025/4/27 - 17:00:36] Vehicle ID 508 (Slot ID 294) Maintainence fee cost $2,500 to LSPD's budget fund.
[2025/4/27 - 17:00:36] Vehicle ID 509 (Slot ID 295) Maintainence fee cost $3,500 to LSPD's budget fund.
[2025/4/27 - 17:00:36] Vehicle ID 525 (Slot ID 314) Maintainence fee cost $2,500 to LSPD's budget fund.
[2025/4/27 - 17:00:36] Vehicle ID 538 (Slot ID 328) Maintainence fee cost $2,500 to LSPD's budget fund.
[2025/4/27 - 17:00:36] Vehicle ID 570 (Slot ID 371) Maintainence fee cost $3,500 to LSPD's budget fund.
[2025/4/27 - 17:00:36] Vehicle ID 576 (Slot ID 382) Maintainence fee cost $4,500 to LSPD's budget fund.
[2025/4/27 - 17:00:36] Vehicle ID 0 (Slot ID 390) Maintainence fee cost $3,000 to LSPD's budget fund.
[2025/4/27 - 17:00:36] Vehicle ID 0 (Slot ID 402) Maintainence fee cost $2,500 to LSPD's budget fund.
[2025/4/27 - 17:00:36] Vehicle ID 587 (Slot ID 422) Maintainence fee cost $2,000 to LSPD's budget fund.
[2025/4/27 - 17:00:36] Vehicle ID 591 (Slot ID 433) Maintainence fee cost $3,000 to LSPD's budget fund.
[2025/4/27 - 17:00:36] Vehicle ID 615 (Slot ID 574) Maintainence fee cost $2,500 to LSPD's budget fund.
[2025/4/27 - 17:00:36] Vehicle ID 0 (Slot ID 648) Maintainence fee cost $3,500 to LSPD's budget fund.
[2025/4/27 - 18:01:30] The faction vault is at $385,906,904.
[2025/4/27 - 18:01:30] SA Gov Paid $220,000 to LSPD budget fund.
[2025/4/27 - 18:01:30] Vehicle ID 263 (Slot ID 3) Maintainence fee cost $2,500 to LSPD's budget fund.
[2025/4/27 - 18:01:30] Vehicle ID 267 (Slot ID 7) Maintainence fee cost $2,000 to LSPD's budget fund.
[2025/4/27 - 18:01:30] Vehicle ID 271 (Slot ID 11) Maintainence fee cost $2,500 to LSPD's budget fund.
[2025/4/27 - 18:01:30] Vehicle ID 283 (Slot ID 27) Maintainence fee cost $2,500 to LSPD's budget fund.
[2025/4/27 - 18:01:30] Vehicle ID 284 (Slot ID 28) Maintainence fee cost $5,000 to LSPD's budget fund.
[2025/4/27 - 18:01:30] Vehicle ID 285 (Slot ID 30) Maintainence fee cost $3,500 to LSPD's budget fund.
[2025/4/27 - 18:01:30] Vehicle ID 290 (Slot ID 38) Maintainence fee cost $2,000 to LSPD's budget fund.
[2025/4/27 - 18:01:30] Vehicle ID 296 (Slot ID 46) Maintainence fee cost $2,500 to LSPD's budget fund.
[2025/4/27 - 18:01:30] Vehicle ID 0 (Slot ID 51) Maintainence fee cost $3,500 to LSPD's budget fund.
[2025/4/27 - 18:01:30] Vehicle ID 303 (Slot ID 56) Maintainence fee cost $3,500 to LSPD's budget fund.
[2025/4/27 - 18:01:31] Vehicle ID 305 (Slot ID 60) Maintainence fee cost $2,000 to LSPD's budget fund.
[2025/4/27 - 18:01:31] Vehicle ID 306 (Slot ID 61) Maintainence fee cost $3,500 to LSPD's budget fund.
[2025/4/27 - 18:01:31] Vehicle ID 311 (Slot ID 66) Maintainence fee cost $2,500 to LSPD's budget fund.
[2025/4/27 - 18:01:31] Vehicle ID 316 (Slot ID 72) Maintainence fee cost $3,000 to LSPD's budget fund.
[2025/4/27 - 18:01:31] Vehicle ID 318 (Slot ID 74) Maintainence fee cost $2,500 to LSPD's budget fund.
[2025/4/27 - 18:01:31] Vehicle ID 323 (Slot ID 79) Maintainence fee cost $4,500 to LSPD's budget fund.
[2025/4/27 - 18:01:31] Vehicle ID 325 (Slot ID 81) Maintainence fee cost $3,500 to LSPD's budget fund.
[2025/4/27 - 18:01:31] Vehicle ID 327 (Slot ID 83) Maintainence fee cost $2,500 to LSPD's budget fund.
[2025/4/27 - 18:01:31] Vehicle ID 332 (Slot ID 89) Maintainence fee cost $3,000 to LSPD's budget fund.
[2025/4/27 - 18:01:31] Vehicle ID 337 (Slot ID 94) Maintainence fee cost $2,500 to LSPD's budget fund.
[2025/4/27 - 18:01:31] Vehicle ID 0 (Slot ID 119) Maintainence fee cost $2,500 to LSPD's budget fund.
[2025/4/27 - 18:01:31] Vehicle ID 362 (Slot ID 122) Maintainence fee cost $2,500 to LSPD's budget fund.
[2025/4/27 - 18:01:31] Vehicle ID 369 (Slot ID 130) Maintainence fee cost $2,500 to LSPD's budget fund.
[2025/4/27 - 18:01:31] Vehicle ID 370 (Slot ID 131) Maintainence fee cost $2,500 to LSPD's budget fund.
[2025/4/27 - 18:01:31] Vehicle ID 372 (Slot ID 133) Maintainence fee cost $2,500 to LSPD's budget fund.
[2025/4/27 - 18:01:31] Vehicle ID 378 (Slot ID 141) Maintainence fee cost $2,500 to LSPD's budget fund.
[2025/4/27 - 18:01:31] Vehicle ID 380 (Slot ID 143) Maintainence fee cost $2,500 to LSPD's budget fund.
[2025/4/27 - 18:01:31] Vehicle ID 382 (Slot ID 145) Maintainence fee cost $2,500 to LSPD's budget fund.
[2025/4/27 - 18:01:31] Vehicle ID 383 (Slot ID 148) Maintainence fee cost $2,500 to LSPD's budget fund.
[2025/4/27 - 18:01:31] Vehicle ID 390 (Slot ID 156) Maintainence fee cost $2,500 to LSPD's budget fund.
[2025/4/27 - 18:01:31] Vehicle ID 395 (Slot ID 161) Maintainence fee cost $2,500 to LSPD's budget fund.
[2025/4/27 - 18:01:31] Vehicle ID 398 (Slot ID 165) Maintainence fee cost $3,500 to LSPD's budget fund.
[2025/4/27 - 18:01:31] Vehicle ID 431 (Slot ID 204) Maintainence fee cost $2,500 to LSPD's budget fund.
[2025/4/27 - 18:01:31] Vehicle ID 435 (Slot ID 208) Maintainence fee cost $2,500 to LSPD's budget fund.
[2025/4/27 - 18:01:31] Vehicle ID 461 (Slot ID 239) Maintainence fee cost $3,500 to LSPD's budget fund.
[2025/4/27 - 18:01:31] Vehicle ID 476 (Slot ID 257) Maintainence fee cost $2,000 to LSPD's budget fund.
[2025/4/27 - 18:01:31] Vehicle ID 499 (Slot ID 281) Maintainence fee cost $3,000 to LSPD's budget fund.
[2025/4/27 - 18:01:31] Vehicle ID 508 (Slot ID 294) Maintainence fee cost $2,500 to LSPD's budget fund.
[2025/4/27 - 18:01:31] Vehicle ID 509 (Slot ID 295) Maintainence fee cost $3,500 to LSPD's budget fund.
[2025/4/27 - 18:01:31] Vehicle ID 525 (Slot ID 314) Maintainence fee cost $2,500 to LSPD's budget fund.
[2025/4/27 - 18:01:31] Vehicle ID 538 (Slot ID 328) Maintainence fee cost $2,500 to LSPD's budget fund.
[2025/4/27 - 18:01:31] Vehicle ID 570 (Slot ID 371) Maintainence fee cost $3,500 to LSPD's budget fund.
[2025/4/27 - 18:01:31] Vehicle ID 576 (Slot ID 382) Maintainence fee cost $4,500 to LSPD's budget fund.
[2025/4/27 - 18:01:31] Vehicle ID 0 (Slot ID 390) Maintainence fee cost $3,000 to LSPD's budget fund.
[2025/4/27 - 18:01:31] Vehicle ID 0 (Slot ID 402) Maintainence fee cost $2,500 to LSPD's budget fund.
[2025/4/27 - 18:01:31] Vehicle ID 587 (Slot ID 422) Maintainence fee cost $2,000 to LSPD's budget fund.
[2025/4/27 - 18:01:31] Vehicle ID 591 (Slot ID 433) Maintainence fee cost $3,000 to LSPD's budget fund.
[2025/4/27 - 18:01:31] Vehicle ID 615 (Slot ID 574) Maintainence fee cost $2,500 to LSPD's budget fund.
[2025/4/27 - 18:01:31] Vehicle ID 0 (Slot ID 648) Maintainence fee cost $3,500 to LSPD's budget fund.
[2025/4/27 - 18:16:52] Vehicle Slot ID 3 RTB fee cost $1250 to LSPD's budget fund.
[2025/4/27 - 18:16:52] Vehicle Slot ID 7 RTB fee cost $1000 to LSPD's budget fund.
[2025/4/27 - 18:16:52] Vehicle Slot ID 11 RTB fee cost $1250 to LSPD's budget fund.
[2025/4/27 - 18:16:52] Vehicle Slot ID 27 RTB fee cost $1250 to LSPD's budget fund.
[2025/4/27 - 18:16:52] Vehicle Slot ID 28 RTB fee cost $2500 to LSPD's budget fund.
[2025/4/27 - 18:16:52] Vehicle Slot ID 30 RTB fee cost $1750 to LSPD's budget fund.
[2025/4/27 - 18:16:52] Vehicle Slot ID 38 RTB fee cost $1000 to LSPD's budget fund.
[2025/4/27 - 18:16:52] Vehicle Slot ID 46 RTB fee cost $1250 to LSPD's budget fund.
[2025/4/27 - 18:16:52] Vehicle Slot ID 56 RTB fee cost $1750 to LSPD's budget fund.
[2025/4/27 - 18:16:52] Vehicle Slot ID 60 RTB fee cost $1000 to LSPD's budget fund.
[2025/4/27 - 18:16:52] Vehicle Slot ID 61 RTB fee cost $1750 to LSPD's budget fund.
[2025/4/27 - 18:16:52] Vehicle Slot ID 66 RTB fee cost $1250 to LSPD's budget fund.
[2025/4/27 - 18:16:52] Vehicle Slot ID 72 RTB fee cost $1500 to LSPD's budget fund.
[2025/4/27 - 18:16:52] Vehicle Slot ID 74 RTB fee cost $1250 to LSPD's budget fund.
[2025/4/27 - 18:16:52] Vehicle Slot ID 79 RTB fee cost $2250 to LSPD's budget fund.
[2025/4/27 - 18:16:52] Vehicle Slot ID 81 RTB fee cost $1750 to LSPD's budget fund.
[2025/4/27 - 18:16:52] Vehicle Slot ID 83 RTB fee cost $1250 to LSPD's budget fund.
[2025/4/27 - 18:16:52] Vehicle Slot ID 89 RTB fee cost $1500 to LSPD's budget fund.
[2025/4/27 - 18:16:52] Vehicle Slot ID 94 RTB fee cost $1250 to LSPD's budget fund.
[2025/4/27 - 18:16:52] Vehicle Slot ID 122 RTB fee cost $1250 to LSPD's budget fund.
[2025/4/27 - 18:16:52] Vehicle Slot ID 130 RTB fee cost $1250 to LSPD's budget fund.
[2025/4/27 - 18:16:52] Vehicle Slot ID 131 RTB fee cost $1250 to LSPD's budget fund.
[2025/4/27 - 18:16:52] Vehicle Slot ID 133 RTB fee cost $1250 to LSPD's budget fund.
[2025/4/27 - 18:16:52] Vehicle Slot ID 141 RTB fee cost $1250 to LSPD's budget fund.
[2025/4/27 - 18:16:52] Vehicle Slot ID 143 RTB fee cost $1250 to LSPD's budget fund.
[2025/4/27 - 18:16:52] Vehicle Slot ID 145 RTB fee cost $1250 to LSPD's budget fund.
[2025/4/27 - 18:16:52] Vehicle Slot ID 148 RTB fee cost $1250 to LSPD's budget fund.
[2025/4/27 - 18:16:52] Vehicle Slot ID 156 RTB fee cost $1250 to LSPD's budget fund.
[2025/4/27 - 18:16:52] Vehicle Slot ID 161 RTB fee cost $1250 to LSPD's budget fund.
[2025/4/27 - 18:16:52] Vehicle Slot ID 165 RTB fee cost $1750 to LSPD's budget fund.
[2025/4/27 - 18:16:52] Vehicle Slot ID 204 RTB fee cost $1250 to LSPD's budget fund.
[2025/4/27 - 18:16:52] Vehicle Slot ID 208 RTB fee cost $1250 to LSPD's budget fund.
[2025/4/27 - 18:16:52] Vehicle Slot ID 239 RTB fee cost $1750 to LSPD's budget fund.
[2025/4/27 - 18:16:52] Vehicle Slot ID 257 RTB fee cost $1000 to LSPD's budget fund.
[2025/4/27 - 18:16:52] Vehicle Slot ID 281 RTB fee cost $1500 to LSPD's budget fund.
[2025/4/27 - 18:16:52] Vehicle Slot ID 294 RTB fee cost $1250 to LSPD's budget fund.
[2025/4/27 - 18:16:52] Vehicle Slot ID 295 RTB fee cost $1750 to LSPD's budget fund.
[2025/4/27 - 18:16:52] Vehicle Slot ID 314 RTB fee cost $1250 to LSPD's budget fund.
[2025/4/27 - 18:16:52] Vehicle Slot ID 328 RTB fee cost $1250 to LSPD's budget fund.
[2025/4/27 - 18:16:52] Vehicle Slot ID 371 RTB fee cost $1750 to LSPD's budget fund.
[2025/4/27 - 18:16:52] Vehicle Slot ID 382 RTB fee cost $2250 to LSPD's budget fund.
[2025/4/27 - 18:16:52] Vehicle Slot ID 422 RTB fee cost $1000 to LSPD's budget fund.
[2025/4/27 - 18:16:52] Vehicle Slot ID 433 RTB fee cost $1500 to LSPD's budget fund.
[2025/4/27 - 18:16:52] Vehicle Slot ID 574 RTB fee cost $1250 to LSPD's budget fund.
[2025/4/27 - 18:43:40] Vehicle Slot ID 3 RTB fee cost $1250 to LSPD's budget fund.
[2025/4/27 - 18:43:40] Vehicle Slot ID 7 RTB fee cost $1000 to LSPD's budget fund.
[2025/4/27 - 18:43:40] Vehicle Slot ID 11 RTB fee cost $1250 to LSPD's budget fund.
[2025/4/27 - 18:43:40] Vehicle Slot ID 27 RTB fee cost $1250 to LSPD's budget fund.
[2025/4/27 - 18:43:40] Vehicle Slot ID 28 RTB fee cost $2500 to LSPD's budget fund.
[2025/4/27 - 18:43:40] Vehicle Slot ID 30 RTB fee cost $1750 to LSPD's budget fund.
[2025/4/27 - 18:43:40] Vehicle Slot ID 38 RTB fee cost $1000 to LSPD's budget fund.
[2025/4/27 - 18:43:40] Vehicle Slot ID 46 RTB fee cost $1250 to LSPD's budget fund.
[2025/4/27 - 18:43:40] Vehicle Slot ID 56 RTB fee cost $1750 to LSPD's budget fund.
[2025/4/27 - 18:43:40] Vehicle Slot ID 60 RTB fee cost $1000 to LSPD's budget fund.
[2025/4/27 - 18:43:40] Vehicle Slot ID 61 RTB fee cost $1750 to LSPD's budget fund.
[2025/4/27 - 18:43:40] Vehicle Slot ID 66 RTB fee cost $1250 to LSPD's budget fund.
[2025/4/27 - 18:43:40] Vehicle Slot ID 72 RTB fee cost $1500 to LSPD's budget fund.
[2025/4/27 - 18:43:40] Vehicle Slot ID 74 RTB fee cost $1250 to LSPD's budget fund.
[2025/4/27 - 18:43:40] Vehicle Slot ID 79 RTB fee cost $2250 to LSPD's budget fund.
[2025/4/27 - 18:43:40] Vehicle Slot ID 81 RTB fee cost $1750 to LSPD's budget fund.
[2025/4/27 - 18:43:40] Vehicle Slot ID 83 RTB fee cost $1250 to LSPD's budget fund.
[2025/4/27 - 18:43:40] Vehicle Slot ID 89 RTB fee cost $1500 to LSPD's budget fund.
[2025/4/27 - 18:43:40] Vehicle Slot ID 94 RTB fee cost $1250 to LSPD's budget fund.
[2025/4/27 - 18:43:40] Vehicle Slot ID 122 RTB fee cost $1250 to LSPD's budget fund.
[2025/4/27 - 18:43:40] Vehicle Slot ID 130 RTB fee cost $1250 to LSPD's budget fund.
[2025/4/27 - 18:43:40] Vehicle Slot ID 131 RTB fee cost $1250 to LSPD's budget fund.
[2025/4/27 - 18:43:40] Vehicle Slot ID 133 RTB fee cost $1250 to LSPD's budget fund.
[2025/4/27 - 18:43:40] Vehicle Slot ID 141 RTB fee cost $1250 to LSPD's budget fund.
[2025/4/27 - 18:43:40] Vehicle Slot ID 143 RTB fee cost $1250 to LSPD's budget fund.
[2025/4/27 - 18:43:40] Vehicle Slot ID 145 RTB fee cost $1250 to LSPD's budget fund.
[2025/4/27 - 18:43:40] Vehicle Slot ID 148 RTB fee cost $1250 to LSPD's budget fund.
[2025/4/27 - 18:43:40] Vehicle Slot ID 156 RTB fee cost $1250 to LSPD's budget fund.
[2025/4/27 - 18:43:40] Vehicle Slot ID 161 RTB fee cost $1250 to LSPD's budget fund.
[2025/4/27 - 18:43:40] Vehicle Slot ID 165 RTB fee cost $1750 to LSPD's budget fund.
[2025/4/27 - 18:43:40] Vehicle Slot ID 204 RTB fee cost $1250 to LSPD's budget fund.
[2025/4/27 - 18:43:40] Vehicle Slot ID 208 RTB fee cost $1250 to LSPD's budget fund.
[2025/4/27 - 18:43:40] Vehicle Slot ID 239 RTB fee cost $1750 to LSPD's budget fund.
[2025/4/27 - 18:43:40] Vehicle Slot ID 257 RTB fee cost $1000 to LSPD's budget fund.
[2025/4/27 - 18:43:40] Vehicle Slot ID 281 RTB fee cost $1500 to LSPD's budget fund.
[2025/4/27 - 18:43:40] Vehicle Slot ID 294 RTB fee cost $1250 to LSPD's budget fund.
[2025/4/27 - 18:43:40] Vehicle Slot ID 295 RTB fee cost $1750 to LSPD's budget fund.
[2025/4/27 - 18:43:40] Vehicle Slot ID 314 RTB fee cost $1250 to LSPD's budget fund.
[2025/4/27 - 18:43:40] Vehicle Slot ID 328 RTB fee cost $1250 to LSPD's budget fund.
[2025/4/27 - 18:43:40] Vehicle Slot ID 371 RTB fee cost $1750 to LSPD's budget fund.
[2025/4/27 - 18:43:40] Vehicle Slot ID 382 RTB fee cost $2250 to LSPD's budget fund.
[2025/4/27 - 18:43:40] Vehicle Slot ID 422 RTB fee cost $1000 to LSPD's budget fund.
[2025/4/27 - 18:43:40] Vehicle Slot ID 433 RTB fee cost $1500 to LSPD's budget fund.
[2025/4/27 - 18:43:40] Vehicle Slot ID 574 RTB fee cost $1250 to LSPD's budget fund.
[2025/4/27 - 18:56:54] Kevin Makaveli has been paid $1 from LSPD's budget.
[2025/4/27 - 19:02:37] Kevin Makaveli has been paid $1 from LSPD's budget.
[2025/4/27 - 20:00:07] The faction vault is at $385,987,904.
[2025/4/27 - 20:00:07] SA Gov Paid $220,000 to LSPD budget fund.
[2025/4/27 - 20:00:07] Vehicle ID 263 (Slot ID 3) Maintainence fee cost $2,500 to LSPD's budget fund.
[2025/4/27 - 20:00:07] Vehicle ID 267 (Slot ID 7) Maintainence fee cost $2,000 to LSPD's budget fund.
[2025/4/27 - 20:00:07] Vehicle ID 271 (Slot ID 11) Maintainence fee cost $2,500 to LSPD's budget fund.
[2025/4/27 - 20:00:07] Vehicle ID 283 (Slot ID 27) Maintainence fee cost $2,500 to LSPD's budget fund.
[2025/4/27 - 20:00:07] Vehicle ID 284 (Slot ID 28) Maintainence fee cost $5,000 to LSPD's budget fund.
[2025/4/27 - 20:00:07] Vehicle ID 285 (Slot ID 30) Maintainence fee cost $3,500 to LSPD's budget fund.
[2025/4/27 - 20:00:07] Vehicle ID 290 (Slot ID 38) Maintainence fee cost $2,000 to LSPD's budget fund.
[2025/4/27 - 20:00:07] Vehicle ID 296 (Slot ID 46) Maintainence fee cost $2,500 to LSPD's budget fund.
[2025/4/27 - 20:00:07] Vehicle ID 0 (Slot ID 51) Maintainence fee cost $3,500 to LSPD's budget fund.
[2025/4/27 - 20:00:07] Vehicle ID 303 (Slot ID 56) Maintainence fee cost $3,500 to LSPD's budget fund.
[2025/4/27 - 20:00:07] Vehicle ID 305 (Slot ID 60) Maintainence fee cost $2,000 to LSPD's budget fund.
[2025/4/27 - 20:00:07] Vehicle ID 306 (Slot ID 61) Maintainence fee cost $3,500 to LSPD's budget fund.
[2025/4/27 - 20:00:07] Vehicle ID 311 (Slot ID 66) Maintainence fee cost $2,500 to LSPD's budget fund.
[2025/4/27 - 20:00:07] Vehicle ID 316 (Slot ID 72) Maintainence fee cost $3,000 to LSPD's budget fund.
[2025/4/27 - 20:00:07] Vehicle ID 318 (Slot ID 74) Maintainence fee cost $2,500 to LSPD's budget fund.
[2025/4/27 - 20:00:07] Vehicle ID 323 (Slot ID 79) Maintainence fee cost $4,500 to LSPD's budget fund.
[2025/4/27 - 20:00:07] Vehicle ID 325 (Slot ID 81) Maintainence fee cost $3,500 to LSPD's budget fund.
[2025/4/27 - 20:00:07] Vehicle ID 327 (Slot ID 83) Maintainence fee cost $2,500 to LSPD's budget fund.
[2025/4/27 - 20:00:07] Vehicle ID 332 (Slot ID 89) Maintainence fee cost $3,000 to LSPD's budget fund.
[2025/4/27 - 20:00:07] Vehicle ID 337 (Slot ID 94) Maintainence fee cost $2,500 to LSPD's budget fund.
[2025/4/27 - 20:00:07] Vehicle ID 0 (Slot ID 119) Maintainence fee cost $2,500 to LSPD's budget fund.
[2025/4/27 - 20:00:07] Vehicle ID 362 (Slot ID 122) Maintainence fee cost $2,500 to LSPD's budget fund.
[2025/4/27 - 20:00:07] Vehicle ID 369 (Slot ID 130) Maintainence fee cost $2,500 to LSPD's budget fund.
[2025/4/27 - 20:00:07] Vehicle ID 370 (Slot ID 131) Maintainence fee cost $2,500 to LSPD's budget fund.
[2025/4/27 - 20:00:07] Vehicle ID 372 (Slot ID 133) Maintainence fee cost $2,500 to LSPD's budget fund.
[2025/4/27 - 20:00:07] Vehicle ID 378 (Slot ID 141) Maintainence fee cost $2,500 to LSPD's budget fund.
[2025/4/27 - 20:00:07] Vehicle ID 380 (Slot ID 143) Maintainence fee cost $2,500 to LSPD's budget fund.
[2025/4/27 - 20:00:07] Vehicle ID 382 (Slot ID 145) Maintainence fee cost $2,500 to LSPD's budget fund.
[2025/4/27 - 20:00:07] Vehicle ID 383 (Slot ID 148) Maintainence fee cost $2,500 to LSPD's budget fund.
[2025/4/27 - 20:00:07] Vehicle ID 390 (Slot ID 156) Maintainence fee cost $2,500 to LSPD's budget fund.
[2025/4/27 - 20:00:07] Vehicle ID 395 (Slot ID 161) Maintainence fee cost $2,500 to LSPD's budget fund.
[2025/4/27 - 20:00:07] Vehicle ID 398 (Slot ID 165) Maintainence fee cost $3,500 to LSPD's budget fund.
[2025/4/27 - 20:00:07] Vehicle ID 431 (Slot ID 204) Maintainence fee cost $2,500 to LSPD's budget fund.
[2025/4/27 - 20:00:07] Vehicle ID 435 (Slot ID 208) Maintainence fee cost $2,500 to LSPD's budget fund.
[2025/4/27 - 20:00:07] Vehicle ID 461 (Slot ID 239) Maintainence fee cost $3,500 to LSPD's budget fund.
[2025/4/27 - 20:00:07] Vehicle ID 476 (Slot ID 257) Maintainence fee cost $2,000 to LSPD's budget fund.
[2025/4/27 - 20:00:07] Vehicle ID 499 (Slot ID 281) Maintainence fee cost $3,000 to LSPD's budget fund.
[2025/4/27 - 20:00:07] Vehicle ID 508 (Slot ID 294) Maintainence fee cost $2,500 to LSPD's budget fund.
[2025/4/27 - 20:00:07] Vehicle ID 509 (Slot ID 295) Maintainence fee cost $3,500 to LSPD's budget fund.
[2025/4/27 - 20:00:07] Vehicle ID 525 (Slot ID 314) Maintainence fee cost $2,500 to LSPD's budget fund.
[2025/4/27 - 20:00:07] Vehicle ID 538 (Slot ID 328) Maintainence fee cost $2,500 to LSPD's budget fund.
[2025/4/27 - 20:00:07] Vehicle ID 570 (Slot ID 371) Maintainence fee cost $3,500 to LSPD's budget fund.
[2025/4/27 - 20:00:07] Vehicle ID 576 (Slot ID 382) Maintainence fee cost $4,500 to LSPD's budget fund.
[2025/4/27 - 20:00:07] Vehicle ID 0 (Slot ID 390) Maintainence fee cost $3,000 to LSPD's budget fund.
[2025/4/27 - 20:00:07] Vehicle ID 0 (Slot ID 402) Maintainence fee cost $2,500 to LSPD's budget fund.
[2025/4/27 - 20:00:07] Vehicle ID 587 (Slot ID 422) Maintainence fee cost $2,000 to LSPD's budget fund.
[2025/4/27 - 20:00:07] Vehicle ID 591 (Slot ID 433) Maintainence fee cost $3,000 to LSPD's budget fund.
[2025/4/27 - 20:00:07] Vehicle ID 615 (Slot ID 574) Maintainence fee cost $2,500 to LSPD's budget fund.
[2025/4/27 - 20:00:07] Vehicle ID 0 (Slot ID 648) Maintainence fee cost $3,500 to LSPD's budget fund.
[2025/4/27 - 21:00:44] The faction vault is at $386,068,904.
[2025/4/27 - 21:00:44] SA Gov Paid $220,000 to LSPD budget fund.
[2025/4/27 - 21:00:44] Vehicle ID 263 (Slot ID 3) Maintainence fee cost $2,500 to LSPD's budget fund.
[2025/4/27 - 21:00:44] Vehicle ID 267 (Slot ID 7) Maintainence fee cost $2,000 to LSPD's budget fund.
[2025/4/27 - 21:00:44] Vehicle ID 271 (Slot ID 11) Maintainence fee cost $2,500 to LSPD's budget fund.
[2025/4/27 - 21:00:44] Vehicle ID 283 (Slot ID 27) Maintainence fee cost $2,500 to LSPD's budget fund.
[2025/4/27 - 21:00:44] Vehicle ID 284 (Slot ID 28) Maintainence fee cost $5,000 to LSPD's budget fund.
[2025/4/27 - 21:00:44] Vehicle ID 285 (Slot ID 30) Maintainence fee cost $3,500 to LSPD's budget fund.
[2025/4/27 - 21:00:44] Vehicle ID 290 (Slot ID 38) Maintainence fee cost $2,000 to LSPD's budget fund.
[2025/4/27 - 21:00:44] Vehicle ID 296 (Slot ID 46) Maintainence fee cost $2,500 to LSPD's budget fund.
[2025/4/27 - 21:00:44] Vehicle ID 0 (Slot ID 51) Maintainence fee cost $3,500 to LSPD's budget fund.
[2025/4/27 - 21:00:44] Vehicle ID 303 (Slot ID 56) Maintainence fee cost $3,500 to LSPD's budget fund.
[2025/4/27 - 21:00:44] Vehicle ID 305 (Slot ID 60) Maintainence fee cost $2,000 to LSPD's budget fund.
[2025/4/27 - 21:00:44] Vehicle ID 306 (Slot ID 61) Maintainence fee cost $3,500 to LSPD's budget fund.
[2025/4/27 - 21:00:44] Vehicle ID 311 (Slot ID 66) Maintainence fee cost $2,500 to LSPD's budget fund.
[2025/4/27 - 21:00:44] Vehicle ID 316 (Slot ID 72) Maintainence fee cost $3,000 to LSPD's budget fund.
[2025/4/27 - 21:00:44] Vehicle ID 318 (Slot ID 74) Maintainence fee cost $2,500 to LSPD's budget fund.
[2025/4/27 - 21:00:44] Vehicle ID 323 (Slot ID 79) Maintainence fee cost $4,500 to LSPD's budget fund.
[2025/4/27 - 21:00:44] Vehicle ID 325 (Slot ID 81) Maintainence fee cost $3,500 to LSPD's budget fund.
[2025/4/27 - 21:00:44] Vehicle ID 327 (Slot ID 83) Maintainence fee cost $2,500 to LSPD's budget fund.
[2025/4/27 - 21:00:44] Vehicle ID 332 (Slot ID 89) Maintainence fee cost $3,000 to LSPD's budget fund.
[2025/4/27 - 21:00:44] Vehicle ID 337 (Slot ID 94) Maintainence fee cost $2,500 to LSPD's budget fund.
[2025/4/27 - 21:00:44] Vehicle ID 0 (Slot ID 119) Maintainence fee cost $2,500 to LSPD's budget fund.
[2025/4/27 - 21:00:44] Vehicle ID 362 (Slot ID 122) Maintainence fee cost $2,500 to LSPD's budget fund.
[2025/4/27 - 21:00:44] Vehicle ID 369 (Slot ID 130) Maintainence fee cost $2,500 to LSPD's budget fund.
[2025/4/27 - 21:00:44] Vehicle ID 370 (Slot ID 131) Maintainence fee cost $2,500 to LSPD's budget fund.
[2025/4/27 - 21:00:44] Vehicle ID 372 (Slot ID 133) Maintainence fee cost $2,500 to LSPD's budget fund.
[2025/4/27 - 21:00:44] Vehicle ID 378 (Slot ID 141) Maintainence fee cost $2,500 to LSPD's budget fund.
[2025/4/27 - 21:00:44] Vehicle ID 380 (Slot ID 143) Maintainence fee cost $2,500 to LSPD's budget fund.
[2025/4/27 - 21:00:44] Vehicle ID 382 (Slot ID 145) Maintainence fee cost $2,500 to LSPD's budget fund.
[2025/4/27 - 21:00:44] Vehicle ID 383 (Slot ID 148) Maintainence fee cost $2,500 to LSPD's budget fund.
[2025/4/27 - 21:00:44] Vehicle ID 390 (Slot ID 156) Maintainence fee cost $2,500 to LSPD's budget fund.
[2025/4/27 - 21:00:44] Vehicle ID 395 (Slot ID 161) Maintainence fee cost $2,500 to LSPD's budget fund.
[2025/4/27 - 21:00:44] Vehicle ID 398 (Slot ID 165) Maintainence fee cost $3,500 to LSPD's budget fund.
[2025/4/27 - 21:00:44] Vehicle ID 431 (Slot ID 204) Maintainence fee cost $2,500 to LSPD's budget fund.
[2025/4/27 - 21:00:44] Vehicle ID 435 (Slot ID 208) Maintainence fee cost $2,500 to LSPD's budget fund.
[2025/4/27 - 21:00:44] Vehicle ID 461 (Slot ID 239) Maintainence fee cost $3,500 to LSPD's budget fund.
[2025/4/27 - 21:00:44] Vehicle ID 476 (Slot ID 257) Maintainence fee cost $2,000 to LSPD's budget fund.
[2025/4/27 - 21:00:44] Vehicle ID 499 (Slot ID 281) Maintainence fee cost $3,000 to LSPD's budget fund.
[2025/4/27 - 21:00:44] Vehicle ID 508 (Slot ID 294) Maintainence fee cost $2,500 to LSPD's budget fund.
[2025/4/27 - 21:00:44] Vehicle ID 509 (Slot ID 295) Maintainence fee cost $3,500 to LSPD's budget fund.
[2025/4/27 - 21:00:44] Vehicle ID 525 (Slot ID 314) Maintainence fee cost $2,500 to LSPD's budget fund.
[2025/4/27 - 21:00:44] Vehicle ID 538 (Slot ID 328) Maintainence fee cost $2,500 to LSPD's budget fund.
[2025/4/27 - 21:00:44] Vehicle ID 570 (Slot ID 371) Maintainence fee cost $3,500 to LSPD's budget fund.
[2025/4/27 - 21:00:44] Vehicle ID 576 (Slot ID 382) Maintainence fee cost $4,500 to LSPD's budget fund.
[2025/4/27 - 21:00:44] Vehicle ID 0 (Slot ID 390) Maintainence fee cost $3,000 to LSPD's budget fund.
[2025/4/27 - 21:00:44] Vehicle ID 0 (Slot ID 402) Maintainence fee cost $2,500 to LSPD's budget fund.
[2025/4/27 - 21:00:44] Vehicle ID 587 (Slot ID 422) Maintainence fee cost $2,000 to LSPD's budget fund.
[2025/4/27 - 21:00:44] Vehicle ID 591 (Slot ID 433) Maintainence fee cost $3,000 to LSPD's budget fund.
[2025/4/27 - 21:00:44] Vehicle ID 615 (Slot ID 574) Maintainence fee cost $2,500 to LSPD's budget fund.
[2025/4/27 - 21:00:44] Vehicle ID 0 (Slot ID 648) Maintainence fee cost $3,500 to LSPD's budget fund.
[2025/4/27 - 22:00:52] The faction vault is at $386,149,904.
[2025/4/27 - 22:00:52] SA Gov Paid $220,000 to LSPD budget fund.
[2025/4/27 - 22:00:52] Vehicle ID 263 (Slot ID 3) Maintainence fee cost $2,500 to LSPD's budget fund.
[2025/4/27 - 22:00:52] Vehicle ID 267 (Slot ID 7) Maintainence fee cost $2,000 to LSPD's budget fund.
[2025/4/27 - 22:00:52] Vehicle ID 271 (Slot ID 11) Maintainence fee cost $2,500 to LSPD's budget fund.
[2025/4/27 - 22:00:52] Vehicle ID 283 (Slot ID 27) Maintainence fee cost $2,500 to LSPD's budget fund.
[2025/4/27 - 22:00:52] Vehicle ID 284 (Slot ID 28) Maintainence fee cost $5,000 to LSPD's budget fund.
[2025/4/27 - 22:00:52] Vehicle ID 285 (Slot ID 30) Maintainence fee cost $3,500 to LSPD's budget fund.
[2025/4/27 - 22:00:52] Vehicle ID 290 (Slot ID 38) Maintainence fee cost $2,000 to LSPD's budget fund.
[2025/4/27 - 22:00:52] Vehicle ID 296 (Slot ID 46) Maintainence fee cost $2,500 to LSPD's budget fund.
[2025/4/27 - 22:00:52] Vehicle ID 0 (Slot ID 51) Maintainence fee cost $3,500 to LSPD's budget fund.
[2025/4/27 - 22:00:52] Vehicle ID 303 (Slot ID 56) Maintainence fee cost $3,500 to LSPD's budget fund.
[2025/4/27 - 22:00:52] Vehicle ID 305 (Slot ID 60) Maintainence fee cost $2,000 to LSPD's budget fund.
[2025/4/27 - 22:00:52] Vehicle ID 306 (Slot ID 61) Maintainence fee cost $3,500 to LSPD's budget fund.
[2025/4/27 - 22:00:52] Vehicle ID 311 (Slot ID 66) Maintainence fee cost $2,500 to LSPD's budget fund.
[2025/4/27 - 22:00:52] Vehicle ID 316 (Slot ID 72) Maintainence fee cost $3,000 to LSPD's budget fund.
[2025/4/27 - 22:00:52] Vehicle ID 318 (Slot ID 74) Maintainence fee cost $2,500 to LSPD's budget fund.
[2025/4/27 - 22:00:52] Vehicle ID 323 (Slot ID 79) Maintainence fee cost $4,500 to LSPD's budget fund.
[2025/4/27 - 22:00:52] Vehicle ID 325 (Slot ID 81) Maintainence fee cost $3,500 to LSPD's budget fund.
[2025/4/27 - 22:00:52] Vehicle ID 327 (Slot ID 83) Maintainence fee cost $2,500 to LSPD's budget fund.
[2025/4/27 - 22:00:52] Vehicle ID 332 (Slot ID 89) Maintainence fee cost $3,000 to LSPD's budget fund.
[2025/4/27 - 22:00:52] Vehicle ID 337 (Slot ID 94) Maintainence fee cost $2,500 to LSPD's budget fund.
[2025/4/27 - 22:00:52] Vehicle ID 0 (Slot ID 119) Maintainence fee cost $2,500 to LSPD's budget fund.
[2025/4/27 - 22:00:52] Vehicle ID 362 (Slot ID 122) Maintainence fee cost $2,500 to LSPD's budget fund.
[2025/4/27 - 22:00:52] Vehicle ID 369 (Slot ID 130) Maintainence fee cost $2,500 to LSPD's budget fund.
[2025/4/27 - 22:00:52] Vehicle ID 370 (Slot ID 131) Maintainence fee cost $2,500 to LSPD's budget fund.
[2025/4/27 - 22:00:52] Vehicle ID 372 (Slot ID 133) Maintainence fee cost $2,500 to LSPD's budget fund.
[2025/4/27 - 22:00:52] Vehicle ID 378 (Slot ID 141) Maintainence fee cost $2,500 to LSPD's budget fund.
[2025/4/27 - 22:00:52] Vehicle ID 380 (Slot ID 143) Maintainence fee cost $2,500 to LSPD's budget fund.
[2025/4/27 - 22:00:52] Vehicle ID 382 (Slot ID 145) Maintainence fee cost $2,500 to LSPD's budget fund.
[2025/4/27 - 22:00:52] Vehicle ID 383 (Slot ID 148) Maintainence fee cost $2,500 to LSPD's budget fund.
[2025/4/27 - 22:00:52] Vehicle ID 390 (Slot ID 156) Maintainence fee cost $2,500 to LSPD's budget fund.
[2025/4/27 - 22:00:52] Vehicle ID 395 (Slot ID 161) Maintainence fee cost $2,500 to LSPD's budget fund.
[2025/4/27 - 22:00:52] Vehicle ID 398 (Slot ID 165) Maintainence fee cost $3,500 to LSPD's budget fund.
[2025/4/27 - 22:00:52] Vehicle ID 431 (Slot ID 204) Maintainence fee cost $2,500 to LSPD's budget fund.
[2025/4/27 - 22:00:52] Vehicle ID 435 (Slot ID 208) Maintainence fee cost $2,500 to LSPD's budget fund.
[2025/4/27 - 22:00:52] Vehicle ID 461 (Slot ID 239) Maintainence fee cost $3,500 to LSPD's budget fund.
[2025/4/27 - 22:00:52] Vehicle ID 476 (Slot ID 257) Maintainence fee cost $2,000 to LSPD's budget fund.
[2025/4/27 - 22:00:52] Vehicle ID 499 (Slot ID 281) Maintainence fee cost $3,000 to LSPD's budget fund.
[2025/4/27 - 22:00:52] Vehicle ID 508 (Slot ID 294) Maintainence fee cost $2,500 to LSPD's budget fund.
[2025/4/27 - 22:00:52] Vehicle ID 509 (Slot ID 295) Maintainence fee cost $3,500 to LSPD's budget fund.
[2025/4/27 - 22:00:52] Vehicle ID 525 (Slot ID 314) Maintainence fee cost $2,500 to LSPD's budget fund.
[2025/4/27 - 22:00:52] Vehicle ID 538 (Slot ID 328) Maintainence fee cost $2,500 to LSPD's budget fund.
[2025/4/27 - 22:00:52] Vehicle ID 570 (Slot ID 371) Maintainence fee cost $3,500 to LSPD's budget fund.
[2025/4/27 - 22:00:52] Vehicle ID 576 (Slot ID 382) Maintainence fee cost $4,500 to LSPD's budget fund.
[2025/4/27 - 22:00:52] Vehicle ID 0 (Slot ID 390) Maintainence fee cost $3,000 to LSPD's budget fund.
[2025/4/27 - 22:00:52] Vehicle ID 0 (Slot ID 402) Maintainence fee cost $2,500 to LSPD's budget fund.
[2025/4/27 - 22:00:52] Vehicle ID 587 (Slot ID 422) Maintainence fee cost $2,000 to LSPD's budget fund.
[2025/4/27 - 22:00:52] Vehicle ID 591 (Slot ID 433) Maintainence fee cost $3,000 to LSPD's budget fund.
[2025/4/27 - 22:00:52] Vehicle ID 615 (Slot ID 574) Maintainence fee cost $2,500 to LSPD's budget fund.
[2025/4/27 - 22:00:52] Vehicle ID 0 (Slot ID 648) Maintainence fee cost $3,500 to LSPD's budget fund.
[2025/4/27 - 23:00:00] The faction vault is at $386,230,904.
[2025/4/27 - 23:00:00] SA Gov Paid $220,000 to LSPD budget fund.
[2025/4/27 - 23:00:00] Vehicle ID 263 (Slot ID 3) Maintainence fee cost $2,500 to LSPD's budget fund.
[2025/4/27 - 23:00:00] Vehicle ID 267 (Slot ID 7) Maintainence fee cost $2,000 to LSPD's budget fund.
[2025/4/27 - 23:00:00] Vehicle ID 271 (Slot ID 11) Maintainence fee cost $2,500 to LSPD's budget fund.
[2025/4/27 - 23:00:00] Vehicle ID 283 (Slot ID 27) Maintainence fee cost $2,500 to LSPD's budget fund.
[2025/4/27 - 23:00:00] Vehicle ID 284 (Slot ID 28) Maintainence fee cost $5,000 to LSPD's budget fund.
[2025/4/27 - 23:00:00] Vehicle ID 285 (Slot ID 30) Maintainence fee cost $3,500 to LSPD's budget fund.
[2025/4/27 - 23:00:00] Vehicle ID 290 (Slot ID 38) Maintainence fee cost $2,000 to LSPD's budget fund.
[2025/4/27 - 23:00:00] Vehicle ID 296 (Slot ID 46) Maintainence fee cost $2,500 to LSPD's budget fund.
[2025/4/27 - 23:00:00] Vehicle ID 0 (Slot ID 51) Maintainence fee cost $3,500 to LSPD's budget fund.
[2025/4/27 - 23:00:00] Vehicle ID 303 (Slot ID 56) Maintainence fee cost $3,500 to LSPD's budget fund.
[2025/4/27 - 23:00:00] Vehicle ID 305 (Slot ID 60) Maintainence fee cost $2,000 to LSPD's budget fund.
[2025/4/27 - 23:00:00] Vehicle ID 306 (Slot ID 61) Maintainence fee cost $3,500 to LSPD's budget fund.
[2025/4/27 - 23:00:00] Vehicle ID 311 (Slot ID 66) Maintainence fee cost $2,500 to LSPD's budget fund.
[2025/4/27 - 23:00:00] Vehicle ID 316 (Slot ID 72) Maintainence fee cost $3,000 to LSPD's budget fund.
[2025/4/27 - 23:00:00] Vehicle ID 318 (Slot ID 74) Maintainence fee cost $2,500 to LSPD's budget fund.
[2025/4/27 - 23:00:00] Vehicle ID 323 (Slot ID 79) Maintainence fee cost $4,500 to LSPD's budget fund.
[2025/4/27 - 23:00:00] Vehicle ID 325 (Slot ID 81) Maintainence fee cost $3,500 to LSPD's budget fund.
[2025/4/27 - 23:00:00] Vehicle ID 327 (Slot ID 83) Maintainence fee cost $2,500 to LSPD's budget fund.
[2025/4/27 - 23:00:00] Vehicle ID 332 (Slot ID 89) Maintainence fee cost $3,000 to LSPD's budget fund.
[2025/4/27 - 23:00:00] Vehicle ID 337 (Slot ID 94) Maintainence fee cost $2,500 to LSPD's budget fund.
[2025/4/27 - 23:00:00] Vehicle ID 0 (Slot ID 119) Maintainence fee cost $2,500 to LSPD's budget fund.
[2025/4/27 - 23:00:00] Vehicle ID 362 (Slot ID 122) Maintainence fee cost $2,500 to LSPD's budget fund.
[2025/4/27 - 23:00:00] Vehicle ID 369 (Slot ID 130) Maintainence fee cost $2,500 to LSPD's budget fund.
[2025/4/27 - 23:00:00] Vehicle ID 370 (Slot ID 131) Maintainence fee cost $2,500 to LSPD's budget fund.
[2025/4/27 - 23:00:00] Vehicle ID 372 (Slot ID 133) Maintainence fee cost $2,500 to LSPD's budget fund.
[2025/4/27 - 23:00:00] Vehicle ID 378 (Slot ID 141) Maintainence fee cost $2,500 to LSPD's budget fund.
[2025/4/27 - 23:00:00] Vehicle ID 380 (Slot ID 143) Maintainence fee cost $2,500 to LSPD's budget fund.
[2025/4/27 - 23:00:00] Vehicle ID 382 (Slot ID 145) Maintainence fee cost $2,500 to LSPD's budget fund.
[2025/4/27 - 23:00:00] Vehicle ID 383 (Slot ID 148) Maintainence fee cost $2,500 to LSPD's budget fund.
[2025/4/27 - 23:00:00] Vehicle ID 390 (Slot ID 156) Maintainence fee cost $2,500 to LSPD's budget fund.
[2025/4/27 - 23:00:00] Vehicle ID 395 (Slot ID 161) Maintainence fee cost $2,500 to LSPD's budget fund.
[2025/4/27 - 23:00:00] Vehicle ID 398 (Slot ID 165) Maintainence fee cost $3,500 to LSPD's budget fund.
[2025/4/27 - 23:00:00] Vehicle ID 431 (Slot ID 204) Maintainence fee cost $2,500 to LSPD's budget fund.
[2025/4/27 - 23:00:00] Vehicle ID 435 (Slot ID 208) Maintainence fee cost $2,500 to LSPD's budget fund.
[2025/4/27 - 23:00:00] Vehicle ID 461 (Slot ID 239) Maintainence fee cost $3,500 to LSPD's budget fund.
[2025/4/27 - 23:00:00] Vehicle ID 476 (Slot ID 257) Maintainence fee cost $2,000 to LSPD's budget fund.
[2025/4/27 - 23:00:00] Vehicle ID 499 (Slot ID 281) Maintainence fee cost $3,000 to LSPD's budget fund.
[2025/4/27 - 23:00:00] Vehicle ID 508 (Slot ID 294) Maintainence fee cost $2,500 to LSPD's budget fund.
[2025/4/27 - 23:00:00] Vehicle ID 509 (Slot ID 295) Maintainence fee cost $3,500 to LSPD's budget fund.
[2025/4/27 - 23:00:00] Vehicle ID 525 (Slot ID 314) Maintainence fee cost $2,500 to LSPD's budget fund.
[2025/4/27 - 23:00:00] Vehicle ID 538 (Slot ID 328) Maintainence fee cost $2,500 to LSPD's budget fund.
[2025/4/27 - 23:00:00] Vehicle ID 570 (Slot ID 371) Maintainence fee cost $3,500 to LSPD's budget fund.
[2025/4/27 - 23:00:00] Vehicle ID 576 (Slot ID 382) Maintainence fee cost $4,500 to LSPD's budget fund.
[2025/4/27 - 23:00:00] Vehicle ID 0 (Slot ID 390) Maintainence fee cost $3,000 to LSPD's budget fund.
[2025/4/27 - 23:00:00] Vehicle ID 0 (Slot ID 402) Maintainence fee cost $2,500 to LSPD's budget fund.
[2025/4/27 - 23:00:00] Vehicle ID 587 (Slot ID 422) Maintainence fee cost $2,000 to LSPD's budget fund.
[2025/4/27 - 23:00:00] Vehicle ID 591 (Slot ID 433) Maintainence fee cost $3,000 to LSPD's budget fund.
[2025/4/27 - 23:00:00] Vehicle ID 615 (Slot ID 574) Maintainence fee cost $2,500 to LSPD's budget fund.
[2025/4/27 - 23:00:00] Vehicle ID 0 (Slot ID 648) Maintainence fee cost $3,500 to LSPD's budget fund.
