[2025/4/13 - 0:52:51] Kevin Flowers has been paid $12,000 from LSPD's budget.
[2025/4/13 - 0:58:48] Kevin Flowers has been paid $12,000 from LSPD's budget.
[2025/4/13 - 1:00:03] The faction vault is at $269,333,218.
[2025/4/13 - 1:00:03] SA Gov Paid $220,000 to LSPD budget fund.
[2025/4/13 - 1:00:03] Vehicle ID 252 (Slot ID 3) Maintainence fee cost $2,500 to LSPD's budget fund.
[2025/4/13 - 1:00:03] Vehicle ID 260 (Slot ID 11) Maintainence fee cost $2,500 to LSPD's budget fund.
[2025/4/13 - 1:00:03] Vehicle ID 269 (Slot ID 27) Maintainence fee cost $2,500 to LSPD's budget fund.
[2025/4/13 - 1:00:03] Vehicle ID 270 (Slot ID 28) Maintainence fee cost $5,000 to LSPD's budget fund.
[2025/4/13 - 1:00:03] Vehicle ID 271 (Slot ID 30) Maintainence fee cost $3,500 to LSPD's budget fund.
[2025/4/13 - 1:00:03] Vehicle ID 276 (Slot ID 38) Maintainence fee cost $2,000 to LSPD's budget fund.
[2025/4/13 - 1:00:03] Vehicle ID 279 (Slot ID 46) Maintainence fee cost $2,500 to LSPD's budget fund.
[2025/4/13 - 1:00:03] Vehicle ID 0 (Slot ID 51) Maintainence fee cost $3,500 to LSPD's budget fund.
[2025/4/13 - 1:00:03] Vehicle ID 0 (Slot ID 56) Maintainence fee cost $3,500 to LSPD's budget fund.
[2025/4/13 - 1:00:03] Vehicle ID 284 (Slot ID 60) Maintainence fee cost $2,000 to LSPD's budget fund.
[2025/4/13 - 1:00:03] Vehicle ID 0 (Slot ID 61) Maintainence fee cost $3,500 to LSPD's budget fund.
[2025/4/13 - 1:00:03] Vehicle ID 287 (Slot ID 66) Maintainence fee cost $2,500 to LSPD's budget fund.
[2025/4/13 - 1:00:03] Vehicle ID 290 (Slot ID 72) Maintainence fee cost $3,000 to LSPD's budget fund.
[2025/4/13 - 1:00:03] Vehicle ID 0 (Slot ID 74) Maintainence fee cost $2,500 to LSPD's budget fund.
[2025/4/13 - 1:00:03] Vehicle ID 0 (Slot ID 79) Maintainence fee cost $4,500 to LSPD's budget fund.
[2025/4/13 - 1:00:03] Vehicle ID 295 (Slot ID 81) Maintainence fee cost $3,500 to LSPD's budget fund.
[2025/4/13 - 1:00:03] Vehicle ID 297 (Slot ID 83) Maintainence fee cost $2,500 to LSPD's budget fund.
[2025/4/13 - 1:00:03] Vehicle ID 299 (Slot ID 89) Maintainence fee cost $3,000 to LSPD's budget fund.
[2025/4/13 - 1:00:03] Vehicle ID 302 (Slot ID 94) Maintainence fee cost $2,500 to LSPD's budget fund.
[2025/4/13 - 1:00:03] Vehicle ID 303 (Slot ID 97) Maintainence fee cost $0 to LSPD's budget fund.
[2025/4/13 - 1:00:03] Vehicle ID 0 (Slot ID 98) Maintainence fee cost $0 to LSPD's budget fund.
[2025/4/13 - 1:00:03] Vehicle ID 0 (Slot ID 100) Maintainence fee cost $0 to LSPD's budget fund.
[2025/4/13 - 1:00:03] Vehicle ID 304 (Slot ID 102) Maintainence fee cost $0 to LSPD's budget fund.
[2025/4/13 - 1:00:03] Vehicle ID 307 (Slot ID 111) Maintainence fee cost $0 to LSPD's budget fund.
[2025/4/13 - 1:00:03] Vehicle ID 310 (Slot ID 115) Maintainence fee cost $0 to LSPD's budget fund.
[2025/4/13 - 1:00:03] Vehicle ID 0 (Slot ID 119) Maintainence fee cost $2,500 to LSPD's budget fund.
[2025/4/13 - 1:00:03] Vehicle ID 313 (Slot ID 122) Maintainence fee cost $2,500 to LSPD's budget fund.
[2025/4/13 - 1:00:03] Vehicle ID 0 (Slot ID 130) Maintainence fee cost $2,500 to LSPD's budget fund.
[2025/4/13 - 1:00:03] Vehicle ID 0 (Slot ID 131) Maintainence fee cost $2,500 to LSPD's budget fund.
[2025/4/13 - 1:00:03] Vehicle ID 318 (Slot ID 133) Maintainence fee cost $2,500 to LSPD's budget fund.
[2025/4/13 - 1:00:03] Vehicle ID 319 (Slot ID 140) Maintainence fee cost $0 to LSPD's budget fund.
[2025/4/13 - 1:00:03] Vehicle ID 0 (Slot ID 141) Maintainence fee cost $2,500 to LSPD's budget fund.
[2025/4/13 - 1:00:03] Vehicle ID 320 (Slot ID 143) Maintainence fee cost $0 to LSPD's budget fund.
[2025/4/13 - 1:00:03] Vehicle ID 321 (Slot ID 148) Maintainence fee cost $2,500 to LSPD's budget fund.
[2025/4/13 - 1:00:03] Vehicle ID 323 (Slot ID 156) Maintainence fee cost $2,500 to LSPD's budget fund.
[2025/4/13 - 1:00:03] Vehicle ID 0 (Slot ID 208) Maintainence fee cost $2,500 to LSPD's budget fund.
[2025/4/13 - 1:00:03] Vehicle ID 0 (Slot ID 239) Maintainence fee cost $3,500 to LSPD's budget fund.
[2025/4/13 - 1:00:03] Vehicle ID 0 (Slot ID 257) Maintainence fee cost $2,000 to LSPD's budget fund.
[2025/4/13 - 1:00:03] Vehicle ID 342 (Slot ID 281) Maintainence fee cost $3,000 to LSPD's budget fund.
[2025/4/13 - 1:00:03] Vehicle ID 0 (Slot ID 294) Maintainence fee cost $2,500 to LSPD's budget fund.
[2025/4/13 - 1:00:03] Vehicle ID 0 (Slot ID 295) Maintainence fee cost $3,500 to LSPD's budget fund.
[2025/4/13 - 1:00:03] Vehicle ID 0 (Slot ID 314) Maintainence fee cost $2,500 to LSPD's budget fund.
[2025/4/13 - 1:00:03] Vehicle ID 346 (Slot ID 371) Maintainence fee cost $3,500 to LSPD's budget fund.
[2025/4/13 - 1:00:03] Vehicle ID 349 (Slot ID 382) Maintainence fee cost $4,500 to LSPD's budget fund.
[2025/4/13 - 1:00:03] Vehicle ID 0 (Slot ID 390) Maintainence fee cost $3,000 to LSPD's budget fund.
[2025/4/13 - 1:00:03] Vehicle ID 353 (Slot ID 422) Maintainence fee cost $2,000 to LSPD's budget fund.
[2025/4/13 - 1:00:03] Vehicle ID 354 (Slot ID 433) Maintainence fee cost $3,000 to LSPD's budget fund.
[2025/4/13 - 1:00:03] Vehicle ID 0 (Slot ID 574) Maintainence fee cost $2,500 to LSPD's budget fund.
[2025/4/13 - 1:00:03] Vehicle ID 0 (Slot ID 648) Maintainence fee cost $3,500 to LSPD's budget fund.
[2025/4/13 - 1:01:09] Kevin Flowers has been paid $12,000 from LSPD's budget.
