[2025/4/17 - 8:00:05] SA Gov Paid $220,000 to LSPD budget fund.
[2025/4/17 - 8:00:05] SA Gov Paid $80,000 to FBI budget fund.
[2025/4/17 - 8:00:05] The tax vault is at $129,713,506
[2025/4/17 - 8:00:05] SA Gov Paid $215,000 to SAMS budget fund.
[2025/4/17 - 8:00:05] SA Gov Paid $175,000 to SAAS budget fund.
[2025/4/17 - 8:00:05] SA Gov Paid $35,000 to Judicial budget fund.
[2025/4/17 - 8:00:05] SA Gov Paid $80,000 to Public Works budget fund.
[2025/4/17 - 9:00:26] SA Gov Paid $220,000 to LSPD budget fund.
[2025/4/17 - 9:00:26] SA Gov Paid $80,000 to FBI budget fund.
[2025/4/17 - 9:00:26] The tax vault is at $128,908,506
[2025/4/17 - 9:00:26] SA Gov Paid $215,000 to SAMS budget fund.
[2025/4/17 - 9:00:26] SA Gov Paid $175,000 to SAAS budget fund.
[2025/4/17 - 9:00:26] SA Gov Paid $35,000 to Judicial budget fund.
[2025/4/17 - 9:00:26] SA Gov Paid $80,000 to Public Works budget fund.
[2025/4/17 - 10:00:44] SA Gov Paid $220,000 to LSPD budget fund.
[2025/4/17 - 10:00:44] SA Gov Paid $80,000 to FBI budget fund.
[2025/4/17 - 10:00:44] The tax vault is at $128,103,506
[2025/4/17 - 10:00:44] SA Gov Paid $215,000 to SAMS budget fund.
[2025/4/17 - 10:00:44] SA Gov Paid $175,000 to SAAS budget fund.
[2025/4/17 - 10:00:44] SA Gov Paid $35,000 to Judicial budget fund.
[2025/4/17 - 10:00:44] SA Gov Paid $80,000 to Public Works budget fund.
[2025/4/17 - 11:00:56] SA Gov Paid $220,000 to LSPD budget fund.
[2025/4/17 - 11:00:56] SA Gov Paid $80,000 to FBI budget fund.
[2025/4/17 - 11:00:56] The tax vault is at $127,298,506
[2025/4/17 - 11:00:56] SA Gov Paid $215,000 to SAMS budget fund.
[2025/4/17 - 11:00:56] SA Gov Paid $175,000 to SAAS budget fund.
[2025/4/17 - 11:00:56] SA Gov Paid $35,000 to Judicial budget fund.
[2025/4/17 - 11:00:56] SA Gov Paid $80,000 to Public Works budget fund.
[2025/4/17 - 12:00:28] SA Gov Paid $220,000 to LSPD budget fund.
[2025/4/17 - 12:00:28] SA Gov Paid $80,000 to FBI budget fund.
[2025/4/17 - 12:00:28] The tax vault is at $126,493,506
[2025/4/17 - 12:00:28] SA Gov Paid $215,000 to SAMS budget fund.
[2025/4/17 - 12:00:28] SA Gov Paid $175,000 to SAAS budget fund.
[2025/4/17 - 12:00:28] SA Gov Paid $35,000 to Judicial budget fund.
[2025/4/17 - 12:00:28] SA Gov Paid $80,000 to Public Works budget fund.
[2025/4/17 - 13:01:00] SA Gov Paid $220,000 to LSPD budget fund.
[2025/4/17 - 13:01:00] SA Gov Paid $80,000 to FBI budget fund.
[2025/4/17 - 13:01:00] The tax vault is at $125,688,506
[2025/4/17 - 13:01:00] SA Gov Paid $215,000 to SAMS budget fund.
[2025/4/17 - 13:01:00] SA Gov Paid $175,000 to SAAS budget fund.
[2025/4/17 - 13:01:00] SA Gov Paid $35,000 to Judicial budget fund.
[2025/4/17 - 13:01:00] SA Gov Paid $80,000 to Public Works budget fund.
[2025/4/17 - 14:00:34] SA Gov Paid $220,000 to LSPD budget fund.
[2025/4/17 - 14:00:34] SA Gov Paid $80,000 to FBI budget fund.
[2025/4/17 - 14:00:34] The tax vault is at $124,883,506
[2025/4/17 - 14:00:34] SA Gov Paid $215,000 to SAMS budget fund.
[2025/4/17 - 14:00:34] SA Gov Paid $175,000 to SAAS budget fund.
[2025/4/17 - 14:00:34] SA Gov Paid $35,000 to Judicial budget fund.
[2025/4/17 - 14:00:34] SA Gov Paid $80,000 to Public Works budget fund.
[2025/4/17 - 15:00:58] SA Gov Paid $220,000 to LSPD budget fund.
[2025/4/17 - 15:00:58] SA Gov Paid $80,000 to FBI budget fund.
[2025/4/17 - 15:00:58] The tax vault is at $124,078,506
[2025/4/17 - 15:00:58] SA Gov Paid $215,000 to SAMS budget fund.
[2025/4/17 - 15:00:58] SA Gov Paid $175,000 to SAAS budget fund.
[2025/4/17 - 15:00:58] SA Gov Paid $35,000 to Judicial budget fund.
[2025/4/17 - 15:00:58] SA Gov Paid $80,000 to Public Works budget fund.
[2025/4/17 - 16:00:41] SA Gov Paid $220,000 to LSPD budget fund.
[2025/4/17 - 16:00:41] SA Gov Paid $80,000 to FBI budget fund.
[2025/4/17 - 16:00:41] The tax vault is at $123,273,506
[2025/4/17 - 16:00:41] SA Gov Paid $215,000 to SAMS budget fund.
[2025/4/17 - 16:00:41] SA Gov Paid $175,000 to SAAS budget fund.
[2025/4/17 - 16:00:41] SA Gov Paid $35,000 to Judicial budget fund.
[2025/4/17 - 16:00:41] SA Gov Paid $80,000 to Public Works budget fund.
[2025/4/17 - 17:00:01] SA Gov Paid $220,000 to LSPD budget fund.
[2025/4/17 - 17:00:01] SA Gov Paid $80,000 to FBI budget fund.
[2025/4/17 - 17:00:01] The tax vault is at $122,468,506
[2025/4/17 - 17:00:01] SA Gov Paid $215,000 to SAMS budget fund.
[2025/4/17 - 17:00:01] SA Gov Paid $175,000 to SAAS budget fund.
[2025/4/17 - 17:00:01] SA Gov Paid $35,000 to Judicial budget fund.
[2025/4/17 - 17:00:01] SA Gov Paid $80,000 to Public Works budget fund.
[2025/4/17 - 18:00:36] SA Gov Paid $220,000 to LSPD budget fund.
[2025/4/17 - 18:00:36] SA Gov Paid $80,000 to FBI budget fund.
[2025/4/17 - 18:00:36] The tax vault is at $121,663,506
[2025/4/17 - 18:00:36] SA Gov Paid $215,000 to SAMS budget fund.
[2025/4/17 - 18:00:36] SA Gov Paid $175,000 to SAAS budget fund.
[2025/4/17 - 18:00:36] SA Gov Paid $35,000 to Judicial budget fund.
[2025/4/17 - 18:00:36] SA Gov Paid $80,000 to Public Works budget fund.
[2025/4/17 - 19:00:37] SA Gov Paid $220,000 to LSPD budget fund.
[2025/4/17 - 19:00:37] SA Gov Paid $80,000 to FBI budget fund.
[2025/4/17 - 19:00:37] The tax vault is at $120,858,506
[2025/4/17 - 19:00:37] SA Gov Paid $215,000 to SAMS budget fund.
[2025/4/17 - 19:00:37] SA Gov Paid $175,000 to SAAS budget fund.
[2025/4/17 - 19:00:37] SA Gov Paid $35,000 to Judicial budget fund.
[2025/4/17 - 19:00:37] SA Gov Paid $80,000 to Public Works budget fund.
