[2025/4/28 - 17:00:42] SA Gov Paid $220,000 to LSPD budget fund.
[2025/4/28 - 17:00:42] SA Gov Paid $80,000 to FBI budget fund.
[2025/4/28 - 17:00:42] The tax vault is at $108,783,586
[2025/4/28 - 17:00:42] SA Gov Paid $215,000 to SAMS budget fund.
[2025/4/28 - 17:00:42] SA Gov Paid $175,000 to SAAS budget fund.
[2025/4/28 - 17:00:42] SA Gov Paid $35,000 to Judicial budget fund.
[2025/4/28 - 17:00:42] SA Gov Paid $80,000 to Public Works budget fund.
[2025/4/28 - 17:53:23] Vehicle Slot ID 15 RTB fee cost $125 to San Andreas's budget fund.
[2025/4/28 - 17:53:23] Vehicle Slot ID 19 RTB fee cost $1250 to San Andreas's budget fund.
[2025/4/28 - 17:53:23] Vehicle Slot ID 73 RTB fee cost $175 to San Andreas's budget fund.
[2025/4/28 - 17:53:23] Vehicle Slot ID 93 RTB fee cost $1750 to San Andreas's budget fund.
[2025/4/28 - 17:53:23] Vehicle Slot ID 96 RTB fee cost $150 to San Andreas's budget fund.
[2025/4/28 - 17:53:23] Vehicle Slot ID 101 RTB fee cost $1750 to San Andreas's budget fund.
[2025/4/28 - 17:53:23] Vehicle Slot ID 123 RTB fee cost $0 to San Andreas's budget fund.
[2025/4/28 - 17:53:23] Vehicle Slot ID 164 RTB fee cost $125 to San Andreas's budget fund.
[2025/4/28 - 17:53:23] Vehicle Slot ID 177 RTB fee cost $150 to San Andreas's budget fund.
[2025/4/28 - 17:53:23] Vehicle Slot ID 181 RTB fee cost $150 to San Andreas's budget fund.
[2025/4/28 - 17:53:23] Vehicle Slot ID 188 RTB fee cost $150 to San Andreas's budget fund.
[2025/4/28 - 17:53:23] Vehicle Slot ID 192 RTB fee cost $150 to San Andreas's budget fund.
[2025/4/28 - 17:53:23] Vehicle Slot ID 193 RTB fee cost $1750 to San Andreas's budget fund.
[2025/4/28 - 17:53:23] Vehicle Slot ID 222 RTB fee cost $150 to San Andreas's budget fund.
[2025/4/28 - 17:53:23] Vehicle Slot ID 482 RTB fee cost $175 to San Andreas's budget fund.
[2025/4/28 - 17:53:23] Vehicle Slot ID 577 RTB fee cost $150 to San Andreas's budget fund.
[2025/4/28 - 17:53:23] Vehicle Slot ID 579 RTB fee cost $125 to San Andreas's budget fund.
[2025/4/28 - 18:06:52] Vehicle Slot ID 15 RTB fee cost $125 to San Andreas's budget fund.
[2025/4/28 - 18:06:52] Vehicle Slot ID 19 RTB fee cost $1250 to San Andreas's budget fund.
[2025/4/28 - 18:06:52] Vehicle Slot ID 73 RTB fee cost $175 to San Andreas's budget fund.
[2025/4/28 - 18:06:52] Vehicle Slot ID 93 RTB fee cost $1750 to San Andreas's budget fund.
[2025/4/28 - 18:06:52] Vehicle Slot ID 96 RTB fee cost $150 to San Andreas's budget fund.
[2025/4/28 - 18:06:52] Vehicle Slot ID 101 RTB fee cost $1750 to San Andreas's budget fund.
[2025/4/28 - 18:06:52] Vehicle Slot ID 123 RTB fee cost $0 to San Andreas's budget fund.
[2025/4/28 - 18:06:52] Vehicle Slot ID 164 RTB fee cost $125 to San Andreas's budget fund.
[2025/4/28 - 18:06:52] Vehicle Slot ID 177 RTB fee cost $150 to San Andreas's budget fund.
[2025/4/28 - 18:06:52] Vehicle Slot ID 181 RTB fee cost $150 to San Andreas's budget fund.
[2025/4/28 - 18:06:52] Vehicle Slot ID 188 RTB fee cost $150 to San Andreas's budget fund.
[2025/4/28 - 18:06:52] Vehicle Slot ID 192 RTB fee cost $150 to San Andreas's budget fund.
[2025/4/28 - 18:06:52] Vehicle Slot ID 193 RTB fee cost $1750 to San Andreas's budget fund.
[2025/4/28 - 18:06:52] Vehicle Slot ID 222 RTB fee cost $150 to San Andreas's budget fund.
[2025/4/28 - 18:06:52] Vehicle Slot ID 482 RTB fee cost $175 to San Andreas's budget fund.
[2025/4/28 - 18:06:52] Vehicle Slot ID 577 RTB fee cost $150 to San Andreas's budget fund.
[2025/4/28 - 18:06:52] Vehicle Slot ID 579 RTB fee cost $125 to San Andreas's budget fund.
[2025/4/28 - 18:09:30] Vehicle Slot ID 15 RTB fee cost $125 to San Andreas's budget fund.
[2025/4/28 - 18:09:30] Vehicle Slot ID 19 RTB fee cost $1250 to San Andreas's budget fund.
[2025/4/28 - 18:09:31] Vehicle Slot ID 73 RTB fee cost $175 to San Andreas's budget fund.
[2025/4/28 - 18:09:31] Vehicle Slot ID 93 RTB fee cost $1750 to San Andreas's budget fund.
[2025/4/28 - 18:09:31] Vehicle Slot ID 96 RTB fee cost $150 to San Andreas's budget fund.
[2025/4/28 - 18:09:31] Vehicle Slot ID 101 RTB fee cost $1750 to San Andreas's budget fund.
[2025/4/28 - 18:09:31] Vehicle Slot ID 123 RTB fee cost $0 to San Andreas's budget fund.
[2025/4/28 - 18:09:31] Vehicle Slot ID 164 RTB fee cost $125 to San Andreas's budget fund.
[2025/4/28 - 18:09:31] Vehicle Slot ID 177 RTB fee cost $150 to San Andreas's budget fund.
[2025/4/28 - 18:09:31] Vehicle Slot ID 181 RTB fee cost $150 to San Andreas's budget fund.
[2025/4/28 - 18:09:31] Vehicle Slot ID 188 RTB fee cost $150 to San Andreas's budget fund.
[2025/4/28 - 18:09:31] Vehicle Slot ID 192 RTB fee cost $150 to San Andreas's budget fund.
[2025/4/28 - 18:09:31] Vehicle Slot ID 193 RTB fee cost $1750 to San Andreas's budget fund.
[2025/4/28 - 18:09:31] Vehicle Slot ID 222 RTB fee cost $150 to San Andreas's budget fund.
[2025/4/28 - 18:09:31] Vehicle Slot ID 313 RTB fee cost $0 to San Andreas's budget fund.
[2025/4/28 - 18:09:31] Vehicle Slot ID 449 RTB fee cost $0 to San Andreas's budget fund.
[2025/4/28 - 18:09:31] Vehicle Slot ID 482 RTB fee cost $175 to San Andreas's budget fund.
[2025/4/28 - 18:09:31] Vehicle Slot ID 577 RTB fee cost $150 to San Andreas's budget fund.
[2025/4/28 - 18:09:31] Vehicle Slot ID 579 RTB fee cost $125 to San Andreas's budget fund.
[2025/4/28 - 18:09:31] Vehicle Slot ID 681 RTB fee cost $125 to San Andreas's budget fund.
[2025/4/28 - 19:00:13] SA Gov Paid $220,000 to LSPD budget fund.
[2025/4/28 - 19:00:13] SA Gov Paid $80,000 to FBI budget fund.
[2025/4/28 - 19:00:13] The tax vault is at $107,978,586
[2025/4/28 - 19:00:13] SA Gov Paid $215,000 to SAMS budget fund.
[2025/4/28 - 19:00:13] SA Gov Paid $175,000 to SAAS budget fund.
[2025/4/28 - 19:00:13] SA Gov Paid $35,000 to Judicial budget fund.
[2025/4/28 - 19:00:13] SA Gov Paid $80,000 to Public Works budget fund.
