[2025/4/27 - 0:00:08] SA Gov Paid $220,000 to LSPD budget fund.
[2025/4/27 - 0:00:08] SA Gov Paid $80,000 to FBI budget fund.
[2025/4/27 - 0:00:08] The tax vault is at $115,223,586
[2025/4/27 - 0:00:08] SA Gov Paid $215,000 to SAMS budget fund.
[2025/4/27 - 0:00:08] SA Gov Paid $175,000 to SAAS budget fund.
[2025/4/27 - 0:00:08] SA Gov Paid $35,000 to Judicial budget fund.
[2025/4/27 - 0:00:08] SA Gov Paid $80,000 to Public Works budget fund.
[2025/4/27 - 1:00:21] SA Gov Paid $220,000 to LSPD budget fund.
[2025/4/27 - 1:00:21] SA Gov Paid $80,000 to FBI budget fund.
[2025/4/27 - 1:00:21] The tax vault is at $114,418,586
[2025/4/27 - 1:00:21] SA Gov Paid $215,000 to SAMS budget fund.
[2025/4/27 - 1:00:21] SA Gov Paid $175,000 to SAAS budget fund.
[2025/4/27 - 1:00:21] SA Gov Paid $35,000 to Judicial budget fund.
[2025/4/27 - 1:00:21] SA Gov Paid $80,000 to Public Works budget fund.
[2025/4/27 - 17:00:36] SA Gov Paid $220,000 to LSPD budget fund.
[2025/4/27 - 17:00:36] SA Gov Paid $80,000 to FBI budget fund.
[2025/4/27 - 17:00:36] The tax vault is at $113,613,586
[2025/4/27 - 17:00:36] SA Gov Paid $215,000 to SAMS budget fund.
[2025/4/27 - 17:00:36] SA Gov Paid $175,000 to SAAS budget fund.
[2025/4/27 - 17:00:36] SA Gov Paid $35,000 to Judicial budget fund.
[2025/4/27 - 17:00:36] SA Gov Paid $80,000 to Public Works budget fund.
[2025/4/27 - 18:01:30] SA Gov Paid $220,000 to LSPD budget fund.
[2025/4/27 - 18:01:31] SA Gov Paid $80,000 to FBI budget fund.
[2025/4/27 - 18:01:31] The tax vault is at $112,808,586
[2025/4/27 - 18:01:31] SA Gov Paid $215,000 to SAMS budget fund.
[2025/4/27 - 18:01:31] SA Gov Paid $175,000 to SAAS budget fund.
[2025/4/27 - 18:01:31] SA Gov Paid $35,000 to Judicial budget fund.
[2025/4/27 - 18:01:31] SA Gov Paid $80,000 to Public Works budget fund.
[2025/4/27 - 18:16:52] Vehicle Slot ID 15 RTB fee cost $125 to San Andreas's budget fund.
[2025/4/27 - 18:16:52] Vehicle Slot ID 19 RTB fee cost $1250 to San Andreas's budget fund.
[2025/4/27 - 18:16:52] Vehicle Slot ID 73 RTB fee cost $175 to San Andreas's budget fund.
[2025/4/27 - 18:16:52] Vehicle Slot ID 93 RTB fee cost $1750 to San Andreas's budget fund.
[2025/4/27 - 18:16:52] Vehicle Slot ID 96 RTB fee cost $150 to San Andreas's budget fund.
[2025/4/27 - 18:16:52] Vehicle Slot ID 101 RTB fee cost $1750 to San Andreas's budget fund.
[2025/4/27 - 18:16:52] Vehicle Slot ID 123 RTB fee cost $0 to San Andreas's budget fund.
[2025/4/27 - 18:16:52] Vehicle Slot ID 164 RTB fee cost $125 to San Andreas's budget fund.
[2025/4/27 - 18:16:52] Vehicle Slot ID 177 RTB fee cost $150 to San Andreas's budget fund.
[2025/4/27 - 18:16:52] Vehicle Slot ID 181 RTB fee cost $150 to San Andreas's budget fund.
[2025/4/27 - 18:16:52] Vehicle Slot ID 188 RTB fee cost $150 to San Andreas's budget fund.
[2025/4/27 - 18:16:52] Vehicle Slot ID 192 RTB fee cost $150 to San Andreas's budget fund.
[2025/4/27 - 18:16:52] Vehicle Slot ID 193 RTB fee cost $1750 to San Andreas's budget fund.
[2025/4/27 - 18:16:52] Vehicle Slot ID 222 RTB fee cost $150 to San Andreas's budget fund.
[2025/4/27 - 18:16:52] Vehicle Slot ID 482 RTB fee cost $175 to San Andreas's budget fund.
[2025/4/27 - 18:16:52] Vehicle Slot ID 577 RTB fee cost $150 to San Andreas's budget fund.
[2025/4/27 - 18:16:52] Vehicle Slot ID 579 RTB fee cost $125 to San Andreas's budget fund.
[2025/4/27 - 18:43:40] Vehicle Slot ID 15 RTB fee cost $125 to San Andreas's budget fund.
[2025/4/27 - 18:43:40] Vehicle Slot ID 19 RTB fee cost $1250 to San Andreas's budget fund.
[2025/4/27 - 18:43:40] Vehicle Slot ID 73 RTB fee cost $175 to San Andreas's budget fund.
[2025/4/27 - 18:43:40] Vehicle Slot ID 93 RTB fee cost $1750 to San Andreas's budget fund.
[2025/4/27 - 18:43:40] Vehicle Slot ID 96 RTB fee cost $150 to San Andreas's budget fund.
[2025/4/27 - 18:43:40] Vehicle Slot ID 101 RTB fee cost $1750 to San Andreas's budget fund.
[2025/4/27 - 18:43:40] Vehicle Slot ID 123 RTB fee cost $0 to San Andreas's budget fund.
[2025/4/27 - 18:43:40] Vehicle Slot ID 164 RTB fee cost $125 to San Andreas's budget fund.
[2025/4/27 - 18:43:40] Vehicle Slot ID 177 RTB fee cost $150 to San Andreas's budget fund.
[2025/4/27 - 18:43:40] Vehicle Slot ID 181 RTB fee cost $150 to San Andreas's budget fund.
[2025/4/27 - 18:43:40] Vehicle Slot ID 188 RTB fee cost $150 to San Andreas's budget fund.
[2025/4/27 - 18:43:40] Vehicle Slot ID 192 RTB fee cost $150 to San Andreas's budget fund.
[2025/4/27 - 18:43:40] Vehicle Slot ID 193 RTB fee cost $1750 to San Andreas's budget fund.
[2025/4/27 - 18:43:40] Vehicle Slot ID 222 RTB fee cost $150 to San Andreas's budget fund.
[2025/4/27 - 18:43:40] Vehicle Slot ID 482 RTB fee cost $175 to San Andreas's budget fund.
[2025/4/27 - 18:43:40] Vehicle Slot ID 577 RTB fee cost $150 to San Andreas's budget fund.
[2025/4/27 - 18:43:40] Vehicle Slot ID 579 RTB fee cost $125 to San Andreas's budget fund.
[2025/4/27 - 20:00:07] SA Gov Paid $220,000 to LSPD budget fund.
[2025/4/27 - 20:00:07] SA Gov Paid $80,000 to FBI budget fund.
[2025/4/27 - 20:00:07] The tax vault is at $112,003,586
[2025/4/27 - 20:00:07] SA Gov Paid $215,000 to SAMS budget fund.
[2025/4/27 - 20:00:07] SA Gov Paid $175,000 to SAAS budget fund.
[2025/4/27 - 20:00:07] SA Gov Paid $35,000 to Judicial budget fund.
[2025/4/27 - 20:00:07] SA Gov Paid $80,000 to Public Works budget fund.
[2025/4/27 - 21:00:44] SA Gov Paid $220,000 to LSPD budget fund.
[2025/4/27 - 21:00:44] SA Gov Paid $80,000 to FBI budget fund.
[2025/4/27 - 21:00:44] The tax vault is at $111,198,586
[2025/4/27 - 21:00:44] SA Gov Paid $215,000 to SAMS budget fund.
[2025/4/27 - 21:00:44] SA Gov Paid $175,000 to SAAS budget fund.
[2025/4/27 - 21:00:44] SA Gov Paid $35,000 to Judicial budget fund.
[2025/4/27 - 21:00:44] SA Gov Paid $80,000 to Public Works budget fund.
[2025/4/27 - 22:00:52] SA Gov Paid $220,000 to LSPD budget fund.
[2025/4/27 - 22:00:52] SA Gov Paid $80,000 to FBI budget fund.
[2025/4/27 - 22:00:52] The tax vault is at $110,393,586
[2025/4/27 - 22:00:52] SA Gov Paid $215,000 to SAMS budget fund.
[2025/4/27 - 22:00:52] SA Gov Paid $175,000 to SAAS budget fund.
[2025/4/27 - 22:00:52] SA Gov Paid $35,000 to Judicial budget fund.
[2025/4/27 - 22:00:52] SA Gov Paid $80,000 to Public Works budget fund.
[2025/4/27 - 23:00:00] SA Gov Paid $220,000 to LSPD budget fund.
[2025/4/27 - 23:00:00] SA Gov Paid $80,000 to FBI budget fund.
[2025/4/27 - 23:00:00] The tax vault is at $109,588,586
[2025/4/27 - 23:00:00] SA Gov Paid $215,000 to SAMS budget fund.
[2025/4/27 - 23:00:00] SA Gov Paid $175,000 to SAAS budget fund.
[2025/4/27 - 23:00:00] SA Gov Paid $35,000 to Judicial budget fund.
[2025/4/27 - 23:00:00] SA Gov Paid $80,000 to Public Works budget fund.
