[2025/4/15 - 3:00:24] SA Gov Paid $220,000 to LSPD budget fund.
[2025/4/15 - 3:00:24] SA Gov Paid $80,000 to FBI budget fund.
[2025/4/15 - 3:00:24] The tax vault is at $133,738,506
[2025/4/15 - 3:00:24] SA Gov Paid $215,000 to SAMS budget fund.
[2025/4/15 - 3:00:24] SA Gov Paid $175,000 to SAAS budget fund.
[2025/4/15 - 3:00:24] SA Gov Paid $35,000 to Judicial budget fund.
[2025/4/15 - 3:00:24] SA Gov Paid $80,000 to Public Works budget fund.
[2025/4/15 - 3:00:40] SA Gov Paid $220,000 to LSPD budget fund.
[2025/4/15 - 3:00:40] SA Gov Paid $80,000 to FBI budget fund.
[2025/4/15 - 3:00:40] The tax vault is at $133,737,256
[2025/4/15 - 3:00:40] SA Gov Paid $215,000 to SAMS budget fund.
[2025/4/15 - 3:00:40] SA Gov Paid $175,000 to SAAS budget fund.
[2025/4/15 - 3:00:40] SA Gov Paid $35,000 to Judicial budget fund.
[2025/4/15 - 3:00:40] SA Gov Paid $80,000 to Public Works budget fund.
[2025/4/15 - 4:00:23] SA Gov Paid $220,000 to LSPD budget fund.
[2025/4/15 - 4:00:23] SA Gov Paid $80,000 to FBI budget fund.
[2025/4/15 - 4:00:23] The tax vault is at $132,932,256
[2025/4/15 - 4:00:23] SA Gov Paid $215,000 to SAMS budget fund.
[2025/4/15 - 4:00:23] SA Gov Paid $175,000 to SAAS budget fund.
[2025/4/15 - 4:00:23] SA Gov Paid $35,000 to Judicial budget fund.
[2025/4/15 - 4:00:23] SA Gov Paid $80,000 to Public Works budget fund.
[2025/4/15 - 5:00:07] SA Gov Paid $220,000 to LSPD budget fund.
[2025/4/15 - 5:00:07] SA Gov Paid $80,000 to FBI budget fund.
[2025/4/15 - 5:00:07] The tax vault is at $132,127,256
[2025/4/15 - 5:00:07] SA Gov Paid $215,000 to SAMS budget fund.
[2025/4/15 - 5:00:07] SA Gov Paid $175,000 to SAAS budget fund.
[2025/4/15 - 5:00:07] SA Gov Paid $35,000 to Judicial budget fund.
[2025/4/15 - 5:00:07] SA Gov Paid $80,000 to Public Works budget fund.
